running egg_info
writing ../../build/multi_ergodic_search/multi_ergodic_search.egg-info/PKG-INFO
writing dependency_links to ../../build/multi_ergodic_search/multi_ergodic_search.egg-info/dependency_links.txt
writing entry points to ../../build/multi_ergodic_search/multi_ergodic_search.egg-info/entry_points.txt
writing requirements to ../../build/multi_ergodic_search/multi_ergodic_search.egg-info/requires.txt
writing top-level names to ../../build/multi_ergodic_search/multi_ergodic_search.egg-info/top_level.txt
reading manifest file '../../build/multi_ergodic_search/multi_ergodic_search.egg-info/SOURCES.txt'
writing manifest file '../../build/multi_ergodic_search/multi_ergodic_search.egg-info/SOURCES.txt'
running build
running build_py
copying multi_ergodic_search/experiment/io.py -> /home/ubuntu24/idmec/build/multi_ergodic_search/build/lib/multi_ergodic_search/experiment
copying multi_ergodic_search/utils/data_collect.py -> /home/ubuntu24/idmec/build/multi_ergodic_search/build/lib/multi_ergodic_search/utils
copying multi_ergodic_search/utils/data2bag.py -> /home/ubuntu24/idmec/build/multi_ergodic_search/build/lib/multi_ergodic_search/utils
running install
running install_lib
creating /home/ubuntu24/idmec/install/multi_ergodic_search/lib/python3.12/site-packages/multi_ergodic_search
creating /home/ubuntu24/idmec/install/multi_ergodic_search/lib/python3.12/site-packages/multi_ergodic_search/scripts
copying /home/ubuntu24/idmec/build/multi_ergodic_search/build/lib/multi_ergodic_search/scripts/__init__.py -> /home/ubuntu24/idmec/install/multi_ergodic_search/lib/python3.12/site-packages/multi_ergodic_search/scripts
copying /home/ubuntu24/idmec/build/multi_ergodic_search/build/lib/multi_ergodic_search/scripts/idmed_copy.py -> /home/ubuntu24/idmec/install/multi_ergodic_search/lib/python3.12/site-packages/multi_ergodic_search/scripts
copying /home/ubuntu24/idmec/build/multi_ergodic_search/build/lib/multi_ergodic_search/scripts/idmed.py -> /home/ubuntu24/idmec/install/multi_ergodic_search/lib/python3.12/site-packages/multi_ergodic_search/scripts
creating /home/ubuntu24/idmec/install/multi_ergodic_search/lib/python3.12/site-packages/multi_ergodic_search/experiment
copying /home/ubuntu24/idmec/build/multi_ergodic_search/build/lib/multi_ergodic_search/experiment/__init__.py -> /home/ubuntu24/idmec/install/multi_ergodic_search/lib/python3.12/site-packages/multi_ergodic_search/experiment
copying /home/ubuntu24/idmec/build/multi_ergodic_search/build/lib/multi_ergodic_search/experiment/io.py -> /home/ubuntu24/idmec/install/multi_ergodic_search/lib/python3.12/site-packages/multi_ergodic_search/experiment
copying /home/ubuntu24/idmec/build/multi_ergodic_search/build/lib/multi_ergodic_search/experiment/settings.py -> /home/ubuntu24/idmec/install/multi_ergodic_search/lib/python3.12/site-packages/multi_ergodic_search/experiment
copying /home/ubuntu24/idmec/build/multi_ergodic_search/build/lib/multi_ergodic_search/experiment/config.py -> /home/ubuntu24/idmec/install/multi_ergodic_search/lib/python3.12/site-packages/multi_ergodic_search/experiment
copying /home/ubuntu24/idmec/build/multi_ergodic_search/build/lib/multi_ergodic_search/__init__.py -> /home/ubuntu24/idmec/install/multi_ergodic_search/lib/python3.12/site-packages/multi_ergodic_search
creating /home/ubuntu24/idmec/install/multi_ergodic_search/lib/python3.12/site-packages/multi_ergodic_search/utils
copying /home/ubuntu24/idmec/build/multi_ergodic_search/build/lib/multi_ergodic_search/utils/data_collect.py -> /home/ubuntu24/idmec/install/multi_ergodic_search/lib/python3.12/site-packages/multi_ergodic_search/utils
copying /home/ubuntu24/idmec/build/multi_ergodic_search/build/lib/multi_ergodic_search/utils/__init__.py -> /home/ubuntu24/idmec/install/multi_ergodic_search/lib/python3.12/site-packages/multi_ergodic_search/utils
copying /home/ubuntu24/idmec/build/multi_ergodic_search/build/lib/multi_ergodic_search/utils/plot_utils.py -> /home/ubuntu24/idmec/install/multi_ergodic_search/lib/python3.12/site-packages/multi_ergodic_search/utils
copying /home/ubuntu24/idmec/build/multi_ergodic_search/build/lib/multi_ergodic_search/utils/data2bag.py -> /home/ubuntu24/idmec/install/multi_ergodic_search/lib/python3.12/site-packages/multi_ergodic_search/utils
copying /home/ubuntu24/idmec/build/multi_ergodic_search/build/lib/multi_ergodic_search/utils/ros_messages.py -> /home/ubuntu24/idmec/install/multi_ergodic_search/lib/python3.12/site-packages/multi_ergodic_search/utils
creating /home/ubuntu24/idmec/install/multi_ergodic_search/lib/python3.12/site-packages/multi_ergodic_search/datas
creating /home/ubuntu24/idmec/install/multi_ergodic_search/lib/python3.12/site-packages/multi_ergodic_search/datas/config
copying /home/ubuntu24/idmec/build/multi_ergodic_search/build/lib/multi_ergodic_search/datas/config/random_map_history.jsonl -> /home/ubuntu24/idmec/install/multi_ergodic_search/lib/python3.12/site-packages/multi_ergodic_search/datas/config
copying /home/ubuntu24/idmec/build/multi_ergodic_search/build/lib/multi_ergodic_search/datas/config/random_map_history2.jsonl -> /home/ubuntu24/idmec/install/multi_ergodic_search/lib/python3.12/site-packages/multi_ergodic_search/datas/config
copying /home/ubuntu24/idmec/build/multi_ergodic_search/build/lib/multi_ergodic_search/datas/config/config.yaml -> /home/ubuntu24/idmec/install/multi_ergodic_search/lib/python3.12/site-packages/multi_ergodic_search/datas/config
copying /home/ubuntu24/idmec/build/multi_ergodic_search/build/lib/multi_ergodic_search/datas/config/random_map_history3.jsonl -> /home/ubuntu24/idmec/install/multi_ergodic_search/lib/python3.12/site-packages/multi_ergodic_search/datas/config
copying /home/ubuntu24/idmec/build/multi_ergodic_search/build/lib/multi_ergodic_search/datas/config/random_map_history1.jsonl -> /home/ubuntu24/idmec/install/multi_ergodic_search/lib/python3.12/site-packages/multi_ergodic_search/datas/config
creating /home/ubuntu24/idmec/install/multi_ergodic_search/lib/python3.12/site-packages/multi_ergodic_search/ergodic_planning
copying /home/ubuntu24/idmec/build/multi_ergodic_search/build/lib/multi_ergodic_search/ergodic_planning/fourier_utils.py -> /home/ubuntu24/idmec/install/multi_ergodic_search/lib/python3.12/site-packages/multi_ergodic_search/ergodic_planning
copying /home/ubuntu24/idmec/build/multi_ergodic_search/build/lib/multi_ergodic_search/ergodic_planning/ergodic_metric.py -> /home/ubuntu24/idmec/install/multi_ergodic_search/lib/python3.12/site-packages/multi_ergodic_search/ergodic_planning
copying /home/ubuntu24/idmec/build/multi_ergodic_search/build/lib/multi_ergodic_search/ergodic_planning/metric_utils.py -> /home/ubuntu24/idmec/install/multi_ergodic_search/lib/python3.12/site-packages/multi_ergodic_search/ergodic_planning
copying /home/ubuntu24/idmec/build/multi_ergodic_search/build/lib/multi_ergodic_search/ergodic_planning/solver.py -> /home/ubuntu24/idmec/install/multi_ergodic_search/lib/python3.12/site-packages/multi_ergodic_search/ergodic_planning
copying /home/ubuntu24/idmec/build/multi_ergodic_search/build/lib/multi_ergodic_search/ergodic_planning/tools.py -> /home/ubuntu24/idmec/install/multi_ergodic_search/lib/python3.12/site-packages/multi_ergodic_search/ergodic_planning
copying /home/ubuntu24/idmec/build/multi_ergodic_search/build/lib/multi_ergodic_search/ergodic_planning/__init__.py -> /home/ubuntu24/idmec/install/multi_ergodic_search/lib/python3.12/site-packages/multi_ergodic_search/ergodic_planning
copying /home/ubuntu24/idmec/build/multi_ergodic_search/build/lib/multi_ergodic_search/ergodic_planning/target_distribution.py -> /home/ubuntu24/idmec/install/multi_ergodic_search/lib/python3.12/site-packages/multi_ergodic_search/ergodic_planning
copying /home/ubuntu24/idmec/build/multi_ergodic_search/build/lib/multi_ergodic_search/ergodic_planning/multi_solver.py -> /home/ubuntu24/idmec/install/multi_ergodic_search/lib/python3.12/site-packages/multi_ergodic_search/ergodic_planning
copying /home/ubuntu24/idmec/build/multi_ergodic_search/build/lib/multi_ergodic_search/ergodic_planning/class_types.py -> /home/ubuntu24/idmec/install/multi_ergodic_search/lib/python3.12/site-packages/multi_ergodic_search/ergodic_planning
copying /home/ubuntu24/idmec/build/multi_ergodic_search/build/lib/multi_ergodic_search/ergodic_planning/augument_lagrange_func.py -> /home/ubuntu24/idmec/install/multi_ergodic_search/lib/python3.12/site-packages/multi_ergodic_search/ergodic_planning
copying /home/ubuntu24/idmec/build/multi_ergodic_search/build/lib/multi_ergodic_search/ergodic_planning/decay_utils.py -> /home/ubuntu24/idmec/install/multi_ergodic_search/lib/python3.12/site-packages/multi_ergodic_search/ergodic_planning
creating /home/ubuntu24/idmec/install/multi_ergodic_search/lib/python3.12/site-packages/multi_ergodic_search/ergodic_planning/dynamics
copying /home/ubuntu24/idmec/build/multi_ergodic_search/build/lib/multi_ergodic_search/ergodic_planning/dynamics/models.py -> /home/ubuntu24/idmec/install/multi_ergodic_search/lib/python3.12/site-packages/multi_ergodic_search/ergodic_planning/dynamics
copying /home/ubuntu24/idmec/build/multi_ergodic_search/build/lib/multi_ergodic_search/ergodic_planning/dynamics/__init__.py -> /home/ubuntu24/idmec/install/multi_ergodic_search/lib/python3.12/site-packages/multi_ergodic_search/ergodic_planning/dynamics
copying /home/ubuntu24/idmec/build/multi_ergodic_search/build/lib/multi_ergodic_search/ergodic_planning/dynamics/integrator.py -> /home/ubuntu24/idmec/install/multi_ergodic_search/lib/python3.12/site-packages/multi_ergodic_search/ergodic_planning/dynamics
byte-compiling /home/ubuntu24/idmec/install/multi_ergodic_search/lib/python3.12/site-packages/multi_ergodic_search/scripts/__init__.py to __init__.cpython-312.pyc
byte-compiling /home/ubuntu24/idmec/install/multi_ergodic_search/lib/python3.12/site-packages/multi_ergodic_search/scripts/idmed_copy.py to idmed_copy.cpython-312.pyc
byte-compiling /home/ubuntu24/idmec/install/multi_ergodic_search/lib/python3.12/site-packages/multi_ergodic_search/scripts/idmed.py to idmed.cpython-312.pyc
byte-compiling /home/ubuntu24/idmec/install/multi_ergodic_search/lib/python3.12/site-packages/multi_ergodic_search/experiment/__init__.py to __init__.cpython-312.pyc
byte-compiling /home/ubuntu24/idmec/install/multi_ergodic_search/lib/python3.12/site-packages/multi_ergodic_search/experiment/io.py to io.cpython-312.pyc
byte-compiling /home/ubuntu24/idmec/install/multi_ergodic_search/lib/python3.12/site-packages/multi_ergodic_search/experiment/settings.py to settings.cpython-312.pyc
byte-compiling /home/ubuntu24/idmec/install/multi_ergodic_search/lib/python3.12/site-packages/multi_ergodic_search/experiment/config.py to config.cpython-312.pyc
byte-compiling /home/ubuntu24/idmec/install/multi_ergodic_search/lib/python3.12/site-packages/multi_ergodic_search/__init__.py to __init__.cpython-312.pyc
byte-compiling /home/ubuntu24/idmec/install/multi_ergodic_search/lib/python3.12/site-packages/multi_ergodic_search/utils/data_collect.py to data_collect.cpython-312.pyc
byte-compiling /home/ubuntu24/idmec/install/multi_ergodic_search/lib/python3.12/site-packages/multi_ergodic_search/utils/__init__.py to __init__.cpython-312.pyc
byte-compiling /home/ubuntu24/idmec/install/multi_ergodic_search/lib/python3.12/site-packages/multi_ergodic_search/utils/plot_utils.py to plot_utils.cpython-312.pyc
byte-compiling /home/ubuntu24/idmec/install/multi_ergodic_search/lib/python3.12/site-packages/multi_ergodic_search/utils/data2bag.py to data2bag.cpython-312.pyc
byte-compiling /home/ubuntu24/idmec/install/multi_ergodic_search/lib/python3.12/site-packages/multi_ergodic_search/utils/ros_messages.py to ros_messages.cpython-312.pyc
byte-compiling /home/ubuntu24/idmec/install/multi_ergodic_search/lib/python3.12/site-packages/multi_ergodic_search/ergodic_planning/fourier_utils.py to fourier_utils.cpython-312.pyc
byte-compiling /home/ubuntu24/idmec/install/multi_ergodic_search/lib/python3.12/site-packages/multi_ergodic_search/ergodic_planning/ergodic_metric.py to ergodic_metric.cpython-312.pyc
byte-compiling /home/ubuntu24/idmec/install/multi_ergodic_search/lib/python3.12/site-packages/multi_ergodic_search/ergodic_planning/metric_utils.py to metric_utils.cpython-312.pyc
byte-compiling /home/ubuntu24/idmec/install/multi_ergodic_search/lib/python3.12/site-packages/multi_ergodic_search/ergodic_planning/solver.py to solver.cpython-312.pyc
byte-compiling /home/ubuntu24/idmec/install/multi_ergodic_search/lib/python3.12/site-packages/multi_ergodic_search/ergodic_planning/tools.py to tools.cpython-312.pyc
byte-compiling /home/ubuntu24/idmec/install/multi_ergodic_search/lib/python3.12/site-packages/multi_ergodic_search/ergodic_planning/__init__.py to __init__.cpython-312.pyc
byte-compiling /home/ubuntu24/idmec/install/multi_ergodic_search/lib/python3.12/site-packages/multi_ergodic_search/ergodic_planning/target_distribution.py to target_distribution.cpython-312.pyc
byte-compiling /home/ubuntu24/idmec/install/multi_ergodic_search/lib/python3.12/site-packages/multi_ergodic_search/ergodic_planning/multi_solver.py to multi_solver.cpython-312.pyc
byte-compiling /home/ubuntu24/idmec/install/multi_ergodic_search/lib/python3.12/site-packages/multi_ergodic_search/ergodic_planning/class_types.py to class_types.cpython-312.pyc
byte-compiling /home/ubuntu24/idmec/install/multi_ergodic_search/lib/python3.12/site-packages/multi_ergodic_search/ergodic_planning/augument_lagrange_func.py to augument_lagrange_func.cpython-312.pyc
byte-compiling /home/ubuntu24/idmec/install/multi_ergodic_search/lib/python3.12/site-packages/multi_ergodic_search/ergodic_planning/decay_utils.py to decay_utils.cpython-312.pyc
byte-compiling /home/ubuntu24/idmec/install/multi_ergodic_search/lib/python3.12/site-packages/multi_ergodic_search/ergodic_planning/dynamics/models.py to models.cpython-312.pyc
byte-compiling /home/ubuntu24/idmec/install/multi_ergodic_search/lib/python3.12/site-packages/multi_ergodic_search/ergodic_planning/dynamics/__init__.py to __init__.cpython-312.pyc
byte-compiling /home/ubuntu24/idmec/install/multi_ergodic_search/lib/python3.12/site-packages/multi_ergodic_search/ergodic_planning/dynamics/integrator.py to integrator.cpython-312.pyc
running install_data
creating /home/ubuntu24/idmec/install/multi_ergodic_search/share/ament_index
creating /home/ubuntu24/idmec/install/multi_ergodic_search/share/ament_index/resource_index
creating /home/ubuntu24/idmec/install/multi_ergodic_search/share/ament_index/resource_index/packages
copying resource/multi_ergodic_search -> /home/ubuntu24/idmec/install/multi_ergodic_search/share/ament_index/resource_index/packages
copying package.xml -> /home/ubuntu24/idmec/install/multi_ergodic_search/share/multi_ergodic_search
running install_egg_info
Copying ../../build/multi_ergodic_search/multi_ergodic_search.egg-info to /home/ubuntu24/idmec/install/multi_ergodic_search/lib/python3.12/site-packages/multi_ergodic_search-0.0.0-py3.12.egg-info
running install_scripts
Installing idmed script to /home/ubuntu24/idmec/install/multi_ergodic_search/lib/multi_ergodic_search
writing list of installed files to '/home/ubuntu24/idmec/build/multi_ergodic_search/install.log'
