2026-04-30 15:51:40,164 [INFO] Unable to initialize backend 'rocm': module 'jaxlib.xla_extension' has no attribute 'GpuAllocatorConfig'
2026-04-30 15:51:40,165 [INFO] Unable to initialize backend 'tpu': INTERNAL: Failed to open libtpu.so: libtpu.so: cannot open shared object file: No such file or directory
2026-04-30 15:51:42,761 [INFO] topicmanager initialized
2026-04-30 15:51:42,833 [INFO] Log opened: Thu Apr 30 07:51:42 2026 UTC
2026-04-30 15:51:47,128 [INFO] my_strategy
2026-04-30 15:51:55,062 [INFO] iter:1, id:0, r:1.000 and violateion:0.000
2026-04-30 15:51:57,226 [INFO] iter:1, id:1, r:1.000 and violateion:0.000
2026-04-30 15:51:59,348 [INFO] iter:1, id:2, r:1.000 and violateion:0.000
2026-04-30 15:52:01,479 [INFO] iter:1, id:3, r:1.000 and violateion:0.000
2026-04-30 15:52:01,481 [INFO] have warm up
2026-04-30 15:52:34,214 [INFO] failed to satisfy constraint, id: 0 and r_penalty: 10000.000 and violations:0.444:
2026-04-30 15:53:04,811 [INFO] failed to satisfy constraint, id: 1 and r_penalty: 10000.000 and violations:0.444:
2026-04-30 15:53:35,091 [INFO] failed to satisfy constraint, id: 2 and r_penalty: 10000.000 and violations:0.444:
2026-04-30 15:54:05,617 [INFO] failed to satisfy constraint, id: 3 and r_penalty: 10000.000 and violations:0.444:
2026-04-30 15:54:07,221 [INFO] merge map
2026-04-30 15:54:07,225 [INFO] merge map
2026-04-30 15:54:07,228 [INFO] merge map
2026-04-30 15:54:07,231 [INFO] merge map
2026-04-30 15:54:07,573 [WARNING] connect time:10, accumulated time:10, and the robot pair:[]
2026-04-30 15:54:12,329 [INFO] iter:3, id:0, r:1.000 and violateion:0.000
2026-04-30 15:54:14,922 [INFO] iter:2, id:1, r:1.000 and violateion:0.000
2026-04-30 15:54:17,294 [INFO] iter:1, id:2, r:1.000 and violateion:0.000
2026-04-30 15:54:20,038 [INFO] iter:3, id:3, r:1.000 and violateion:0.000
2026-04-30 15:54:20,040 [INFO] have warm up
2026-04-30 15:54:24,686 [INFO] iter:0, id:0, r:1.000 and violateion:0.000
2026-04-30 15:54:28,713 [INFO] iter:0, id:1, r:1.000 and violateion:0.000
2026-04-30 15:54:32,673 [INFO] iter:0, id:2, r:1.000 and violateion:0.000
2026-04-30 15:54:36,381 [INFO] iter:0, id:3, r:1.000 and violateion:0.000
2026-04-30 15:54:38,194 [INFO] merge map
2026-04-30 15:54:38,196 [INFO] merge map
2026-04-30 15:54:38,199 [INFO] merge map
2026-04-30 15:54:38,202 [INFO] merge map
2026-04-30 15:54:38,557 [WARNING] connect time:10, accumulated time:20, and the robot pair:[]
2026-04-30 15:54:42,315 [INFO] iter:0, id:0, r:1.000 and violateion:0.000
2026-04-30 15:54:44,751 [INFO] iter:1, id:1, r:1.000 and violateion:0.000
2026-04-30 15:54:47,030 [INFO] iter:0, id:2, r:1.000 and violateion:0.000
2026-04-30 15:54:49,512 [INFO] iter:1, id:3, r:1.000 and violateion:0.000
2026-04-30 15:54:49,516 [INFO] have warm up
2026-04-30 15:54:54,255 [INFO] iter:0, id:0, r:1.000 and violateion:0.000
2026-04-30 15:54:58,110 [INFO] iter:0, id:1, r:1.000 and violateion:0.000
2026-04-30 15:55:01,942 [INFO] iter:0, id:2, r:1.000 and violateion:0.000
2026-04-30 15:55:05,634 [INFO] iter:0, id:3, r:1.000 and violateion:0.000
2026-04-30 15:55:06,825 [WARNING] connect time:7, accumulated time:27, and the robot pair:[(2, 3)]
2026-04-30 15:55:15,813 [INFO] iter:0, id:2, r:1.000 and violateion:0.028
2026-04-30 15:55:30,674 [INFO] iter:0, id:3, r:1.000 and violateion:0.028
2026-04-30 15:55:30,677 [INFO] have warm up
2026-04-30 15:55:56,267 [INFO] iter:0, id:2, r:1.000 and violateion:0.028
2026-04-30 15:56:12,241 [INFO] iter:0, id:3, r:1.000 and violateion:0.028
2026-04-30 15:56:12,876 [INFO] merge map
2026-04-30 15:56:12,878 [INFO] merge map
2026-04-30 15:56:12,880 [INFO] merge map
2026-04-30 15:56:12,882 [INFO] merge map
2026-04-30 15:56:20,403 [WARNING] connect time:3, accumulated time:30, and the robot pair:[]
2026-04-30 15:56:24,466 [INFO] iter:1, id:0, r:1.000 and violateion:0.000
2026-04-30 15:56:27,122 [INFO] iter:2, id:1, r:1.000 and violateion:0.000
2026-04-30 15:56:29,566 [INFO] iter:0, id:2, r:1.000 and violateion:0.000
2026-04-30 15:56:32,372 [INFO] iter:0, id:3, r:1.000 and violateion:0.000
2026-04-30 15:56:32,378 [INFO] have warm up
2026-04-30 15:56:37,803 [INFO] iter:0, id:0, r:1.000 and violateion:0.000
2026-04-30 15:56:41,708 [INFO] iter:0, id:1, r:1.000 and violateion:0.000
2026-04-30 15:56:45,568 [INFO] iter:0, id:2, r:1.000 and violateion:0.000
2026-04-30 15:56:49,383 [INFO] iter:0, id:3, r:1.000 and violateion:0.000
2026-04-30 15:56:50,863 [WARNING] connect time:1, accumulated time:31, and the robot pair:[(2, 3)]
2026-04-30 15:56:54,437 [INFO] iter:0, id:2, r:1.000 and violateion:0.028
2026-04-30 15:56:56,773 [INFO] iter:0, id:3, r:1.000 and violateion:0.028
2026-04-30 15:56:56,775 [INFO] have warm up
2026-04-30 15:57:02,464 [INFO] iter:0, id:2, r:1.000 and violateion:0.028
2026-04-30 15:57:06,297 [INFO] iter:0, id:3, r:1.000 and violateion:0.028
2026-04-30 15:57:07,542 [WARNING] connect time:4, accumulated time:35, and the robot pair:[(1, 2), (1, 3), (2, 3)]
2026-04-30 15:57:29,224 [INFO] failed to satisfy constraint, id: 1 and r_penalty: 1436.169 and violations:0.694:
2026-04-30 15:57:47,480 [INFO] iter:141, id:2, r:881.683 and violateion:0.000
2026-04-30 15:58:06,900 [INFO] iter:141, id:3, r:881.683 and violateion:0.000
2026-04-30 15:58:06,917 [INFO] have warm up
2026-04-30 15:58:35,741 [INFO] failed to satisfy constraint, id: 1 and r_penalty: 10000.000 and violations:0.232:
2026-04-30 15:59:04,209 [INFO] failed to satisfy constraint, id: 2 and r_penalty: 10000.000 and violations:0.444:
2026-04-30 15:59:32,623 [INFO] failed to satisfy constraint, id: 3 and r_penalty: 10000.000 and violations:0.387:
2026-04-30 15:59:35,169 [WARNING] connect time:4, accumulated time:39, and the robot pair:[(1, 2), (1, 3), (2, 3)]
2026-04-30 15:59:40,904 [INFO] iter:1, id:1, r:1.000 and violateion:0.000
2026-04-30 15:59:43,826 [INFO] iter:1, id:2, r:1.000 and violateion:0.000
2026-04-30 15:59:46,317 [INFO] iter:1, id:3, r:1.000 and violateion:0.000
2026-04-30 15:59:46,318 [INFO] have warm up
2026-04-30 16:00:04,270 [INFO] iter:116, id:1, r:194.287 and violateion:0.000
2026-04-30 16:00:22,346 [INFO] iter:118, id:2, r:214.202 and violateion:0.000
2026-04-30 16:00:44,116 [INFO] iter:145, id:3, r:799.713 and violateion:0.000
2026-04-30 16:00:45,663 [INFO] merge map
2026-04-30 16:00:45,666 [INFO] merge map
2026-04-30 16:00:45,671 [INFO] merge map
2026-04-30 16:00:45,675 [INFO] merge map
2026-04-30 16:00:45,980 [WARNING] connect time:1, accumulated time:40, and the robot pair:[]
2026-04-30 16:00:49,544 [INFO] iter:0, id:0, r:1.000 and violateion:0.000
2026-04-30 16:00:52,144 [INFO] iter:3, id:1, r:1.000 and violateion:0.000
2026-04-30 16:00:54,847 [INFO] iter:5, id:2, r:1.000 and violateion:0.000
2026-04-30 16:00:57,333 [INFO] iter:1, id:3, r:1.000 and violateion:0.000
2026-04-30 16:00:57,335 [INFO] have warm up
2026-04-30 16:01:02,318 [INFO] iter:0, id:0, r:1.000 and violateion:0.000
2026-04-30 16:01:06,272 [INFO] iter:0, id:1, r:1.000 and violateion:0.000
2026-04-30 16:01:10,256 [INFO] iter:0, id:2, r:1.000 and violateion:0.000
2026-04-30 16:01:14,314 [INFO] iter:0, id:3, r:1.000 and violateion:0.000
2026-04-30 16:01:16,654 [WARNING] connect time:3, accumulated time:43, and the robot pair:[(2, 3)]
2026-04-30 16:01:20,546 [INFO] iter:2, id:2, r:1.000 and violateion:0.000
2026-04-30 16:01:23,019 [INFO] iter:0, id:3, r:1.000 and violateion:0.000
2026-04-30 16:01:23,021 [INFO] have warm up
2026-04-30 16:01:28,336 [INFO] iter:0, id:2, r:1.000 and violateion:0.000
2026-04-30 16:01:32,886 [INFO] iter:0, id:3, r:1.000 and violateion:0.000
2026-04-30 16:01:34,299 [WARNING] connect time:4, accumulated time:47, and the robot pair:[(2, 3)]
2026-04-30 16:01:38,423 [INFO] iter:3, id:2, r:1.000 and violateion:0.000
2026-04-30 16:01:40,753 [INFO] iter:0, id:3, r:1.000 and violateion:0.000
2026-04-30 16:01:40,755 [INFO] have warm up
2026-04-30 16:01:46,044 [INFO] iter:0, id:2, r:1.000 and violateion:0.015
2026-04-30 16:01:50,461 [INFO] iter:0, id:3, r:1.000 and violateion:0.000
2026-04-30 16:01:51,092 [INFO] merge map
2026-04-30 16:01:51,094 [INFO] merge map
2026-04-30 16:01:51,097 [INFO] merge map
2026-04-30 16:01:51,099 [INFO] merge map
2026-04-30 16:01:51,457 [WARNING] connect time:3, accumulated time:50, and the robot pair:[]
2026-04-30 16:01:55,249 [INFO] iter:0, id:0, r:1.000 and violateion:0.000
2026-04-30 16:01:57,815 [INFO] iter:3, id:1, r:1.000 and violateion:0.000
2026-04-30 16:02:00,012 [INFO] iter:0, id:2, r:1.000 and violateion:0.000
2026-04-30 16:02:02,414 [INFO] iter:0, id:3, r:1.000 and violateion:0.000
2026-04-30 16:02:02,416 [INFO] have warm up
2026-04-30 16:02:07,552 [INFO] iter:0, id:0, r:1.000 and violateion:0.000
2026-04-30 16:02:11,641 [INFO] iter:0, id:1, r:1.000 and violateion:0.000
2026-04-30 16:02:15,464 [INFO] iter:0, id:2, r:1.000 and violateion:0.011
2026-04-30 16:02:19,595 [INFO] iter:0, id:3, r:1.000 and violateion:0.000
2026-04-30 16:02:21,929 [WARNING] connect time:1, accumulated time:51, and the robot pair:[(2, 3)]
2026-04-30 16:02:26,046 [INFO] iter:2, id:2, r:1.000 and violateion:0.000
2026-04-30 16:02:28,464 [INFO] iter:0, id:3, r:1.000 and violateion:0.000
2026-04-30 16:02:28,466 [INFO] have warm up
2026-04-30 16:02:33,381 [INFO] iter:0, id:2, r:1.000 and violateion:0.023
2026-04-30 16:02:37,650 [INFO] iter:0, id:3, r:1.000 and violateion:0.000
2026-04-30 16:02:38,810 [WARNING] connect time:4, accumulated time:55, and the robot pair:[(2, 3)]
2026-04-30 16:02:43,531 [INFO] iter:2, id:2, r:1.000 and violateion:0.000
2026-04-30 16:02:45,802 [INFO] iter:0, id:3, r:1.000 and violateion:0.000
2026-04-30 16:02:45,804 [INFO] have warm up
2026-04-30 16:02:50,742 [INFO] iter:0, id:2, r:1.000 and violateion:0.018
2026-04-30 16:02:55,559 [INFO] iter:0, id:3, r:1.000 and violateion:0.000
2026-04-30 16:02:56,959 [WARNING] connect time:4, accumulated time:59, and the robot pair:[(2, 3)]
2026-04-30 16:03:00,970 [INFO] iter:1, id:2, r:1.000 and violateion:0.000
2026-04-30 16:03:03,242 [INFO] iter:0, id:3, r:1.000 and violateion:0.000
2026-04-30 16:03:03,244 [INFO] have warm up
2026-04-30 16:03:08,362 [INFO] iter:0, id:2, r:1.000 and violateion:0.024
2026-04-30 16:03:12,526 [INFO] iter:0, id:3, r:1.000 and violateion:0.000
2026-04-30 16:03:13,412 [INFO] merge map
2026-04-30 16:03:13,414 [INFO] merge map
2026-04-30 16:03:13,416 [INFO] merge map
2026-04-30 16:03:13,417 [INFO] merge map
2026-04-30 16:03:14,553 [INFO] update map
2026-04-30 16:03:15,036 [WARNING] connect time:1, accumulated time:60, and the robot pair:[]
2026-04-30 16:03:18,964 [INFO] iter:0, id:0, r:1.000 and violateion:0.000
2026-04-30 16:03:21,443 [INFO] iter:0, id:1, r:1.000 and violateion:0.000
2026-04-30 16:03:23,714 [INFO] iter:0, id:2, r:1.000 and violateion:0.000
2026-04-30 16:03:26,231 [INFO] iter:0, id:3, r:1.000 and violateion:0.000
2026-04-30 16:03:26,233 [INFO] have warm up
2026-04-30 16:03:32,387 [INFO] iter:0, id:0, r:1.000 and violateion:0.000
2026-04-30 16:03:36,659 [INFO] iter:0, id:1, r:1.000 and violateion:0.000
2026-04-30 16:03:40,699 [INFO] iter:0, id:2, r:1.000 and violateion:0.027
2026-04-30 16:03:44,536 [INFO] iter:0, id:3, r:1.000 and violateion:0.000
2026-04-30 16:03:45,730 [WARNING] connect time:3, accumulated time:63, and the robot pair:[(2, 3)]
2026-04-30 16:03:50,930 [INFO] iter:2, id:2, r:1.000 and violateion:0.000
2026-04-30 16:03:53,227 [INFO] iter:0, id:3, r:1.000 and violateion:0.000
2026-04-30 16:03:53,229 [INFO] have warm up
2026-04-30 16:03:58,694 [INFO] iter:0, id:2, r:1.000 and violateion:0.029
2026-04-30 16:04:03,119 [INFO] iter:0, id:3, r:1.000 and violateion:0.000
2026-04-30 16:04:04,484 [WARNING] connect time:4, accumulated time:67, and the robot pair:[(2, 3)]
2026-04-30 16:04:08,562 [INFO] iter:2, id:2, r:1.000 and violateion:0.000
2026-04-30 16:04:10,903 [INFO] iter:0, id:3, r:1.000 and violateion:0.000
2026-04-30 16:04:10,905 [INFO] have warm up
2026-04-30 16:04:16,374 [INFO] iter:0, id:2, r:1.000 and violateion:0.023
2026-04-30 16:04:20,762 [INFO] iter:0, id:3, r:1.000 and violateion:0.000
2026-04-30 16:04:21,584 [INFO] merge map
2026-04-30 16:04:21,587 [INFO] merge map
2026-04-30 16:04:21,589 [INFO] merge map
2026-04-30 16:04:21,592 [INFO] merge map
2026-04-30 16:04:21,960 [WARNING] connect time:3, accumulated time:70, and the robot pair:[]
2026-04-30 16:04:25,788 [INFO] iter:0, id:0, r:1.000 and violateion:0.000
2026-04-30 16:04:28,172 [INFO] iter:0, id:1, r:1.000 and violateion:0.000
2026-04-30 16:04:30,511 [INFO] iter:0, id:2, r:1.000 and violateion:0.000
2026-04-30 16:04:33,486 [INFO] iter:0, id:3, r:1.000 and violateion:0.000
2026-04-30 16:04:33,489 [INFO] have warm up
2026-04-30 16:04:38,560 [INFO] iter:0, id:0, r:1.000 and violateion:0.000
2026-04-30 16:04:43,018 [INFO] iter:0, id:1, r:1.000 and violateion:0.000
2026-04-30 16:04:47,163 [INFO] iter:0, id:2, r:1.000 and violateion:0.021
2026-04-30 16:04:51,449 [INFO] iter:0, id:3, r:1.000 and violateion:0.000
2026-04-30 16:04:52,598 [WARNING] connect time:1, accumulated time:71, and the robot pair:[(2, 3)]
2026-04-30 16:04:56,720 [INFO] iter:2, id:2, r:1.000 and violateion:0.000
2026-04-30 16:04:59,112 [INFO] iter:0, id:3, r:1.000 and violateion:0.000
2026-04-30 16:04:59,114 [INFO] have warm up
2026-04-30 16:05:05,221 [INFO] iter:0, id:2, r:1.000 and violateion:0.028
2026-04-30 16:05:09,786 [INFO] iter:0, id:3, r:1.000 and violateion:0.000
2026-04-30 16:05:10,946 [WARNING] connect time:4, accumulated time:75, and the robot pair:[(2, 3)]
2026-04-30 16:05:14,963 [INFO] iter:2, id:2, r:1.000 and violateion:0.000
2026-04-30 16:05:17,275 [INFO] iter:0, id:3, r:1.000 and violateion:0.000
2026-04-30 16:05:17,278 [INFO] have warm up
2026-04-30 16:05:31,871 [INFO] iter:84, id:2, r:33.545 and violateion:0.000
2026-04-30 16:05:36,649 [INFO] iter:0, id:3, r:1.000 and violateion:0.000
2026-04-30 16:05:38,159 [WARNING] connect time:3, accumulated time:78, and the robot pair:[(0, 3)]
2026-04-30 16:05:56,933 [INFO] failed to satisfy constraint, id: 0 and r_penalty: 1436.169 and violations:0.295:
2026-04-30 16:06:15,219 [INFO] failed to satisfy constraint, id: 3 and r_penalty: 1507.977 and violations:0.509:
2026-04-30 16:06:15,224 [INFO] have warm up
2026-04-30 16:06:39,864 [INFO] failed to satisfy constraint, id: 0 and r_penalty: 10000.000 and violations:0.295:
2026-04-30 16:07:04,610 [INFO] failed to satisfy constraint, id: 3 and r_penalty: 10000.000 and violations:0.525:
2026-04-30 16:07:05,850 [WARNING] connect time:1, accumulated time:79, and the robot pair:[(2, 3)]
2026-04-30 16:07:24,843 [INFO] failed to satisfy constraint, id: 2 and r_penalty: 1436.169 and violations:0.141:
2026-04-30 16:07:42,798 [INFO] failed to satisfy constraint, id: 3 and r_penalty: 1507.977 and violations:0.123:
2026-04-30 16:07:42,802 [INFO] have warm up
2026-04-30 16:08:09,706 [INFO] failed to satisfy constraint, id: 2 and r_penalty: 10000.000 and violations:0.344:
2026-04-30 16:08:35,671 [INFO] failed to satisfy constraint, id: 3 and r_penalty: 10000.000 and violations:0.605:
2026-04-30 16:08:36,670 [INFO] merge map
2026-04-30 16:08:36,673 [INFO] merge map
2026-04-30 16:08:36,676 [INFO] merge map
2026-04-30 16:08:36,678 [INFO] merge map
2026-04-30 16:08:36,986 [WARNING] connect time:1, accumulated time:80, and the robot pair:[]
2026-04-30 16:08:56,489 [INFO] failed to satisfy constraint, id: 0 and r_penalty: 1507.977 and violations:0.281:
2026-04-30 16:09:14,284 [INFO] iter:149, id:1, r:1125.276 and violateion:0.000
2026-04-30 16:09:32,417 [INFO] failed to satisfy constraint, id: 2 and r_penalty: 1507.977 and violations:0.330:
2026-04-30 16:09:50,209 [INFO] failed to satisfy constraint, id: 3 and r_penalty: 1507.977 and violations:0.588:
2026-04-30 16:09:50,213 [INFO] have warm up
2026-04-30 16:10:16,456 [INFO] failed to satisfy constraint, id: 0 and r_penalty: 10000.000 and violations:0.281:
2026-04-30 16:10:33,258 [INFO] iter:115, id:1, r:159.841 and violateion:0.000
2026-04-30 16:11:00,504 [INFO] failed to satisfy constraint, id: 2 and r_penalty: 10000.000 and violations:0.330:
2026-04-30 16:11:25,778 [INFO] failed to satisfy constraint, id: 3 and r_penalty: 10000.000 and violations:0.588:
2026-04-30 16:11:27,679 [WARNING] connect time:2, accumulated time:82, and the robot pair:[(0, 3)]
2026-04-30 16:11:47,218 [INFO] failed to satisfy constraint, id: 0 and r_penalty: 1020.659 and violations:0.357:
2026-04-30 16:12:04,818 [INFO] failed to satisfy constraint, id: 3 and r_penalty: 1507.977 and violations:0.269:
2026-04-30 16:12:04,824 [INFO] have warm up
2026-04-30 16:12:31,307 [INFO] failed to satisfy constraint, id: 0 and r_penalty: 10000.000 and violations:0.298:
2026-04-30 16:12:56,976 [INFO] failed to satisfy constraint, id: 3 and r_penalty: 10000.000 and violations:0.085:
2026-04-30 16:12:58,613 [WARNING] connect time:4, accumulated time:86, and the robot pair:[(0, 3)]
2026-04-30 16:13:18,075 [INFO] failed to satisfy constraint, id: 0 and r_penalty: 1240.617 and violations:0.082:
2026-04-30 16:13:34,615 [INFO] failed to satisfy constraint, id: 3 and r_penalty: 1181.540 and violations:0.107:
2026-04-30 16:13:34,619 [INFO] have warm up
2026-04-30 16:13:58,861 [INFO] failed to satisfy constraint, id: 0 and r_penalty: 10000.000 and violations:0.081:
2026-04-30 16:14:22,303 [INFO] failed to satisfy constraint, id: 3 and r_penalty: 10000.000 and violations:0.082:
2026-04-30 16:14:23,327 [INFO] merge map
2026-04-30 16:14:23,330 [INFO] merge map
2026-04-30 16:14:23,332 [INFO] merge map
2026-04-30 16:14:23,335 [INFO] merge map
2026-04-30 16:14:23,687 [WARNING] connect time:4, accumulated time:90, and the robot pair:[]
2026-04-30 16:14:41,065 [INFO] failed to satisfy constraint, id: 0 and r_penalty: 1507.977 and violations:0.051:
2026-04-30 16:14:43,483 [INFO] iter:0, id:1, r:1.000 and violateion:0.000
2026-04-30 16:15:00,257 [INFO] failed to satisfy constraint, id: 2 and r_penalty: 1507.977 and violations:0.223:
2026-04-30 16:15:16,595 [INFO] failed to satisfy constraint, id: 3 and r_penalty: 1507.977 and violations:0.052:
2026-04-30 16:15:16,599 [INFO] have warm up
2026-04-30 16:15:40,471 [INFO] failed to satisfy constraint, id: 0 and r_penalty: 10000.000 and violations:0.051:
2026-04-30 16:15:44,214 [INFO] iter:0, id:1, r:1.000 and violateion:0.000
2026-04-30 16:16:07,044 [INFO] failed to satisfy constraint, id: 2 and r_penalty: 10000.000 and violations:0.223:
2026-04-30 16:16:29,578 [INFO] failed to satisfy constraint, id: 3 and r_penalty: 10000.000 and violations:0.052:
2026-04-30 16:16:30,290 [WARNING] connect time:0, accumulated time:90, and the robot pair:[(0, 3)]
2026-04-30 16:16:46,781 [INFO] failed to satisfy constraint, id: 0 and r_penalty: 799.713 and violations:0.056:
2026-04-30 16:17:02,962 [INFO] failed to satisfy constraint, id: 3 and r_penalty: 1507.977 and violations:0.056:
2026-04-30 16:17:02,965 [INFO] have warm up
2026-04-30 16:17:25,831 [INFO] failed to satisfy constraint, id: 0 and r_penalty: 10000.000 and violations:0.321:
2026-04-30 16:17:49,192 [INFO] failed to satisfy constraint, id: 3 and r_penalty: 10000.000 and violations:0.056:
2026-04-30 16:17:50,336 [WARNING] connect time:4, accumulated time:94, and the robot pair:[(0, 3)]
2026-04-30 16:18:07,333 [INFO] failed to satisfy constraint, id: 0 and r_penalty: 1302.648 and violations:0.076:
2026-04-30 16:18:10,053 [INFO] iter:0, id:3, r:1.000 and violateion:0.011
2026-04-30 16:18:10,056 [INFO] have warm up
2026-04-30 16:18:23,906 [INFO] iter:87, id:0, r:57.374 and violateion:0.011
2026-04-30 16:18:28,204 [INFO] iter:0, id:3, r:1.000 and violateion:0.011
2026-04-30 16:18:29,643 [WARNING] connect time:4, accumulated time:98, and the robot pair:[(0, 3)]
2026-04-30 16:18:33,468 [INFO] iter:2, id:0, r:1.000 and violateion:0.000
2026-04-30 16:18:36,211 [INFO] iter:3, id:3, r:1.000 and violateion:0.000
2026-04-30 16:18:36,214 [INFO] have warm up
2026-04-30 16:18:42,666 [INFO] iter:0, id:0, r:1.000 and violateion:0.000
2026-04-30 16:18:47,516 [INFO] iter:0, id:3, r:1.000 and violateion:0.000
2026-04-30 16:18:48,580 [INFO] merge map
2026-04-30 16:18:48,582 [INFO] merge map
2026-04-30 16:18:48,584 [INFO] merge map
2026-04-30 16:18:48,586 [INFO] merge map
2026-04-30 16:18:49,069 [WARNING] connect time:2, accumulated time:100, and the robot pair:[]
2026-04-30 16:18:52,574 [INFO] iter:0, id:0, r:1.000 and violateion:0.000
2026-04-30 16:18:54,888 [INFO] iter:0, id:1, r:1.000 and violateion:0.000
2026-04-30 16:19:10,309 [INFO] failed to satisfy constraint, id: 2 and r_penalty: 1507.977 and violations:0.106:
2026-04-30 16:19:12,855 [INFO] iter:0, id:3, r:1.000 and violateion:0.000
2026-04-30 16:19:12,857 [INFO] have warm up
2026-04-30 16:19:17,676 [INFO] iter:0, id:0, r:1.000 and violateion:0.000
2026-04-30 16:19:22,384 [INFO] iter:0, id:1, r:1.000 and violateion:0.000
2026-04-30 16:19:43,680 [INFO] failed to satisfy constraint, id: 2 and r_penalty: 10000.000 and violations:0.134:
2026-04-30 16:19:48,106 [INFO] iter:0, id:3, r:1.000 and violateion:0.000
2026-04-30 16:19:49,870 [WARNING] connect time:8, accumulated time:108, and the robot pair:[(0, 2)]
2026-04-30 16:20:02,685 [INFO] iter:95, id:0, r:98.128 and violateion:0.011
2026-04-30 16:20:17,814 [INFO] failed to satisfy constraint, id: 2 and r_penalty: 1125.276 and violations:0.101:
2026-04-30 16:20:17,823 [INFO] have warm up
2026-04-30 16:20:22,715 [INFO] iter:0, id:0, r:1.000 and violateion:0.023
2026-04-30 16:20:28,072 [INFO] iter:1, id:2, r:1.000 and violateion:0.014
2026-04-30 16:20:29,294 [INFO] merge map
2026-04-30 16:20:29,297 [INFO] merge map
2026-04-30 16:20:29,300 [INFO] merge map
2026-04-30 16:20:29,302 [INFO] merge map
2026-04-30 16:20:29,757 [WARNING] connect time:2, accumulated time:110, and the robot pair:[]
2026-04-30 16:20:33,220 [INFO] iter:0, id:0, r:1.000 and violateion:0.005
2026-04-30 16:20:35,450 [INFO] iter:0, id:1, r:1.000 and violateion:0.000
2026-04-30 16:20:37,947 [INFO] iter:1, id:2, r:1.000 and violateion:0.002
2026-04-30 16:20:40,271 [INFO] iter:0, id:3, r:1.000 and violateion:0.000
2026-04-30 16:20:40,274 [INFO] have warm up
2026-04-30 16:20:45,221 [INFO] iter:0, id:0, r:1.000 and violateion:0.006
2026-04-30 16:20:49,250 [INFO] iter:0, id:1, r:1.000 and violateion:0.000
2026-04-30 16:20:53,233 [INFO] iter:0, id:2, r:1.000 and violateion:0.002
2026-04-30 16:20:58,735 [INFO] iter:0, id:3, r:1.000 and violateion:0.030
2026-04-30 16:21:00,117 [WARNING] connect time:2, accumulated time:112, and the robot pair:[(0, 2)]
2026-04-30 16:21:13,213 [INFO] iter:117, id:0, r:273.382 and violateion:0.026
2026-04-30 16:21:27,699 [INFO] failed to satisfy constraint, id: 2 and r_penalty: 1507.977 and violations:0.080:
2026-04-30 16:21:27,702 [INFO] have warm up
2026-04-30 16:21:32,991 [INFO] iter:0, id:0, r:1.000 and violateion:0.026
2026-04-30 16:21:53,420 [INFO] failed to satisfy constraint, id: 2 and r_penalty: 10000.000 and violations:0.080:
2026-04-30 16:21:55,247 [INFO] merge map
2026-04-30 16:21:55,250 [INFO] merge map
2026-04-30 16:21:55,252 [INFO] merge map
2026-04-30 16:21:55,255 [INFO] merge map
2026-04-30 16:21:55,524 [INFO] update map
2026-04-30 16:21:56,060 [WARNING] connect time:8, accumulated time:120, and the robot pair:[]
2026-04-30 16:22:00,093 [INFO] iter:0, id:0, r:1.000 and violateion:0.014
2026-04-30 16:22:02,534 [INFO] iter:0, id:1, r:1.000 and violateion:0.000
2026-04-30 16:22:18,118 [INFO] failed to satisfy constraint, id: 2 and r_penalty: 1507.977 and violations:0.049:
2026-04-30 16:22:20,645 [INFO] iter:0, id:3, r:1.000 and violateion:0.000
2026-04-30 16:22:20,648 [INFO] have warm up
2026-04-30 16:22:27,903 [INFO] iter:28, id:0, r:3.733 and violateion:0.019
2026-04-30 16:22:34,066 [INFO] iter:0, id:1, r:1.000 and violateion:0.000
2026-04-30 16:22:55,568 [INFO] failed to satisfy constraint, id: 2 and r_penalty: 10000.000 and violations:0.049:
2026-04-30 16:23:10,030 [INFO] iter:110, id:3, r:194.287 and violateion:0.000
2026-04-30 16:23:11,060 [INFO] merge map
2026-04-30 16:23:11,062 [INFO] merge map
2026-04-30 16:23:11,064 [INFO] merge map
2026-04-30 16:23:11,066 [INFO] merge map
2026-04-30 16:23:11,501 [WARNING] connect time:10, accumulated time:130, and the robot pair:[]
2026-04-30 16:23:15,024 [INFO] iter:0, id:0, r:1.000 and violateion:0.000
2026-04-30 16:23:17,652 [INFO] iter:0, id:1, r:1.000 and violateion:0.000
2026-04-30 16:23:32,693 [INFO] failed to satisfy constraint, id: 2 and r_penalty: 1507.977 and violations:0.035:
2026-04-30 16:23:36,551 [INFO] iter:0, id:3, r:1.000 and violateion:0.000
2026-04-30 16:23:36,555 [INFO] have warm up
2026-04-30 16:23:43,443 [INFO] iter:0, id:0, r:1.000 and violateion:0.010
2026-04-30 16:23:48,132 [INFO] iter:0, id:1, r:1.000 and violateion:0.000
2026-04-30 16:24:09,185 [INFO] failed to satisfy constraint, id: 2 and r_penalty: 10000.000 and violations:0.035:
2026-04-30 16:24:16,040 [INFO] iter:0, id:3, r:1.000 and violateion:0.000
2026-04-30 16:24:16,740 [INFO] merge map
2026-04-30 16:24:16,742 [INFO] merge map
2026-04-30 16:24:16,745 [INFO] merge map
2026-04-30 16:24:16,749 [INFO] merge map
2026-04-30 16:24:17,216 [WARNING] connect time:10, accumulated time:140, and the robot pair:[]
2026-04-30 16:24:20,916 [INFO] iter:0, id:0, r:1.000 and violateion:0.000
2026-04-30 16:24:23,409 [INFO] iter:0, id:1, r:1.000 and violateion:0.000
2026-04-30 16:24:25,861 [INFO] iter:0, id:2, r:1.000 and violateion:0.025
2026-04-30 16:24:28,421 [INFO] iter:0, id:3, r:1.000 and violateion:0.000
2026-04-30 16:24:28,423 [INFO] have warm up
2026-04-30 16:24:35,574 [INFO] iter:30, id:0, r:3.556 and violateion:0.009
2026-04-30 16:24:39,905 [INFO] iter:0, id:1, r:1.000 and violateion:0.000
2026-04-30 16:24:52,750 [INFO] iter:110, id:2, r:89.005 and violateion:0.020
2026-04-30 16:24:56,914 [INFO] iter:0, id:3, r:1.000 and violateion:0.000
2026-04-30 16:24:58,214 [INFO] merge map
2026-04-30 16:24:58,216 [INFO] merge map
2026-04-30 16:24:58,217 [INFO] merge map
2026-04-30 16:24:58,219 [INFO] merge map
2026-04-30 16:24:58,639 [WARNING] connect time:10, accumulated time:150, and the robot pair:[]
2026-04-30 16:25:02,285 [INFO] iter:0, id:0, r:1.000 and violateion:0.000
2026-04-30 16:25:04,687 [INFO] iter:0, id:1, r:1.000 and violateion:0.000
2026-04-30 16:25:07,392 [INFO] iter:2, id:2, r:1.000 and violateion:0.011
2026-04-30 16:25:09,928 [INFO] iter:0, id:3, r:1.000 and violateion:0.000
2026-04-30 16:25:09,930 [INFO] have warm up
2026-04-30 16:25:16,596 [INFO] iter:25, id:0, r:2.925 and violateion:0.000
2026-04-30 16:25:20,963 [INFO] iter:0, id:1, r:1.000 and violateion:0.000
2026-04-30 16:25:25,360 [INFO] iter:0, id:2, r:1.000 and violateion:0.011
2026-04-30 16:25:29,824 [INFO] iter:0, id:3, r:1.000 and violateion:0.019
2026-04-30 16:25:31,136 [WARNING] connect time:2, accumulated time:152, and the robot pair:[(0, 2)]
2026-04-30 16:25:45,204 [INFO] failed to satisfy constraint, id: 0 and r_penalty: 1507.977 and violations:0.072:
2026-04-30 16:25:58,726 [INFO] satisfy constraint, but not converge, id: 2 and r_penalty: 1071.691 and violations:0.000:
2026-04-30 16:25:58,734 [INFO] have warm up
2026-04-30 16:26:15,892 [INFO] iter:172, id:0, r:3629.128 and violateion:0.000
2026-04-30 16:26:30,760 [INFO] iter:141, id:2, r:445.310 and violateion:0.012
2026-04-30 16:26:32,509 [WARNING] connect time:4, accumulated time:156, and the robot pair:[(0, 2)]
2026-04-30 16:26:46,063 [INFO] satisfy constraint, but not converge, id: 0 and r_penalty: 1436.169 and violations:0.000:
2026-04-30 16:26:49,143 [INFO] iter:9, id:2, r:1.407 and violateion:0.017
2026-04-30 16:26:49,145 [INFO] have warm up
2026-04-30 16:26:53,779 [INFO] iter:1, id:0, r:1.000 and violateion:0.000
2026-04-30 16:27:00,987 [INFO] iter:34, id:2, r:3.556 and violateion:0.000
2026-04-30 16:27:02,506 [INFO] merge map
2026-04-30 16:27:02,508 [INFO] merge map
2026-04-30 16:27:02,510 [INFO] merge map
2026-04-30 16:27:02,513 [INFO] merge map
2026-04-30 16:27:02,954 [WARNING] connect time:4, accumulated time:160, and the robot pair:[]
2026-04-30 16:27:06,262 [INFO] iter:0, id:0, r:1.000 and violateion:0.000
2026-04-30 16:27:08,574 [INFO] iter:0, id:1, r:1.000 and violateion:0.000
2026-04-30 16:27:10,968 [INFO] iter:0, id:2, r:1.000 and violateion:0.000
2026-04-30 16:27:13,395 [INFO] iter:0, id:3, r:1.000 and violateion:0.000
2026-04-30 16:27:13,398 [INFO] have warm up
2026-04-30 16:27:20,025 [INFO] iter:0, id:0, r:1.000 and violateion:0.000
2026-04-30 16:27:24,291 [INFO] iter:0, id:1, r:1.000 and violateion:0.000
2026-04-30 16:27:30,682 [INFO] iter:0, id:2, r:1.000 and violateion:0.000
2026-04-30 16:27:38,250 [INFO] iter:0, id:3, r:1.000 and violateion:0.019
2026-04-30 16:27:40,809 [WARNING] connect time:0, accumulated time:160, and the robot pair:[(0, 2)]
2026-04-30 16:27:43,858 [INFO] iter:0, id:0, r:1.000 and violateion:0.000
2026-04-30 16:27:55,662 [INFO] failed to satisfy constraint, id: 2 and r_penalty: 17.790 and violations:0.051:
2026-04-30 16:27:55,673 [INFO] have warm up
2026-04-30 16:27:59,233 [INFO] iter:0, id:0, r:1.000 and violateion:0.000
2026-04-30 16:28:16,331 [INFO] satisfy constraint, but not converge, id: 2 and r_penalty: 20.594 and violations:0.005:
2026-04-30 16:28:17,308 [WARNING] connect time:4, accumulated time:164, and the robot pair:[(0, 2)]
2026-04-30 16:28:21,052 [INFO] iter:0, id:0, r:1.000 and violateion:0.000
2026-04-30 16:28:30,796 [INFO] iter:116, id:2, r:236.157 and violateion:0.001
2026-04-30 16:28:30,800 [INFO] have warm up
2026-04-30 16:28:35,887 [INFO] iter:0, id:0, r:1.000 and violateion:0.000
2026-04-30 16:28:40,197 [INFO] iter:1, id:2, r:1.000 and violateion:0.001
2026-04-30 16:28:41,872 [WARNING] connect time:4, accumulated time:168, and the robot pair:[(0, 2)]
2026-04-30 16:28:45,671 [INFO] iter:0, id:0, r:1.000 and violateion:0.000
2026-04-30 16:28:48,662 [INFO] iter:2, id:2, r:1.000 and violateion:0.011
2026-04-30 16:28:48,664 [INFO] have warm up
2026-04-30 16:28:53,527 [INFO] iter:0, id:0, r:1.000 and violateion:0.000
2026-04-30 16:28:57,783 [INFO] iter:0, id:2, r:1.000 and violateion:0.023
2026-04-30 16:28:58,572 [INFO] merge map
2026-04-30 16:28:58,575 [INFO] merge map
2026-04-30 16:28:58,578 [INFO] merge map
2026-04-30 16:28:58,581 [INFO] merge map
2026-04-30 16:28:59,068 [WARNING] connect time:2, accumulated time:170, and the robot pair:[]
2026-04-30 16:29:03,102 [INFO] iter:0, id:0, r:1.000 and violateion:0.000
2026-04-30 16:29:05,854 [INFO] iter:0, id:1, r:1.000 and violateion:0.000
2026-04-30 16:29:08,561 [INFO] iter:0, id:2, r:1.000 and violateion:0.010
2026-04-30 16:29:11,281 [INFO] iter:0, id:3, r:1.000 and violateion:0.000
2026-04-30 16:29:11,285 [INFO] have warm up
2026-04-30 16:29:16,073 [INFO] iter:0, id:0, r:1.000 and violateion:0.000
2026-04-30 16:29:20,105 [INFO] iter:0, id:1, r:1.000 and violateion:0.000
2026-04-30 16:29:24,067 [INFO] iter:0, id:2, r:1.000 and violateion:0.012
2026-04-30 16:29:29,646 [INFO] iter:20, id:3, r:2.183 and violateion:0.024
2026-04-30 16:29:31,118 [WARNING] connect time:2, accumulated time:172, and the robot pair:[(0, 2)]
2026-04-30 16:29:34,674 [INFO] iter:0, id:0, r:1.000 and violateion:0.000
2026-04-30 16:29:37,195 [INFO] iter:1, id:2, r:1.000 and violateion:0.009
2026-04-30 16:29:37,197 [INFO] have warm up
2026-04-30 16:29:41,874 [INFO] iter:0, id:0, r:1.000 and violateion:0.000
2026-04-30 16:29:45,664 [INFO] iter:0, id:2, r:1.000 and violateion:0.009
2026-04-30 16:29:47,425 [WARNING] connect time:1, accumulated time:173, and the robot pair:[(0, 2), (0, 3), (2, 3)]
2026-04-30 16:29:59,427 [INFO] failed to satisfy constraint, id: 0 and r_penalty: 1507.977 and violations:0.164:
2026-04-30 16:30:10,609 [INFO] failed to satisfy constraint, id: 2 and r_penalty: 1507.977 and violations:0.164:
2026-04-30 16:30:22,572 [INFO] failed to satisfy constraint, id: 3 and r_penalty: 1507.977 and violations:0.164:
2026-04-30 16:30:22,576 [INFO] have warm up
2026-04-30 16:30:37,912 [INFO] iter:183, id:0, r:5361.874 and violateion:0.015
2026-04-30 16:30:54,762 [INFO] failed to satisfy constraint, id: 2 and r_penalty: 10000.000 and violations:0.162:
2026-04-30 16:31:11,615 [INFO] failed to satisfy constraint, id: 3 and r_penalty: 10000.000 and violations:0.207:
2026-04-30 16:31:13,730 [WARNING] connect time:3, accumulated time:176, and the robot pair:[(1, 2)]
2026-04-30 16:31:26,491 [INFO] failed to satisfy constraint, id: 1 and r_penalty: 1436.169 and violations:0.336:
2026-04-30 16:31:37,656 [INFO] failed to satisfy constraint, id: 2 and r_penalty: 1507.977 and violations:0.492:
2026-04-30 16:31:37,660 [INFO] have warm up
2026-04-30 16:31:54,387 [INFO] failed to satisfy constraint, id: 1 and r_penalty: 10000.000 and violations:0.197:
2026-04-30 16:32:09,932 [INFO] failed to satisfy constraint, id: 2 and r_penalty: 10000.000 and violations:0.109:
2026-04-30 16:32:11,491 [WARNING] connect time:1, accumulated time:177, and the robot pair:[(0, 2), (0, 3), (2, 3)]
2026-04-30 16:32:24,200 [INFO] failed to satisfy constraint, id: 0 and r_penalty: 1436.169 and violations:0.265:
2026-04-30 16:32:35,137 [INFO] failed to satisfy constraint, id: 2 and r_penalty: 1436.169 and violations:0.188:
2026-04-30 16:32:46,169 [INFO] failed to satisfy constraint, id: 3 and r_penalty: 1240.617 and violations:0.099:
2026-04-30 16:32:46,173 [INFO] have warm up
2026-04-30 16:33:05,114 [INFO] failed to satisfy constraint, id: 0 and r_penalty: 10000.000 and violations:0.255:
2026-04-30 16:33:20,227 [INFO] failed to satisfy constraint, id: 2 and r_penalty: 10000.000 and violations:0.187:
2026-04-30 16:33:36,356 [INFO] failed to satisfy constraint, id: 3 and r_penalty: 10000.000 and violations:0.099:
2026-04-30 16:33:37,406 [INFO] merge map
2026-04-30 16:33:37,409 [INFO] merge map
2026-04-30 16:33:37,411 [INFO] merge map
2026-04-30 16:33:37,412 [INFO] merge map
2026-04-30 16:33:37,711 [INFO] update map
2026-04-30 16:33:38,273 [WARNING] connect time:3, accumulated time:180, and the robot pair:[]
2026-04-30 16:33:50,260 [INFO] failed to satisfy constraint, id: 0 and r_penalty: 1507.977 and violations:0.244:
2026-04-30 16:34:00,900 [INFO] failed to satisfy constraint, id: 1 and r_penalty: 1436.169 and violations:0.088:
2026-04-30 16:34:12,199 [INFO] failed to satisfy constraint, id: 2 and r_penalty: 1507.977 and violations:0.171:
2026-04-30 16:34:23,048 [INFO] failed to satisfy constraint, id: 3 and r_penalty: 1507.977 and violations:0.090:
2026-04-30 16:34:23,052 [INFO] have warm up
2026-04-30 16:34:39,308 [INFO] failed to satisfy constraint, id: 0 and r_penalty: 10000.000 and violations:0.244:
2026-04-30 16:34:54,057 [INFO] failed to satisfy constraint, id: 1 and r_penalty: 10000.000 and violations:0.089:
2026-04-30 16:35:09,598 [INFO] failed to satisfy constraint, id: 2 and r_penalty: 10000.000 and violations:0.171:
2026-04-30 16:35:24,637 [INFO] failed to satisfy constraint, id: 3 and r_penalty: 10000.000 and violations:0.090:
2026-04-30 16:35:25,872 [WARNING] connect time:0, accumulated time:180, and the robot pair:[(1, 2)]
2026-04-30 16:35:36,183 [INFO] failed to satisfy constraint, id: 1 and r_penalty: 925.767 and violations:0.282:
2026-04-30 16:35:46,986 [INFO] failed to satisfy constraint, id: 2 and r_penalty: 1240.617 and violations:0.179:
2026-04-30 16:35:46,995 [INFO] have warm up
2026-04-30 16:36:01,999 [INFO] failed to satisfy constraint, id: 1 and r_penalty: 2121.876 and violations:0.283:
2026-04-30 16:36:17,550 [INFO] failed to satisfy constraint, id: 2 and r_penalty: 10000.000 and violations:0.176:
2026-04-30 16:36:18,375 [WARNING] connect time:1, accumulated time:181, and the robot pair:[(0, 2), (0, 3), (2, 3)]
2026-04-30 16:36:29,828 [INFO] failed to satisfy constraint, id: 0 and r_penalty: 1507.977 and violations:0.312:
2026-04-30 16:36:40,380 [INFO] failed to satisfy constraint, id: 2 and r_penalty: 1507.977 and violations:0.338:
2026-04-30 16:36:51,751 [INFO] failed to satisfy constraint, id: 3 and r_penalty: 1181.540 and violations:0.283:
2026-04-30 16:36:51,755 [INFO] have warm up
2026-04-30 16:37:06,964 [INFO] failed to satisfy constraint, id: 0 and r_penalty: 5106.547 and violations:0.059:
2026-04-30 16:37:22,428 [INFO] failed to satisfy constraint, id: 2 and r_penalty: 10000.000 and violations:0.338:
2026-04-30 16:37:37,240 [INFO] failed to satisfy constraint, id: 3 and r_penalty: 5911.467 and violations:0.063:
2026-04-30 16:37:38,927 [WARNING] connect time:3, accumulated time:184, and the robot pair:[(1, 2)]
2026-04-30 16:37:50,949 [INFO] failed to satisfy constraint, id: 1 and r_penalty: 925.767 and violations:0.320:
2026-04-30 16:38:01,324 [INFO] failed to satisfy constraint, id: 2 and r_penalty: 1507.977 and violations:0.314:
2026-04-30 16:38:01,328 [INFO] have warm up
2026-04-30 16:38:16,398 [INFO] failed to satisfy constraint, id: 1 and r_penalty: 10000.000 and violations:0.246:
2026-04-30 16:38:31,568 [INFO] failed to satisfy constraint, id: 2 and r_penalty: 10000.000 and violations:0.314:
2026-04-30 16:38:32,854 [WARNING] connect time:1, accumulated time:185, and the robot pair:[(0, 2), (0, 3), (2, 3)]
2026-04-30 16:38:44,267 [INFO] failed to satisfy constraint, id: 0 and r_penalty: 1367.780 and violations:0.155:
2026-04-30 16:38:54,976 [INFO] failed to satisfy constraint, id: 2 and r_penalty: 925.767 and violations:0.142:
2026-04-30 16:39:06,203 [INFO] failed to satisfy constraint, id: 3 and r_penalty: 1436.169 and violations:0.160:
2026-04-30 16:39:06,207 [INFO] have warm up
2026-04-30 16:39:21,541 [INFO] failed to satisfy constraint, id: 0 and r_penalty: 10000.000 and violations:0.155:
2026-04-30 16:39:36,615 [INFO] failed to satisfy constraint, id: 2 and r_penalty: 10000.000 and violations:0.135:
2026-04-30 16:39:52,112 [INFO] failed to satisfy constraint, id: 3 and r_penalty: 10000.000 and violations:0.160:
2026-04-30 16:39:53,650 [WARNING] connect time:3, accumulated time:188, and the robot pair:[(0, 1), (0, 2), (1, 2)]
2026-04-30 16:40:05,851 [INFO] failed to satisfy constraint, id: 0 and r_penalty: 1367.780 and violations:0.109:
2026-04-30 16:40:15,903 [INFO] failed to satisfy constraint, id: 1 and r_penalty: 1302.648 and violations:0.114:
2026-04-30 16:40:26,493 [INFO] failed to satisfy constraint, id: 2 and r_penalty: 1302.648 and violations:0.109:
2026-04-30 16:40:26,497 [INFO] have warm up
2026-04-30 16:40:42,237 [INFO] failed to satisfy constraint, id: 0 and r_penalty: 10000.000 and violations:0.109:
2026-04-30 16:40:56,625 [INFO] failed to satisfy constraint, id: 1 and r_penalty: 10000.000 and violations:0.114:
2026-04-30 16:41:12,083 [INFO] failed to satisfy constraint, id: 2 and r_penalty: 10000.000 and violations:0.109:
2026-04-30 16:41:13,960 [WARNING] connect time:1, accumulated time:189, and the robot pair:[(0, 2), (0, 3), (2, 3)]
2026-04-30 16:41:25,110 [INFO] failed to satisfy constraint, id: 0 and r_penalty: 1507.977 and violations:0.099:
2026-04-30 16:41:35,645 [INFO] failed to satisfy constraint, id: 2 and r_penalty: 1507.977 and violations:0.099:
2026-04-30 16:41:46,830 [INFO] failed to satisfy constraint, id: 3 and r_penalty: 1507.977 and violations:0.069:
2026-04-30 16:41:46,833 [INFO] have warm up
2026-04-30 16:42:01,644 [INFO] failed to satisfy constraint, id: 0 and r_penalty: 10000.000 and violations:0.099:
2026-04-30 16:42:16,786 [INFO] failed to satisfy constraint, id: 2 and r_penalty: 10000.000 and violations:0.099:
2026-04-30 16:42:31,392 [INFO] failed to satisfy constraint, id: 3 and r_penalty: 10000.000 and violations:0.069:
2026-04-30 16:42:33,237 [INFO] merge map
2026-04-30 16:42:33,239 [INFO] merge map
2026-04-30 16:42:33,242 [INFO] merge map
2026-04-30 16:42:33,244 [INFO] merge map
2026-04-30 16:42:33,676 [WARNING] connect time:1, accumulated time:190, and the robot pair:[]
2026-04-30 16:42:45,771 [INFO] failed to satisfy constraint, id: 0 and r_penalty: 1507.977 and violations:0.091:
2026-04-30 16:42:55,764 [INFO] failed to satisfy constraint, id: 1 and r_penalty: 1507.977 and violations:0.097:
2026-04-30 16:43:06,200 [INFO] failed to satisfy constraint, id: 2 and r_penalty: 1507.977 and violations:0.091:
2026-04-30 16:43:16,707 [INFO] failed to satisfy constraint, id: 3 and r_penalty: 1507.977 and violations:0.055:
2026-04-30 16:43:16,711 [INFO] have warm up
2026-04-30 16:43:32,062 [INFO] failed to satisfy constraint, id: 0 and r_penalty: 10000.000 and violations:0.091:
2026-04-30 16:43:46,321 [INFO] failed to satisfy constraint, id: 1 and r_penalty: 10000.000 and violations:0.097:
2026-04-30 16:44:03,228 [INFO] failed to satisfy constraint, id: 2 and r_penalty: 10000.000 and violations:0.091:
2026-04-30 16:44:18,314 [INFO] failed to satisfy constraint, id: 3 and r_penalty: 10000.000 and violations:0.055:
2026-04-30 16:44:20,459 [WARNING] connect time:2, accumulated time:192, and the robot pair:[(0, 1), (0, 2), (1, 2)]
2026-04-30 16:44:32,756 [INFO] failed to satisfy constraint, id: 0 and r_penalty: 1507.977 and violations:0.096:
2026-04-30 16:44:42,897 [INFO] failed to satisfy constraint, id: 1 and r_penalty: 1507.977 and violations:0.096:
2026-04-30 16:44:53,294 [INFO] failed to satisfy constraint, id: 2 and r_penalty: 1507.977 and violations:0.096:
2026-04-30 16:44:53,298 [INFO] have warm up
2026-04-30 16:45:08,426 [INFO] failed to satisfy constraint, id: 0 and r_penalty: 10000.000 and violations:0.096:
2026-04-30 16:45:24,626 [INFO] failed to satisfy constraint, id: 1 and r_penalty: 10000.000 and violations:0.096:
2026-04-30 16:45:39,447 [INFO] failed to satisfy constraint, id: 2 and r_penalty: 10000.000 and violations:0.096:
2026-04-30 16:45:40,992 [WARNING] connect time:1, accumulated time:193, and the robot pair:[(0, 2), (0, 3), (2, 3)]
2026-04-30 16:45:52,339 [INFO] failed to satisfy constraint, id: 0 and r_penalty: 1507.977 and violations:0.095:
2026-04-30 16:46:03,145 [INFO] failed to satisfy constraint, id: 2 and r_penalty: 1507.977 and violations:0.095:
2026-04-30 16:46:13,623 [INFO] failed to satisfy constraint, id: 3 and r_penalty: 1507.977 and violations:0.087:
2026-04-30 16:46:13,627 [INFO] have warm up
2026-04-30 16:46:28,438 [INFO] failed to satisfy constraint, id: 0 and r_penalty: 10000.000 and violations:0.095:
2026-04-30 16:46:43,243 [INFO] failed to satisfy constraint, id: 2 and r_penalty: 10000.000 and violations:0.095:
2026-04-30 16:46:57,870 [INFO] failed to satisfy constraint, id: 3 and r_penalty: 10000.000 and violations:0.087:
2026-04-30 16:46:59,572 [WARNING] connect time:3, accumulated time:196, and the robot pair:[(0, 1), (0, 2), (1, 2)]
2026-04-30 16:47:11,063 [INFO] failed to satisfy constraint, id: 0 and r_penalty: 568.341 and violations:0.082:
2026-04-30 16:47:20,712 [INFO] failed to satisfy constraint, id: 1 and r_penalty: 1020.659 and violations:0.089:
2026-04-30 16:47:30,599 [INFO] failed to satisfy constraint, id: 2 and r_penalty: 1125.276 and violations:0.089:
2026-04-30 16:47:30,609 [INFO] have warm up
2026-04-30 16:47:45,830 [INFO] failed to satisfy constraint, id: 0 and r_penalty: 10000.000 and violations:0.082:
2026-04-30 16:48:00,118 [INFO] failed to satisfy constraint, id: 1 and r_penalty: 10000.000 and violations:0.089:
2026-04-30 16:48:15,538 [INFO] failed to satisfy constraint, id: 2 and r_penalty: 10000.000 and violations:0.089:
2026-04-30 16:48:17,395 [WARNING] connect time:1, accumulated time:197, and the robot pair:[(0, 3)]
2026-04-30 16:48:28,776 [INFO] failed to satisfy constraint, id: 0 and r_penalty: 1507.977 and violations:0.082:
2026-04-30 16:48:39,105 [INFO] failed to satisfy constraint, id: 3 and r_penalty: 1507.977 and violations:0.076:
2026-04-30 16:48:39,108 [INFO] have warm up
2026-04-30 16:48:53,954 [INFO] failed to satisfy constraint, id: 0 and r_penalty: 8733.928 and violations:0.077:
2026-04-30 16:49:08,771 [INFO] failed to satisfy constraint, id: 3 and r_penalty: 10000.000 and violations:0.076:
2026-04-30 16:49:09,448 [INFO] merge map
2026-04-30 16:49:09,451 [INFO] merge map
2026-04-30 16:49:09,453 [INFO] merge map
2026-04-30 16:49:09,457 [INFO] merge map
2026-04-30 16:49:09,916 [WARNING] connect time:3, accumulated time:200, and the robot pair:[]
2026-04-30 16:49:21,568 [INFO] failed to satisfy constraint, id: 0 and r_penalty: 1436.169 and violations:0.048:
2026-04-30 16:49:31,419 [INFO] failed to satisfy constraint, id: 1 and r_penalty: 972.056 and violations:0.051:
2026-04-30 16:49:41,516 [INFO] failed to satisfy constraint, id: 2 and r_penalty: 1367.780 and violations:0.051:
2026-04-30 16:49:52,312 [INFO] failed to satisfy constraint, id: 3 and r_penalty: 1507.977 and violations:0.050:
2026-04-30 16:49:52,317 [INFO] have warm up
2026-04-30 16:50:06,613 [INFO] failed to satisfy constraint, id: 0 and r_penalty: 10000.000 and violations:0.054:
2026-04-30 16:50:20,608 [INFO] failed to satisfy constraint, id: 1 and r_penalty: 10000.000 and violations:0.052:
2026-04-30 16:50:35,094 [INFO] failed to satisfy constraint, id: 2 and r_penalty: 10000.000 and violations:0.051:
2026-04-30 16:50:49,163 [INFO] failed to satisfy constraint, id: 3 and r_penalty: 10000.000 and violations:0.050:
2026-04-30 16:50:50,113 [WARNING] connect time:0, accumulated time:200, and the robot pair:[(0, 1), (0, 2), (1, 2)]
2026-04-30 16:51:00,504 [INFO] failed to satisfy constraint, id: 0 and r_penalty: 1507.977 and violations:0.053:
2026-04-30 16:51:10,163 [INFO] failed to satisfy constraint, id: 1 and r_penalty: 1436.169 and violations:0.053:
2026-04-30 16:51:20,054 [INFO] failed to satisfy constraint, id: 2 and r_penalty: 1507.977 and violations:0.053:
2026-04-30 16:51:20,058 [INFO] have warm up
2026-04-30 16:51:33,625 [INFO] failed to satisfy constraint, id: 0 and r_penalty: 10000.000 and violations:0.058:
2026-04-30 16:51:47,535 [INFO] failed to satisfy constraint, id: 1 and r_penalty: 8733.928 and violations:0.052:
2026-04-30 16:52:02,075 [INFO] failed to satisfy constraint, id: 2 and r_penalty: 10000.000 and violations:0.053:
2026-04-30 16:52:02,964 [WARNING] connect time:4, accumulated time:204, and the robot pair:[(0, 1)]
2026-04-30 16:52:13,859 [INFO] satisfy constraint, but not converge, id: 0 and r_penalty: 839.698 and violations:0.017:
2026-04-30 16:52:16,856 [INFO] iter:6, id:1, r:1.000 and violateion:0.017
2026-04-30 16:52:16,859 [INFO] have warm up
2026-04-30 16:52:21,988 [INFO] iter:5, id:0, r:1.000 and violateion:0.023
2026-04-30 16:52:26,757 [INFO] iter:7, id:1, r:1.000 and violateion:0.028
2026-04-30 16:52:28,082 [WARNING] connect time:4, accumulated time:208, and the robot pair:[(0, 1)]
2026-04-30 16:52:33,083 [INFO] iter:26, id:0, r:1.000 and violateion:0.001
2026-04-30 16:52:36,801 [INFO] iter:25, id:1, r:1.000 and violateion:0.014
2026-04-30 16:52:36,804 [INFO] have warm up
2026-04-30 16:52:41,300 [INFO] iter:0, id:0, r:1.000 and violateion:0.001
2026-04-30 16:52:45,541 [INFO] iter:0, id:1, r:1.000 and violateion:0.020
2026-04-30 16:52:46,154 [INFO] merge map
2026-04-30 16:52:46,157 [INFO] merge map
2026-04-30 16:52:46,160 [INFO] merge map
2026-04-30 16:52:46,163 [INFO] merge map
2026-04-30 16:52:46,715 [WARNING] connect time:2, accumulated time:210, and the robot pair:[]
2026-04-30 16:52:50,308 [INFO] iter:0, id:0, r:1.000 and violateion:0.001
2026-04-30 16:52:52,699 [INFO] iter:0, id:1, r:1.000 and violateion:0.014
2026-04-30 16:52:57,022 [INFO] iter:35, id:2, r:1.000 and violateion:0.004
2026-04-30 16:53:06,960 [INFO] satisfy constraint, but not converge, id: 3 and r_penalty: 1.477 and violations:0.000:
2026-04-30 16:53:06,965 [INFO] have warm up
2026-04-30 16:53:11,687 [INFO] iter:0, id:0, r:1.000 and violateion:0.024
2026-04-30 16:53:22,597 [INFO] iter:144, id:1, r:1.886 and violateion:0.003
2026-04-30 16:53:27,229 [INFO] iter:7, id:2, r:1.000 and violateion:0.025
2026-04-30 16:53:40,753 [INFO] failed to satisfy constraint, id: 3 and r_penalty: 10000.000 and violations:0.115:
2026-04-30 16:53:41,391 [INFO] merge map
2026-04-30 16:53:41,396 [INFO] merge map
2026-04-30 16:53:41,401 [INFO] merge map
2026-04-30 16:53:41,405 [INFO] merge map
2026-04-30 16:53:41,894 [WARNING] connect time:10, accumulated time:220, and the robot pair:[]
2026-04-30 16:53:50,815 [INFO] iter:62, id:0, r:1.158 and violateion:0.003
2026-04-30 16:53:57,905 [INFO] iter:111, id:1, r:1.477 and violateion:0.003
2026-04-30 16:54:02,729 [INFO] iter:53, id:2, r:1.000 and violateion:0.016
2026-04-30 16:54:09,823 [INFO] iter:110, id:3, r:1.000 and violateion:0.011
2026-04-30 16:54:09,827 [INFO] have warm up
2026-04-30 16:54:17,874 [INFO] iter:76, id:0, r:1.477 and violateion:0.007
2026-04-30 16:54:24,907 [INFO] iter:89, id:1, r:2.079 and violateion:0.006
2026-04-30 16:54:31,181 [INFO] iter:63, id:2, r:1.551 and violateion:0.000
2026-04-30 16:54:43,116 [INFO] failed to satisfy constraint, id: 3 and r_penalty: 10000.000 and violations:0.182:
2026-04-30 16:54:44,335 [WARNING] connect time:1, accumulated time:221, and the robot pair:[(0, 2)]
2026-04-30 16:54:49,500 [INFO] iter:27, id:0, r:1.980 and violateion:0.018
2026-04-30 16:54:53,249 [INFO] iter:27, id:2, r:2.183 and violateion:0.014
2026-04-30 16:54:53,259 [INFO] have warm up
2026-04-30 16:55:00,182 [INFO] iter:73, id:0, r:28.978 and violateion:0.000
2026-04-30 16:55:06,795 [INFO] iter:76, id:2, r:13.275 and violateion:0.001
2026-04-30 16:55:08,005 [WARNING] connect time:4, accumulated time:225, and the robot pair:[(0, 2)]
2026-04-30 16:55:13,799 [INFO] iter:65, id:0, r:1.000 and violateion:0.000
2026-04-30 16:55:22,039 [INFO] satisfy constraint, but not converge, id: 2 and r_penalty: 1.407 and violations:0.004:
2026-04-30 16:55:22,043 [INFO] have warm up
2026-04-30 16:55:27,744 [INFO] iter:42, id:0, r:1.796 and violateion:0.018
2026-04-30 16:55:33,719 [INFO] iter:67, id:2, r:2.407 and violateion:0.000
2026-04-30 16:55:34,981 [WARNING] connect time:4, accumulated time:229, and the robot pair:[(0, 2)]
2026-04-30 16:55:39,232 [INFO] iter:27, id:0, r:1.000 and violateion:0.014
2026-04-30 16:55:42,791 [INFO] iter:32, id:2, r:1.000 and violateion:0.016
2026-04-30 16:55:42,794 [INFO] have warm up
2026-04-30 16:55:47,225 [INFO] iter:12, id:0, r:1.000 and violateion:0.018
2026-04-30 16:55:52,213 [INFO] iter:19, id:2, r:1.000 and violateion:0.019
2026-04-30 16:55:52,757 [INFO] merge map
2026-04-30 16:55:52,760 [INFO] merge map
2026-04-30 16:55:52,761 [INFO] merge map
2026-04-30 16:55:52,763 [INFO] merge map
2026-04-30 16:55:53,222 [WARNING] connect time:1, accumulated time:230, and the robot pair:[]
2026-04-30 16:55:57,404 [INFO] iter:17, id:0, r:1.000 and violateion:0.020
2026-04-30 16:56:00,446 [INFO] iter:21, id:1, r:1.000 and violateion:0.012
2026-04-30 16:56:03,298 [INFO] iter:16, id:2, r:1.000 and violateion:0.025
2026-04-30 16:56:07,190 [INFO] iter:39, id:3, r:5.003 and violateion:0.029
2026-04-30 16:56:07,194 [INFO] have warm up
2026-04-30 16:56:14,293 [INFO] iter:93, id:0, r:1.000 and violateion:0.001
2026-04-30 16:56:18,862 [INFO] iter:29, id:1, r:1.000 and violateion:0.001
2026-04-30 16:56:24,919 [INFO] iter:54, id:2, r:1.629 and violateion:0.004
2026-04-30 16:56:35,539 [INFO] failed to satisfy constraint, id: 3 and r_penalty: 10000.000 and violations:0.228:
2026-04-30 16:56:36,710 [WARNING] connect time:1, accumulated time:231, and the robot pair:[(1, 3)]
2026-04-30 16:56:41,245 [INFO] iter:27, id:1, r:1.000 and violateion:0.007
2026-04-30 16:56:44,584 [INFO] iter:28, id:3, r:1.000 and violateion:0.012
2026-04-30 16:56:44,587 [INFO] have warm up
2026-04-30 16:56:49,093 [INFO] iter:9, id:1, r:1.000 and violateion:0.009
2026-04-30 16:56:53,098 [INFO] iter:5, id:3, r:1.000 and violateion:0.014
2026-04-30 16:56:54,390 [WARNING] connect time:2, accumulated time:233, and the robot pair:[(0, 2)]
2026-04-30 16:56:58,484 [INFO] iter:0, id:0, r:1.000 and violateion:0.005
2026-04-30 16:57:00,763 [INFO] iter:0, id:2, r:1.000 and violateion:0.005
2026-04-30 16:57:00,766 [INFO] have warm up
2026-04-30 16:57:04,444 [INFO] iter:0, id:0, r:1.000 and violateion:0.005
2026-04-30 16:57:07,716 [INFO] iter:0, id:2, r:1.000 and violateion:0.005
2026-04-30 16:57:08,867 [WARNING] connect time:2, accumulated time:235, and the robot pair:[(1, 3)]
2026-04-30 16:57:12,096 [INFO] iter:0, id:1, r:1.000 and violateion:0.005
2026-04-30 16:57:14,941 [INFO] iter:10, id:3, r:1.000 and violateion:0.005
2026-04-30 16:57:14,944 [INFO] have warm up
2026-04-30 16:57:18,651 [INFO] iter:0, id:1, r:1.000 and violateion:0.005
2026-04-30 16:57:23,441 [INFO] iter:1, id:3, r:1.000 and violateion:0.005
2026-04-30 16:57:24,697 [WARNING] connect time:2, accumulated time:237, and the robot pair:[(0, 2)]
2026-04-30 16:57:27,983 [INFO] iter:0, id:0, r:1.000 and violateion:0.001
2026-04-30 16:57:30,806 [INFO] iter:0, id:2, r:1.000 and violateion:0.001
2026-04-30 16:57:30,809 [INFO] have warm up
2026-04-30 16:57:34,332 [INFO] iter:0, id:0, r:1.000 and violateion:0.001
2026-04-30 16:57:37,444 [INFO] iter:0, id:2, r:1.000 and violateion:0.001
2026-04-30 16:57:38,559 [WARNING] connect time:2, accumulated time:239, and the robot pair:[(1, 3)]
2026-04-30 16:57:41,335 [INFO] iter:0, id:1, r:1.000 and violateion:0.001
2026-04-30 16:57:43,175 [INFO] iter:0, id:3, r:1.000 and violateion:0.000
2026-04-30 16:57:43,178 [INFO] have warm up
2026-04-30 16:57:52,020 [INFO] satisfy constraint, but not converge, id: 1 and r_penalty: 1.000 and violations:nan:
2026-04-30 16:58:00,411 [INFO] satisfy constraint, but not converge, id: 3 and r_penalty: 1.000 and violations:nan:
2026-04-30 16:58:07,213 [INFO] signal_shutdown [atexit]
