2026-05-01 10:31:31,987 [INFO] Unable to initialize backend 'rocm': module 'jaxlib.xla_extension' has no attribute 'GpuAllocatorConfig'
2026-05-01 10:31:31,988 [INFO] Unable to initialize backend 'tpu': INTERNAL: Failed to open libtpu.so: libtpu.so: cannot open shared object file: No such file or directory
2026-05-01 10:31:41,225 [INFO] generated new fontManager
2026-05-01 10:31:42,498 [INFO] my_strategy
2026-05-01 10:31:50,396 [INFO] iter:1, id:0, r:1.000 and violateion:0.000
2026-05-01 10:31:52,448 [INFO] iter:1, id:1, r:1.000 and violateion:0.000
2026-05-01 10:31:54,622 [INFO] iter:1, id:2, r:1.000 and violateion:0.000
2026-05-01 10:31:56,633 [INFO] iter:1, id:3, r:1.000 and violateion:0.000
2026-05-01 10:31:56,634 [INFO] have warm up
2026-05-01 10:32:27,652 [INFO] failed to satisfy constraint, id: 0 and r_penalty: 10000.000 and violations:0.444:
2026-05-01 10:32:58,445 [INFO] failed to satisfy constraint, id: 1 and r_penalty: 10000.000 and violations:0.444:
2026-05-01 10:33:28,698 [INFO] failed to satisfy constraint, id: 2 and r_penalty: 10000.000 and violations:0.444:
2026-05-01 10:33:58,476 [INFO] failed to satisfy constraint, id: 3 and r_penalty: 10000.000 and violations:0.444:
2026-05-01 10:33:59,786 [INFO] merge map
2026-05-01 10:33:59,788 [INFO] merge map
2026-05-01 10:33:59,790 [INFO] merge map
2026-05-01 10:33:59,792 [INFO] merge map
2026-05-01 10:34:00,089 [WARNING] connect time:10, accumulated time:10, and the robot pair:[]
2026-05-01 10:34:03,874 [INFO] iter:3, id:0, r:1.000 and violateion:0.000
2026-05-01 10:34:06,162 [INFO] iter:2, id:1, r:1.000 and violateion:0.000
2026-05-01 10:34:08,290 [INFO] iter:1, id:2, r:1.000 and violateion:0.000
2026-05-01 10:34:10,667 [INFO] iter:3, id:3, r:1.000 and violateion:0.000
2026-05-01 10:34:10,668 [INFO] have warm up
2026-05-01 10:34:16,190 [INFO] iter:0, id:0, r:1.000 and violateion:0.000
2026-05-01 10:34:19,502 [INFO] iter:0, id:1, r:1.000 and violateion:0.000
2026-05-01 10:34:22,899 [INFO] iter:0, id:2, r:1.000 and violateion:0.000
2026-05-01 10:34:26,305 [INFO] iter:0, id:3, r:1.000 and violateion:0.000
2026-05-01 10:34:27,964 [INFO] merge map
2026-05-01 10:34:27,965 [INFO] merge map
2026-05-01 10:34:27,967 [INFO] merge map
2026-05-01 10:34:27,969 [INFO] merge map
2026-05-01 10:34:28,305 [WARNING] connect time:10, accumulated time:20, and the robot pair:[]
2026-05-01 10:34:31,671 [INFO] iter:0, id:0, r:1.000 and violateion:0.000
2026-05-01 10:34:34,050 [INFO] iter:1, id:1, r:1.000 and violateion:0.000
2026-05-01 10:34:36,218 [INFO] iter:0, id:2, r:1.000 and violateion:0.000
2026-05-01 10:34:38,619 [INFO] iter:1, id:3, r:1.000 and violateion:0.000
2026-05-01 10:34:38,621 [INFO] have warm up
2026-05-01 10:34:43,553 [INFO] iter:0, id:0, r:1.000 and violateion:0.000
2026-05-01 10:34:50,268 [INFO] iter:0, id:1, r:1.000 and violateion:0.000
2026-05-01 10:34:54,412 [INFO] iter:0, id:2, r:1.000 and violateion:0.000
2026-05-01 10:34:58,465 [INFO] iter:0, id:3, r:1.000 and violateion:0.000
2026-05-01 10:34:59,631 [WARNING] connect time:7, accumulated time:27, and the robot pair:[(2, 3)]
2026-05-01 10:35:02,934 [INFO] iter:0, id:2, r:1.000 and violateion:0.028
2026-05-01 10:35:05,214 [INFO] iter:0, id:3, r:1.000 and violateion:0.028
2026-05-01 10:35:05,216 [INFO] have warm up
2026-05-01 10:35:09,893 [INFO] iter:0, id:2, r:1.000 and violateion:0.028
2026-05-01 10:35:13,570 [INFO] iter:0, id:3, r:1.000 and violateion:0.028
2026-05-01 10:35:14,010 [INFO] merge map
2026-05-01 10:35:14,012 [INFO] merge map
2026-05-01 10:35:14,014 [INFO] merge map
2026-05-01 10:35:14,016 [INFO] merge map
2026-05-01 10:35:14,350 [WARNING] connect time:3, accumulated time:30, and the robot pair:[]
2026-05-01 10:35:17,640 [INFO] iter:1, id:0, r:1.000 and violateion:0.000
2026-05-01 10:35:19,998 [INFO] iter:2, id:1, r:1.000 and violateion:0.000
2026-05-01 10:35:24,600 [INFO] iter:0, id:2, r:1.000 and violateion:0.000
2026-05-01 10:35:26,722 [INFO] iter:0, id:3, r:1.000 and violateion:0.000
2026-05-01 10:35:26,724 [INFO] have warm up
2026-05-01 10:35:30,841 [INFO] iter:0, id:0, r:1.000 and violateion:0.000
2026-05-01 10:35:34,626 [INFO] iter:0, id:1, r:1.000 and violateion:0.000
2026-05-01 10:35:38,247 [INFO] iter:0, id:2, r:1.000 and violateion:0.000
2026-05-01 10:35:41,798 [INFO] iter:0, id:3, r:1.000 and violateion:0.000
2026-05-01 10:35:43,111 [WARNING] connect time:1, accumulated time:31, and the robot pair:[(2, 3)]
2026-05-01 10:35:46,467 [INFO] iter:0, id:2, r:1.000 and violateion:0.028
2026-05-01 10:35:48,770 [INFO] iter:0, id:3, r:1.000 and violateion:0.028
2026-05-01 10:35:48,772 [INFO] have warm up
2026-05-01 10:35:53,301 [INFO] iter:0, id:2, r:1.000 and violateion:0.028
2026-05-01 10:35:59,977 [INFO] iter:0, id:3, r:1.000 and violateion:0.028
2026-05-01 10:36:01,313 [WARNING] connect time:4, accumulated time:35, and the robot pair:[(1, 2), (1, 3), (2, 3)]
2026-05-01 10:36:21,018 [INFO] failed to satisfy constraint, id: 1 and r_penalty: 1436.169 and violations:0.694:
2026-05-01 10:36:40,820 [INFO] iter:141, id:2, r:881.683 and violateion:0.000
2026-05-01 10:36:58,118 [INFO] iter:141, id:3, r:881.683 and violateion:0.000
2026-05-01 10:36:58,121 [INFO] have warm up
2026-05-01 10:37:26,906 [INFO] failed to satisfy constraint, id: 1 and r_penalty: 10000.000 and violations:0.232:
2026-05-01 10:37:54,464 [INFO] failed to satisfy constraint, id: 2 and r_penalty: 10000.000 and violations:0.444:
2026-05-01 10:38:22,654 [INFO] failed to satisfy constraint, id: 3 and r_penalty: 10000.000 and violations:0.387:
2026-05-01 10:38:24,677 [WARNING] connect time:4, accumulated time:39, and the robot pair:[(1, 2), (1, 3), (2, 3)]
2026-05-01 10:38:28,071 [INFO] iter:1, id:1, r:1.000 and violateion:0.000
2026-05-01 10:38:30,258 [INFO] iter:1, id:2, r:1.000 and violateion:0.000
2026-05-01 10:38:32,507 [INFO] iter:1, id:3, r:1.000 and violateion:0.000
2026-05-01 10:38:32,509 [INFO] have warm up
2026-05-01 10:38:49,270 [INFO] iter:116, id:1, r:194.287 and violateion:0.000
2026-05-01 10:39:08,804 [INFO] iter:118, id:2, r:214.202 and violateion:0.000
2026-05-01 10:39:30,983 [INFO] iter:145, id:3, r:799.713 and violateion:0.000
2026-05-01 10:39:32,443 [INFO] merge map
2026-05-01 10:39:32,446 [INFO] merge map
2026-05-01 10:39:32,448 [INFO] merge map
2026-05-01 10:39:32,449 [INFO] merge map
2026-05-01 10:39:32,737 [WARNING] connect time:1, accumulated time:40, and the robot pair:[]
2026-05-01 10:39:36,003 [INFO] iter:0, id:0, r:1.000 and violateion:0.000
2026-05-01 10:39:38,590 [INFO] iter:3, id:1, r:1.000 and violateion:0.000
2026-05-01 10:39:41,254 [INFO] iter:5, id:2, r:1.000 and violateion:0.000
2026-05-01 10:39:43,589 [INFO] iter:1, id:3, r:1.000 and violateion:0.000
2026-05-01 10:39:43,592 [INFO] have warm up
2026-05-01 10:39:47,834 [INFO] iter:0, id:0, r:1.000 and violateion:0.000
2026-05-01 10:39:51,513 [INFO] iter:0, id:1, r:1.000 and violateion:0.000
2026-05-01 10:39:55,340 [INFO] iter:0, id:2, r:1.000 and violateion:0.000
2026-05-01 10:39:59,503 [INFO] iter:0, id:3, r:1.000 and violateion:0.000
2026-05-01 10:40:03,917 [WARNING] connect time:3, accumulated time:43, and the robot pair:[(2, 3)]
2026-05-01 10:40:07,913 [INFO] iter:2, id:2, r:1.000 and violateion:0.000
2026-05-01 10:40:10,203 [INFO] iter:0, id:3, r:1.000 and violateion:0.000
2026-05-01 10:40:10,205 [INFO] have warm up
2026-05-01 10:40:15,886 [INFO] iter:0, id:2, r:1.000 and violateion:0.000
2026-05-01 10:40:21,498 [INFO] iter:0, id:3, r:1.000 and violateion:0.000
2026-05-01 10:40:22,884 [WARNING] connect time:4, accumulated time:47, and the robot pair:[(2, 3)]
2026-05-01 10:40:26,757 [INFO] iter:3, id:2, r:1.000 and violateion:0.000
2026-05-01 10:40:29,119 [INFO] iter:0, id:3, r:1.000 and violateion:0.000
2026-05-01 10:40:29,121 [INFO] have warm up
2026-05-01 10:40:33,539 [INFO] iter:0, id:2, r:1.000 and violateion:0.015
2026-05-01 10:40:37,602 [INFO] iter:0, id:3, r:1.000 and violateion:0.000
2026-05-01 10:40:38,294 [INFO] merge map
2026-05-01 10:40:38,297 [INFO] merge map
2026-05-01 10:40:38,300 [INFO] merge map
2026-05-01 10:40:38,303 [INFO] merge map
2026-05-01 10:40:38,666 [WARNING] connect time:3, accumulated time:50, and the robot pair:[]
2026-05-01 10:40:42,929 [INFO] iter:0, id:0, r:1.000 and violateion:0.000
2026-05-01 10:40:45,836 [INFO] iter:3, id:1, r:1.000 and violateion:0.000
2026-05-01 10:40:48,311 [INFO] iter:0, id:2, r:1.000 and violateion:0.000
2026-05-01 10:40:50,613 [INFO] iter:0, id:3, r:1.000 and violateion:0.000
2026-05-01 10:40:50,615 [INFO] have warm up
2026-05-01 10:40:59,641 [INFO] iter:0, id:0, r:1.000 and violateion:0.000
2026-05-01 10:41:03,908 [INFO] iter:0, id:1, r:1.000 and violateion:0.000
2026-05-01 10:41:08,379 [INFO] iter:0, id:2, r:1.000 and violateion:0.011
2026-05-01 10:41:12,552 [INFO] iter:0, id:3, r:1.000 and violateion:0.000
2026-05-01 10:41:13,911 [WARNING] connect time:1, accumulated time:51, and the robot pair:[(2, 3)]
2026-05-01 10:41:17,902 [INFO] iter:2, id:2, r:1.000 and violateion:0.000
2026-05-01 10:41:20,377 [INFO] iter:0, id:3, r:1.000 and violateion:0.000
2026-05-01 10:41:20,379 [INFO] have warm up
2026-05-01 10:41:26,499 [INFO] iter:0, id:2, r:1.000 and violateion:0.023
2026-05-01 10:41:35,145 [INFO] iter:0, id:3, r:1.000 and violateion:0.000
2026-05-01 10:41:36,553 [WARNING] connect time:4, accumulated time:55, and the robot pair:[(2, 3)]
2026-05-01 10:41:41,239 [INFO] iter:2, id:2, r:1.000 and violateion:0.000
2026-05-01 10:41:43,628 [INFO] iter:0, id:3, r:1.000 and violateion:0.000
2026-05-01 10:41:43,630 [INFO] have warm up
2026-05-01 10:41:50,706 [INFO] iter:0, id:2, r:1.000 and violateion:0.018
2026-05-01 10:41:54,894 [INFO] iter:0, id:3, r:1.000 and violateion:0.000
2026-05-01 10:41:56,230 [WARNING] connect time:4, accumulated time:59, and the robot pair:[(2, 3)]
2026-05-01 10:42:00,506 [INFO] iter:1, id:2, r:1.000 and violateion:0.000
2026-05-01 10:42:02,879 [INFO] iter:0, id:3, r:1.000 and violateion:0.000
2026-05-01 10:42:02,881 [INFO] have warm up
2026-05-01 10:42:09,037 [INFO] iter:0, id:2, r:1.000 and violateion:0.024
2026-05-01 10:42:24,953 [INFO] iter:0, id:3, r:1.000 and violateion:0.000
2026-05-01 10:42:42,252 [INFO] merge map
2026-05-01 10:42:42,256 [INFO] merge map
2026-05-01 10:42:42,260 [INFO] merge map
2026-05-01 10:42:42,263 [INFO] merge map
2026-05-01 10:43:00,260 [INFO] update map
2026-05-01 10:43:01,028 [WARNING] connect time:1, accumulated time:60, and the robot pair:[]
2026-05-01 10:43:35,555 [INFO] iter:0, id:0, r:1.000 and violateion:0.000
2026-05-01 10:43:38,545 [INFO] iter:0, id:1, r:1.000 and violateion:0.000
2026-05-01 10:43:41,357 [INFO] iter:0, id:2, r:1.000 and violateion:0.000
2026-05-01 10:43:44,388 [INFO] iter:0, id:3, r:1.000 and violateion:0.000
2026-05-01 10:43:44,401 [INFO] have warm up
2026-05-01 10:43:49,424 [INFO] iter:0, id:0, r:1.000 and violateion:0.000
2026-05-01 10:43:53,626 [INFO] iter:0, id:1, r:1.000 and violateion:0.000
2026-05-01 10:43:57,419 [INFO] iter:0, id:2, r:1.000 and violateion:0.027
2026-05-01 10:44:01,789 [INFO] iter:0, id:3, r:1.000 and violateion:0.000
2026-05-01 10:44:03,104 [WARNING] connect time:3, accumulated time:63, and the robot pair:[(2, 3)]
2026-05-01 10:44:10,016 [INFO] iter:2, id:2, r:1.000 and violateion:0.000
2026-05-01 10:44:13,150 [INFO] iter:0, id:3, r:1.000 and violateion:0.000
2026-05-01 10:44:13,169 [INFO] have warm up
2026-05-01 10:44:19,451 [INFO] iter:0, id:2, r:1.000 and violateion:0.029
2026-05-01 10:44:24,899 [INFO] iter:0, id:3, r:1.000 and violateion:0.000
2026-05-01 10:44:26,376 [WARNING] connect time:4, accumulated time:67, and the robot pair:[(2, 3)]
2026-05-01 10:44:30,648 [INFO] iter:2, id:2, r:1.000 and violateion:0.000
2026-05-01 10:44:33,307 [INFO] iter:0, id:3, r:1.000 and violateion:0.000
2026-05-01 10:44:33,313 [INFO] have warm up
2026-05-01 10:44:39,203 [INFO] iter:0, id:2, r:1.000 and violateion:0.023
2026-05-01 10:44:49,728 [INFO] iter:0, id:3, r:1.000 and violateion:0.000
2026-05-01 10:44:50,841 [INFO] merge map
2026-05-01 10:44:50,843 [INFO] merge map
2026-05-01 10:44:50,846 [INFO] merge map
2026-05-01 10:44:50,848 [INFO] merge map
2026-05-01 10:44:51,359 [WARNING] connect time:3, accumulated time:70, and the robot pair:[]
2026-05-01 10:44:55,129 [INFO] iter:0, id:0, r:1.000 and violateion:0.000
2026-05-01 10:44:57,566 [INFO] iter:0, id:1, r:1.000 and violateion:0.000
2026-05-01 10:44:59,844 [INFO] iter:0, id:2, r:1.000 and violateion:0.000
2026-05-01 10:45:02,215 [INFO] iter:0, id:3, r:1.000 and violateion:0.000
2026-05-01 10:45:02,220 [INFO] have warm up
2026-05-01 10:45:06,799 [INFO] iter:0, id:0, r:1.000 and violateion:0.000
2026-05-01 10:45:10,403 [INFO] iter:0, id:1, r:1.000 and violateion:0.000
2026-05-01 10:45:13,762 [INFO] iter:0, id:2, r:1.000 and violateion:0.021
2026-05-01 10:45:20,217 [INFO] iter:0, id:3, r:1.000 and violateion:0.000
2026-05-01 10:45:21,350 [WARNING] connect time:1, accumulated time:71, and the robot pair:[(2, 3)]
2026-05-01 10:45:25,121 [INFO] iter:2, id:2, r:1.000 and violateion:0.000
2026-05-01 10:45:27,409 [INFO] iter:0, id:3, r:1.000 and violateion:0.000
2026-05-01 10:45:27,413 [INFO] have warm up
2026-05-01 10:45:32,319 [INFO] iter:0, id:2, r:1.000 and violateion:0.028
2026-05-01 10:45:36,039 [INFO] iter:0, id:3, r:1.000 and violateion:0.000
2026-05-01 10:45:37,212 [WARNING] connect time:4, accumulated time:75, and the robot pair:[(2, 3)]
2026-05-01 10:45:40,736 [INFO] iter:2, id:2, r:1.000 and violateion:0.000
2026-05-01 10:45:42,899 [INFO] iter:0, id:3, r:1.000 and violateion:0.000
2026-05-01 10:45:42,901 [INFO] have warm up
2026-05-01 10:45:57,952 [INFO] iter:84, id:2, r:33.545 and violateion:0.000
2026-05-01 10:46:01,707 [INFO] iter:0, id:3, r:1.000 and violateion:0.000
2026-05-01 10:46:03,208 [WARNING] connect time:3, accumulated time:78, and the robot pair:[(0, 3)]
2026-05-01 10:46:20,044 [INFO] failed to satisfy constraint, id: 0 and r_penalty: 1436.169 and violations:0.295:
2026-05-01 10:46:38,697 [INFO] failed to satisfy constraint, id: 3 and r_penalty: 1507.977 and violations:0.509:
2026-05-01 10:46:38,701 [INFO] have warm up
2026-05-01 10:47:04,809 [INFO] failed to satisfy constraint, id: 0 and r_penalty: 10000.000 and violations:0.295:
2026-05-01 10:47:26,814 [INFO] failed to satisfy constraint, id: 3 and r_penalty: 10000.000 and violations:0.525:
2026-05-01 10:47:28,118 [WARNING] connect time:1, accumulated time:79, and the robot pair:[(2, 3)]
2026-05-01 10:47:48,054 [INFO] failed to satisfy constraint, id: 2 and r_penalty: 1436.169 and violations:0.141:
2026-05-01 10:48:03,734 [INFO] failed to satisfy constraint, id: 3 and r_penalty: 1507.977 and violations:0.123:
2026-05-01 10:48:03,737 [INFO] have warm up
2026-05-01 10:48:29,399 [INFO] failed to satisfy constraint, id: 2 and r_penalty: 10000.000 and violations:0.344:
2026-05-01 10:48:54,053 [INFO] failed to satisfy constraint, id: 3 and r_penalty: 10000.000 and violations:0.605:
2026-05-01 10:48:55,029 [INFO] merge map
2026-05-01 10:48:55,032 [INFO] merge map
2026-05-01 10:48:55,034 [INFO] merge map
2026-05-01 10:48:55,036 [INFO] merge map
2026-05-01 10:48:55,331 [WARNING] connect time:1, accumulated time:80, and the robot pair:[]
2026-05-01 10:49:12,467 [INFO] failed to satisfy constraint, id: 0 and r_penalty: 1507.977 and violations:0.281:
2026-05-01 10:49:31,146 [INFO] iter:149, id:1, r:1125.276 and violateion:0.000
2026-05-01 10:49:46,569 [INFO] failed to satisfy constraint, id: 2 and r_penalty: 1507.977 and violations:0.330:
2026-05-01 10:50:04,868 [INFO] failed to satisfy constraint, id: 3 and r_penalty: 1507.977 and violations:0.588:
2026-05-01 10:50:04,873 [INFO] have warm up
2026-05-01 10:50:27,837 [INFO] failed to satisfy constraint, id: 0 and r_penalty: 10000.000 and violations:0.281:
2026-05-01 10:50:44,961 [INFO] iter:115, id:1, r:159.841 and violateion:0.000
2026-05-01 10:51:09,523 [INFO] failed to satisfy constraint, id: 2 and r_penalty: 10000.000 and violations:0.330:
2026-05-01 10:51:32,136 [INFO] failed to satisfy constraint, id: 3 and r_penalty: 10000.000 and violations:0.588:
2026-05-01 10:51:33,941 [WARNING] connect time:2, accumulated time:82, and the robot pair:[(0, 3)]
2026-05-01 10:52:05,556 [INFO] failed to satisfy constraint, id: 0 and r_penalty: 1020.659 and violations:0.357:
2026-05-01 10:54:27,511 [INFO] failed to satisfy constraint, id: 3 and r_penalty: 1507.977 and violations:0.269:
2026-05-01 10:54:28,333 [INFO] have warm up
