2026-05-01 12:59:04,275 [INFO] Unable to initialize backend 'rocm': module 'jaxlib.xla_extension' has no attribute 'GpuAllocatorConfig'
2026-05-01 12:59:04,280 [INFO] Unable to initialize backend 'tpu': INTERNAL: Failed to open libtpu.so: libtpu.so: cannot open shared object file: No such file or directory
2026-05-01 12:59:11,107 [INFO] my_strategy
2026-05-01 12:59:18,721 [INFO] iter:1, id:0, r:1.000 and violateion:0.000
2026-05-01 12:59:20,835 [INFO] iter:1, id:1, r:1.000 and violateion:0.000
2026-05-01 12:59:22,884 [INFO] iter:1, id:2, r:1.000 and violateion:0.000
2026-05-01 12:59:24,926 [INFO] iter:1, id:3, r:1.000 and violateion:0.000
2026-05-01 12:59:24,927 [INFO] have warm up
2026-05-01 12:59:59,033 [INFO] failed to satisfy constraint, id: 0 and r_penalty: 10000.000 and violations:0.444:
2026-05-01 13:00:28,818 [INFO] failed to satisfy constraint, id: 1 and r_penalty: 10000.000 and violations:0.444:
2026-05-01 13:00:58,802 [INFO] failed to satisfy constraint, id: 2 and r_penalty: 10000.000 and violations:0.444:
2026-05-01 13:01:32,053 [INFO] failed to satisfy constraint, id: 3 and r_penalty: 10000.000 and violations:0.444:
2026-05-01 13:01:33,479 [INFO] merge map
2026-05-01 13:01:33,481 [INFO] merge map
2026-05-01 13:01:33,483 [INFO] merge map
2026-05-01 13:01:33,485 [INFO] merge map
2026-05-01 13:01:33,954 [WARNING] connect time:10, accumulated time:10, and the robot pair:[]
2026-05-01 13:01:37,723 [INFO] iter:3, id:0, r:1.000 and violateion:0.000
2026-05-01 13:01:40,004 [INFO] iter:2, id:1, r:1.000 and violateion:0.000
2026-05-01 13:01:42,347 [INFO] iter:1, id:2, r:1.000 and violateion:0.000
2026-05-01 13:01:44,929 [INFO] iter:3, id:3, r:1.000 and violateion:0.000
2026-05-01 13:01:44,930 [INFO] have warm up
2026-05-01 13:01:49,484 [INFO] iter:0, id:0, r:1.000 and violateion:0.000
2026-05-01 13:01:52,925 [INFO] iter:0, id:1, r:1.000 and violateion:0.000
2026-05-01 13:01:57,893 [INFO] iter:0, id:2, r:1.000 and violateion:0.000
2026-05-01 13:02:01,249 [INFO] iter:0, id:3, r:1.000 and violateion:0.000
2026-05-01 13:02:02,951 [INFO] merge map
2026-05-01 13:02:02,954 [INFO] merge map
2026-05-01 13:02:02,956 [INFO] merge map
2026-05-01 13:02:02,959 [INFO] merge map
2026-05-01 13:02:03,300 [WARNING] connect time:10, accumulated time:20, and the robot pair:[]
2026-05-01 13:02:06,779 [INFO] iter:0, id:0, r:1.000 and violateion:0.000
2026-05-01 13:02:09,152 [INFO] iter:1, id:1, r:1.000 and violateion:0.000
2026-05-01 13:02:11,198 [INFO] iter:0, id:2, r:1.000 and violateion:0.000
2026-05-01 13:02:13,524 [INFO] iter:1, id:3, r:1.000 and violateion:0.000
2026-05-01 13:02:13,525 [INFO] have warm up
2026-05-01 13:02:17,807 [INFO] iter:0, id:0, r:1.000 and violateion:0.000
2026-05-01 13:02:21,369 [INFO] iter:0, id:1, r:1.000 and violateion:0.000
2026-05-01 13:02:24,897 [INFO] iter:0, id:2, r:1.000 and violateion:0.000
2026-05-01 13:02:31,313 [INFO] iter:0, id:3, r:1.000 and violateion:0.000
2026-05-01 13:02:32,526 [WARNING] connect time:7, accumulated time:27, and the robot pair:[(2, 3)]
2026-05-01 13:02:36,340 [INFO] iter:0, id:2, r:1.000 and violateion:0.028
2026-05-01 13:02:38,551 [INFO] iter:0, id:3, r:1.000 and violateion:0.028
2026-05-01 13:02:38,553 [INFO] have warm up
2026-05-01 13:02:43,118 [INFO] iter:0, id:2, r:1.000 and violateion:0.028
2026-05-01 13:02:46,782 [INFO] iter:0, id:3, r:1.000 and violateion:0.028
2026-05-01 13:02:47,225 [INFO] merge map
2026-05-01 13:02:47,227 [INFO] merge map
2026-05-01 13:02:47,229 [INFO] merge map
2026-05-01 13:02:47,231 [INFO] merge map
2026-05-01 13:02:47,568 [WARNING] connect time:3, accumulated time:30, and the robot pair:[]
2026-05-01 13:02:50,957 [INFO] iter:1, id:0, r:1.000 and violateion:0.000
2026-05-01 13:02:53,268 [INFO] iter:2, id:1, r:1.000 and violateion:0.000
2026-05-01 13:02:55,629 [INFO] iter:0, id:2, r:1.000 and violateion:0.000
2026-05-01 13:02:57,792 [INFO] iter:0, id:3, r:1.000 and violateion:0.000
2026-05-01 13:02:57,794 [INFO] have warm up
2026-05-01 13:03:02,312 [INFO] iter:0, id:0, r:1.000 and violateion:0.000
2026-05-01 13:03:08,387 [INFO] iter:0, id:1, r:1.000 and violateion:0.000
2026-05-01 13:03:12,066 [INFO] iter:0, id:2, r:1.000 and violateion:0.000
2026-05-01 13:03:15,670 [INFO] iter:0, id:3, r:1.000 and violateion:0.000
2026-05-01 13:03:16,992 [WARNING] connect time:1, accumulated time:31, and the robot pair:[(2, 3)]
2026-05-01 13:03:20,209 [INFO] iter:0, id:2, r:1.000 and violateion:0.028
2026-05-01 13:03:22,375 [INFO] iter:0, id:3, r:1.000 and violateion:0.028
2026-05-01 13:03:22,376 [INFO] have warm up
2026-05-01 13:03:27,123 [INFO] iter:0, id:2, r:1.000 and violateion:0.028
2026-05-01 13:03:30,802 [INFO] iter:0, id:3, r:1.000 and violateion:0.028
2026-05-01 13:03:32,021 [WARNING] connect time:4, accumulated time:35, and the robot pair:[(1, 2), (1, 3), (2, 3)]
2026-05-01 13:03:55,548 [INFO] failed to satisfy constraint, id: 1 and r_penalty: 1436.169 and violations:0.694:
2026-05-01 13:04:13,419 [INFO] iter:141, id:2, r:881.683 and violateion:0.000
2026-05-01 13:04:34,495 [INFO] iter:141, id:3, r:881.683 and violateion:0.000
2026-05-01 13:04:34,497 [INFO] have warm up
2026-05-01 13:05:04,663 [INFO] failed to satisfy constraint, id: 1 and r_penalty: 10000.000 and violations:0.232:
2026-05-01 13:05:31,779 [INFO] failed to satisfy constraint, id: 2 and r_penalty: 10000.000 and violations:0.444:
2026-05-01 13:06:01,901 [INFO] failed to satisfy constraint, id: 3 and r_penalty: 10000.000 and violations:0.387:
2026-05-01 13:06:03,922 [WARNING] connect time:4, accumulated time:39, and the robot pair:[(1, 2), (1, 3), (2, 3)]
2026-05-01 13:06:07,749 [INFO] iter:1, id:1, r:1.000 and violateion:0.000
2026-05-01 13:06:10,011 [INFO] iter:1, id:2, r:1.000 and violateion:0.000
2026-05-01 13:06:12,331 [INFO] iter:1, id:3, r:1.000 and violateion:0.000
2026-05-01 13:06:12,333 [INFO] have warm up
2026-05-01 13:06:32,343 [INFO] iter:116, id:1, r:194.287 and violateion:0.000
2026-05-01 13:06:49,345 [INFO] iter:118, id:2, r:214.202 and violateion:0.000
2026-05-01 13:07:12,988 [INFO] iter:145, id:3, r:799.713 and violateion:0.000
2026-05-01 13:07:14,419 [INFO] merge map
2026-05-01 13:07:14,421 [INFO] merge map
2026-05-01 13:07:14,423 [INFO] merge map
2026-05-01 13:07:14,426 [INFO] merge map
2026-05-01 13:07:14,723 [WARNING] connect time:1, accumulated time:40, and the robot pair:[]
2026-05-01 13:07:18,070 [INFO] iter:0, id:0, r:1.000 and violateion:0.000
2026-05-01 13:07:20,699 [INFO] iter:3, id:1, r:1.000 and violateion:0.000
2026-05-01 13:07:23,440 [INFO] iter:5, id:2, r:1.000 and violateion:0.000
2026-05-01 13:07:25,800 [INFO] iter:1, id:3, r:1.000 and violateion:0.000
2026-05-01 13:07:25,802 [INFO] have warm up
2026-05-01 13:07:32,080 [INFO] iter:0, id:0, r:1.000 and violateion:0.000
2026-05-01 13:07:35,741 [INFO] iter:0, id:1, r:1.000 and violateion:0.000
2026-05-01 13:07:40,077 [INFO] iter:0, id:2, r:1.000 and violateion:0.000
2026-05-01 13:07:43,929 [INFO] iter:0, id:3, r:1.000 and violateion:0.000
2026-05-01 13:07:45,602 [WARNING] connect time:3, accumulated time:43, and the robot pair:[(2, 3)]
2026-05-01 13:07:49,398 [INFO] iter:2, id:2, r:1.000 and violateion:0.000
2026-05-01 13:07:51,742 [INFO] iter:0, id:3, r:1.000 and violateion:0.000
2026-05-01 13:07:51,744 [INFO] have warm up
2026-05-01 13:07:57,631 [INFO] iter:0, id:2, r:1.000 and violateion:0.000
2026-05-01 13:08:02,940 [INFO] iter:0, id:3, r:1.000 and violateion:0.000
2026-05-01 13:08:05,810 [WARNING] connect time:4, accumulated time:47, and the robot pair:[(2, 3)]
2026-05-01 13:08:09,619 [INFO] iter:3, id:2, r:1.000 and violateion:0.000
2026-05-01 13:08:11,848 [INFO] iter:0, id:3, r:1.000 and violateion:0.000
2026-05-01 13:08:11,850 [INFO] have warm up
2026-05-01 13:08:16,050 [INFO] iter:0, id:2, r:1.000 and violateion:0.015
2026-05-01 13:08:19,609 [INFO] iter:0, id:3, r:1.000 and violateion:0.000
2026-05-01 13:08:20,203 [INFO] merge map
2026-05-01 13:08:20,205 [INFO] merge map
2026-05-01 13:08:20,207 [INFO] merge map
2026-05-01 13:08:20,210 [INFO] merge map
2026-05-01 13:08:20,561 [WARNING] connect time:3, accumulated time:50, and the robot pair:[]
2026-05-01 13:08:24,528 [INFO] iter:0, id:0, r:1.000 and violateion:0.000
2026-05-01 13:08:27,028 [INFO] iter:3, id:1, r:1.000 and violateion:0.000
2026-05-01 13:08:29,116 [INFO] iter:0, id:2, r:1.000 and violateion:0.000
2026-05-01 13:08:31,298 [INFO] iter:0, id:3, r:1.000 and violateion:0.000
2026-05-01 13:08:31,300 [INFO] have warm up
2026-05-01 13:08:35,843 [INFO] iter:0, id:0, r:1.000 and violateion:0.000
2026-05-01 13:08:42,359 [INFO] iter:0, id:1, r:1.000 and violateion:0.000
2026-05-01 13:08:46,276 [INFO] iter:0, id:2, r:1.000 and violateion:0.011
2026-05-01 13:08:50,163 [INFO] iter:0, id:3, r:1.000 and violateion:0.000
2026-05-01 13:08:51,497 [WARNING] connect time:1, accumulated time:51, and the robot pair:[(2, 3)]
2026-05-01 13:08:55,038 [INFO] iter:2, id:2, r:1.000 and violateion:0.000
2026-05-01 13:08:57,171 [INFO] iter:0, id:3, r:1.000 and violateion:0.000
2026-05-01 13:08:57,173 [INFO] have warm up
2026-05-01 13:09:01,655 [INFO] iter:0, id:2, r:1.000 and violateion:0.023
2026-05-01 13:09:05,602 [INFO] iter:0, id:3, r:1.000 and violateion:0.000
2026-05-01 13:09:06,716 [WARNING] connect time:4, accumulated time:55, and the robot pair:[(2, 3)]
2026-05-01 13:09:10,212 [INFO] iter:2, id:2, r:1.000 and violateion:0.000
2026-05-01 13:09:14,923 [INFO] iter:0, id:3, r:1.000 and violateion:0.000
2026-05-01 13:09:14,925 [INFO] have warm up
2026-05-01 13:09:20,339 [INFO] iter:0, id:2, r:1.000 and violateion:0.018
2026-05-01 13:09:24,048 [INFO] iter:0, id:3, r:1.000 and violateion:0.000
2026-05-01 13:09:25,359 [WARNING] connect time:4, accumulated time:59, and the robot pair:[(2, 3)]
2026-05-01 13:09:28,678 [INFO] iter:1, id:2, r:1.000 and violateion:0.000
2026-05-01 13:09:30,786 [INFO] iter:0, id:3, r:1.000 and violateion:0.000
2026-05-01 13:09:30,788 [INFO] have warm up
2026-05-01 13:09:34,981 [INFO] iter:0, id:2, r:1.000 and violateion:0.024
2026-05-01 13:09:38,651 [INFO] iter:0, id:3, r:1.000 and violateion:0.000
2026-05-01 13:09:39,440 [INFO] merge map
2026-05-01 13:09:39,442 [INFO] merge map
2026-05-01 13:09:39,444 [INFO] merge map
2026-05-01 13:09:39,447 [INFO] merge map
2026-05-01 13:09:40,395 [INFO] update map
2026-05-01 13:09:40,746 [WARNING] connect time:1, accumulated time:60, and the robot pair:[]
2026-05-01 13:09:43,931 [INFO] iter:0, id:0, r:1.000 and violateion:0.000
2026-05-01 13:09:46,048 [INFO] iter:0, id:1, r:1.000 and violateion:0.000
2026-05-01 13:09:50,642 [INFO] iter:0, id:2, r:1.000 and violateion:0.000
2026-05-01 13:09:53,015 [INFO] iter:0, id:3, r:1.000 and violateion:0.000
2026-05-01 13:09:53,018 [INFO] have warm up
2026-05-01 13:09:57,277 [INFO] iter:0, id:0, r:1.000 and violateion:0.000
2026-05-01 13:10:00,877 [INFO] iter:0, id:1, r:1.000 and violateion:0.000
2026-05-01 13:10:05,710 [INFO] iter:0, id:2, r:1.000 and violateion:0.027
2026-05-01 13:10:09,482 [INFO] iter:0, id:3, r:1.000 and violateion:0.000
2026-05-01 13:10:10,631 [WARNING] connect time:3, accumulated time:63, and the robot pair:[(2, 3)]
2026-05-01 13:10:14,225 [INFO] iter:2, id:2, r:1.000 and violateion:0.000
2026-05-01 13:10:16,616 [INFO] iter:0, id:3, r:1.000 and violateion:0.000
2026-05-01 13:10:16,618 [INFO] have warm up
2026-05-01 13:10:22,076 [INFO] iter:0, id:2, r:1.000 and violateion:0.029
2026-05-01 13:10:26,275 [INFO] iter:0, id:3, r:1.000 and violateion:0.000
2026-05-01 13:10:27,636 [WARNING] connect time:4, accumulated time:67, and the robot pair:[(2, 3)]
2026-05-01 13:10:31,218 [INFO] iter:2, id:2, r:1.000 and violateion:0.000
2026-05-01 13:10:33,456 [INFO] iter:0, id:3, r:1.000 and violateion:0.000
2026-05-01 13:10:33,457 [INFO] have warm up
2026-05-01 13:10:41,085 [INFO] iter:0, id:2, r:1.000 and violateion:0.023
2026-05-01 13:10:45,235 [INFO] iter:0, id:3, r:1.000 and violateion:0.000
2026-05-01 13:10:46,045 [INFO] merge map
2026-05-01 13:10:46,047 [INFO] merge map
2026-05-01 13:10:46,050 [INFO] merge map
2026-05-01 13:10:46,052 [INFO] merge map
2026-05-01 13:10:46,413 [WARNING] connect time:3, accumulated time:70, and the robot pair:[]
2026-05-01 13:10:49,875 [INFO] iter:0, id:0, r:1.000 and violateion:0.000
2026-05-01 13:10:52,112 [INFO] iter:0, id:1, r:1.000 and violateion:0.000
2026-05-01 13:10:54,337 [INFO] iter:0, id:2, r:1.000 and violateion:0.000
2026-05-01 13:10:56,654 [INFO] iter:0, id:3, r:1.000 and violateion:0.000
2026-05-01 13:10:56,656 [INFO] have warm up
2026-05-01 13:11:01,120 [INFO] iter:0, id:0, r:1.000 and violateion:0.000
2026-05-01 13:11:06,887 [INFO] iter:0, id:1, r:1.000 and violateion:0.000
2026-05-01 13:11:10,574 [INFO] iter:0, id:2, r:1.000 and violateion:0.021
2026-05-01 13:11:14,702 [INFO] iter:0, id:3, r:1.000 and violateion:0.000
2026-05-01 13:11:15,892 [WARNING] connect time:1, accumulated time:71, and the robot pair:[(2, 3)]
2026-05-01 13:11:19,763 [INFO] iter:2, id:2, r:1.000 and violateion:0.000
2026-05-01 13:11:22,119 [INFO] iter:0, id:3, r:1.000 and violateion:0.000
2026-05-01 13:11:22,121 [INFO] have warm up
2026-05-01 13:11:27,269 [INFO] iter:0, id:2, r:1.000 and violateion:0.028
2026-05-01 13:11:31,457 [INFO] iter:0, id:3, r:1.000 and violateion:0.000
2026-05-01 13:11:32,659 [WARNING] connect time:4, accumulated time:75, and the robot pair:[(2, 3)]
2026-05-01 13:11:40,470 [INFO] iter:2, id:2, r:1.000 and violateion:0.000
2026-05-01 13:11:43,122 [INFO] iter:0, id:3, r:1.000 and violateion:0.000
2026-05-01 13:11:43,124 [INFO] have warm up
2026-05-01 13:11:56,952 [INFO] iter:84, id:2, r:33.545 and violateion:0.000
2026-05-01 13:12:01,359 [INFO] iter:0, id:3, r:1.000 and violateion:0.000
2026-05-01 13:12:02,916 [WARNING] connect time:3, accumulated time:78, and the robot pair:[(0, 3)]
2026-05-01 13:12:23,283 [INFO] failed to satisfy constraint, id: 0 and r_penalty: 1436.169 and violations:0.295:
2026-05-01 13:12:40,197 [INFO] failed to satisfy constraint, id: 3 and r_penalty: 1507.977 and violations:0.509:
2026-05-01 13:12:40,202 [INFO] have warm up
2026-05-01 13:13:08,044 [INFO] failed to satisfy constraint, id: 0 and r_penalty: 10000.000 and violations:0.295:
2026-05-01 13:13:34,301 [INFO] failed to satisfy constraint, id: 3 and r_penalty: 10000.000 and violations:0.525:
2026-05-01 13:13:35,597 [WARNING] connect time:1, accumulated time:79, and the robot pair:[(2, 3)]
2026-05-01 13:13:53,665 [INFO] failed to satisfy constraint, id: 2 and r_penalty: 1436.169 and violations:0.141:
2026-05-01 13:14:13,978 [INFO] failed to satisfy constraint, id: 3 and r_penalty: 1507.977 and violations:0.123:
2026-05-01 13:14:13,981 [INFO] have warm up
2026-05-01 13:14:40,606 [INFO] failed to satisfy constraint, id: 2 and r_penalty: 10000.000 and violations:0.344:
2026-05-01 13:15:04,110 [INFO] failed to satisfy constraint, id: 3 and r_penalty: 10000.000 and violations:0.605:
2026-05-01 13:15:05,021 [INFO] merge map
2026-05-01 13:15:05,023 [INFO] merge map
2026-05-01 13:15:05,025 [INFO] merge map
2026-05-01 13:15:05,027 [INFO] merge map
2026-05-01 13:15:05,317 [WARNING] connect time:1, accumulated time:80, and the robot pair:[]
2026-05-01 13:15:26,404 [INFO] failed to satisfy constraint, id: 0 and r_penalty: 1507.977 and violations:0.281:
2026-05-01 13:15:45,558 [INFO] iter:149, id:1, r:1125.276 and violateion:0.000
2026-05-01 13:16:02,423 [INFO] failed to satisfy constraint, id: 2 and r_penalty: 1507.977 and violations:0.330:
2026-05-01 13:16:22,166 [INFO] failed to satisfy constraint, id: 3 and r_penalty: 1507.977 and violations:0.588:
2026-05-01 13:16:22,172 [INFO] have warm up
2026-05-01 13:16:46,487 [INFO] failed to satisfy constraint, id: 0 and r_penalty: 10000.000 and violations:0.281:
2026-05-01 13:17:04,495 [INFO] iter:115, id:1, r:159.841 and violateion:0.000
2026-05-01 13:17:30,093 [INFO] failed to satisfy constraint, id: 2 and r_penalty: 10000.000 and violations:0.330:
2026-05-01 13:17:53,793 [INFO] failed to satisfy constraint, id: 3 and r_penalty: 10000.000 and violations:0.588:
2026-05-01 13:17:55,504 [WARNING] connect time:2, accumulated time:82, and the robot pair:[(0, 3)]
2026-05-01 13:18:17,355 [INFO] failed to satisfy constraint, id: 0 and r_penalty: 1020.659 and violations:0.357:
2026-05-01 13:18:34,002 [INFO] failed to satisfy constraint, id: 3 and r_penalty: 1507.977 and violations:0.269:
2026-05-01 13:18:34,005 [INFO] have warm up
2026-05-01 13:19:00,871 [INFO] failed to satisfy constraint, id: 0 and r_penalty: 10000.000 and violations:0.298:
2026-05-01 13:19:26,961 [INFO] failed to satisfy constraint, id: 3 and r_penalty: 10000.000 and violations:0.085:
2026-05-01 13:19:28,527 [WARNING] connect time:4, accumulated time:86, and the robot pair:[(0, 3)]
2026-05-01 13:19:48,724 [INFO] failed to satisfy constraint, id: 0 and r_penalty: 1240.617 and violations:0.082:
2026-05-01 13:20:05,316 [INFO] failed to satisfy constraint, id: 3 and r_penalty: 1181.540 and violations:0.107:
2026-05-01 13:20:05,319 [INFO] have warm up
2026-05-01 13:20:31,853 [INFO] failed to satisfy constraint, id: 0 and r_penalty: 10000.000 and violations:0.081:
2026-05-01 13:20:54,602 [INFO] failed to satisfy constraint, id: 3 and r_penalty: 10000.000 and violations:0.082:
2026-05-01 13:20:55,588 [INFO] merge map
2026-05-01 13:20:55,590 [INFO] merge map
2026-05-01 13:20:55,592 [INFO] merge map
2026-05-01 13:20:55,595 [INFO] merge map
2026-05-01 13:20:58,589 [WARNING] connect time:4, accumulated time:90, and the robot pair:[]
2026-05-01 13:21:16,060 [INFO] failed to satisfy constraint, id: 0 and r_penalty: 1507.977 and violations:0.051:
2026-05-01 13:21:18,295 [INFO] iter:0, id:1, r:1.000 and violateion:0.000
2026-05-01 13:21:37,271 [INFO] failed to satisfy constraint, id: 2 and r_penalty: 1507.977 and violations:0.223:
2026-05-01 13:21:53,407 [INFO] failed to satisfy constraint, id: 3 and r_penalty: 1507.977 and violations:0.052:
2026-05-01 13:21:53,410 [INFO] have warm up
2026-05-01 13:22:19,570 [INFO] failed to satisfy constraint, id: 0 and r_penalty: 10000.000 and violations:0.051:
2026-05-01 13:22:23,422 [INFO] iter:0, id:1, r:1.000 and violateion:0.000
2026-05-01 13:22:47,066 [INFO] failed to satisfy constraint, id: 2 and r_penalty: 10000.000 and violations:0.223:
2026-05-01 13:23:12,583 [INFO] failed to satisfy constraint, id: 3 and r_penalty: 10000.000 and violations:0.052:
2026-05-01 13:23:13,300 [WARNING] connect time:0, accumulated time:90, and the robot pair:[(0, 3)]
2026-05-01 13:23:29,033 [INFO] failed to satisfy constraint, id: 0 and r_penalty: 799.713 and violations:0.056:
2026-05-01 13:23:48,040 [INFO] failed to satisfy constraint, id: 3 and r_penalty: 1507.977 and violations:0.056:
2026-05-01 13:23:48,043 [INFO] have warm up
2026-05-01 13:24:13,338 [INFO] failed to satisfy constraint, id: 0 and r_penalty: 10000.000 and violations:0.321:
2026-05-01 13:24:35,876 [INFO] failed to satisfy constraint, id: 3 and r_penalty: 10000.000 and violations:0.056:
2026-05-01 13:24:36,843 [WARNING] connect time:4, accumulated time:94, and the robot pair:[(0, 3)]
2026-05-01 13:24:56,541 [INFO] failed to satisfy constraint, id: 0 and r_penalty: 1302.648 and violations:0.076:
2026-05-01 13:24:58,820 [INFO] iter:0, id:3, r:1.000 and violateion:0.011
2026-05-01 13:24:58,823 [INFO] have warm up
2026-05-01 13:25:11,401 [INFO] iter:87, id:0, r:57.374 and violateion:0.011
2026-05-01 13:25:15,235 [INFO] iter:0, id:3, r:1.000 and violateion:0.011
2026-05-01 13:25:16,271 [WARNING] connect time:4, accumulated time:98, and the robot pair:[(0, 3)]
2026-05-01 13:25:22,602 [INFO] iter:2, id:0, r:1.000 and violateion:0.000
2026-05-01 13:25:25,160 [INFO] iter:3, id:3, r:1.000 and violateion:0.000
2026-05-01 13:25:25,162 [INFO] have warm up
2026-05-01 13:25:29,616 [INFO] iter:0, id:0, r:1.000 and violateion:0.000
2026-05-01 13:25:33,521 [INFO] iter:0, id:3, r:1.000 and violateion:0.000
2026-05-01 13:25:35,544 [INFO] merge map
2026-05-01 13:25:35,546 [INFO] merge map
2026-05-01 13:25:35,548 [INFO] merge map
2026-05-01 13:25:35,551 [INFO] merge map
2026-05-01 13:25:35,904 [WARNING] connect time:2, accumulated time:100, and the robot pair:[]
2026-05-01 13:25:39,060 [INFO] iter:0, id:0, r:1.000 and violateion:0.000
2026-05-01 13:25:41,250 [INFO] iter:0, id:1, r:1.000 and violateion:0.000
2026-05-01 13:25:59,625 [INFO] failed to satisfy constraint, id: 2 and r_penalty: 1507.977 and violations:0.106:
2026-05-01 13:26:01,907 [INFO] iter:0, id:3, r:1.000 and violateion:0.000
2026-05-01 13:26:01,909 [INFO] have warm up
2026-05-01 13:26:06,240 [INFO] iter:0, id:0, r:1.000 and violateion:0.000
2026-05-01 13:26:09,946 [INFO] iter:0, id:1, r:1.000 and violateion:0.000
2026-05-01 13:26:32,719 [INFO] failed to satisfy constraint, id: 2 and r_penalty: 10000.000 and violations:0.134:
2026-05-01 13:26:36,584 [INFO] iter:0, id:3, r:1.000 and violateion:0.000
2026-05-01 13:26:37,841 [WARNING] connect time:8, accumulated time:108, and the robot pair:[(0, 2)]
2026-05-01 13:26:52,214 [INFO] iter:95, id:0, r:98.128 and violateion:0.011
2026-05-01 13:27:07,183 [INFO] failed to satisfy constraint, id: 2 and r_penalty: 1125.276 and violations:0.101:
2026-05-01 13:27:07,186 [INFO] have warm up
2026-05-01 13:27:11,631 [INFO] iter:0, id:0, r:1.000 and violateion:0.023
2026-05-01 13:27:15,602 [INFO] iter:1, id:2, r:1.000 and violateion:0.014
2026-05-01 13:27:16,390 [INFO] merge map
2026-05-01 13:27:16,393 [INFO] merge map
2026-05-01 13:27:16,395 [INFO] merge map
2026-05-01 13:27:16,397 [INFO] merge map
2026-05-01 13:27:16,737 [WARNING] connect time:2, accumulated time:110, and the robot pair:[]
2026-05-01 13:27:19,864 [INFO] iter:0, id:0, r:1.000 and violateion:0.005
2026-05-01 13:27:24,872 [INFO] iter:0, id:1, r:1.000 and violateion:0.000
2026-05-01 13:27:27,216 [INFO] iter:1, id:2, r:1.000 and violateion:0.002
2026-05-01 13:27:29,536 [INFO] iter:0, id:3, r:1.000 and violateion:0.000
2026-05-01 13:27:29,539 [INFO] have warm up
2026-05-01 13:27:34,242 [INFO] iter:0, id:0, r:1.000 and violateion:0.006
2026-05-01 13:27:38,302 [INFO] iter:0, id:1, r:1.000 and violateion:0.000
2026-05-01 13:27:42,307 [INFO] iter:0, id:2, r:1.000 and violateion:0.002
2026-05-01 13:27:46,431 [INFO] iter:0, id:3, r:1.000 and violateion:0.030
2026-05-01 13:27:47,450 [WARNING] connect time:2, accumulated time:112, and the robot pair:[(0, 2)]
2026-05-01 13:28:03,124 [INFO] iter:117, id:0, r:273.382 and violateion:0.026
2026-05-01 13:28:17,805 [INFO] failed to satisfy constraint, id: 2 and r_penalty: 1507.977 and violations:0.080:
2026-05-01 13:28:17,808 [INFO] have warm up
2026-05-01 13:28:22,178 [INFO] iter:0, id:0, r:1.000 and violateion:0.026
2026-05-01 13:28:45,650 [INFO] failed to satisfy constraint, id: 2 and r_penalty: 10000.000 and violations:0.080:
2026-05-01 13:28:46,828 [INFO] merge map
2026-05-01 13:28:46,830 [INFO] merge map
2026-05-01 13:28:46,832 [INFO] merge map
2026-05-01 13:28:46,834 [INFO] merge map
2026-05-01 13:28:47,021 [INFO] update map
2026-05-01 13:28:47,376 [WARNING] connect time:8, accumulated time:120, and the robot pair:[]
2026-05-01 13:28:50,480 [INFO] iter:0, id:0, r:1.000 and violateion:0.014
2026-05-01 13:28:52,661 [INFO] iter:0, id:1, r:1.000 and violateion:0.000
2026-05-01 13:29:09,684 [INFO] failed to satisfy constraint, id: 2 and r_penalty: 1507.977 and violations:0.049:
2026-05-01 13:29:11,992 [INFO] iter:0, id:3, r:1.000 and violateion:0.000
2026-05-01 13:29:11,994 [INFO] have warm up
2026-05-01 13:29:18,765 [INFO] iter:28, id:0, r:3.733 and violateion:0.019
2026-05-01 13:29:22,696 [INFO] iter:0, id:1, r:1.000 and violateion:0.000
2026-05-01 13:29:45,600 [INFO] failed to satisfy constraint, id: 2 and r_penalty: 10000.000 and violations:0.049:
2026-05-01 13:29:58,669 [INFO] iter:110, id:3, r:194.287 and violateion:0.000
2026-05-01 13:30:00,864 [INFO] merge map
2026-05-01 13:30:00,866 [INFO] merge map
2026-05-01 13:30:00,868 [INFO] merge map
2026-05-01 13:30:00,871 [INFO] merge map
2026-05-01 13:30:01,242 [WARNING] connect time:10, accumulated time:130, and the robot pair:[]
2026-05-01 13:30:06,124 [INFO] iter:0, id:0, r:1.000 and violateion:0.000
2026-05-01 13:30:08,385 [INFO] iter:0, id:1, r:1.000 and violateion:0.000
2026-05-01 13:30:21,951 [INFO] failed to satisfy constraint, id: 2 and r_penalty: 1507.977 and violations:0.035:
2026-05-01 13:30:24,323 [INFO] iter:0, id:3, r:1.000 and violateion:0.000
2026-05-01 13:30:24,325 [INFO] have warm up
2026-05-01 13:30:28,876 [INFO] iter:0, id:0, r:1.000 and violateion:0.010
2026-05-01 13:30:32,709 [INFO] iter:0, id:1, r:1.000 and violateion:0.000
2026-05-01 13:30:54,568 [INFO] failed to satisfy constraint, id: 2 and r_penalty: 10000.000 and violations:0.035:
2026-05-01 13:30:58,911 [INFO] iter:0, id:3, r:1.000 and violateion:0.000
2026-05-01 13:30:59,402 [INFO] merge map
2026-05-01 13:30:59,404 [INFO] merge map
2026-05-01 13:30:59,406 [INFO] merge map
2026-05-01 13:30:59,409 [INFO] merge map
2026-05-01 13:30:59,759 [WARNING] connect time:10, accumulated time:140, and the robot pair:[]
2026-05-01 13:31:02,852 [INFO] iter:0, id:0, r:1.000 and violateion:0.000
2026-05-01 13:31:05,149 [INFO] iter:0, id:1, r:1.000 and violateion:0.000
2026-05-01 13:31:07,399 [INFO] iter:0, id:2, r:1.000 and violateion:0.025
2026-05-01 13:31:13,321 [INFO] iter:0, id:3, r:1.000 and violateion:0.000
2026-05-01 13:31:13,323 [INFO] have warm up
2026-05-01 13:31:20,655 [INFO] iter:30, id:0, r:3.556 and violateion:0.009
2026-05-01 13:31:24,555 [INFO] iter:0, id:1, r:1.000 and violateion:0.000
2026-05-01 13:31:36,334 [INFO] iter:110, id:2, r:89.005 and violateion:0.020
2026-05-01 13:31:40,510 [INFO] iter:0, id:3, r:1.000 and violateion:0.000
2026-05-01 13:31:41,553 [INFO] merge map
2026-05-01 13:31:41,555 [INFO] merge map
2026-05-01 13:31:41,558 [INFO] merge map
2026-05-01 13:31:41,560 [INFO] merge map
2026-05-01 13:31:41,926 [WARNING] connect time:10, accumulated time:150, and the robot pair:[]
2026-05-01 13:31:48,785 [INFO] iter:0, id:0, r:1.000 and violateion:0.000
2026-05-01 13:31:51,512 [INFO] iter:0, id:1, r:1.000 and violateion:0.000
2026-05-01 13:31:54,373 [INFO] iter:2, id:2, r:1.000 and violateion:0.011
2026-05-01 13:31:56,800 [INFO] iter:0, id:3, r:1.000 and violateion:0.000
2026-05-01 13:31:56,802 [INFO] have warm up
2026-05-01 13:32:03,176 [INFO] iter:25, id:0, r:2.925 and violateion:0.000
2026-05-01 13:32:07,215 [INFO] iter:0, id:1, r:1.000 and violateion:0.000
2026-05-01 13:32:11,149 [INFO] iter:0, id:2, r:1.000 and violateion:0.011
2026-05-01 13:32:15,768 [INFO] iter:0, id:3, r:1.000 and violateion:0.019
2026-05-01 13:32:16,818 [WARNING] connect time:2, accumulated time:152, and the robot pair:[(0, 2)]
2026-05-01 13:32:33,483 [INFO] failed to satisfy constraint, id: 0 and r_penalty: 1507.977 and violations:0.072:
2026-05-01 13:32:46,929 [INFO] satisfy constraint, but not converge, id: 2 and r_penalty: 1071.691 and violations:0.000:
2026-05-01 13:32:46,933 [INFO] have warm up
2026-05-01 13:33:03,083 [INFO] iter:172, id:0, r:3629.128 and violateion:0.000
2026-05-01 13:33:20,507 [INFO] iter:141, id:2, r:445.310 and violateion:0.012
2026-05-01 13:33:21,973 [WARNING] connect time:4, accumulated time:156, and the robot pair:[(0, 2)]
2026-05-01 13:33:35,866 [INFO] satisfy constraint, but not converge, id: 0 and r_penalty: 1436.169 and violations:0.000:
2026-05-01 13:33:38,812 [INFO] iter:9, id:2, r:1.407 and violateion:0.017
2026-05-01 13:33:38,814 [INFO] have warm up
2026-05-01 13:33:43,261 [INFO] iter:1, id:0, r:1.000 and violateion:0.000
2026-05-01 13:33:50,800 [INFO] iter:34, id:2, r:3.556 and violateion:0.000
2026-05-01 13:33:51,997 [INFO] merge map
2026-05-01 13:33:51,999 [INFO] merge map
2026-05-01 13:33:52,001 [INFO] merge map
2026-05-01 13:33:52,003 [INFO] merge map
2026-05-01 13:33:52,369 [WARNING] connect time:4, accumulated time:160, and the robot pair:[]
2026-05-01 13:33:55,499 [INFO] iter:0, id:0, r:1.000 and violateion:0.000
2026-05-01 13:33:57,684 [INFO] iter:0, id:1, r:1.000 and violateion:0.000
2026-05-01 13:33:59,845 [INFO] iter:0, id:2, r:1.000 and violateion:0.000
2026-05-01 13:34:02,147 [INFO] iter:0, id:3, r:1.000 and violateion:0.000
2026-05-01 13:34:02,149 [INFO] have warm up
2026-05-01 13:34:06,496 [INFO] iter:0, id:0, r:1.000 and violateion:0.000
2026-05-01 13:34:10,245 [INFO] iter:0, id:1, r:1.000 and violateion:0.000
2026-05-01 13:34:14,114 [INFO] iter:0, id:2, r:1.000 and violateion:0.000
2026-05-01 13:34:18,138 [INFO] iter:0, id:3, r:1.000 and violateion:0.019
2026-05-01 13:34:18,899 [WARNING] connect time:0, accumulated time:160, and the robot pair:[(0, 2)]
2026-05-01 13:34:26,101 [INFO] iter:0, id:0, r:1.000 and violateion:0.000
2026-05-01 13:34:38,645 [INFO] failed to satisfy constraint, id: 2 and r_penalty: 17.790 and violations:0.051:
2026-05-01 13:34:38,649 [INFO] have warm up
2026-05-01 13:34:42,017 [INFO] iter:0, id:0, r:1.000 and violateion:0.000
2026-05-01 13:35:00,278 [INFO] satisfy constraint, but not converge, id: 2 and r_penalty: 20.594 and violations:0.005:
2026-05-01 13:35:00,961 [WARNING] connect time:4, accumulated time:164, and the robot pair:[(0, 2)]
2026-05-01 13:35:04,143 [INFO] iter:0, id:0, r:1.000 and violateion:0.000
2026-05-01 13:35:13,447 [INFO] iter:116, id:2, r:236.157 and violateion:0.001
2026-05-01 13:35:13,450 [INFO] have warm up
2026-05-01 13:35:17,836 [INFO] iter:0, id:0, r:1.000 and violateion:0.000
2026-05-01 13:35:21,816 [INFO] iter:1, id:2, r:1.000 and violateion:0.001
2026-05-01 13:35:23,065 [WARNING] connect time:4, accumulated time:168, and the robot pair:[(0, 2)]
2026-05-01 13:35:26,185 [INFO] iter:0, id:0, r:1.000 and violateion:0.000
2026-05-01 13:35:28,673 [INFO] iter:2, id:2, r:1.000 and violateion:0.011
2026-05-01 13:35:28,676 [INFO] have warm up
2026-05-01 13:35:36,748 [INFO] iter:0, id:0, r:1.000 and violateion:0.000
2026-05-01 13:35:40,586 [INFO] iter:0, id:2, r:1.000 and violateion:0.023
2026-05-01 13:35:41,126 [INFO] merge map
2026-05-01 13:35:41,128 [INFO] merge map
2026-05-01 13:35:41,130 [INFO] merge map
2026-05-01 13:35:41,133 [INFO] merge map
2026-05-01 13:35:41,513 [WARNING] connect time:2, accumulated time:170, and the robot pair:[]
2026-05-01 13:35:44,649 [INFO] iter:0, id:0, r:1.000 and violateion:0.000
2026-05-01 13:35:46,850 [INFO] iter:0, id:1, r:1.000 and violateion:0.000
2026-05-01 13:35:49,091 [INFO] iter:0, id:2, r:1.000 and violateion:0.010
2026-05-01 13:35:51,393 [INFO] iter:0, id:3, r:1.000 and violateion:0.000
2026-05-01 13:35:51,395 [INFO] have warm up
2026-05-01 13:35:55,611 [INFO] iter:0, id:0, r:1.000 and violateion:0.000
2026-05-01 13:35:59,473 [INFO] iter:0, id:1, r:1.000 and violateion:0.000
2026-05-01 13:36:03,227 [INFO] iter:0, id:2, r:1.000 and violateion:0.012
2026-05-01 13:36:11,861 [INFO] iter:20, id:3, r:2.183 and violateion:0.024
2026-05-01 13:36:12,971 [WARNING] connect time:2, accumulated time:172, and the robot pair:[(0, 2)]
2026-05-01 13:36:16,234 [INFO] iter:0, id:0, r:1.000 and violateion:0.000
2026-05-01 13:36:18,687 [INFO] iter:1, id:2, r:1.000 and violateion:0.009
2026-05-01 13:36:18,690 [INFO] have warm up
2026-05-01 13:36:22,856 [INFO] iter:0, id:0, r:1.000 and violateion:0.000
2026-05-01 13:36:26,516 [INFO] iter:0, id:2, r:1.000 and violateion:0.009
2026-05-01 13:36:27,812 [WARNING] connect time:1, accumulated time:173, and the robot pair:[(0, 2), (0, 3), (2, 3)]
2026-05-01 13:36:41,285 [INFO] failed to satisfy constraint, id: 0 and r_penalty: 1507.977 and violations:0.164:
2026-05-01 13:36:52,237 [INFO] failed to satisfy constraint, id: 2 and r_penalty: 1507.977 and violations:0.164:
2026-05-01 13:37:03,849 [INFO] failed to satisfy constraint, id: 3 and r_penalty: 1507.977 and violations:0.164:
2026-05-01 13:37:03,853 [INFO] have warm up
2026-05-01 13:37:21,958 [INFO] iter:183, id:0, r:5361.874 and violateion:0.015
2026-05-01 13:37:37,377 [INFO] failed to satisfy constraint, id: 2 and r_penalty: 10000.000 and violations:0.162:
2026-05-01 13:37:56,462 [INFO] failed to satisfy constraint, id: 3 and r_penalty: 10000.000 and violations:0.207:
2026-05-01 13:37:57,770 [WARNING] connect time:3, accumulated time:176, and the robot pair:[(1, 2)]
2026-05-01 13:38:09,672 [INFO] failed to satisfy constraint, id: 1 and r_penalty: 1436.169 and violations:0.336:
2026-05-01 13:38:23,455 [INFO] failed to satisfy constraint, id: 2 and r_penalty: 1507.977 and violations:0.492:
2026-05-01 13:38:23,458 [INFO] have warm up
2026-05-01 13:38:39,487 [INFO] failed to satisfy constraint, id: 1 and r_penalty: 10000.000 and violations:0.197:
2026-05-01 13:38:57,906 [INFO] failed to satisfy constraint, id: 2 and r_penalty: 10000.000 and violations:0.109:
2026-05-01 13:38:58,986 [WARNING] connect time:1, accumulated time:177, and the robot pair:[(0, 2), (0, 3), (2, 3)]
2026-05-01 13:39:10,677 [INFO] failed to satisfy constraint, id: 0 and r_penalty: 1436.169 and violations:0.265:
2026-05-01 13:39:21,513 [INFO] failed to satisfy constraint, id: 2 and r_penalty: 1436.169 and violations:0.188:
2026-05-01 13:39:35,606 [INFO] failed to satisfy constraint, id: 3 and r_penalty: 1240.617 and violations:0.099:
2026-05-01 13:39:35,610 [INFO] have warm up
2026-05-01 13:39:51,144 [INFO] failed to satisfy constraint, id: 0 and r_penalty: 10000.000 and violations:0.255:
2026-05-01 13:40:09,470 [INFO] failed to satisfy constraint, id: 2 and r_penalty: 10000.000 and violations:0.187:
2026-05-01 13:40:26,662 [INFO] failed to satisfy constraint, id: 3 and r_penalty: 10000.000 and violations:0.099:
2026-05-01 13:40:27,382 [INFO] merge map
2026-05-01 13:40:27,385 [INFO] merge map
2026-05-01 13:40:27,388 [INFO] merge map
2026-05-01 13:40:27,390 [INFO] merge map
2026-05-01 13:40:27,584 [INFO] update map
2026-05-01 13:40:27,927 [WARNING] connect time:3, accumulated time:180, and the robot pair:[]
2026-05-01 13:40:42,790 [INFO] failed to satisfy constraint, id: 0 and r_penalty: 1507.977 and violations:0.244:
2026-05-01 13:40:53,373 [INFO] failed to satisfy constraint, id: 1 and r_penalty: 1436.169 and violations:0.088:
2026-05-01 13:41:03,902 [INFO] failed to satisfy constraint, id: 2 and r_penalty: 1507.977 and violations:0.171:
2026-05-01 13:41:18,053 [INFO] failed to satisfy constraint, id: 3 and r_penalty: 1507.977 and violations:0.090:
2026-05-01 13:41:18,057 [INFO] have warm up
2026-05-01 13:41:34,928 [INFO] failed to satisfy constraint, id: 0 and r_penalty: 10000.000 and violations:0.244:
2026-05-01 13:41:49,512 [INFO] failed to satisfy constraint, id: 1 and r_penalty: 10000.000 and violations:0.089:
2026-05-01 13:42:07,759 [INFO] failed to satisfy constraint, id: 2 and r_penalty: 10000.000 and violations:0.171:
2026-05-01 13:42:23,274 [INFO] failed to satisfy constraint, id: 3 and r_penalty: 10000.000 and violations:0.090:
2026-05-01 13:42:24,184 [WARNING] connect time:0, accumulated time:180, and the robot pair:[(1, 2)]
2026-05-01 13:42:36,184 [INFO] failed to satisfy constraint, id: 1 and r_penalty: 925.767 and violations:0.282:
2026-05-01 13:42:46,682 [INFO] failed to satisfy constraint, id: 2 and r_penalty: 1240.617 and violations:0.179:
2026-05-01 13:42:46,686 [INFO] have warm up
2026-05-01 13:43:01,165 [INFO] failed to satisfy constraint, id: 1 and r_penalty: 2121.876 and violations:0.283:
2026-05-01 13:43:19,583 [INFO] failed to satisfy constraint, id: 2 and r_penalty: 10000.000 and violations:0.176:
2026-05-01 13:43:20,201 [WARNING] connect time:1, accumulated time:181, and the robot pair:[(0, 2), (0, 3), (2, 3)]
2026-05-01 13:43:31,738 [INFO] failed to satisfy constraint, id: 0 and r_penalty: 1507.977 and violations:0.312:
2026-05-01 13:43:45,501 [INFO] failed to satisfy constraint, id: 2 and r_penalty: 1507.977 and violations:0.338:
2026-05-01 13:43:56,276 [INFO] failed to satisfy constraint, id: 3 and r_penalty: 1181.540 and violations:0.283:
2026-05-01 13:43:56,280 [INFO] have warm up
2026-05-01 13:44:11,684 [INFO] failed to satisfy constraint, id: 0 and r_penalty: 5106.547 and violations:0.059:
2026-05-01 13:44:29,898 [INFO] failed to satisfy constraint, id: 2 and r_penalty: 10000.000 and violations:0.338:
2026-05-01 13:44:45,088 [INFO] failed to satisfy constraint, id: 3 and r_penalty: 5911.467 and violations:0.063:
2026-05-01 13:44:46,306 [WARNING] connect time:3, accumulated time:184, and the robot pair:[(1, 2)]
2026-05-01 13:45:00,743 [INFO] failed to satisfy constraint, id: 1 and r_penalty: 925.767 and violations:0.320:
2026-05-01 13:45:12,735 [INFO] failed to satisfy constraint, id: 2 and r_penalty: 1507.977 and violations:0.314:
2026-05-01 13:45:12,739 [INFO] have warm up
2026-05-01 13:45:28,130 [INFO] failed to satisfy constraint, id: 1 and r_penalty: 10000.000 and violations:0.246:
2026-05-01 13:45:45,918 [INFO] failed to satisfy constraint, id: 2 and r_penalty: 10000.000 and violations:0.314:
2026-05-01 13:45:46,906 [WARNING] connect time:1, accumulated time:185, and the robot pair:[(0, 2), (0, 3), (2, 3)]
2026-05-01 13:45:58,011 [INFO] failed to satisfy constraint, id: 0 and r_penalty: 1367.780 and violations:0.155:
2026-05-01 13:46:08,205 [INFO] failed to satisfy constraint, id: 2 and r_penalty: 925.767 and violations:0.142:
2026-05-01 13:46:22,208 [INFO] failed to satisfy constraint, id: 3 and r_penalty: 1436.169 and violations:0.160:
2026-05-01 13:46:22,215 [INFO] have warm up
2026-05-01 13:46:36,894 [INFO] failed to satisfy constraint, id: 0 and r_penalty: 10000.000 and violations:0.155:
2026-05-01 13:46:51,058 [INFO] failed to satisfy constraint, id: 2 and r_penalty: 10000.000 and violations:0.135:
2026-05-01 13:47:09,375 [INFO] failed to satisfy constraint, id: 3 and r_penalty: 10000.000 and violations:0.160:
2026-05-01 13:47:10,438 [WARNING] connect time:3, accumulated time:188, and the robot pair:[(0, 1), (0, 2), (1, 2)]
2026-05-01 13:47:21,646 [INFO] failed to satisfy constraint, id: 0 and r_penalty: 1367.780 and violations:0.109:
2026-05-01 13:47:34,551 [INFO] failed to satisfy constraint, id: 1 and r_penalty: 1302.648 and violations:0.114:
2026-05-01 13:47:44,703 [INFO] failed to satisfy constraint, id: 2 and r_penalty: 1302.648 and violations:0.109:
2026-05-01 13:47:44,706 [INFO] have warm up
2026-05-01 13:47:59,356 [INFO] failed to satisfy constraint, id: 0 and r_penalty: 10000.000 and violations:0.109:
2026-05-01 13:48:16,353 [INFO] failed to satisfy constraint, id: 1 and r_penalty: 10000.000 and violations:0.114:
2026-05-01 13:48:30,616 [INFO] failed to satisfy constraint, id: 2 and r_penalty: 10000.000 and violations:0.109:
2026-05-01 13:48:31,864 [WARNING] connect time:1, accumulated time:189, and the robot pair:[(0, 2), (0, 3), (2, 3)]
2026-05-01 13:48:45,778 [INFO] failed to satisfy constraint, id: 0 and r_penalty: 1507.977 and violations:0.099:
2026-05-01 13:48:55,892 [INFO] failed to satisfy constraint, id: 2 and r_penalty: 1507.977 and violations:0.099:
2026-05-01 13:49:06,138 [INFO] failed to satisfy constraint, id: 3 and r_penalty: 1507.977 and violations:0.069:
2026-05-01 13:49:06,142 [INFO] have warm up
2026-05-01 13:49:23,536 [INFO] failed to satisfy constraint, id: 0 and r_penalty: 10000.000 and violations:0.099:
2026-05-01 13:49:37,647 [INFO] failed to satisfy constraint, id: 2 and r_penalty: 10000.000 and violations:0.099:
2026-05-01 13:49:54,829 [INFO] failed to satisfy constraint, id: 3 and r_penalty: 10000.000 and violations:0.069:
2026-05-01 13:49:55,956 [INFO] merge map
2026-05-01 13:49:55,958 [INFO] merge map
2026-05-01 13:49:55,960 [INFO] merge map
2026-05-01 13:49:55,962 [INFO] merge map
2026-05-01 13:49:56,267 [WARNING] connect time:1, accumulated time:190, and the robot pair:[]
2026-05-01 13:50:07,276 [INFO] failed to satisfy constraint, id: 0 and r_penalty: 1507.977 and violations:0.091:
2026-05-01 13:50:17,190 [INFO] failed to satisfy constraint, id: 1 and r_penalty: 1507.977 and violations:0.097:
2026-05-01 13:50:30,113 [INFO] failed to satisfy constraint, id: 2 and r_penalty: 1507.977 and violations:0.091:
2026-05-01 13:50:40,237 [INFO] failed to satisfy constraint, id: 3 and r_penalty: 1507.977 and violations:0.055:
2026-05-01 13:50:40,240 [INFO] have warm up
2026-05-01 13:50:54,718 [INFO] failed to satisfy constraint, id: 0 and r_penalty: 10000.000 and violations:0.091:
2026-05-01 13:51:11,229 [INFO] failed to satisfy constraint, id: 1 and r_penalty: 10000.000 and violations:0.097:
2026-05-01 13:51:25,293 [INFO] failed to satisfy constraint, id: 2 and r_penalty: 10000.000 and violations:0.091:
2026-05-01 13:51:42,146 [INFO] failed to satisfy constraint, id: 3 and r_penalty: 10000.000 and violations:0.055:
2026-05-01 13:51:43,454 [WARNING] connect time:2, accumulated time:192, and the robot pair:[(0, 1), (0, 2), (1, 2)]
2026-05-01 13:51:56,190 [INFO] failed to satisfy constraint, id: 0 and r_penalty: 1507.977 and violations:0.096:
2026-05-01 13:52:05,825 [INFO] failed to satisfy constraint, id: 1 and r_penalty: 1507.977 and violations:0.096:
2026-05-01 13:52:19,602 [INFO] failed to satisfy constraint, id: 2 and r_penalty: 1507.977 and violations:0.096:
2026-05-01 13:52:19,605 [INFO] have warm up
2026-05-01 13:52:33,545 [INFO] failed to satisfy constraint, id: 0 and r_penalty: 10000.000 and violations:0.096:
2026-05-01 13:52:49,985 [INFO] failed to satisfy constraint, id: 1 and r_penalty: 10000.000 and violations:0.096:
2026-05-01 13:53:03,804 [INFO] failed to satisfy constraint, id: 2 and r_penalty: 10000.000 and violations:0.096:
2026-05-01 13:53:04,822 [WARNING] connect time:1, accumulated time:193, and the robot pair:[(0, 2), (0, 3), (2, 3)]
2026-05-01 13:53:15,425 [INFO] failed to satisfy constraint, id: 0 and r_penalty: 1507.977 and violations:0.095:
2026-05-01 13:53:28,646 [INFO] failed to satisfy constraint, id: 2 and r_penalty: 1507.977 and violations:0.095:
2026-05-01 13:53:38,890 [INFO] failed to satisfy constraint, id: 3 and r_penalty: 1507.977 and violations:0.087:
2026-05-01 13:53:38,893 [INFO] have warm up
2026-05-01 13:53:52,941 [INFO] failed to satisfy constraint, id: 0 and r_penalty: 10000.000 and violations:0.095:
2026-05-01 13:54:09,333 [INFO] failed to satisfy constraint, id: 2 and r_penalty: 10000.000 and violations:0.095:
2026-05-01 13:54:24,632 [INFO] failed to satisfy constraint, id: 3 and r_penalty: 10000.000 and violations:0.087:
2026-05-01 13:54:25,692 [WARNING] connect time:3, accumulated time:196, and the robot pair:[(0, 1), (0, 2), (1, 2)]
2026-05-01 13:54:35,943 [INFO] failed to satisfy constraint, id: 0 and r_penalty: 568.341 and violations:0.082:
2026-05-01 13:54:45,242 [INFO] failed to satisfy constraint, id: 1 and r_penalty: 1020.659 and violations:0.089:
2026-05-01 13:54:58,976 [INFO] failed to satisfy constraint, id: 2 and r_penalty: 1125.276 and violations:0.089:
2026-05-01 13:54:58,980 [INFO] have warm up
2026-05-01 13:55:13,706 [INFO] failed to satisfy constraint, id: 0 and r_penalty: 10000.000 and violations:0.082:
2026-05-01 13:55:28,540 [INFO] failed to satisfy constraint, id: 1 and r_penalty: 10000.000 and violations:0.089:
2026-05-01 13:55:41,872 [INFO] failed to satisfy constraint, id: 2 and r_penalty: 10000.000 and violations:0.089:
2026-05-01 13:55:43,035 [WARNING] connect time:1, accumulated time:197, and the robot pair:[(0, 3)]
2026-05-01 13:55:53,554 [INFO] failed to satisfy constraint, id: 0 and r_penalty: 1507.977 and violations:0.082:
2026-05-01 13:56:07,106 [INFO] failed to satisfy constraint, id: 3 and r_penalty: 1507.977 and violations:0.076:
2026-05-01 13:56:07,110 [INFO] have warm up
2026-05-01 13:56:21,370 [INFO] failed to satisfy constraint, id: 0 and r_penalty: 8733.928 and violations:0.077:
2026-05-01 13:56:36,656 [INFO] failed to satisfy constraint, id: 3 and r_penalty: 10000.000 and violations:0.076:
2026-05-01 13:56:37,110 [INFO] merge map
2026-05-01 13:56:37,113 [INFO] merge map
2026-05-01 13:56:37,115 [INFO] merge map
2026-05-01 13:56:37,117 [INFO] merge map
2026-05-01 13:56:37,436 [WARNING] connect time:3, accumulated time:200, and the robot pair:[]
2026-05-01 13:56:47,585 [INFO] failed to satisfy constraint, id: 0 and r_penalty: 1436.169 and violations:0.048:
2026-05-01 13:56:56,731 [INFO] failed to satisfy constraint, id: 1 and r_penalty: 972.056 and violations:0.051:
2026-05-01 13:57:06,039 [INFO] failed to satisfy constraint, id: 2 and r_penalty: 1367.780 and violations:0.051:
2026-05-01 13:57:19,713 [INFO] failed to satisfy constraint, id: 3 and r_penalty: 1507.977 and violations:0.050:
2026-05-01 13:57:19,717 [INFO] have warm up
2026-05-01 13:57:33,424 [INFO] failed to satisfy constraint, id: 0 and r_penalty: 10000.000 and violations:0.054:
2026-05-01 13:57:48,800 [INFO] failed to satisfy constraint, id: 1 and r_penalty: 10000.000 and violations:0.052:
2026-05-01 13:58:01,667 [INFO] failed to satisfy constraint, id: 2 and r_penalty: 10000.000 and violations:0.051:
2026-05-01 13:58:14,798 [INFO] failed to satisfy constraint, id: 3 and r_penalty: 10000.000 and violations:0.050:
2026-05-01 13:58:15,458 [WARNING] connect time:0, accumulated time:200, and the robot pair:[(0, 1), (0, 2), (1, 2)]
2026-05-01 13:58:28,293 [INFO] failed to satisfy constraint, id: 0 and r_penalty: 1507.977 and violations:0.053:
2026-05-01 13:58:38,652 [INFO] failed to satisfy constraint, id: 1 and r_penalty: 1436.169 and violations:0.053:
2026-05-01 13:58:47,849 [INFO] failed to satisfy constraint, id: 2 and r_penalty: 1507.977 and violations:0.053:
2026-05-01 13:58:47,853 [INFO] have warm up
2026-05-01 13:59:00,334 [INFO] failed to satisfy constraint, id: 0 and r_penalty: 10000.000 and violations:0.058:
2026-05-01 13:59:16,973 [INFO] failed to satisfy constraint, id: 1 and r_penalty: 8733.928 and violations:0.052:
2026-05-01 13:59:30,705 [INFO] failed to satisfy constraint, id: 2 and r_penalty: 10000.000 and violations:0.053:
2026-05-01 13:59:31,363 [WARNING] connect time:4, accumulated time:204, and the robot pair:[(0, 1)]
2026-05-01 13:59:41,531 [INFO] satisfy constraint, but not converge, id: 0 and r_penalty: 839.698 and violations:0.017:
2026-05-01 13:59:43,997 [INFO] iter:6, id:1, r:1.000 and violateion:0.017
2026-05-01 13:59:43,999 [INFO] have warm up
2026-05-01 13:59:50,404 [INFO] iter:5, id:0, r:1.000 and violateion:0.023
2026-05-01 13:59:54,234 [INFO] iter:7, id:1, r:1.000 and violateion:0.028
2026-05-01 13:59:55,101 [WARNING] connect time:4, accumulated time:208, and the robot pair:[(0, 1)]
2026-05-01 13:59:59,363 [INFO] iter:26, id:0, r:1.000 and violateion:0.001
2026-05-01 14:00:02,601 [INFO] iter:25, id:1, r:1.000 and violateion:0.014
2026-05-01 14:00:02,604 [INFO] have warm up
2026-05-01 14:00:06,379 [INFO] iter:0, id:0, r:1.000 and violateion:0.001
2026-05-01 14:00:09,599 [INFO] iter:0, id:1, r:1.000 and violateion:0.020
2026-05-01 14:00:10,003 [INFO] merge map
2026-05-01 14:00:10,005 [INFO] merge map
2026-05-01 14:00:10,007 [INFO] merge map
2026-05-01 14:00:10,009 [INFO] merge map
2026-05-01 14:00:10,371 [WARNING] connect time:2, accumulated time:210, and the robot pair:[]
2026-05-01 14:00:13,451 [INFO] iter:0, id:0, r:1.000 and violateion:0.001
2026-05-01 14:00:15,511 [INFO] iter:0, id:1, r:1.000 and violateion:0.014
2026-05-01 14:00:22,871 [INFO] iter:35, id:2, r:1.000 and violateion:0.004
2026-05-01 14:00:31,838 [INFO] satisfy constraint, but not converge, id: 3 and r_penalty: 1.477 and violations:0.000:
2026-05-01 14:00:31,842 [INFO] have warm up
2026-05-01 14:00:35,658 [INFO] iter:0, id:0, r:1.000 and violateion:0.024
2026-05-01 14:00:44,919 [INFO] iter:144, id:1, r:1.886 and violateion:0.003
2026-05-01 14:00:48,853 [INFO] iter:7, id:2, r:1.000 and violateion:0.025
2026-05-01 14:01:04,484 [INFO] failed to satisfy constraint, id: 3 and r_penalty: 10000.000 and violations:0.115:
2026-05-01 14:01:04,921 [INFO] merge map
2026-05-01 14:01:04,923 [INFO] merge map
2026-05-01 14:01:04,926 [INFO] merge map
2026-05-01 14:01:04,927 [INFO] merge map
2026-05-01 14:01:05,264 [WARNING] connect time:10, accumulated time:220, and the robot pair:[]
2026-05-01 14:01:10,937 [INFO] iter:62, id:0, r:1.158 and violateion:0.003
2026-05-01 14:01:17,469 [INFO] iter:111, id:1, r:1.477 and violateion:0.003
2026-05-01 14:01:21,904 [INFO] iter:53, id:2, r:1.000 and violateion:0.016
2026-05-01 14:01:34,095 [INFO] iter:110, id:3, r:1.000 and violateion:0.011
2026-05-01 14:01:34,099 [INFO] have warm up
2026-05-01 14:01:41,176 [INFO] iter:76, id:0, r:1.477 and violateion:0.007
2026-05-01 14:01:48,126 [INFO] iter:89, id:1, r:2.079 and violateion:0.006
2026-05-01 14:01:54,234 [INFO] iter:63, id:2, r:1.551 and violateion:0.000
2026-05-01 14:02:08,970 [INFO] failed to satisfy constraint, id: 3 and r_penalty: 10000.000 and violations:0.182:
2026-05-01 14:02:09,846 [WARNING] connect time:1, accumulated time:221, and the robot pair:[(0, 2)]
2026-05-01 14:02:14,152 [INFO] iter:27, id:0, r:1.980 and violateion:0.018
2026-05-01 14:02:17,519 [INFO] iter:27, id:2, r:2.183 and violateion:0.014
2026-05-01 14:02:17,522 [INFO] have warm up
2026-05-01 14:02:24,337 [INFO] iter:73, id:0, r:28.978 and violateion:0.000
2026-05-01 14:02:30,859 [INFO] iter:76, id:2, r:13.275 and violateion:0.001
2026-05-01 14:02:31,770 [WARNING] connect time:4, accumulated time:225, and the robot pair:[(0, 2)]
2026-05-01 14:02:37,404 [INFO] iter:65, id:0, r:1.000 and violateion:0.000
2026-05-01 14:02:50,931 [INFO] satisfy constraint, but not converge, id: 2 and r_penalty: 1.407 and violations:0.004:
2026-05-01 14:02:50,934 [INFO] have warm up
2026-05-01 14:02:56,483 [INFO] iter:42, id:0, r:1.796 and violateion:0.018
2026-05-01 14:03:02,541 [INFO] iter:67, id:2, r:2.407 and violateion:0.000
2026-05-01 14:03:03,498 [WARNING] connect time:4, accumulated time:229, and the robot pair:[(0, 2)]
2026-05-01 14:03:07,787 [INFO] iter:27, id:0, r:1.000 and violateion:0.014
2026-05-01 14:03:11,163 [INFO] iter:32, id:2, r:1.000 and violateion:0.016
2026-05-01 14:03:11,165 [INFO] have warm up
2026-05-01 14:03:15,503 [INFO] iter:12, id:0, r:1.000 and violateion:0.018
2026-05-01 14:03:19,615 [INFO] iter:19, id:2, r:1.000 and violateion:0.019
2026-05-01 14:03:20,020 [INFO] merge map
2026-05-01 14:03:20,021 [INFO] merge map
2026-05-01 14:03:20,024 [INFO] merge map
2026-05-01 14:03:20,026 [INFO] merge map
2026-05-01 14:03:20,350 [WARNING] connect time:1, accumulated time:230, and the robot pair:[]
2026-05-01 14:03:24,163 [INFO] iter:17, id:0, r:1.000 and violateion:0.020
2026-05-01 14:03:27,072 [INFO] iter:21, id:1, r:1.000 and violateion:0.012
2026-05-01 14:03:29,916 [INFO] iter:16, id:2, r:1.000 and violateion:0.025
2026-05-01 14:03:33,794 [INFO] iter:39, id:3, r:5.003 and violateion:0.029
2026-05-01 14:03:33,797 [INFO] have warm up
2026-05-01 14:03:40,898 [INFO] iter:93, id:0, r:1.000 and violateion:0.001
2026-05-01 14:03:45,356 [INFO] iter:29, id:1, r:1.000 and violateion:0.001
2026-05-01 14:03:50,675 [INFO] iter:54, id:2, r:1.629 and violateion:0.004
2026-05-01 14:04:04,438 [INFO] failed to satisfy constraint, id: 3 and r_penalty: 10000.000 and violations:0.228:
2026-05-01 14:04:05,327 [WARNING] connect time:1, accumulated time:231, and the robot pair:[(1, 3)]
2026-05-01 14:04:09,584 [INFO] iter:27, id:1, r:1.000 and violateion:0.007
2026-05-01 14:04:12,787 [INFO] iter:28, id:3, r:1.000 and violateion:0.012
2026-05-01 14:04:12,790 [INFO] have warm up
2026-05-01 14:04:17,100 [INFO] iter:9, id:1, r:1.000 and violateion:0.009
2026-05-01 14:04:20,824 [INFO] iter:5, id:3, r:1.000 and violateion:0.014
2026-05-01 14:04:21,733 [WARNING] connect time:2, accumulated time:233, and the robot pair:[(0, 2)]
2026-05-01 14:04:24,750 [INFO] iter:0, id:0, r:1.000 and violateion:0.005
2026-05-01 14:04:26,914 [INFO] iter:0, id:2, r:1.000 and violateion:0.005
2026-05-01 14:04:26,916 [INFO] have warm up
2026-05-01 14:04:30,436 [INFO] iter:0, id:0, r:1.000 and violateion:0.005
2026-05-01 14:04:33,573 [INFO] iter:0, id:2, r:1.000 and violateion:0.005
2026-05-01 14:04:34,457 [WARNING] connect time:2, accumulated time:235, and the robot pair:[(1, 3)]
2026-05-01 14:04:37,507 [INFO] iter:0, id:1, r:1.000 and violateion:0.005
2026-05-01 14:04:40,245 [INFO] iter:10, id:3, r:1.000 and violateion:0.005
2026-05-01 14:04:40,247 [INFO] have warm up
2026-05-01 14:04:48,043 [INFO] iter:0, id:1, r:1.000 and violateion:0.005
2026-05-01 14:04:51,364 [INFO] iter:1, id:3, r:1.000 and violateion:0.005
2026-05-01 14:04:52,300 [WARNING] connect time:2, accumulated time:237, and the robot pair:[(0, 2)]
2026-05-01 14:04:55,403 [INFO] iter:0, id:0, r:1.000 and violateion:0.001
2026-05-01 14:04:57,546 [INFO] iter:0, id:2, r:1.000 and violateion:0.001
2026-05-01 14:04:57,549 [INFO] have warm up
2026-05-01 14:05:00,886 [INFO] iter:0, id:0, r:1.000 and violateion:0.001
2026-05-01 14:05:03,880 [INFO] iter:0, id:2, r:1.000 and violateion:0.001
2026-05-01 14:05:04,760 [WARNING] connect time:2, accumulated time:239, and the robot pair:[(1, 3)]
2026-05-01 14:05:07,454 [INFO] iter:0, id:1, r:1.000 and violateion:0.001
2026-05-01 14:05:09,184 [INFO] iter:0, id:3, r:1.000 and violateion:0.000
2026-05-01 14:05:09,187 [INFO] have warm up
2026-05-01 14:05:21,118 [INFO] satisfy constraint, but not converge, id: 1 and r_penalty: 1.000 and violations:nan:
2026-05-01 14:05:29,788 [INFO] satisfy constraint, but not converge, id: 3 and r_penalty: 1.000 and violations:nan:
