2026-05-04 12:08:14,410 [INFO] my_strategy
2026-05-04 12:08:21,795 [INFO] iter:1, id:0, r:1.000 and violateion:0.000
2026-05-04 12:08:23,984 [INFO] iter:1, id:1, r:1.000 and violateion:0.000
2026-05-04 12:08:26,194 [INFO] iter:1, id:2, r:1.000 and violateion:0.000
2026-05-04 12:08:28,481 [INFO] iter:1, id:3, r:1.000 and violateion:0.000
2026-05-04 12:08:28,483 [INFO] have warm up
2026-05-04 12:08:59,582 [INFO] failed to satisfy constraint, id: 0 and r_penalty: 10000.000 and violations:0.444:
2026-05-04 12:09:29,319 [INFO] failed to satisfy constraint, id: 1 and r_penalty: 10000.000 and violations:0.444:
2026-05-04 12:09:58,886 [INFO] failed to satisfy constraint, id: 2 and r_penalty: 10000.000 and violations:0.444:
2026-05-04 12:10:28,678 [INFO] failed to satisfy constraint, id: 3 and r_penalty: 10000.000 and violations:0.444:
2026-05-04 12:10:30,316 [INFO] merge map
2026-05-04 12:10:30,319 [INFO] merge map
2026-05-04 12:10:30,321 [INFO] merge map
2026-05-04 12:10:30,323 [INFO] merge map
2026-05-04 12:10:30,663 [WARNING] connect time:10, accumulated time:10, and the robot pair:[]
2026-05-04 12:10:34,802 [INFO] iter:3, id:0, r:1.000 and violateion:0.000
2026-05-04 12:10:37,295 [INFO] iter:2, id:1, r:1.000 and violateion:0.000
2026-05-04 12:10:39,665 [INFO] iter:1, id:2, r:1.000 and violateion:0.000
2026-05-04 12:10:42,294 [INFO] iter:3, id:3, r:1.000 and violateion:0.000
2026-05-04 12:10:42,295 [INFO] have warm up
2026-05-04 12:10:47,104 [INFO] iter:0, id:0, r:1.000 and violateion:0.000
2026-05-04 12:10:50,857 [INFO] iter:0, id:1, r:1.000 and violateion:0.000
2026-05-04 12:10:53,321 [INFO] iter:0, id:2, r:1.000 and violateion:0.000
2026-05-04 12:10:57,107 [INFO] iter:0, id:3, r:1.000 and violateion:0.000
2026-05-04 12:10:58,979 [INFO] merge map
2026-05-04 12:10:58,981 [INFO] merge map
2026-05-04 12:10:58,983 [INFO] merge map
2026-05-04 12:10:58,985 [INFO] merge map
2026-05-04 12:10:59,370 [WARNING] connect time:10, accumulated time:20, and the robot pair:[]
2026-05-04 12:11:03,254 [INFO] iter:0, id:0, r:1.000 and violateion:0.000
2026-05-04 12:11:05,713 [INFO] iter:1, id:1, r:1.000 and violateion:0.000
2026-05-04 12:11:07,985 [INFO] iter:0, id:2, r:1.000 and violateion:0.000
2026-05-04 12:11:10,443 [INFO] iter:1, id:3, r:1.000 and violateion:0.000
2026-05-04 12:11:10,445 [INFO] have warm up
2026-05-04 12:11:15,201 [INFO] iter:0, id:0, r:1.000 and violateion:0.000
2026-05-04 12:11:19,161 [INFO] iter:0, id:1, r:1.000 and violateion:0.000
2026-05-04 12:11:23,138 [INFO] iter:0, id:2, r:1.000 and violateion:0.000
2026-05-04 12:11:25,796 [INFO] iter:0, id:3, r:1.000 and violateion:0.000
2026-05-04 12:11:26,987 [WARNING] connect time:7, accumulated time:27, and the robot pair:[(2, 3)]
2026-05-04 12:11:30,892 [INFO] iter:0, id:2, r:1.000 and violateion:0.028
2026-05-04 12:11:33,237 [INFO] iter:0, id:3, r:1.000 and violateion:0.028
2026-05-04 12:11:33,239 [INFO] have warm up
2026-05-04 12:11:38,133 [INFO] iter:0, id:2, r:1.000 and violateion:0.028
2026-05-04 12:11:42,131 [INFO] iter:0, id:3, r:1.000 and violateion:0.028
2026-05-04 12:11:42,615 [INFO] merge map
2026-05-04 12:11:42,617 [INFO] merge map
2026-05-04 12:11:42,619 [INFO] merge map
2026-05-04 12:11:42,621 [INFO] merge map
2026-05-04 12:11:42,980 [WARNING] connect time:3, accumulated time:30, and the robot pair:[]
2026-05-04 12:11:46,966 [INFO] iter:1, id:0, r:1.000 and violateion:0.000
2026-05-04 12:11:49,566 [INFO] iter:2, id:1, r:1.000 and violateion:0.000
2026-05-04 12:11:51,827 [INFO] iter:0, id:2, r:1.000 and violateion:0.000
2026-05-04 12:11:54,198 [INFO] iter:0, id:3, r:1.000 and violateion:0.000
2026-05-04 12:11:54,200 [INFO] have warm up
2026-05-04 12:11:57,566 [INFO] iter:0, id:0, r:1.000 and violateion:0.000
2026-05-04 12:12:01,435 [INFO] iter:0, id:1, r:1.000 and violateion:0.000
2026-05-04 12:12:05,394 [INFO] iter:0, id:2, r:1.000 and violateion:0.000
2026-05-04 12:12:09,303 [INFO] iter:0, id:3, r:1.000 and violateion:0.000
2026-05-04 12:12:10,814 [WARNING] connect time:1, accumulated time:31, and the robot pair:[(2, 3)]
2026-05-04 12:12:14,699 [INFO] iter:0, id:2, r:1.000 and violateion:0.028
2026-05-04 12:12:17,179 [INFO] iter:0, id:3, r:1.000 and violateion:0.028
2026-05-04 12:12:17,181 [INFO] have warm up
2026-05-04 12:12:22,666 [INFO] iter:0, id:2, r:1.000 and violateion:0.028
2026-05-04 12:12:25,418 [INFO] iter:0, id:3, r:1.000 and violateion:0.028
2026-05-04 12:12:26,741 [WARNING] connect time:4, accumulated time:35, and the robot pair:[(1, 2), (1, 3), (2, 3)]
2026-05-04 12:12:48,689 [INFO] failed to satisfy constraint, id: 1 and r_penalty: 1436.169 and violations:0.694:
2026-05-04 12:13:06,829 [INFO] iter:141, id:2, r:881.683 and violateion:0.000
2026-05-04 12:13:26,329 [INFO] iter:141, id:3, r:881.683 and violateion:0.000
2026-05-04 12:13:26,333 [INFO] have warm up
2026-05-04 12:13:54,409 [INFO] failed to satisfy constraint, id: 1 and r_penalty: 10000.000 and violations:0.232:
2026-05-04 12:14:21,688 [INFO] failed to satisfy constraint, id: 2 and r_penalty: 10000.000 and violations:0.444:
2026-05-04 12:14:49,468 [INFO] failed to satisfy constraint, id: 3 and r_penalty: 10000.000 and violations:0.387:
2026-05-04 12:14:51,779 [WARNING] connect time:4, accumulated time:39, and the robot pair:[(1, 2), (1, 3), (2, 3)]
2026-05-04 12:14:56,097 [INFO] iter:1, id:1, r:1.000 and violateion:0.000
2026-05-04 12:14:58,598 [INFO] iter:1, id:2, r:1.000 and violateion:0.000
2026-05-04 12:14:59,866 [INFO] iter:1, id:3, r:1.000 and violateion:0.000
2026-05-04 12:14:59,869 [INFO] have warm up
2026-05-04 12:15:18,909 [INFO] iter:116, id:1, r:194.287 and violateion:0.000
2026-05-04 12:15:35,807 [INFO] iter:118, id:2, r:214.202 and violateion:0.000
2026-05-04 12:15:57,195 [INFO] iter:145, id:3, r:799.713 and violateion:0.000
2026-05-04 12:15:58,814 [INFO] merge map
2026-05-04 12:15:58,817 [INFO] merge map
2026-05-04 12:15:58,819 [INFO] merge map
2026-05-04 12:15:58,821 [INFO] merge map
2026-05-04 12:15:59,140 [WARNING] connect time:1, accumulated time:40, and the robot pair:[]
2026-05-04 12:16:02,802 [INFO] iter:0, id:0, r:1.000 and violateion:0.000
2026-05-04 12:16:05,549 [INFO] iter:3, id:1, r:1.000 and violateion:0.000
2026-05-04 12:16:08,542 [INFO] iter:5, id:2, r:1.000 and violateion:0.000
2026-05-04 12:16:11,115 [INFO] iter:1, id:3, r:1.000 and violateion:0.000
2026-05-04 12:16:11,118 [INFO] have warm up
2026-05-04 12:16:16,552 [INFO] iter:0, id:0, r:1.000 and violateion:0.000
2026-05-04 12:16:19,264 [INFO] iter:0, id:1, r:1.000 and violateion:0.000
2026-05-04 12:16:23,246 [INFO] iter:0, id:2, r:1.000 and violateion:0.000
2026-05-04 12:16:27,329 [INFO] iter:0, id:3, r:1.000 and violateion:0.000
2026-05-04 12:16:29,267 [WARNING] connect time:3, accumulated time:43, and the robot pair:[(2, 3)]
2026-05-04 12:16:33,357 [INFO] iter:2, id:2, r:1.000 and violateion:0.000
2026-05-04 12:16:35,827 [INFO] iter:0, id:3, r:1.000 and violateion:0.000
2026-05-04 12:16:35,829 [INFO] have warm up
2026-05-04 12:16:40,899 [INFO] iter:0, id:2, r:1.000 and violateion:0.000
2026-05-04 12:16:45,000 [INFO] iter:0, id:3, r:1.000 and violateion:0.000
2026-05-04 12:16:46,456 [WARNING] connect time:4, accumulated time:47, and the robot pair:[(2, 3)]
2026-05-04 12:16:50,531 [INFO] iter:3, id:2, r:1.000 and violateion:0.000
2026-05-04 12:16:52,878 [INFO] iter:0, id:3, r:1.000 and violateion:0.000
2026-05-04 12:16:52,880 [INFO] have warm up
2026-05-04 12:16:57,308 [INFO] iter:0, id:2, r:1.000 and violateion:0.015
2026-05-04 12:17:01,148 [INFO] iter:0, id:3, r:1.000 and violateion:0.000
2026-05-04 12:17:01,805 [INFO] merge map
2026-05-04 12:17:01,808 [INFO] merge map
2026-05-04 12:17:01,811 [INFO] merge map
2026-05-04 12:17:01,814 [INFO] merge map
2026-05-04 12:17:02,187 [WARNING] connect time:3, accumulated time:50, and the robot pair:[]
2026-05-04 12:17:04,730 [INFO] iter:0, id:0, r:1.000 and violateion:0.000
2026-05-04 12:17:07,456 [INFO] iter:3, id:1, r:1.000 and violateion:0.000
2026-05-04 12:17:09,686 [INFO] iter:0, id:2, r:1.000 and violateion:0.000
2026-05-04 12:17:12,167 [INFO] iter:0, id:3, r:1.000 and violateion:0.000
2026-05-04 12:17:12,169 [INFO] have warm up
2026-05-04 12:17:17,267 [INFO] iter:0, id:0, r:1.000 and violateion:0.000
2026-05-04 12:17:21,498 [INFO] iter:0, id:1, r:1.000 and violateion:0.000
2026-05-04 12:17:25,433 [INFO] iter:0, id:2, r:1.000 and violateion:0.011
2026-05-04 12:17:29,750 [INFO] iter:0, id:3, r:1.000 and violateion:0.000
2026-05-04 12:17:31,184 [WARNING] connect time:1, accumulated time:51, and the robot pair:[(2, 3)]
2026-05-04 12:17:33,953 [INFO] iter:2, id:2, r:1.000 and violateion:0.000
2026-05-04 12:17:36,333 [INFO] iter:0, id:3, r:1.000 and violateion:0.000
2026-05-04 12:17:36,336 [INFO] have warm up
2026-05-04 12:17:41,292 [INFO] iter:0, id:2, r:1.000 and violateion:0.023
2026-05-04 12:17:45,634 [INFO] iter:0, id:3, r:1.000 and violateion:0.000
2026-05-04 12:17:46,824 [WARNING] connect time:4, accumulated time:55, and the robot pair:[(2, 3)]
2026-05-04 12:17:50,712 [INFO] iter:2, id:2, r:1.000 and violateion:0.000
2026-05-04 12:17:53,060 [INFO] iter:0, id:3, r:1.000 and violateion:0.000
2026-05-04 12:17:53,062 [INFO] have warm up
2026-05-04 12:17:58,600 [INFO] iter:0, id:2, r:1.000 and violateion:0.018
2026-05-04 12:18:02,732 [INFO] iter:0, id:3, r:1.000 and violateion:0.000
2026-05-04 12:18:04,136 [WARNING] connect time:4, accumulated time:59, and the robot pair:[(2, 3)]
2026-05-04 12:18:06,657 [INFO] iter:1, id:2, r:1.000 and violateion:0.000
2026-05-04 12:18:09,009 [INFO] iter:0, id:3, r:1.000 and violateion:0.000
2026-05-04 12:18:09,011 [INFO] have warm up
2026-05-04 12:18:13,746 [INFO] iter:0, id:2, r:1.000 and violateion:0.024
2026-05-04 12:18:17,755 [INFO] iter:0, id:3, r:1.000 and violateion:0.000
2026-05-04 12:18:18,649 [INFO] merge map
2026-05-04 12:18:18,652 [INFO] merge map
2026-05-04 12:18:18,654 [INFO] merge map
2026-05-04 12:18:18,656 [INFO] merge map
2026-05-04 12:18:19,726 [INFO] update map
2026-05-04 12:18:20,116 [WARNING] connect time:1, accumulated time:60, and the robot pair:[]
2026-05-04 12:18:23,655 [INFO] iter:0, id:0, r:1.000 and violateion:0.000
2026-05-04 12:18:26,028 [INFO] iter:0, id:1, r:1.000 and violateion:0.000
2026-05-04 12:18:28,261 [INFO] iter:0, id:2, r:1.000 and violateion:0.000
2026-05-04 12:18:30,683 [INFO] iter:0, id:3, r:1.000 and violateion:0.000
2026-05-04 12:18:30,686 [INFO] have warm up
2026-05-04 12:18:35,313 [INFO] iter:0, id:0, r:1.000 and violateion:0.000
2026-05-04 12:18:38,146 [INFO] iter:0, id:1, r:1.000 and violateion:0.000
2026-05-04 12:18:41,905 [INFO] iter:0, id:2, r:1.000 and violateion:0.027
2026-05-04 12:18:45,940 [INFO] iter:0, id:3, r:1.000 and violateion:0.000
2026-05-04 12:18:47,188 [WARNING] connect time:3, accumulated time:63, and the robot pair:[(2, 3)]
2026-05-04 12:18:51,138 [INFO] iter:2, id:2, r:1.000 and violateion:0.000
2026-05-04 12:18:53,500 [INFO] iter:0, id:3, r:1.000 and violateion:0.000
2026-05-04 12:18:53,503 [INFO] have warm up
2026-05-04 12:18:59,258 [INFO] iter:0, id:2, r:1.000 and violateion:0.029
2026-05-04 12:19:03,438 [INFO] iter:0, id:3, r:1.000 and violateion:0.000
2026-05-04 12:19:04,849 [WARNING] connect time:4, accumulated time:67, and the robot pair:[(2, 3)]
2026-05-04 12:19:07,418 [INFO] iter:2, id:2, r:1.000 and violateion:0.000
2026-05-04 12:19:09,754 [INFO] iter:0, id:3, r:1.000 and violateion:0.000
2026-05-04 12:19:09,757 [INFO] have warm up
2026-05-04 12:19:14,639 [INFO] iter:0, id:2, r:1.000 and violateion:0.023
2026-05-04 12:19:18,914 [INFO] iter:0, id:3, r:1.000 and violateion:0.000
2026-05-04 12:19:19,818 [INFO] merge map
2026-05-04 12:19:19,820 [INFO] merge map
2026-05-04 12:19:19,822 [INFO] merge map
2026-05-04 12:19:19,824 [INFO] merge map
2026-05-04 12:19:20,229 [WARNING] connect time:3, accumulated time:70, and the robot pair:[]
2026-05-04 12:19:23,791 [INFO] iter:0, id:0, r:1.000 and violateion:0.000
2026-05-04 12:19:26,182 [INFO] iter:0, id:1, r:1.000 and violateion:0.000
2026-05-04 12:19:28,453 [INFO] iter:0, id:2, r:1.000 and violateion:0.000
2026-05-04 12:19:31,032 [INFO] iter:0, id:3, r:1.000 and violateion:0.000
2026-05-04 12:19:31,034 [INFO] have warm up
2026-05-04 12:19:35,672 [INFO] iter:0, id:0, r:1.000 and violateion:0.000
2026-05-04 12:19:39,657 [INFO] iter:0, id:1, r:1.000 and violateion:0.000
2026-05-04 12:19:42,118 [INFO] iter:0, id:2, r:1.000 and violateion:0.021
2026-05-04 12:19:46,139 [INFO] iter:0, id:3, r:1.000 and violateion:0.000
2026-05-04 12:19:47,312 [WARNING] connect time:1, accumulated time:71, and the robot pair:[(2, 3)]
2026-05-04 12:19:51,238 [INFO] iter:2, id:2, r:1.000 and violateion:0.000
2026-05-04 12:19:53,618 [INFO] iter:0, id:3, r:1.000 and violateion:0.000
2026-05-04 12:19:53,620 [INFO] have warm up
2026-05-04 12:19:58,363 [INFO] iter:0, id:2, r:1.000 and violateion:0.028
2026-05-04 12:20:02,291 [INFO] iter:0, id:3, r:1.000 and violateion:0.000
2026-05-04 12:20:03,516 [WARNING] connect time:4, accumulated time:75, and the robot pair:[(2, 3)]
2026-05-04 12:20:08,368 [INFO] iter:2, id:2, r:1.000 and violateion:0.000
2026-05-04 12:20:10,715 [INFO] iter:0, id:3, r:1.000 and violateion:0.000
2026-05-04 12:20:10,717 [INFO] have warm up
2026-05-04 12:20:23,173 [INFO] iter:84, id:2, r:33.545 and violateion:0.000
2026-05-04 12:20:27,358 [INFO] iter:0, id:3, r:1.000 and violateion:0.000
2026-05-04 12:20:28,930 [WARNING] connect time:3, accumulated time:78, and the robot pair:[(0, 3)]
2026-05-04 12:20:46,560 [INFO] failed to satisfy constraint, id: 0 and r_penalty: 1436.169 and violations:0.295:
2026-05-04 12:21:04,465 [INFO] failed to satisfy constraint, id: 3 and r_penalty: 1507.977 and violations:0.509:
2026-05-04 12:21:04,468 [INFO] have warm up
2026-05-04 12:21:28,747 [INFO] failed to satisfy constraint, id: 0 and r_penalty: 10000.000 and violations:0.295:
2026-05-04 12:21:52,625 [INFO] failed to satisfy constraint, id: 3 and r_penalty: 10000.000 and violations:0.525:
2026-05-04 12:21:53,995 [WARNING] connect time:1, accumulated time:79, and the robot pair:[(2, 3)]
2026-05-04 12:22:12,939 [INFO] failed to satisfy constraint, id: 2 and r_penalty: 1436.169 and violations:0.141:
2026-05-04 12:22:29,695 [INFO] failed to satisfy constraint, id: 3 and r_penalty: 1507.977 and violations:0.123:
2026-05-04 12:22:29,703 [INFO] have warm up
2026-05-04 12:22:54,162 [INFO] failed to satisfy constraint, id: 2 and r_penalty: 10000.000 and violations:0.344:
2026-05-04 12:23:18,070 [INFO] failed to satisfy constraint, id: 3 and r_penalty: 10000.000 and violations:0.605:
2026-05-04 12:23:19,106 [INFO] merge map
2026-05-04 12:23:19,109 [INFO] merge map
2026-05-04 12:23:19,111 [INFO] merge map
2026-05-04 12:23:19,114 [INFO] merge map
2026-05-04 12:23:19,422 [WARNING] connect time:1, accumulated time:80, and the robot pair:[]
2026-05-04 12:23:38,259 [INFO] failed to satisfy constraint, id: 0 and r_penalty: 1507.977 and violations:0.281:
2026-05-04 12:23:54,704 [INFO] iter:149, id:1, r:1125.276 and violateion:0.000
2026-05-04 12:24:12,519 [INFO] failed to satisfy constraint, id: 2 and r_penalty: 1507.977 and violations:0.330:
2026-05-04 12:24:29,088 [INFO] failed to satisfy constraint, id: 3 and r_penalty: 1507.977 and violations:0.588:
2026-05-04 12:24:29,091 [INFO] have warm up
2026-05-04 12:24:53,138 [INFO] failed to satisfy constraint, id: 0 and r_penalty: 10000.000 and violations:0.281:
2026-05-04 12:25:09,437 [INFO] iter:115, id:1, r:159.841 and violateion:0.000
2026-05-04 12:25:32,781 [INFO] failed to satisfy constraint, id: 2 and r_penalty: 10000.000 and violations:0.330:
2026-05-04 12:25:56,348 [INFO] failed to satisfy constraint, id: 3 and r_penalty: 10000.000 and violations:0.588:
2026-05-04 12:25:58,228 [WARNING] connect time:2, accumulated time:82, and the robot pair:[(0, 3)]
2026-05-04 12:26:18,315 [INFO] failed to satisfy constraint, id: 0 and r_penalty: 1020.659 and violations:0.357:
2026-05-04 12:26:34,673 [INFO] failed to satisfy constraint, id: 3 and r_penalty: 1507.977 and violations:0.269:
2026-05-04 12:26:34,676 [INFO] have warm up
2026-05-04 12:26:59,013 [INFO] failed to satisfy constraint, id: 0 and r_penalty: 10000.000 and violations:0.298:
2026-05-04 12:27:22,240 [INFO] failed to satisfy constraint, id: 3 and r_penalty: 10000.000 and violations:0.085:
2026-05-04 12:27:23,957 [WARNING] connect time:4, accumulated time:86, and the robot pair:[(0, 3)]
2026-05-04 12:27:42,919 [INFO] failed to satisfy constraint, id: 0 and r_penalty: 1240.617 and violations:0.082:
2026-05-04 12:27:59,210 [INFO] failed to satisfy constraint, id: 3 and r_penalty: 1181.540 and violations:0.107:
2026-05-04 12:27:59,214 [INFO] have warm up
2026-05-04 12:28:23,553 [INFO] failed to satisfy constraint, id: 0 and r_penalty: 10000.000 and violations:0.081:
2026-05-04 12:28:47,859 [INFO] failed to satisfy constraint, id: 3 and r_penalty: 10000.000 and violations:0.082:
2026-05-04 12:28:48,993 [INFO] merge map
2026-05-04 12:28:48,995 [INFO] merge map
2026-05-04 12:28:48,997 [INFO] merge map
2026-05-04 12:28:48,999 [INFO] merge map
2026-05-04 12:28:49,380 [WARNING] connect time:4, accumulated time:90, and the robot pair:[]
2026-05-04 12:29:06,902 [INFO] failed to satisfy constraint, id: 0 and r_penalty: 1507.977 and violations:0.051:
2026-05-04 12:29:09,371 [INFO] iter:0, id:1, r:1.000 and violateion:0.000
2026-05-04 12:29:25,300 [INFO] failed to satisfy constraint, id: 2 and r_penalty: 1507.977 and violations:0.223:
2026-05-04 12:29:42,526 [INFO] failed to satisfy constraint, id: 3 and r_penalty: 1507.977 and violations:0.052:
2026-05-04 12:29:42,530 [INFO] have warm up
2026-05-04 12:30:06,547 [INFO] failed to satisfy constraint, id: 0 and r_penalty: 10000.000 and violations:0.051:
2026-05-04 12:30:10,769 [INFO] iter:0, id:1, r:1.000 and violateion:0.000
2026-05-04 12:30:33,162 [INFO] failed to satisfy constraint, id: 2 and r_penalty: 10000.000 and violations:0.223:
2026-05-04 12:30:55,632 [INFO] failed to satisfy constraint, id: 3 and r_penalty: 10000.000 and violations:0.052:
2026-05-04 12:30:56,416 [WARNING] connect time:0, accumulated time:90, and the robot pair:[(0, 3)]
2026-05-04 12:31:12,497 [INFO] failed to satisfy constraint, id: 0 and r_penalty: 799.713 and violations:0.056:
2026-05-04 12:31:29,508 [INFO] failed to satisfy constraint, id: 3 and r_penalty: 1507.977 and violations:0.056:
2026-05-04 12:31:29,512 [INFO] have warm up
2026-05-04 12:31:51,829 [INFO] failed to satisfy constraint, id: 0 and r_penalty: 10000.000 and violations:0.321:
2026-05-04 12:32:14,363 [INFO] failed to satisfy constraint, id: 3 and r_penalty: 10000.000 and violations:0.056:
2026-05-04 12:32:15,494 [WARNING] connect time:4, accumulated time:94, and the robot pair:[(0, 3)]
2026-05-04 12:32:33,354 [INFO] failed to satisfy constraint, id: 0 and r_penalty: 1302.648 and violations:0.076:
2026-05-04 12:32:36,082 [INFO] iter:0, id:3, r:1.000 and violateion:0.011
2026-05-04 12:32:36,085 [INFO] have warm up
2026-05-04 12:32:48,496 [INFO] iter:87, id:0, r:57.374 and violateion:0.011
2026-05-04 12:32:52,779 [INFO] iter:0, id:3, r:1.000 and violateion:0.011
2026-05-04 12:32:54,141 [WARNING] connect time:4, accumulated time:98, and the robot pair:[(0, 3)]
2026-05-04 12:32:58,032 [INFO] iter:2, id:0, r:1.000 and violateion:0.000
2026-05-04 12:33:00,937 [INFO] iter:3, id:3, r:1.000 and violateion:0.000
2026-05-04 12:33:00,939 [INFO] have warm up
2026-05-04 12:33:07,434 [INFO] iter:0, id:0, r:1.000 and violateion:0.000
2026-05-04 12:33:11,586 [INFO] iter:0, id:3, r:1.000 and violateion:0.000
2026-05-04 12:33:12,514 [INFO] merge map
2026-05-04 12:33:12,516 [INFO] merge map
2026-05-04 12:33:12,518 [INFO] merge map
2026-05-04 12:33:12,520 [INFO] merge map
2026-05-04 12:33:12,930 [WARNING] connect time:2, accumulated time:100, and the robot pair:[]
2026-05-04 12:33:14,999 [INFO] iter:0, id:0, r:1.000 and violateion:0.000
2026-05-04 12:33:17,431 [INFO] iter:0, id:1, r:1.000 and violateion:0.000
2026-05-04 12:33:33,791 [INFO] failed to satisfy constraint, id: 2 and r_penalty: 1507.977 and violations:0.106:
2026-05-04 12:33:36,571 [INFO] iter:0, id:3, r:1.000 and violateion:0.000
2026-05-04 12:33:36,574 [INFO] have warm up
2026-05-04 12:33:41,385 [INFO] iter:0, id:0, r:1.000 and violateion:0.000
2026-05-04 12:33:44,151 [INFO] iter:0, id:1, r:1.000 and violateion:0.000
2026-05-04 12:34:06,127 [INFO] failed to satisfy constraint, id: 2 and r_penalty: 10000.000 and violations:0.134:
2026-05-04 12:34:10,231 [INFO] iter:0, id:3, r:1.000 and violateion:0.000
2026-05-04 12:34:11,690 [WARNING] connect time:8, accumulated time:108, and the robot pair:[(0, 2)]
2026-05-04 12:34:23,775 [INFO] iter:95, id:0, r:98.128 and violateion:0.011
2026-05-04 12:34:38,285 [INFO] failed to satisfy constraint, id: 2 and r_penalty: 1125.276 and violations:0.101:
2026-05-04 12:34:38,289 [INFO] have warm up
2026-05-04 12:34:43,301 [INFO] iter:0, id:0, r:1.000 and violateion:0.023
2026-05-04 12:34:47,523 [INFO] iter:1, id:2, r:1.000 and violateion:0.014
2026-05-04 12:34:48,400 [INFO] merge map
2026-05-04 12:34:48,402 [INFO] merge map
2026-05-04 12:34:48,404 [INFO] merge map
2026-05-04 12:34:48,407 [INFO] merge map
2026-05-04 12:34:48,792 [WARNING] connect time:2, accumulated time:110, and the robot pair:[]
2026-05-04 12:34:52,217 [INFO] iter:0, id:0, r:1.000 and violateion:0.005
2026-05-04 12:34:54,552 [INFO] iter:0, id:1, r:1.000 and violateion:0.000
2026-05-04 12:34:57,143 [INFO] iter:1, id:2, r:1.000 and violateion:0.002
2026-05-04 12:34:59,597 [INFO] iter:0, id:3, r:1.000 and violateion:0.000
2026-05-04 12:34:59,600 [INFO] have warm up
2026-05-04 12:35:04,865 [INFO] iter:0, id:0, r:1.000 and violateion:0.006
2026-05-04 12:35:09,111 [INFO] iter:0, id:1, r:1.000 and violateion:0.000
2026-05-04 12:35:13,550 [INFO] iter:0, id:2, r:1.000 and violateion:0.002
2026-05-04 12:35:17,936 [INFO] iter:0, id:3, r:1.000 and violateion:0.030
2026-05-04 12:35:19,077 [WARNING] connect time:2, accumulated time:112, and the robot pair:[(0, 2)]
2026-05-04 12:35:32,687 [INFO] iter:117, id:0, r:273.382 and violateion:0.026
2026-05-04 12:35:44,915 [INFO] failed to satisfy constraint, id: 2 and r_penalty: 1507.977 and violations:0.080:
2026-05-04 12:35:44,919 [INFO] have warm up
2026-05-04 12:35:49,231 [INFO] iter:0, id:0, r:1.000 and violateion:0.026
2026-05-04 12:36:11,251 [INFO] failed to satisfy constraint, id: 2 and r_penalty: 10000.000 and violations:0.080:
2026-05-04 12:36:12,681 [INFO] merge map
2026-05-04 12:36:12,683 [INFO] merge map
2026-05-04 12:36:12,686 [INFO] merge map
2026-05-04 12:36:12,688 [INFO] merge map
2026-05-04 12:36:12,915 [INFO] update map
2026-05-04 12:36:13,321 [WARNING] connect time:8, accumulated time:120, and the robot pair:[]
2026-05-04 12:36:17,061 [INFO] iter:0, id:0, r:1.000 and violateion:0.014
2026-05-04 12:36:19,518 [INFO] iter:0, id:1, r:1.000 and violateion:0.000
2026-05-04 12:36:34,122 [INFO] failed to satisfy constraint, id: 2 and r_penalty: 1507.977 and violations:0.049:
2026-05-04 12:36:36,620 [INFO] iter:0, id:3, r:1.000 and violateion:0.000
2026-05-04 12:36:36,624 [INFO] have warm up
2026-05-04 12:36:42,886 [INFO] iter:28, id:0, r:3.733 and violateion:0.019
2026-05-04 12:36:46,872 [INFO] iter:0, id:1, r:1.000 and violateion:0.000
2026-05-04 12:37:08,128 [INFO] failed to satisfy constraint, id: 2 and r_penalty: 10000.000 and violations:0.049:
2026-05-04 12:37:20,774 [INFO] iter:110, id:3, r:194.287 and violateion:0.000
2026-05-04 12:37:23,266 [INFO] merge map
2026-05-04 12:37:23,268 [INFO] merge map
2026-05-04 12:37:23,270 [INFO] merge map
2026-05-04 12:37:23,273 [INFO] merge map
2026-05-04 12:37:23,648 [WARNING] connect time:10, accumulated time:130, and the robot pair:[]
2026-05-04 12:37:27,323 [INFO] iter:0, id:0, r:1.000 and violateion:0.000
2026-05-04 12:37:29,864 [INFO] iter:0, id:1, r:1.000 and violateion:0.000
2026-05-04 12:37:44,297 [INFO] failed to satisfy constraint, id: 2 and r_penalty: 1507.977 and violations:0.035:
2026-05-04 12:37:46,025 [INFO] iter:0, id:3, r:1.000 and violateion:0.000
2026-05-04 12:37:46,028 [INFO] have warm up
2026-05-04 12:37:51,101 [INFO] iter:0, id:0, r:1.000 and violateion:0.010
2026-05-04 12:37:55,489 [INFO] iter:0, id:1, r:1.000 and violateion:0.000
2026-05-04 12:38:15,313 [INFO] failed to satisfy constraint, id: 2 and r_penalty: 10000.000 and violations:0.035:
2026-05-04 12:38:19,786 [INFO] iter:0, id:3, r:1.000 and violateion:0.000
2026-05-04 12:38:20,343 [INFO] merge map
2026-05-04 12:38:20,345 [INFO] merge map
2026-05-04 12:38:20,347 [INFO] merge map
2026-05-04 12:38:20,349 [INFO] merge map
2026-05-04 12:38:20,740 [WARNING] connect time:10, accumulated time:140, and the robot pair:[]
2026-05-04 12:38:24,274 [INFO] iter:0, id:0, r:1.000 and violateion:0.000
2026-05-04 12:38:26,722 [INFO] iter:0, id:1, r:1.000 and violateion:0.000
2026-05-04 12:38:29,175 [INFO] iter:0, id:2, r:1.000 and violateion:0.025
2026-05-04 12:38:30,486 [INFO] iter:0, id:3, r:1.000 and violateion:0.000
2026-05-04 12:38:30,489 [INFO] have warm up
2026-05-04 12:38:38,132 [INFO] iter:30, id:0, r:3.556 and violateion:0.009
2026-05-04 12:38:42,523 [INFO] iter:0, id:1, r:1.000 and violateion:0.000
2026-05-04 12:38:55,456 [INFO] iter:110, id:2, r:89.005 and violateion:0.020
2026-05-04 12:38:59,641 [INFO] iter:0, id:3, r:1.000 and violateion:0.000
2026-05-04 12:39:00,943 [INFO] merge map
2026-05-04 12:39:00,946 [INFO] merge map
2026-05-04 12:39:00,948 [INFO] merge map
2026-05-04 12:39:00,949 [INFO] merge map
2026-05-04 12:39:01,392 [WARNING] connect time:10, accumulated time:150, and the robot pair:[]
2026-05-04 12:39:03,728 [INFO] iter:0, id:0, r:1.000 and violateion:0.000
2026-05-04 12:39:05,975 [INFO] iter:0, id:1, r:1.000 and violateion:0.000
2026-05-04 12:39:08,612 [INFO] iter:2, id:2, r:1.000 and violateion:0.011
2026-05-04 12:39:11,072 [INFO] iter:0, id:3, r:1.000 and violateion:0.000
2026-05-04 12:39:11,075 [INFO] have warm up
2026-05-04 12:39:18,488 [INFO] iter:25, id:0, r:2.925 and violateion:0.000
2026-05-04 12:39:22,801 [INFO] iter:0, id:1, r:1.000 and violateion:0.000
2026-05-04 12:39:27,047 [INFO] iter:0, id:2, r:1.000 and violateion:0.011
2026-05-04 12:39:31,563 [INFO] iter:0, id:3, r:1.000 and violateion:0.019
2026-05-04 12:39:32,933 [WARNING] connect time:2, accumulated time:152, and the robot pair:[(0, 2)]
2026-05-04 12:39:45,787 [INFO] failed to satisfy constraint, id: 0 and r_penalty: 1507.977 and violations:0.072:
2026-05-04 12:39:58,830 [INFO] satisfy constraint, but not converge, id: 2 and r_penalty: 1071.691 and violations:0.000:
2026-05-04 12:39:58,833 [INFO] have warm up
2026-05-04 12:40:15,214 [INFO] iter:172, id:0, r:3629.128 and violateion:0.000
2026-05-04 12:40:29,589 [INFO] iter:141, id:2, r:445.310 and violateion:0.012
2026-05-04 12:40:31,292 [WARNING] connect time:4, accumulated time:156, and the robot pair:[(0, 2)]
2026-05-04 12:40:43,945 [INFO] satisfy constraint, but not converge, id: 0 and r_penalty: 1436.169 and violations:0.000:
2026-05-04 12:40:47,030 [INFO] iter:9, id:2, r:1.407 and violateion:0.017
2026-05-04 12:40:47,032 [INFO] have warm up
2026-05-04 12:40:52,481 [INFO] iter:1, id:0, r:1.000 and violateion:0.000
2026-05-04 12:40:58,758 [INFO] iter:34, id:2, r:3.556 and violateion:0.000
2026-05-04 12:41:00,340 [INFO] merge map
2026-05-04 12:41:00,342 [INFO] merge map
2026-05-04 12:41:00,344 [INFO] merge map
2026-05-04 12:41:00,346 [INFO] merge map
2026-05-04 12:41:00,807 [WARNING] connect time:4, accumulated time:160, and the robot pair:[]
2026-05-04 12:41:04,290 [INFO] iter:0, id:0, r:1.000 and violateion:0.000
2026-05-04 12:41:06,726 [INFO] iter:0, id:1, r:1.000 and violateion:0.000
2026-05-04 12:41:09,083 [INFO] iter:0, id:2, r:1.000 and violateion:0.000
2026-05-04 12:41:10,547 [INFO] iter:0, id:3, r:1.000 and violateion:0.000
2026-05-04 12:41:10,550 [INFO] have warm up
2026-05-04 12:41:17,340 [INFO] iter:0, id:0, r:1.000 and violateion:0.000
2026-05-04 12:41:21,313 [INFO] iter:0, id:1, r:1.000 and violateion:0.000
2026-05-04 12:41:25,571 [INFO] iter:0, id:2, r:1.000 and violateion:0.000
2026-05-04 12:41:29,745 [INFO] iter:0, id:3, r:1.000 and violateion:0.019
2026-05-04 12:41:30,720 [WARNING] connect time:0, accumulated time:160, and the robot pair:[(0, 2)]
2026-05-04 12:41:32,811 [INFO] iter:0, id:0, r:1.000 and violateion:0.000
2026-05-04 12:41:43,814 [INFO] failed to satisfy constraint, id: 2 and r_penalty: 17.790 and violations:0.051:
2026-05-04 12:41:43,818 [INFO] have warm up
2026-05-04 12:41:47,570 [INFO] iter:0, id:0, r:1.000 and violateion:0.000
2026-05-04 12:42:04,735 [INFO] satisfy constraint, but not converge, id: 2 and r_penalty: 20.594 and violations:0.005:
2026-05-04 12:42:05,554 [WARNING] connect time:4, accumulated time:164, and the robot pair:[(0, 2)]
2026-05-04 12:42:09,032 [INFO] iter:0, id:0, r:1.000 and violateion:0.000
2026-05-04 12:42:18,255 [INFO] iter:116, id:2, r:236.157 and violateion:0.001
2026-05-04 12:42:18,259 [INFO] have warm up
2026-05-04 12:42:24,065 [INFO] iter:0, id:0, r:1.000 and violateion:0.000
2026-05-04 12:42:28,500 [INFO] iter:1, id:2, r:1.000 and violateion:0.001
2026-05-04 12:42:30,013 [WARNING] connect time:4, accumulated time:168, and the robot pair:[(0, 2)]
2026-05-04 12:42:33,444 [INFO] iter:0, id:0, r:1.000 and violateion:0.000
2026-05-04 12:42:36,201 [INFO] iter:2, id:2, r:1.000 and violateion:0.011
2026-05-04 12:42:36,203 [INFO] have warm up
2026-05-04 12:42:40,927 [INFO] iter:0, id:0, r:1.000 and violateion:0.000
2026-05-04 12:42:43,786 [INFO] iter:0, id:2, r:1.000 and violateion:0.023
2026-05-04 12:42:44,463 [INFO] merge map
2026-05-04 12:42:44,466 [INFO] merge map
2026-05-04 12:42:44,469 [INFO] merge map
2026-05-04 12:42:44,472 [INFO] merge map
2026-05-04 12:42:44,929 [WARNING] connect time:2, accumulated time:170, and the robot pair:[]
2026-05-04 12:42:48,409 [INFO] iter:0, id:0, r:1.000 and violateion:0.000
2026-05-04 12:42:50,874 [INFO] iter:0, id:1, r:1.000 and violateion:0.000
2026-05-04 12:42:53,339 [INFO] iter:0, id:2, r:1.000 and violateion:0.010
2026-05-04 12:42:55,902 [INFO] iter:0, id:3, r:1.000 and violateion:0.000
2026-05-04 12:42:55,905 [INFO] have warm up
2026-05-04 12:43:01,008 [INFO] iter:0, id:0, r:1.000 and violateion:0.000
2026-05-04 12:43:05,094 [INFO] iter:0, id:1, r:1.000 and violateion:0.000
2026-05-04 12:43:09,122 [INFO] iter:0, id:2, r:1.000 and violateion:0.012
2026-05-04 12:43:14,839 [INFO] iter:20, id:3, r:2.183 and violateion:0.024
2026-05-04 12:43:15,153 [WARNING] connect time:2, accumulated time:172, and the robot pair:[(0, 2)]
2026-05-04 12:43:18,599 [INFO] iter:0, id:0, r:1.000 and violateion:0.000
2026-05-04 12:43:21,260 [INFO] iter:1, id:2, r:1.000 and violateion:0.009
2026-05-04 12:43:21,263 [INFO] have warm up
2026-05-04 12:43:26,043 [INFO] iter:0, id:0, r:1.000 and violateion:0.000
2026-05-04 12:43:30,087 [INFO] iter:0, id:2, r:1.000 and violateion:0.009
2026-05-04 12:43:31,803 [WARNING] connect time:1, accumulated time:173, and the robot pair:[(0, 2), (0, 3), (2, 3)]
2026-05-04 12:43:44,275 [INFO] failed to satisfy constraint, id: 0 and r_penalty: 1507.977 and violations:0.164:
2026-05-04 12:43:54,881 [INFO] failed to satisfy constraint, id: 2 and r_penalty: 1507.977 and violations:0.164:
2026-05-04 12:44:06,653 [INFO] failed to satisfy constraint, id: 3 and r_penalty: 1507.977 and violations:0.164:
2026-05-04 12:44:06,657 [INFO] have warm up
2026-05-04 12:44:21,428 [INFO] iter:183, id:0, r:5361.874 and violateion:0.015
2026-05-04 12:44:37,966 [INFO] failed to satisfy constraint, id: 2 and r_penalty: 10000.000 and violations:0.162:
2026-05-04 12:44:53,319 [INFO] failed to satisfy constraint, id: 3 and r_penalty: 10000.000 and violations:0.207:
2026-05-04 12:44:55,061 [WARNING] connect time:3, accumulated time:176, and the robot pair:[(1, 2)]
2026-05-04 12:45:07,801 [INFO] failed to satisfy constraint, id: 1 and r_penalty: 1436.169 and violations:0.336:
2026-05-04 12:45:19,031 [INFO] failed to satisfy constraint, id: 2 and r_penalty: 1507.977 and violations:0.492:
2026-05-04 12:45:19,035 [INFO] have warm up
2026-05-04 12:45:34,581 [INFO] failed to satisfy constraint, id: 1 and r_penalty: 10000.000 and violations:0.197:
2026-05-04 12:45:50,410 [INFO] failed to satisfy constraint, id: 2 and r_penalty: 10000.000 and violations:0.109:
2026-05-04 12:45:51,738 [WARNING] connect time:1, accumulated time:177, and the robot pair:[(0, 2), (0, 3), (2, 3)]
2026-05-04 12:46:03,216 [INFO] failed to satisfy constraint, id: 0 and r_penalty: 1436.169 and violations:0.265:
2026-05-04 12:46:14,817 [INFO] failed to satisfy constraint, id: 2 and r_penalty: 1436.169 and violations:0.188:
2026-05-04 12:46:25,102 [INFO] failed to satisfy constraint, id: 3 and r_penalty: 1240.617 and violations:0.099:
2026-05-04 12:46:25,106 [INFO] have warm up
2026-05-04 12:46:43,984 [INFO] failed to satisfy constraint, id: 0 and r_penalty: 10000.000 and violations:0.255:
2026-05-04 12:46:58,907 [INFO] failed to satisfy constraint, id: 2 and r_penalty: 10000.000 and violations:0.187:
2026-05-04 12:47:15,289 [INFO] failed to satisfy constraint, id: 3 and r_penalty: 10000.000 and violations:0.099:
2026-05-04 12:47:16,263 [INFO] merge map
2026-05-04 12:47:16,266 [INFO] merge map
2026-05-04 12:47:16,268 [INFO] merge map
2026-05-04 12:47:16,271 [INFO] merge map
2026-05-04 12:47:16,512 [INFO] update map
2026-05-04 12:47:16,935 [WARNING] connect time:3, accumulated time:180, and the robot pair:[]
2026-05-04 12:47:28,530 [INFO] failed to satisfy constraint, id: 0 and r_penalty: 1507.977 and violations:0.244:
2026-05-04 12:47:39,546 [INFO] failed to satisfy constraint, id: 1 and r_penalty: 1436.169 and violations:0.088:
2026-05-04 12:47:50,809 [INFO] failed to satisfy constraint, id: 2 and r_penalty: 1507.977 and violations:0.171:
2026-05-04 12:48:01,297 [INFO] failed to satisfy constraint, id: 3 and r_penalty: 1507.977 and violations:0.090:
2026-05-04 12:48:01,302 [INFO] have warm up
2026-05-04 12:48:17,603 [INFO] failed to satisfy constraint, id: 0 and r_penalty: 10000.000 and violations:0.244:
2026-05-04 12:48:32,083 [INFO] failed to satisfy constraint, id: 1 and r_penalty: 10000.000 and violations:0.089:
2026-05-04 12:48:47,945 [INFO] failed to satisfy constraint, id: 2 and r_penalty: 10000.000 and violations:0.171:
2026-05-04 12:49:02,890 [INFO] failed to satisfy constraint, id: 3 and r_penalty: 10000.000 and violations:0.090:
2026-05-04 12:49:04,151 [WARNING] connect time:0, accumulated time:180, and the robot pair:[(1, 2)]
2026-05-04 12:49:15,011 [INFO] failed to satisfy constraint, id: 1 and r_penalty: 925.767 and violations:0.282:
2026-05-04 12:49:26,190 [INFO] failed to satisfy constraint, id: 2 and r_penalty: 1240.617 and violations:0.179:
2026-05-04 12:49:26,194 [INFO] have warm up
2026-05-04 12:49:40,412 [INFO] failed to satisfy constraint, id: 1 and r_penalty: 2121.876 and violations:0.283:
2026-05-04 12:49:56,090 [INFO] failed to satisfy constraint, id: 2 and r_penalty: 10000.000 and violations:0.176:
2026-05-04 12:49:56,882 [WARNING] connect time:1, accumulated time:181, and the robot pair:[(0, 2), (0, 3), (2, 3)]
2026-05-04 12:50:08,091 [INFO] failed to satisfy constraint, id: 0 and r_penalty: 1507.977 and violations:0.312:
2026-05-04 12:50:19,232 [INFO] failed to satisfy constraint, id: 2 and r_penalty: 1507.977 and violations:0.338:
2026-05-04 12:50:30,515 [INFO] failed to satisfy constraint, id: 3 and r_penalty: 1181.540 and violations:0.283:
2026-05-04 12:50:30,519 [INFO] have warm up
2026-05-04 12:50:45,803 [INFO] failed to satisfy constraint, id: 0 and r_penalty: 5106.547 and violations:0.059:
2026-05-04 12:51:01,474 [INFO] failed to satisfy constraint, id: 2 and r_penalty: 10000.000 and violations:0.338:
2026-05-04 12:51:16,312 [INFO] failed to satisfy constraint, id: 3 and r_penalty: 5911.467 and violations:0.063:
2026-05-04 12:51:17,958 [WARNING] connect time:3, accumulated time:184, and the robot pair:[(1, 2)]
2026-05-04 12:51:29,972 [INFO] failed to satisfy constraint, id: 1 and r_penalty: 925.767 and violations:0.320:
2026-05-04 12:51:40,155 [INFO] failed to satisfy constraint, id: 2 and r_penalty: 1507.977 and violations:0.314:
2026-05-04 12:51:40,163 [INFO] have warm up
2026-05-04 12:51:56,279 [INFO] failed to satisfy constraint, id: 1 and r_penalty: 10000.000 and violations:0.246:
2026-05-04 12:52:11,669 [INFO] failed to satisfy constraint, id: 2 and r_penalty: 10000.000 and violations:0.314:
2026-05-04 12:52:13,033 [WARNING] connect time:1, accumulated time:185, and the robot pair:[(0, 2), (0, 3), (2, 3)]
2026-05-04 12:52:24,948 [INFO] failed to satisfy constraint, id: 0 and r_penalty: 1367.780 and violations:0.155:
2026-05-04 12:52:34,560 [INFO] failed to satisfy constraint, id: 2 and r_penalty: 925.767 and violations:0.142:
2026-05-04 12:52:45,594 [INFO] failed to satisfy constraint, id: 3 and r_penalty: 1436.169 and violations:0.160:
2026-05-04 12:52:45,598 [INFO] have warm up
2026-05-04 12:53:00,284 [INFO] failed to satisfy constraint, id: 0 and r_penalty: 10000.000 and violations:0.155:
2026-05-04 12:53:15,746 [INFO] failed to satisfy constraint, id: 2 and r_penalty: 10000.000 and violations:0.135:
2026-05-04 12:53:30,248 [INFO] failed to satisfy constraint, id: 3 and r_penalty: 10000.000 and violations:0.160:
2026-05-04 12:53:31,648 [WARNING] connect time:3, accumulated time:188, and the robot pair:[(0, 1), (0, 2), (1, 2)]
2026-05-04 12:53:43,683 [INFO] failed to satisfy constraint, id: 0 and r_penalty: 1367.780 and violations:0.109:
2026-05-04 12:53:53,986 [INFO] failed to satisfy constraint, id: 1 and r_penalty: 1302.648 and violations:0.114:
2026-05-04 12:54:03,619 [INFO] failed to satisfy constraint, id: 2 and r_penalty: 1302.648 and violations:0.109:
2026-05-04 12:54:03,623 [INFO] have warm up
2026-05-04 12:54:19,083 [INFO] failed to satisfy constraint, id: 0 and r_penalty: 10000.000 and violations:0.109:
2026-05-04 12:54:32,732 [INFO] failed to satisfy constraint, id: 1 and r_penalty: 10000.000 and violations:0.114:
2026-05-04 12:54:47,948 [INFO] failed to satisfy constraint, id: 2 and r_penalty: 10000.000 and violations:0.109:
2026-05-04 12:54:49,635 [WARNING] connect time:1, accumulated time:189, and the robot pair:[(0, 2), (0, 3), (2, 3)]
2026-05-04 12:55:01,462 [INFO] failed to satisfy constraint, id: 0 and r_penalty: 1507.977 and violations:0.099:
2026-05-04 12:55:10,955 [INFO] failed to satisfy constraint, id: 2 and r_penalty: 1507.977 and violations:0.099:
2026-05-04 12:55:21,697 [INFO] failed to satisfy constraint, id: 3 and r_penalty: 1507.977 and violations:0.069:
2026-05-04 12:55:21,701 [INFO] have warm up
2026-05-04 12:55:36,244 [INFO] failed to satisfy constraint, id: 0 and r_penalty: 10000.000 and violations:0.099:
2026-05-04 12:55:51,103 [INFO] failed to satisfy constraint, id: 2 and r_penalty: 10000.000 and violations:0.099:
2026-05-04 12:56:05,257 [INFO] failed to satisfy constraint, id: 3 and r_penalty: 10000.000 and violations:0.069:
2026-05-04 12:56:06,807 [INFO] merge map
2026-05-04 12:56:06,810 [INFO] merge map
2026-05-04 12:56:06,812 [INFO] merge map
2026-05-04 12:56:06,814 [INFO] merge map
2026-05-04 12:56:07,220 [WARNING] connect time:1, accumulated time:190, and the robot pair:[]
2026-05-04 12:56:18,895 [INFO] failed to satisfy constraint, id: 0 and r_penalty: 1507.977 and violations:0.091:
2026-05-04 12:56:29,399 [INFO] failed to satisfy constraint, id: 1 and r_penalty: 1507.977 and violations:0.097:
2026-05-04 12:56:38,913 [INFO] failed to satisfy constraint, id: 2 and r_penalty: 1507.977 and violations:0.091:
2026-05-04 12:56:49,517 [INFO] failed to satisfy constraint, id: 3 and r_penalty: 1507.977 and violations:0.055:
2026-05-04 12:56:49,521 [INFO] have warm up
2026-05-04 12:57:04,615 [INFO] failed to satisfy constraint, id: 0 and r_penalty: 10000.000 and violations:0.091:
2026-05-04 12:57:17,928 [INFO] failed to satisfy constraint, id: 1 and r_penalty: 10000.000 and violations:0.097:
2026-05-04 12:57:32,802 [INFO] failed to satisfy constraint, id: 2 and r_penalty: 10000.000 and violations:0.091:
2026-05-04 12:57:46,830 [INFO] failed to satisfy constraint, id: 3 and r_penalty: 10000.000 and violations:0.055:
2026-05-04 12:57:48,694 [WARNING] connect time:2, accumulated time:192, and the robot pair:[(0, 1), (0, 2), (1, 2)]
2026-05-04 12:58:02,865 [INFO] failed to satisfy constraint, id: 0 and r_penalty: 1507.977 and violations:0.096:
2026-05-04 12:58:12,007 [INFO] failed to satisfy constraint, id: 1 and r_penalty: 1507.977 and violations:0.096:
2026-05-04 12:58:22,490 [INFO] failed to satisfy constraint, id: 2 and r_penalty: 1507.977 and violations:0.096:
2026-05-04 12:58:22,494 [INFO] have warm up
2026-05-04 12:58:37,207 [INFO] failed to satisfy constraint, id: 0 and r_penalty: 10000.000 and violations:0.096:
2026-05-04 12:58:52,759 [INFO] failed to satisfy constraint, id: 1 and r_penalty: 10000.000 and violations:0.096:
2026-05-04 12:59:05,939 [INFO] failed to satisfy constraint, id: 2 and r_penalty: 10000.000 and violations:0.096:
2026-05-04 12:59:07,354 [WARNING] connect time:1, accumulated time:193, and the robot pair:[(0, 2), (0, 3), (2, 3)]
2026-05-04 12:59:19,082 [INFO] failed to satisfy constraint, id: 0 and r_penalty: 1507.977 and violations:0.095:
2026-05-04 12:59:28,274 [INFO] failed to satisfy constraint, id: 2 and r_penalty: 1507.977 and violations:0.095:
2026-05-04 12:59:39,457 [INFO] failed to satisfy constraint, id: 3 and r_penalty: 1507.977 and violations:0.087:
2026-05-04 12:59:39,462 [INFO] have warm up
2026-05-04 12:59:54,512 [INFO] failed to satisfy constraint, id: 0 and r_penalty: 10000.000 and violations:0.095:
2026-05-04 13:00:07,804 [INFO] failed to satisfy constraint, id: 2 and r_penalty: 10000.000 and violations:0.095:
2026-05-04 13:00:22,831 [INFO] failed to satisfy constraint, id: 3 and r_penalty: 10000.000 and violations:0.087:
2026-05-04 13:00:24,286 [WARNING] connect time:3, accumulated time:196, and the robot pair:[(0, 1), (0, 2), (1, 2)]
2026-05-04 13:00:34,225 [INFO] failed to satisfy constraint, id: 0 and r_penalty: 568.341 and violations:0.082:
2026-05-04 13:00:44,248 [INFO] failed to satisfy constraint, id: 1 and r_penalty: 1020.659 and violations:0.089:
2026-05-04 13:00:54,523 [INFO] failed to satisfy constraint, id: 2 and r_penalty: 1125.276 and violations:0.089:
2026-05-04 13:00:54,527 [INFO] have warm up
2026-05-04 13:01:07,822 [INFO] failed to satisfy constraint, id: 0 and r_penalty: 10000.000 and violations:0.082:
2026-05-04 13:01:22,029 [INFO] failed to satisfy constraint, id: 1 and r_penalty: 10000.000 and violations:0.089:
2026-05-04 13:01:35,002 [INFO] failed to satisfy constraint, id: 2 and r_penalty: 10000.000 and violations:0.089:
2026-05-04 13:01:36,604 [WARNING] connect time:1, accumulated time:197, and the robot pair:[(0, 3)]
2026-05-04 13:01:47,898 [INFO] failed to satisfy constraint, id: 0 and r_penalty: 1507.977 and violations:0.082:
2026-05-04 13:01:58,240 [INFO] failed to satisfy constraint, id: 3 and r_penalty: 1507.977 and violations:0.076:
2026-05-04 13:01:58,245 [INFO] have warm up
2026-05-04 13:02:11,563 [INFO] failed to satisfy constraint, id: 0 and r_penalty: 8733.928 and violations:0.077:
2026-05-04 13:02:26,035 [INFO] failed to satisfy constraint, id: 3 and r_penalty: 10000.000 and violations:0.076:
2026-05-04 13:02:26,616 [INFO] merge map
2026-05-04 13:02:26,619 [INFO] merge map
2026-05-04 13:02:26,621 [INFO] merge map
2026-05-04 13:02:26,623 [INFO] merge map
2026-05-04 13:02:27,017 [WARNING] connect time:3, accumulated time:200, and the robot pair:[]
2026-05-04 13:02:36,725 [INFO] failed to satisfy constraint, id: 0 and r_penalty: 1436.169 and violations:0.048:
2026-05-04 13:02:46,629 [INFO] failed to satisfy constraint, id: 1 and r_penalty: 972.056 and violations:0.051:
2026-05-04 13:02:56,743 [INFO] failed to satisfy constraint, id: 2 and r_penalty: 1367.780 and violations:0.051:
2026-05-04 13:03:06,817 [INFO] failed to satisfy constraint, id: 3 and r_penalty: 1507.977 and violations:0.050:
2026-05-04 13:03:06,822 [INFO] have warm up
2026-05-04 13:03:20,216 [INFO] failed to satisfy constraint, id: 0 and r_penalty: 10000.000 and violations:0.054:
2026-05-04 13:03:34,080 [INFO] failed to satisfy constraint, id: 1 and r_penalty: 10000.000 and violations:0.052:
2026-05-04 13:03:46,722 [INFO] failed to satisfy constraint, id: 2 and r_penalty: 10000.000 and violations:0.051:
2026-05-04 13:04:00,967 [INFO] failed to satisfy constraint, id: 3 and r_penalty: 10000.000 and violations:0.050:
2026-05-04 13:04:01,840 [WARNING] connect time:0, accumulated time:200, and the robot pair:[(0, 1), (0, 2), (1, 2)]
2026-05-04 13:04:10,229 [INFO] failed to satisfy constraint, id: 0 and r_penalty: 1507.977 and violations:0.053:
2026-05-04 13:04:20,002 [INFO] failed to satisfy constraint, id: 1 and r_penalty: 1436.169 and violations:0.053:
2026-05-04 13:04:30,019 [INFO] failed to satisfy constraint, id: 2 and r_penalty: 1507.977 and violations:0.053:
2026-05-04 13:04:30,023 [INFO] have warm up
2026-05-04 13:04:42,298 [INFO] failed to satisfy constraint, id: 0 and r_penalty: 10000.000 and violations:0.058:
2026-05-04 13:04:55,523 [INFO] failed to satisfy constraint, id: 1 and r_penalty: 8733.928 and violations:0.052:
2026-05-04 13:05:09,562 [INFO] failed to satisfy constraint, id: 2 and r_penalty: 10000.000 and violations:0.053:
2026-05-04 13:05:10,398 [WARNING] connect time:4, accumulated time:204, and the robot pair:[(0, 1)]
2026-05-04 13:05:21,249 [INFO] satisfy constraint, but not converge, id: 0 and r_penalty: 839.698 and violations:0.017:
2026-05-04 13:05:22,849 [INFO] iter:6, id:1, r:1.000 and violateion:0.017
2026-05-04 13:05:22,851 [INFO] have warm up
2026-05-04 13:05:27,939 [INFO] iter:5, id:0, r:1.000 and violateion:0.023
2026-05-04 13:05:32,502 [INFO] iter:7, id:1, r:1.000 and violateion:0.028
2026-05-04 13:05:33,703 [WARNING] connect time:4, accumulated time:208, and the robot pair:[(0, 1)]
2026-05-04 13:05:38,838 [INFO] iter:26, id:0, r:1.000 and violateion:0.001
2026-05-04 13:05:42,525 [INFO] iter:25, id:1, r:1.000 and violateion:0.014
2026-05-04 13:05:42,528 [INFO] have warm up
2026-05-04 13:05:46,822 [INFO] iter:0, id:0, r:1.000 and violateion:0.001
2026-05-04 13:05:50,474 [INFO] iter:0, id:1, r:1.000 and violateion:0.020
2026-05-04 13:05:51,004 [INFO] merge map
2026-05-04 13:05:51,007 [INFO] merge map
2026-05-04 13:05:51,009 [INFO] merge map
2026-05-04 13:05:51,012 [INFO] merge map
2026-05-04 13:05:51,482 [WARNING] connect time:2, accumulated time:210, and the robot pair:[]
2026-05-04 13:05:53,752 [INFO] iter:0, id:0, r:1.000 and violateion:0.001
2026-05-04 13:05:56,111 [INFO] iter:0, id:1, r:1.000 and violateion:0.014
2026-05-04 13:06:00,395 [INFO] iter:35, id:2, r:1.000 and violateion:0.004
2026-05-04 13:06:09,645 [INFO] satisfy constraint, but not converge, id: 3 and r_penalty: 1.477 and violations:0.000:
2026-05-04 13:06:09,650 [INFO] have warm up
2026-05-04 13:06:14,004 [INFO] iter:0, id:0, r:1.000 and violateion:0.024
2026-05-04 13:06:24,235 [INFO] iter:144, id:1, r:1.886 and violateion:0.003
2026-05-04 13:06:27,441 [INFO] iter:7, id:2, r:1.000 and violateion:0.025
2026-05-04 13:06:40,828 [INFO] failed to satisfy constraint, id: 3 and r_penalty: 10000.000 and violations:0.115:
2026-05-04 13:06:41,481 [INFO] merge map
2026-05-04 13:06:41,483 [INFO] merge map
2026-05-04 13:06:41,485 [INFO] merge map
2026-05-04 13:06:41,489 [INFO] merge map
2026-05-04 13:06:41,947 [WARNING] connect time:10, accumulated time:220, and the robot pair:[]
2026-05-04 13:06:48,306 [INFO] iter:62, id:0, r:1.158 and violateion:0.003
2026-05-04 13:06:55,288 [INFO] iter:111, id:1, r:1.477 and violateion:0.003
2026-05-04 13:06:58,867 [INFO] iter:53, id:2, r:1.000 and violateion:0.016
2026-05-04 13:07:09,204 [INFO] iter:110, id:3, r:1.000 and violateion:0.011
2026-05-04 13:07:09,208 [INFO] have warm up
2026-05-04 13:07:16,792 [INFO] iter:76, id:0, r:1.477 and violateion:0.007
2026-05-04 13:07:24,402 [INFO] iter:89, id:1, r:2.079 and violateion:0.006
2026-05-04 13:07:29,748 [INFO] iter:63, id:2, r:1.551 and violateion:0.000
2026-05-04 13:07:42,289 [INFO] failed to satisfy constraint, id: 3 and r_penalty: 10000.000 and violations:0.182:
2026-05-04 13:07:43,484 [WARNING] connect time:1, accumulated time:221, and the robot pair:[(0, 2)]
2026-05-04 13:07:48,471 [INFO] iter:27, id:0, r:1.980 and violateion:0.018
2026-05-04 13:07:52,243 [INFO] iter:27, id:2, r:2.183 and violateion:0.014
2026-05-04 13:07:52,246 [INFO] have warm up
2026-05-04 13:07:58,395 [INFO] iter:73, id:0, r:28.978 and violateion:0.000
2026-05-04 13:08:05,578 [INFO] iter:76, id:2, r:13.275 and violateion:0.001
2026-05-04 13:08:06,889 [WARNING] connect time:4, accumulated time:225, and the robot pair:[(0, 2)]
2026-05-04 13:08:13,310 [INFO] iter:65, id:0, r:1.000 and violateion:0.000
2026-05-04 13:08:21,690 [INFO] satisfy constraint, but not converge, id: 2 and r_penalty: 1.407 and violations:0.004:
2026-05-04 13:08:21,694 [INFO] have warm up
2026-05-04 13:08:27,905 [INFO] iter:42, id:0, r:1.796 and violateion:0.018
2026-05-04 13:08:33,162 [INFO] iter:67, id:2, r:2.407 and violateion:0.000
2026-05-04 13:08:34,516 [WARNING] connect time:4, accumulated time:229, and the robot pair:[(0, 2)]
2026-05-04 13:08:39,302 [INFO] iter:27, id:0, r:1.000 and violateion:0.014
2026-05-04 13:08:42,976 [INFO] iter:32, id:2, r:1.000 and violateion:0.016
2026-05-04 13:08:42,979 [INFO] have warm up
2026-05-04 13:08:47,933 [INFO] iter:12, id:0, r:1.000 and violateion:0.018
2026-05-04 13:08:52,783 [INFO] iter:19, id:2, r:1.000 and violateion:0.019
2026-05-04 13:08:53,382 [INFO] merge map
2026-05-04 13:08:53,384 [INFO] merge map
2026-05-04 13:08:53,387 [INFO] merge map
2026-05-04 13:08:53,389 [INFO] merge map
2026-05-04 13:08:53,907 [WARNING] connect time:1, accumulated time:230, and the robot pair:[]
2026-05-04 13:08:58,438 [INFO] iter:17, id:0, r:1.000 and violateion:0.020
2026-05-04 13:09:00,420 [INFO] iter:21, id:1, r:1.000 and violateion:0.012
2026-05-04 13:09:03,529 [INFO] iter:16, id:2, r:1.000 and violateion:0.025
2026-05-04 13:09:07,579 [INFO] iter:39, id:3, r:5.003 and violateion:0.029
2026-05-04 13:09:07,582 [INFO] have warm up
2026-05-04 13:09:15,180 [INFO] iter:93, id:0, r:1.000 and violateion:0.001
2026-05-04 13:09:20,152 [INFO] iter:29, id:1, r:1.000 and violateion:0.001
2026-05-04 13:09:26,059 [INFO] iter:54, id:2, r:1.629 and violateion:0.004
2026-05-04 13:09:37,574 [INFO] failed to satisfy constraint, id: 3 and r_penalty: 10000.000 and violations:0.228:
2026-05-04 13:09:38,892 [WARNING] connect time:1, accumulated time:231, and the robot pair:[(1, 3)]
2026-05-04 13:09:43,733 [INFO] iter:27, id:1, r:1.000 and violateion:0.007
2026-05-04 13:09:47,251 [INFO] iter:28, id:3, r:1.000 and violateion:0.012
2026-05-04 13:09:47,254 [INFO] have warm up
2026-05-04 13:09:50,207 [INFO] iter:9, id:1, r:1.000 and violateion:0.009
2026-05-04 13:09:54,337 [INFO] iter:5, id:3, r:1.000 and violateion:0.014
2026-05-04 13:09:55,676 [WARNING] connect time:2, accumulated time:233, and the robot pair:[(0, 2)]
2026-05-04 13:09:59,364 [INFO] iter:0, id:0, r:1.000 and violateion:0.005
2026-05-04 13:10:01,930 [INFO] iter:0, id:2, r:1.000 and violateion:0.005
2026-05-04 13:10:01,933 [INFO] have warm up
2026-05-04 13:10:05,877 [INFO] iter:0, id:0, r:1.000 and violateion:0.005
2026-05-04 13:10:09,404 [INFO] iter:0, id:2, r:1.000 and violateion:0.005
2026-05-04 13:10:10,671 [WARNING] connect time:2, accumulated time:235, and the robot pair:[(1, 3)]
2026-05-04 13:10:14,225 [INFO] iter:0, id:1, r:1.000 and violateion:0.005
2026-05-04 13:10:17,253 [INFO] iter:10, id:3, r:1.000 and violateion:0.005
2026-05-04 13:10:17,256 [INFO] have warm up
2026-05-04 13:10:20,043 [INFO] iter:0, id:1, r:1.000 and violateion:0.005
2026-05-04 13:10:23,882 [INFO] iter:1, id:3, r:1.000 and violateion:0.005
2026-05-04 13:10:25,277 [WARNING] connect time:2, accumulated time:237, and the robot pair:[(0, 2)]
2026-05-04 13:10:28,855 [INFO] iter:0, id:0, r:1.000 and violateion:0.001
2026-05-04 13:10:31,284 [INFO] iter:0, id:2, r:1.000 and violateion:0.001
2026-05-04 13:10:31,287 [INFO] have warm up
2026-05-04 13:10:35,086 [INFO] iter:0, id:0, r:1.000 and violateion:0.001
2026-05-04 13:10:38,560 [INFO] iter:0, id:2, r:1.000 and violateion:0.001
2026-05-04 13:10:39,803 [WARNING] connect time:2, accumulated time:239, and the robot pair:[(1, 3)]
2026-05-04 13:10:42,883 [INFO] iter:0, id:1, r:1.000 and violateion:0.001
2026-05-04 13:10:44,894 [INFO] iter:0, id:3, r:1.000 and violateion:0.000
2026-05-04 13:10:44,897 [INFO] have warm up
2026-05-04 13:10:53,115 [INFO] satisfy constraint, but not converge, id: 1 and r_penalty: 1.000 and violations:nan:
2026-05-04 13:11:02,143 [INFO] satisfy constraint, but not converge, id: 3 and r_penalty: 1.000 and violations:nan:
