[0.041s] Invoking command in '/home/ubuntu24/idmec/build/cmake_utils': CONDA_PROMPT_MODIFIER=(base) /usr/bin/cmake /home/ubuntu24/idmec/src/uav_simulator/Utils/cmake_utils -DCATKIN_INSTALL_INTO_PREFIX_ROOT=0 -DCMAKE_INSTALL_PREFIX=/home/ubuntu24/idmec/install/cmake_utils
[0.288s] [0mCMake Deprecation Warning at CMakeLists.txt:1 (cmake_minimum_required):
[0.288s]   Compatibility with CMake < 3.5 will be removed from a future version of
[0.288s]   CMake.
[0.288s] 
[0.289s]   Update the VERSION argument <min> value or use a ...<max> suffix to tell
[0.289s]   CMake that the project does not need compatibility with older versions.
[0.289s] 
[0.289s] [0m
[0.438s] -- The C compiler identification is GNU 13.3.0
[1.790s] -- The CXX compiler identification is GNU 13.3.0
[3.163s] -- Detecting C compiler ABI info
[3.668s] -- Detecting C compiler ABI info - done
[3.681s] -- Check for working C compiler: /usr/bin/cc - skipped
[3.681s] -- Detecting C compile features
[3.681s] -- Detecting C compile features - done
[3.905s] -- Detecting CXX compiler ABI info
[4.465s] -- Detecting CXX compiler ABI info - done
[4.482s] -- Check for working CXX compiler: /usr/bin/c++ - skipped
[4.483s] -- Detecting CXX compile features
[4.483s] -- Detecting CXX compile features - done
[6.684s] [31mCMake Error at CMakeLists.txt:4 (find_package):
[6.684s]   By not providing "Findcatkin.cmake" in CMAKE_MODULE_PATH this project has
[6.684s]   asked CMake to find a package configuration file provided by "catkin", but
[6.685s]   CMake did not find one.
[6.685s] 
[6.685s]   Could not find a package configuration file provided by "catkin" with any
[6.685s]   of the following names:
[6.685s] 
[6.685s]     catkinConfig.cmake
[6.685s]     catkin-config.cmake
[6.685s] 
[6.685s]   Add the installation prefix of "catkin" to CMAKE_PREFIX_PATH or set
[6.685s]   "catkin_DIR" to a directory containing one of the above files.  If "catkin"
[6.686s]   provides a separate development package or SDK, be sure it has been
[6.686s]   installed.
[6.686s] 
[6.686s] [0m
[6.686s] -- Configuring incomplete, errors occurred!
