2026-01-03 00:13:33,317 [INFO] Unable to initialize backend 'rocm': module 'jaxlib.xla_extension' has no attribute 'GpuAllocatorConfig'
2026-01-03 00:13:33,318 [INFO] Unable to initialize backend 'tpu': INTERNAL: Failed to open libtpu.so: libtpu.so: cannot open shared object file: No such file or directory
2026-01-03 00:13:35,556 [INFO] topicmanager initialized
2026-01-03 00:13:35,599 [INFO] Log opened: Fri Jan  2 16:13:35 2026 UTC
2026-01-03 00:13:38,970 [INFO] baseline
2026-01-03 00:13:45,327 [INFO] iter:8, id:3, r:1.000 and violateion:0.000
2026-01-03 00:13:45,572 [INFO] iter:8, id:0, r:1.000 and violateion:0.000
2026-01-03 00:14:16,814 [INFO] iter:268, id:1, r:1.000 and violateion:0.000
2026-01-03 00:14:16,949 [INFO] iter:268, id:2, r:1.000 and violateion:0.000
2026-01-03 00:14:17,305 [WARNING] connect time:5, accumulated time:5
2026-01-03 00:14:20,991 [INFO] iter:0, id:3, r:1.000 and violateion:0.000
2026-01-03 00:14:21,416 [INFO] iter:2, id:2, r:1.000 and violateion:0.002
2026-01-03 00:14:21,465 [INFO] iter:0, id:0, r:1.000 and violateion:0.000
2026-01-03 00:14:21,542 [INFO] iter:2, id:1, r:1.000 and violateion:0.002
2026-01-03 00:14:21,648 [WARNING] connect time:5, accumulated time:10
2026-01-03 00:14:25,420 [INFO] iter:2, id:1, r:1.000 and violateion:0.001
2026-01-03 00:14:25,479 [INFO] iter:0, id:3, r:1.000 and violateion:0.000
2026-01-03 00:14:25,610 [INFO] iter:0, id:0, r:1.000 and violateion:0.000
2026-01-03 00:14:25,674 [INFO] iter:2, id:2, r:1.000 and violateion:0.001
2026-01-03 00:14:25,783 [WARNING] connect time:5, accumulated time:15
2026-01-03 00:14:29,189 [INFO] iter:1, id:2, r:1.000 and violateion:0.002
2026-01-03 00:14:29,438 [INFO] iter:1, id:1, r:1.000 and violateion:0.002
2026-01-03 00:14:29,690 [INFO] iter:0, id:3, r:1.000 and violateion:0.000
2026-01-03 00:14:29,730 [INFO] iter:0, id:0, r:1.000 and violateion:0.000
2026-01-03 00:14:30,678 [INFO] update map
2026-01-03 00:14:31,332 [WARNING] connect time:5, accumulated time:20
2026-01-03 00:14:35,041 [INFO] iter:1, id:2, r:1.000 and violateion:0.001
2026-01-03 00:14:35,230 [INFO] iter:1, id:1, r:1.000 and violateion:0.001
2026-01-03 00:14:35,235 [INFO] iter:0, id:0, r:1.000 and violateion:0.000
2026-01-03 00:14:35,289 [INFO] iter:0, id:3, r:1.000 and violateion:0.000
2026-01-03 00:14:35,396 [WARNING] connect time:5, accumulated time:25
2026-01-03 00:14:38,684 [INFO] iter:0, id:0, r:1.000 and violateion:0.000
2026-01-03 00:14:39,151 [INFO] iter:1, id:1, r:1.000 and violateion:0.001
2026-01-03 00:14:39,222 [INFO] iter:0, id:3, r:1.000 and violateion:0.000
2026-01-03 00:14:39,330 [INFO] iter:1, id:2, r:1.000 and violateion:0.001
2026-01-03 00:14:39,439 [WARNING] connect time:5, accumulated time:30
2026-01-03 00:14:42,783 [INFO] iter:1, id:2, r:1.000 and violateion:0.001
2026-01-03 00:14:42,844 [INFO] iter:0, id:3, r:1.000 and violateion:0.000
2026-01-03 00:14:43,210 [INFO] iter:0, id:0, r:1.000 and violateion:0.000
2026-01-03 00:14:43,278 [INFO] iter:1, id:1, r:1.000 and violateion:0.001
2026-01-03 00:14:43,387 [WARNING] connect time:5, accumulated time:35
2026-01-03 00:14:47,173 [INFO] iter:0, id:3, r:1.000 and violateion:0.000
2026-01-03 00:14:47,428 [INFO] iter:1, id:2, r:1.000 and violateion:0.001
2026-01-03 00:14:47,499 [INFO] iter:0, id:0, r:1.000 and violateion:0.000
2026-01-03 00:14:47,560 [INFO] iter:1, id:1, r:1.000 and violateion:0.001
2026-01-03 00:14:47,594 [INFO] update map
2026-01-03 00:14:47,729 [WARNING] connect time:5, accumulated time:40
2026-01-03 00:14:51,656 [INFO] iter:0, id:3, r:1.000 and violateion:0.000
2026-01-03 00:14:51,691 [INFO] iter:0, id:0, r:1.000 and violateion:0.000
2026-01-03 00:14:52,078 [INFO] iter:1, id:1, r:1.000 and violateion:0.001
2026-01-03 00:14:52,078 [INFO] iter:1, id:2, r:1.000 and violateion:0.001
2026-01-03 00:14:52,185 [WARNING] connect time:5, accumulated time:45
2026-01-03 00:14:55,908 [INFO] iter:0, id:0, r:1.000 and violateion:0.000
2026-01-03 00:14:56,102 [INFO] iter:1, id:2, r:1.000 and violateion:0.001
2026-01-03 00:14:56,180 [INFO] iter:1, id:1, r:1.000 and violateion:0.001
2026-01-03 00:14:56,182 [INFO] iter:0, id:3, r:1.000 and violateion:0.000
2026-01-03 00:14:56,262 [WARNING] connect time:5, accumulated time:50
2026-01-03 00:15:00,420 [INFO] iter:1, id:1, r:1.000 and violateion:0.000
2026-01-03 00:15:00,663 [INFO] iter:1, id:2, r:1.000 and violateion:0.000
2026-01-03 00:15:01,187 [INFO] iter:13, id:0, r:1.000 and violateion:0.000
2026-01-03 00:15:01,474 [INFO] iter:13, id:3, r:1.000 and violateion:0.000
2026-01-03 00:15:01,520 [WARNING] connect time:5, accumulated time:55
2026-01-03 00:15:02,886 [INFO] signal_shutdown [atexit]
2026-01-03 00:15:17,806 [INFO] Unable to initialize backend 'rocm': module 'jaxlib.xla_extension' has no attribute 'GpuAllocatorConfig'
2026-01-03 00:15:17,807 [INFO] Unable to initialize backend 'tpu': INTERNAL: Failed to open libtpu.so: libtpu.so: cannot open shared object file: No such file or directory
2026-01-03 00:15:20,092 [INFO] topicmanager initialized
2026-01-03 00:15:20,137 [INFO] Log opened: Fri Jan  2 16:15:20 2026 UTC
2026-01-03 00:15:23,099 [INFO] signal_shutdown [atexit]
2026-01-03 00:16:06,077 [INFO] Unable to initialize backend 'rocm': module 'jaxlib.xla_extension' has no attribute 'GpuAllocatorConfig'
2026-01-03 00:16:06,079 [INFO] Unable to initialize backend 'tpu': INTERNAL: Failed to open libtpu.so: libtpu.so: cannot open shared object file: No such file or directory
2026-01-03 00:16:08,320 [INFO] topicmanager initialized
2026-01-03 00:16:08,363 [INFO] Log opened: Fri Jan  2 16:16:08 2026 UTC
2026-01-03 00:16:11,651 [INFO] baseline
2026-01-03 00:16:16,783 [INFO] iter:8, id:3, r:1.000 and violateion:0.000
2026-01-03 00:16:17,337 [INFO] iter:8, id:0, r:1.000 and violateion:0.000
2026-01-03 00:16:48,547 [INFO] iter:268, id:2, r:1.000 and violateion:0.000
2026-01-03 00:16:48,736 [INFO] iter:268, id:1, r:1.000 and violateion:0.000
2026-01-03 00:16:49,088 [WARNING] connect time:5, accumulated time:5
2026-01-03 00:16:52,837 [INFO] iter:2, id:2, r:1.000 and violateion:0.002
2026-01-03 00:16:52,838 [INFO] iter:0, id:0, r:1.000 and violateion:0.000
2026-01-03 00:16:52,968 [INFO] iter:0, id:3, r:1.000 and violateion:0.000
2026-01-03 00:16:53,122 [INFO] iter:2, id:1, r:1.000 and violateion:0.002
2026-01-03 00:16:53,227 [WARNING] connect time:5, accumulated time:10
2026-01-03 00:16:56,928 [INFO] iter:0, id:3, r:1.000 and violateion:0.000
2026-01-03 00:16:57,196 [INFO] iter:2, id:1, r:1.000 and violateion:0.001
2026-01-03 00:16:57,197 [INFO] iter:0, id:0, r:1.000 and violateion:0.000
2026-01-03 00:16:57,344 [INFO] iter:2, id:2, r:1.000 and violateion:0.001
2026-01-03 00:16:57,454 [WARNING] connect time:5, accumulated time:15
2026-01-03 00:17:00,758 [INFO] iter:1, id:1, r:1.000 and violateion:0.002
2026-01-03 00:17:00,945 [INFO] iter:0, id:0, r:1.000 and violateion:0.000
2026-01-03 00:17:01,257 [INFO] iter:0, id:3, r:1.000 and violateion:0.000
2026-01-03 00:17:01,349 [INFO] iter:1, id:2, r:1.000 and violateion:0.002
2026-01-03 00:17:02,301 [INFO] update map
2026-01-03 00:17:02,953 [WARNING] connect time:5, accumulated time:20
2026-01-03 00:17:06,228 [INFO] iter:0, id:0, r:1.000 and violateion:0.000
2026-01-03 00:17:06,411 [INFO] iter:0, id:3, r:1.000 and violateion:0.000
2026-01-03 00:17:06,772 [INFO] iter:1, id:2, r:1.000 and violateion:0.001
2026-01-03 00:17:06,920 [INFO] iter:1, id:1, r:1.000 and violateion:0.001
2026-01-03 00:17:07,029 [WARNING] connect time:5, accumulated time:25
2026-01-03 00:17:10,381 [INFO] iter:0, id:3, r:1.000 and violateion:0.000
2026-01-03 00:17:10,414 [INFO] iter:0, id:0, r:1.000 and violateion:0.000
2026-01-03 00:17:11,023 [INFO] iter:1, id:2, r:1.000 and violateion:0.002
2026-01-03 00:17:11,170 [INFO] iter:1, id:1, r:1.000 and violateion:0.001
2026-01-03 00:17:11,279 [WARNING] connect time:5, accumulated time:30
2026-01-03 00:17:14,783 [INFO] iter:1, id:2, r:1.000 and violateion:0.001
2026-01-03 00:17:14,783 [INFO] iter:0, id:0, r:1.000 and violateion:0.000
2026-01-03 00:17:14,997 [INFO] iter:0, id:3, r:1.000 and violateion:0.000
2026-01-03 00:17:14,997 [INFO] iter:1, id:1, r:1.000 and violateion:0.001
2026-01-03 00:17:15,104 [WARNING] connect time:5, accumulated time:35
2026-01-03 00:17:19,024 [INFO] iter:0, id:3, r:1.000 and violateion:0.000
2026-01-03 00:17:19,224 [INFO] iter:0, id:0, r:1.000 and violateion:0.000
2026-01-03 00:17:19,357 [INFO] iter:1, id:1, r:1.000 and violateion:0.001
2026-01-03 00:17:19,426 [INFO] iter:1, id:2, r:1.000 and violateion:0.001
2026-01-03 00:17:19,461 [INFO] update map
2026-01-03 00:17:19,602 [WARNING] connect time:5, accumulated time:40
2026-01-03 00:17:23,139 [INFO] iter:0, id:3, r:1.000 and violateion:0.000
2026-01-03 00:17:23,229 [INFO] iter:1, id:1, r:1.000 and violateion:0.001
2026-01-03 00:17:23,537 [INFO] iter:0, id:0, r:1.000 and violateion:0.000
2026-01-03 00:17:23,729 [INFO] iter:1, id:2, r:1.000 and violateion:0.001
2026-01-03 00:17:23,842 [WARNING] connect time:5, accumulated time:45
2026-01-03 00:17:27,194 [INFO] iter:0, id:0, r:1.000 and violateion:0.000
2026-01-03 00:17:27,648 [INFO] iter:0, id:3, r:1.000 and violateion:0.000
2026-01-03 00:17:27,652 [INFO] iter:1, id:1, r:1.000 and violateion:0.000
2026-01-03 00:17:27,718 [INFO] iter:1, id:2, r:1.000 and violateion:0.001
2026-01-03 00:17:27,801 [WARNING] connect time:5, accumulated time:50
2026-01-03 00:17:31,173 [INFO] iter:1, id:1, r:1.000 and violateion:0.001
2026-01-03 00:17:31,459 [INFO] iter:1, id:2, r:1.000 and violateion:0.000
2026-01-03 00:17:32,785 [INFO] iter:11, id:0, r:1.000 and violateion:0.000
2026-01-03 00:17:32,926 [INFO] iter:15, id:3, r:1.000 and violateion:0.000
2026-01-03 00:17:32,971 [WARNING] connect time:5, accumulated time:55
2026-01-03 00:17:36,359 [INFO] iter:1, id:2, r:1.000 and violateion:0.000
2026-01-03 00:17:36,552 [INFO] iter:1, id:1, r:1.000 and violateion:0.000
2026-01-03 00:17:36,580 [INFO] iter:0, id:3, r:1.000 and violateion:0.000
2026-01-03 00:17:36,723 [INFO] iter:2, id:0, r:1.000 and violateion:0.000
2026-01-03 00:17:36,756 [INFO] update map
2026-01-03 00:17:36,833 [WARNING] connect time:5, accumulated time:60
2026-01-03 00:17:40,271 [INFO] iter:1, id:1, r:1.000 and violateion:0.000
2026-01-03 00:17:40,454 [INFO] iter:1, id:2, r:1.000 and violateion:0.000
2026-01-03 00:17:40,501 [INFO] iter:0, id:0, r:1.000 and violateion:0.000
2026-01-03 00:17:40,609 [INFO] iter:2, id:3, r:1.000 and violateion:0.000
2026-01-03 00:17:40,654 [WARNING] connect time:5, accumulated time:65
2026-01-03 00:17:44,307 [INFO] iter:0, id:0, r:1.000 and violateion:0.000
2026-01-03 00:17:44,448 [INFO] iter:1, id:1, r:1.000 and violateion:0.000
2026-01-03 00:17:44,657 [INFO] iter:1, id:2, r:1.000 and violateion:0.000
2026-01-03 00:17:44,658 [INFO] iter:0, id:3, r:1.000 and violateion:0.000
2026-01-03 00:17:44,703 [WARNING] connect time:5, accumulated time:70
2026-01-03 00:17:48,192 [INFO] iter:1, id:2, r:1.000 and violateion:0.000
2026-01-03 00:17:48,193 [INFO] iter:2, id:0, r:1.000 and violateion:0.000
2026-01-03 00:17:48,337 [INFO] iter:1, id:1, r:1.000 and violateion:0.000
2026-01-03 00:17:48,381 [INFO] iter:2, id:3, r:1.000 and violateion:0.000
2026-01-03 00:17:48,427 [WARNING] connect time:5, accumulated time:75
2026-01-03 00:17:52,242 [INFO] iter:1, id:2, r:1.000 and violateion:0.000
2026-01-03 00:17:52,485 [INFO] iter:0, id:3, r:1.000 and violateion:0.000
2026-01-03 00:17:52,597 [INFO] iter:1, id:1, r:1.000 and violateion:0.000
2026-01-03 00:17:52,671 [INFO] iter:1, id:0, r:1.000 and violateion:0.000
2026-01-03 00:17:52,710 [INFO] update map
2026-01-03 00:17:52,787 [WARNING] connect time:5, accumulated time:80
2026-01-03 00:17:56,459 [INFO] iter:1, id:2, r:1.000 and violateion:0.000
2026-01-03 00:17:56,474 [INFO] iter:1, id:1, r:1.000 and violateion:0.000
2026-01-03 00:17:57,009 [INFO] iter:12, id:0, r:1.000 and violateion:0.000
2026-01-03 00:17:57,009 [INFO] iter:11, id:3, r:1.000 and violateion:0.000
2026-01-03 00:17:57,059 [WARNING] connect time:5, accumulated time:85
2026-01-03 00:18:00,302 [INFO] iter:1, id:2, r:1.000 and violateion:0.000
2026-01-03 00:18:00,374 [INFO] iter:4, id:0, r:1.000 and violateion:0.000
2026-01-03 00:18:00,602 [INFO] iter:1, id:1, r:1.000 and violateion:0.000
2026-01-03 00:18:00,671 [INFO] iter:3, id:3, r:1.000 and violateion:0.000
2026-01-03 00:18:00,719 [WARNING] connect time:5, accumulated time:90
2026-01-03 00:18:04,660 [INFO] iter:0, id:0, r:1.000 and violateion:0.000
2026-01-03 00:18:04,770 [INFO] iter:0, id:3, r:1.000 and violateion:0.000
2026-01-03 00:18:04,840 [INFO] iter:0, id:1, r:1.000 and violateion:0.001
2026-01-03 00:18:04,921 [INFO] iter:1, id:2, r:1.000 and violateion:0.000
2026-01-03 00:18:04,967 [WARNING] connect time:5, accumulated time:95
2026-01-03 00:18:08,148 [INFO] iter:0, id:1, r:1.000 and violateion:0.000
2026-01-03 00:18:08,447 [INFO] iter:0, id:0, r:1.000 and violateion:0.000
2026-01-03 00:18:08,495 [INFO] iter:0, id:2, r:1.000 and violateion:0.000
2026-01-03 00:18:08,522 [INFO] iter:0, id:3, r:1.000 and violateion:0.000
2026-01-03 00:18:10,350 [INFO] signal_shutdown [atexit]
2026-01-03 00:18:17,369 [INFO] Unable to initialize backend 'rocm': module 'jaxlib.xla_extension' has no attribute 'GpuAllocatorConfig'
2026-01-03 00:18:17,370 [INFO] Unable to initialize backend 'tpu': INTERNAL: Failed to open libtpu.so: libtpu.so: cannot open shared object file: No such file or directory
2026-01-03 00:18:19,541 [INFO] topicmanager initialized
2026-01-03 00:18:19,584 [INFO] Log opened: Fri Jan  2 16:18:19 2026 UTC
2026-01-03 00:18:22,945 [INFO] baseline2
2026-01-03 00:18:29,049 [INFO] iter:8, id:3, r:1.000 and violateion:0.000
2026-01-03 00:18:29,059 [INFO] iter:8, id:0, r:1.000 and violateion:0.000
2026-01-03 00:19:00,115 [INFO] iter:268, id:2, r:1.000 and violateion:0.000
2026-01-03 00:19:00,134 [INFO] iter:268, id:1, r:1.000 and violateion:0.000
2026-01-03 00:19:01,181 [WARNING] connect time:5, accumulated time:5, and the robot pair:[]
2026-01-03 00:19:05,579 [INFO] iter:3, id:2, r:1.000 and violateion:0.001
2026-01-03 00:19:05,754 [INFO] iter:3, id:1, r:1.000 and violateion:0.001
2026-01-03 00:19:07,352 [INFO] iter:20, id:0, r:1.000 and violateion:0.000
2026-01-03 00:19:07,356 [INFO] iter:20, id:3, r:1.000 and violateion:0.000
2026-01-03 00:19:08,177 [WARNING] connect time:5, accumulated time:10, and the robot pair:[]
2026-01-03 00:19:12,566 [INFO] iter:5, id:3, r:1.000 and violateion:0.000
2026-01-03 00:19:12,567 [INFO] iter:5, id:0, r:1.000 and violateion:0.000
2026-01-03 00:19:15,432 [INFO] iter:26, id:1, r:1.050 and violateion:0.000
2026-01-03 00:19:15,433 [INFO] iter:26, id:2, r:1.050 and violateion:0.000
2026-01-03 00:19:15,978 [WARNING] connect time:0, accumulated time:10, and the robot pair:[(1, 2)]
2026-01-03 00:19:20,251 [INFO] iter:18, id:1, r:1.000 and violateion:0.000
2026-01-03 00:19:20,312 [INFO] iter:18, id:2, r:1.000 and violateion:0.000
2026-01-03 00:19:20,484 [WARNING] connect time:4, accumulated time:14, and the robot pair:[(1, 2)]
2026-01-03 00:19:23,685 [INFO] iter:3, id:1, r:1.000 and violateion:0.001
2026-01-03 00:19:23,686 [INFO] iter:3, id:2, r:1.000 and violateion:0.001
2026-01-03 00:19:24,108 [WARNING] connect time:1, accumulated time:15, and the robot pair:[]
2026-01-03 00:19:27,531 [INFO] iter:0, id:0, r:1.000 and violateion:0.000
2026-01-03 00:19:27,707 [INFO] iter:0, id:3, r:1.000 and violateion:0.000
2026-01-03 00:19:28,308 [INFO] iter:2, id:2, r:1.000 and violateion:0.003
2026-01-03 00:19:28,371 [INFO] iter:2, id:1, r:1.000 and violateion:0.003
2026-01-03 00:19:28,757 [WARNING] connect time:3, accumulated time:18, and the robot pair:[(1, 2)]
2026-01-03 00:19:31,917 [INFO] iter:1, id:1, r:1.000 and violateion:0.003
2026-01-03 00:19:31,921 [INFO] iter:1, id:2, r:1.000 and violateion:0.003
2026-01-03 00:19:33,342 [INFO] update map
2026-01-03 00:19:33,482 [WARNING] connect time:2, accumulated time:20, and the robot pair:[]
2026-01-03 00:19:37,598 [INFO] iter:4, id:0, r:1.000 and violateion:0.000
2026-01-03 00:19:37,775 [INFO] iter:4, id:3, r:1.000 and violateion:0.000
2026-01-03 00:19:37,905 [INFO] iter:2, id:2, r:1.000 and violateion:0.004
2026-01-03 00:19:37,906 [INFO] iter:2, id:1, r:1.000 and violateion:0.004
2026-01-03 00:19:38,515 [WARNING] connect time:2, accumulated time:22, and the robot pair:[(1, 2)]
2026-01-03 00:19:42,920 [INFO] iter:14, id:1, r:1.000 and violateion:0.001
2026-01-03 00:19:42,920 [INFO] iter:14, id:2, r:1.000 and violateion:0.001
2026-01-03 00:19:43,542 [WARNING] connect time:3, accumulated time:25, and the robot pair:[]
2026-01-03 00:19:47,353 [INFO] iter:3, id:0, r:1.000 and violateion:0.000
2026-01-03 00:19:47,768 [INFO] iter:4, id:2, r:1.000 and violateion:0.001
2026-01-03 00:19:48,021 [INFO] iter:3, id:1, r:1.000 and violateion:0.002
2026-01-03 00:19:48,038 [INFO] iter:3, id:3, r:1.000 and violateion:0.000
2026-01-03 00:19:48,632 [WARNING] connect time:1, accumulated time:26, and the robot pair:[(1, 2)]
2026-01-03 00:19:52,030 [INFO] iter:4, id:1, r:1.000 and violateion:0.000
2026-01-03 00:19:52,030 [INFO] iter:5, id:2, r:1.050 and violateion:0.001
2026-01-03 00:19:52,701 [WARNING] connect time:4, accumulated time:30, and the robot pair:[]
2026-01-03 00:19:56,309 [INFO] iter:3, id:0, r:1.000 and violateion:0.000
2026-01-03 00:19:56,599 [INFO] iter:3, id:1, r:1.050 and violateion:0.000
2026-01-03 00:19:57,039 [INFO] iter:3, id:2, r:1.000 and violateion:0.003
2026-01-03 00:19:57,096 [INFO] iter:6, id:3, r:1.000 and violateion:0.000
2026-01-03 00:19:57,809 [WARNING] connect time:0, accumulated time:30, and the robot pair:[(1, 2)]
2026-01-03 00:20:03,160 [INFO] iter:24, id:1, r:1.000 and violateion:0.000
2026-01-03 00:20:03,269 [INFO] iter:26, id:2, r:1.000 and violateion:0.000
2026-01-03 00:20:03,436 [WARNING] connect time:4, accumulated time:34, and the robot pair:[(1, 2)]
2026-01-03 00:20:07,088 [INFO] iter:7, id:2, r:1.103 and violateion:0.002
2026-01-03 00:20:07,089 [INFO] iter:7, id:1, r:1.158 and violateion:0.001
2026-01-03 00:20:07,541 [WARNING] connect time:1, accumulated time:35, and the robot pair:[]
2026-01-03 00:20:11,783 [INFO] iter:4, id:3, r:1.000 and violateion:0.000
2026-01-03 00:20:11,935 [INFO] iter:4, id:0, r:1.000 and violateion:0.000
2026-01-03 00:20:12,856 [INFO] iter:11, id:2, r:1.103 and violateion:0.000
2026-01-03 00:20:13,023 [INFO] iter:15, id:1, r:1.216 and violateion:0.001
2026-01-03 00:20:13,483 [INFO] update map
2026-01-03 00:20:13,629 [WARNING] connect time:5, accumulated time:40, and the robot pair:[]
2026-01-03 00:20:18,210 [INFO] iter:3, id:3, r:1.000 and violateion:0.000
2026-01-03 00:20:18,211 [INFO] iter:1, id:0, r:1.000 and violateion:0.000
2026-01-03 00:20:27,266 [INFO] iter:95, id:1, r:1.103 and violateion:0.000
2026-01-03 00:20:27,679 [INFO] iter:105, id:2, r:1.103 and violateion:0.000
2026-01-03 00:20:28,315 [WARNING] connect time:5, accumulated time:45, and the robot pair:[]
2026-01-03 00:20:31,892 [INFO] iter:0, id:3, r:1.000 and violateion:0.000
2026-01-03 00:20:31,942 [INFO] iter:4, id:0, r:1.000 and violateion:0.000
2026-01-03 00:20:33,532 [INFO] iter:15, id:2, r:1.103 and violateion:0.000
2026-01-03 00:20:33,533 [INFO] iter:15, id:1, r:1.103 and violateion:0.000
2026-01-03 00:20:33,925 [WARNING] connect time:5, accumulated time:50, and the robot pair:[]
2026-01-03 00:20:37,874 [INFO] iter:0, id:0, r:1.000 and violateion:0.000
2026-01-03 00:20:38,051 [INFO] iter:4, id:3, r:1.000 and violateion:0.000
2026-01-03 00:20:39,203 [INFO] iter:11, id:2, r:1.103 and violateion:0.002
2026-01-03 00:20:39,250 [INFO] iter:11, id:1, r:1.103 and violateion:0.000
2026-01-03 00:20:39,804 [WARNING] connect time:5, accumulated time:55, and the robot pair:[]
2026-01-03 00:20:43,776 [INFO] iter:0, id:3, r:1.000 and violateion:0.000
2026-01-03 00:20:43,777 [INFO] iter:3, id:0, r:1.000 and violateion:0.000
2026-01-03 00:20:44,628 [INFO] iter:11, id:1, r:1.158 and violateion:0.000
2026-01-03 00:20:44,765 [INFO] iter:13, id:2, r:1.103 and violateion:0.000
2026-01-03 00:20:45,295 [INFO] update map
2026-01-03 00:20:45,430 [WARNING] connect time:5, accumulated time:60, and the robot pair:[]
2026-01-03 00:20:48,868 [INFO] iter:1, id:1, r:1.050 and violateion:0.007
2026-01-03 00:20:49,032 [INFO] iter:2, id:0, r:1.000 and violateion:0.000
2026-01-03 00:20:49,204 [INFO] iter:3, id:3, r:1.000 and violateion:0.000
2026-01-03 00:20:49,864 [INFO] iter:15, id:2, r:1.158 and violateion:0.000
2026-01-03 00:20:50,160 [WARNING] connect time:0, accumulated time:60, and the robot pair:[(0, 1), (2, 3)]
2026-01-03 00:20:54,707 [INFO] iter:8, id:0, r:1.000 and violateion:0.000
2026-01-03 00:20:54,858 [INFO] iter:6, id:2, r:1.050 and violateion:0.000
2026-01-03 00:20:55,045 [INFO] iter:13, id:1, r:1.050 and violateion:0.000
2026-01-03 00:20:55,479 [INFO] iter:19, id:3, r:1.000 and violateion:0.003
2026-01-03 00:20:55,877 [WARNING] connect time:4, accumulated time:64, and the robot pair:[(0, 1), (2, 3)]
2026-01-03 00:20:59,348 [INFO] iter:1, id:2, r:1.000 and violateion:0.000
2026-01-03 00:20:59,738 [INFO] iter:1, id:1, r:1.000 and violateion:0.000
2026-01-03 00:21:00,397 [INFO] iter:10, id:0, r:1.000 and violateion:0.000
2026-01-03 00:21:13,897 [INFO] iter:339, id:3, r:1.000 and violateion:0.001
2026-01-03 00:21:14,580 [WARNING] connect time:1, accumulated time:65, and the robot pair:[]
2026-01-03 00:21:18,355 [INFO] iter:1, id:2, r:1.000 and violateion:0.000
2026-01-03 00:21:18,761 [INFO] iter:1, id:1, r:1.000 and violateion:0.000
2026-01-03 00:21:19,226 [INFO] iter:7, id:0, r:1.000 and violateion:0.000
2026-01-03 00:21:25,253 [INFO] iter:156, id:3, r:1.050 and violateion:0.000
2026-01-03 00:21:25,885 [WARNING] connect time:3, accumulated time:68, and the robot pair:[(0, 1), (2, 3)]
2026-01-03 00:21:29,624 [INFO] iter:1, id:2, r:1.000 and violateion:0.001
2026-01-03 00:21:29,849 [INFO] iter:1, id:1, r:1.000 and violateion:0.000
2026-01-03 00:21:30,122 [INFO] iter:5, id:0, r:1.000 and violateion:0.000
2026-01-03 00:21:30,166 [INFO] iter:8, id:3, r:1.000 and violateion:0.000
2026-01-03 00:21:30,796 [WARNING] connect time:2, accumulated time:70, and the robot pair:[]
2026-01-03 00:21:35,252 [INFO] iter:1, id:2, r:1.000 and violateion:0.000
2026-01-03 00:21:35,253 [INFO] iter:6, id:3, r:1.050 and violateion:0.001
2026-01-03 00:21:35,521 [INFO] iter:1, id:1, r:1.000 and violateion:0.000
2026-01-03 00:21:35,643 [INFO] iter:5, id:0, r:1.000 and violateion:0.000
2026-01-03 00:21:36,040 [WARNING] connect time:2, accumulated time:72, and the robot pair:[(0, 1), (2, 3)]
2026-01-03 00:21:39,625 [INFO] iter:1, id:2, r:1.000 and violateion:0.000
2026-01-03 00:21:39,658 [INFO] iter:2, id:3, r:1.000 and violateion:0.001
2026-01-03 00:21:39,796 [INFO] iter:1, id:1, r:1.000 and violateion:0.001
2026-01-03 00:21:47,325 [INFO] iter:195, id:0, r:1.000 and violateion:0.000
2026-01-03 00:21:47,731 [WARNING] connect time:3, accumulated time:75, and the robot pair:[]
2026-01-03 00:21:51,725 [INFO] iter:3, id:3, r:1.000 and violateion:0.001
2026-01-03 00:21:51,860 [INFO] iter:1, id:2, r:1.000 and violateion:0.004
2026-01-03 00:21:51,860 [INFO] iter:1, id:1, r:1.000 and violateion:0.004
2026-01-03 00:21:52,221 [INFO] iter:15, id:0, r:1.000 and violateion:0.000
2026-01-03 00:21:52,613 [WARNING] connect time:1, accumulated time:76, and the robot pair:[(0, 1), (2, 3)]
2026-01-03 00:21:55,848 [INFO] iter:1, id:3, r:1.000 and violateion:0.002
2026-01-03 00:21:56,014 [INFO] iter:2, id:2, r:1.000 and violateion:0.000
2026-01-03 00:21:56,342 [INFO] iter:3, id:1, r:1.000 and violateion:0.001
2026-01-03 00:21:56,608 [INFO] iter:11, id:0, r:1.000 and violateion:0.000
2026-01-03 00:21:57,022 [INFO] update map
2026-01-03 00:21:57,141 [WARNING] connect time:4, accumulated time:80, and the robot pair:[]
2026-01-03 00:22:01,645 [INFO] iter:1, id:2, r:1.000 and violateion:0.001
2026-01-03 00:22:02,064 [INFO] iter:2, id:1, r:1.000 and violateion:0.001
2026-01-03 00:22:02,064 [INFO] iter:9, id:0, r:1.000 and violateion:0.000
2026-01-03 00:22:02,293 [INFO] iter:7, id:3, r:1.000 and violateion:0.000
2026-01-03 00:22:02,792 [WARNING] connect time:0, accumulated time:80, and the robot pair:[(0, 1), (2, 3)]
2026-01-03 00:22:05,718 [INFO] iter:1, id:3, r:1.000 and violateion:0.000
2026-01-03 00:22:05,896 [INFO] iter:1, id:0, r:1.000 and violateion:0.000
2026-01-03 00:22:06,103 [INFO] iter:3, id:1, r:1.000 and violateion:0.004
2026-01-03 00:22:06,398 [INFO] iter:15, id:2, r:1.000 and violateion:0.001
2026-01-03 00:22:06,540 [WARNING] connect time:4, accumulated time:84, and the robot pair:[(0, 1), (2, 3)]
2026-01-03 00:22:10,136 [INFO] iter:1, id:3, r:1.000 and violateion:0.001
2026-01-03 00:22:10,187 [INFO] iter:1, id:0, r:1.000 and violateion:0.002
2026-01-03 00:22:10,208 [INFO] iter:5, id:2, r:1.103 and violateion:0.000
2026-01-03 00:22:10,632 [INFO] iter:13, id:1, r:1.103 and violateion:0.002
2026-01-03 00:22:11,217 [WARNING] connect time:1, accumulated time:85, and the robot pair:[]
2026-01-03 00:22:14,838 [INFO] iter:0, id:0, r:1.000 and violateion:0.001
2026-01-03 00:22:14,934 [INFO] iter:3, id:2, r:1.000 and violateion:0.000
2026-01-03 00:22:15,131 [INFO] iter:0, id:3, r:1.000 and violateion:0.000
2026-01-03 00:22:15,381 [INFO] iter:9, id:1, r:1.000 and violateion:0.004
2026-01-03 00:22:15,766 [WARNING] connect time:3, accumulated time:88, and the robot pair:[(0, 1), (2, 3)]
2026-01-03 00:22:19,558 [INFO] iter:2, id:3, r:1.000 and violateion:0.000
2026-01-03 00:22:19,806 [INFO] iter:4, id:2, r:1.050 and violateion:0.004
2026-01-03 00:22:19,978 [INFO] iter:4, id:0, r:1.000 and violateion:0.000
2026-01-03 00:22:20,014 [INFO] iter:6, id:1, r:1.050 and violateion:0.000
2026-01-03 00:22:20,608 [WARNING] connect time:2, accumulated time:90, and the robot pair:[]
2026-01-03 00:22:25,246 [INFO] iter:1, id:3, r:1.000 and violateion:0.000
2026-01-03 00:22:25,296 [INFO] iter:2, id:2, r:1.000 and violateion:0.003
2026-01-03 00:22:25,522 [INFO] iter:1, id:0, r:1.000 and violateion:0.000
2026-01-03 00:22:25,587 [INFO] iter:0, id:1, r:1.000 and violateion:0.002
2026-01-03 00:22:25,973 [WARNING] connect time:2, accumulated time:92, and the robot pair:[(0, 1), (2, 3)]
2026-01-03 00:22:29,269 [INFO] iter:1, id:0, r:1.000 and violateion:0.000
2026-01-03 00:22:29,546 [INFO] iter:1, id:3, r:1.000 and violateion:0.000
2026-01-03 00:22:29,607 [INFO] iter:3, id:2, r:1.000 and violateion:0.000
2026-01-03 00:22:29,690 [INFO] iter:7, id:1, r:1.000 and violateion:0.000
2026-01-03 00:22:30,257 [WARNING] connect time:3, accumulated time:95, and the robot pair:[]
2026-01-03 00:22:33,686 [INFO] iter:1, id:3, r:1.000 and violateion:0.000
2026-01-03 00:22:33,767 [INFO] iter:1, id:1, r:1.000 and violateion:0.001
2026-01-03 00:22:34,005 [INFO] iter:1, id:2, r:1.000 and violateion:0.001
2026-01-03 00:22:34,118 [INFO] iter:1, id:0, r:1.000 and violateion:0.000
2026-01-03 00:22:34,690 [WARNING] connect time:1, accumulated time:96, and the robot pair:[(0, 1), (2, 3)]
2026-01-03 00:22:38,415 [INFO] iter:1, id:3, r:1.000 and violateion:0.000
2026-01-03 00:22:38,584 [INFO] iter:1, id:2, r:1.000 and violateion:0.002
2026-01-03 00:22:38,596 [INFO] iter:1, id:0, r:1.000 and violateion:0.000
2026-01-03 00:22:38,600 [INFO] iter:1, id:1, r:1.000 and violateion:0.003
2026-01-03 00:22:40,970 [INFO] signal_shutdown [atexit]
2026-01-03 00:22:50,635 [INFO] Unable to initialize backend 'rocm': module 'jaxlib.xla_extension' has no attribute 'GpuAllocatorConfig'
2026-01-03 00:22:50,636 [INFO] Unable to initialize backend 'tpu': INTERNAL: Failed to open libtpu.so: libtpu.so: cannot open shared object file: No such file or directory
2026-01-03 00:22:53,318 [INFO] topicmanager initialized
2026-01-03 00:22:53,385 [INFO] Log opened: Fri Jan  2 16:22:53 2026 UTC
2026-01-03 00:22:57,168 [INFO] my_strategy
2026-01-03 00:22:57,588 [INFO] signal_shutdown [atexit]
