[0.040s] Invoking command in '/home/ubuntu24/idmec/build/fly_order': CONDA_PROMPT_MODIFIER=(base) /usr/bin/cmake /home/ubuntu24/idmec/src/fly_order -DCATKIN_INSTALL_INTO_PREFIX_ROOT=0 -DCMAKE_INSTALL_PREFIX=/home/ubuntu24/idmec/install/fly_order
[0.282s] [0mCMake Deprecation Warning at CMakeLists.txt:1 (cmake_minimum_required):
[0.283s]   Compatibility with CMake < 3.5 will be removed from a future version of
[0.283s]   CMake.
[0.283s] 
[0.284s]   Update the VERSION argument <min> value or use a ...<max> suffix to tell
[0.285s]   CMake that the project does not need compatibility with older versions.
[0.285s] 
[0.285s] [0m
[0.432s] -- The C compiler identification is GNU 13.3.0
[1.766s] -- The CXX compiler identification is GNU 13.3.0
[3.093s] -- Detecting C compiler ABI info
[3.613s] -- Detecting C compiler ABI info - done
[3.625s] -- Check for working C compiler: /usr/bin/cc - skipped
[3.625s] -- Detecting C compile features
[3.626s] -- Detecting C compile features - done
[3.824s] -- Detecting CXX compiler ABI info
[4.383s] -- Detecting CXX compiler ABI info - done
[4.394s] -- Check for working CXX compiler: /usr/bin/c++ - skipped
[4.394s] -- Detecting CXX compile features
[4.395s] -- Detecting CXX compile features - done
[4.467s] -- Found Boost: /usr/lib/x86_64-linux-gnu/cmake/Boost-1.83.0/BoostConfig.cmake (found suitable version "1.83.0", minimum required is "1.65.0") found components: system filesystem iostreams serialization 
[4.471s] [33mCMake Warning (dev) at /usr/lib/x86_64-linux-gnu/cmake/pcl/Modules/FindFLANN.cmake:45 (find_package):
[4.472s]   Policy CMP0144 is not set: find_package uses upper-case <PACKAGENAME>_ROOT
[4.472s]   variables.  Run "cmake --help-policy CMP0144" for policy details.  Use the
[4.472s]   cmake_policy command to set the policy and suppress this warning.
[4.472s] 
[4.472s]   CMake variable FLANN_ROOT is set to:
[4.473s] 
[4.473s]     /usr
[4.473s] 
[4.473s]   For compatibility, find_package is ignoring the variable, but code in a
[4.473s]   .cmake module might still use it.
[4.474s] Call Stack (most recent call first):
[4.474s]   /usr/lib/x86_64-linux-gnu/cmake/pcl/PCLConfig.cmake:261 (find_package)
[4.474s]   /usr/lib/x86_64-linux-gnu/cmake/pcl/PCLConfig.cmake:306 (find_flann)
[4.474s]   /usr/lib/x86_64-linux-gnu/cmake/pcl/PCLConfig.cmake:570 (find_external_library)
[4.474s]   CMakeLists.txt:10 (find_package)
[4.474s] This warning is for project developers.  Use -Wno-dev to suppress it.
[4.474s] [0m
[4.475s] -- Found flann version 1.9.2
[5.570s] -- Found OpenMP_CXX: -fopenmp (found version "4.5") 
[5.571s] -- Found OpenMP: TRUE (found version "4.5") found components: CXX 
[5.620s] -- Performing Test CMAKE_HAVE_LIBC_PTHREAD
[5.922s] -- Performing Test CMAKE_HAVE_LIBC_PTHREAD - Success
[5.923s] -- Found Threads: TRUE  
[5.927s] -- Found GLEW: /usr/lib/x86_64-linux-gnu/libGLEW.so  
[6.270s] -- Found OpenGL: /usr/lib/x86_64-linux-gnu/libOpenGL.so  found components: OpenGL GLX 
[6.687s] -- Found MPI_C: /usr/lib/x86_64-linux-gnu/libmpi.so (found version "3.1") 
[6.687s] -- Found MPI: TRUE (found version "3.1") found components: C 
[6.691s] -- Found JsonCpp: /usr/lib/x86_64-linux-gnu/libjsoncpp.so (found suitable version "1.9.5", minimum required is "0.7.0") 
[8.174s] -- Found ZLIB: /usr/lib/x86_64-linux-gnu/libz.so (found version "1.3")  
[9.359s] -- Found PNG: /usr/lib/x86_64-linux-gnu/libpng.so (found version "1.6.43") 
[9.393s] -- Found Eigen3: /usr/include/eigen3 (found version "3.4.0") 
[16.428s] -- Found X11: /usr/include   
[16.429s] -- Looking for XOpenDisplay in /usr/lib/x86_64-linux-gnu/libX11.so;/usr/lib/x86_64-linux-gnu/libXext.so
[16.705s] -- Looking for XOpenDisplay in /usr/lib/x86_64-linux-gnu/libX11.so;/usr/lib/x86_64-linux-gnu/libXext.so - found
[16.705s] -- Looking for gethostbyname
[16.987s] -- Looking for gethostbyname - found
[16.987s] -- Looking for connect
[17.252s] -- Looking for connect - found
[17.253s] -- Looking for remove
[17.535s] -- Looking for remove - found
[17.535s] -- Looking for shmat
[17.809s] -- Looking for shmat - found
[17.809s] -- Looking for IceConnectionNumber in ICE
[18.076s] -- Looking for IceConnectionNumber in ICE - found
[24.888s] -- Found EXPAT: /usr/lib/x86_64-linux-gnu/libexpat.so (found version "2.6.1") 
[24.891s] -- Found double-conversion: /usr/lib/x86_64-linux-gnu/libdouble-conversion.so  
[24.894s] -- Found LZ4: /usr/lib/x86_64-linux-gnu/liblz4.so (found version "1.9.4") 
[24.897s] -- Found LZMA: /usr/lib/x86_64-linux-gnu/liblzma.so (found version "5.4.5") 
[25.263s] -- Found JPEG: /usr/lib/x86_64-linux-gnu/libjpeg.so (found version "80") 
[27.738s] -- Found TIFF: /usr/lib/x86_64-linux-gnu/libtiff.so (found version "4.5.1")  
[27.743s] -- Found Freetype: /usr/lib/x86_64-linux-gnu/libfreetype.so (found version "2.13.2") 
[27.749s] -- Found utf8cpp: /usr/include/utf8cpp  
[27.863s] -- Checking for module 'libusb-1.0'
[27.884s] --   Found libusb-1.0, version 1.0.27
[28.113s] -- Found libusb: /usr/lib/x86_64-linux-gnu/libusb-1.0.so  
[28.114s] -- Found OpenNI: /usr/lib/libOpenNI.so;libusb::libusb (found version "1.5.4.0") 
[28.114s] -- OpenNI found (version: 1.5.4.0, include: /usr/include/ni, lib: /usr/lib/libOpenNI.so;libusb::libusb)
[28.533s] -- Found OpenNI2: /usr/lib/x86_64-linux-gnu/libOpenNI2.so;libusb::libusb (found version "2.2.0.33") 
[28.533s] -- OpenNI2 found (version: 2.2.0.33, include: /usr/include/openni2, lib: /usr/lib/x86_64-linux-gnu/libOpenNI2.so;libusb::libusb)
[28.781s] -- Could NOT find Pcap (missing: PCAP_LIBRARIES PCAP_INCLUDE_DIRS) 
[28.781s] [0m** WARNING ** io features related to pcap will be disabled[0m
[51.217s] -- OpenNI found (version: 1.5.4.0, include: /usr/include/ni, lib: /usr/lib/libOpenNI.so;libusb::libusb)
[51.223s] -- OpenNI2 found (version: 2.2.0.33, include: /usr/include/openni2, lib: /usr/lib/x86_64-linux-gnu/libOpenNI2.so;libusb::libusb)
