[0.045s] Invoking command in '/home/ubuntu24/idmec/build/quadrotor_msgs': CONDA_PROMPT_MODIFIER=(base) /usr/bin/cmake /home/ubuntu24/idmec/src/uav_simulator/Utils/quadrotor_msgs -DCATKIN_INSTALL_INTO_PREFIX_ROOT=0 -DCMAKE_INSTALL_PREFIX=/home/ubuntu24/idmec/install/quadrotor_msgs
[0.290s] [0mCMake Deprecation Warning at CMakeLists.txt:43 (cmake_minimum_required):
[0.292s]   Compatibility with CMake < 3.5 will be removed from a future version of
[0.293s]   CMake.
[0.294s] 
[0.295s]   Update the VERSION argument <min> value or use a ...<max> suffix to tell
[0.295s]   CMake that the project does not need compatibility with older versions.
[0.296s] 
[0.296s] [0m
[0.447s] -- The C compiler identification is GNU 13.3.0
[1.788s] -- The CXX compiler identification is GNU 13.3.0
[3.057s] -- Detecting C compiler ABI info
[3.518s] -- Detecting C compiler ABI info - done
[3.528s] -- Check for working C compiler: /usr/bin/cc - skipped
[3.529s] -- Detecting C compile features
[3.529s] -- Detecting C compile features - done
[3.718s] -- Detecting CXX compiler ABI info
[4.176s] -- Detecting CXX compiler ABI info - done
[4.190s] -- Check for working CXX compiler: /usr/bin/c++ - skipped
[4.190s] -- Detecting CXX compile features
[4.191s] -- Detecting CXX compile features - done
[5.393s] [31mCMake Error at CMakeLists.txt:46 (find_package):
[5.394s]   By not providing "Findcatkin.cmake" in CMAKE_MODULE_PATH this project has
[5.394s]   asked CMake to find a package configuration file provided by "catkin", but
[5.394s]   CMake did not find one.
[5.394s] 
[5.394s]   Could not find a package configuration file provided by "catkin" with any
[5.394s]   of the following names:
[5.395s] 
[5.395s]     catkinConfig.cmake
[5.395s]     catkin-config.cmake
[5.395s] 
[5.395s]   Add the installation prefix of "catkin" to CMAKE_PREFIX_PATH or set
[5.395s]   "catkin_DIR" to a directory containing one of the above files.  If "catkin"
[5.396s]   provides a separate development package or SDK, be sure it has been
[5.396s]   installed.
[5.396s] 
[5.396s] [0m
[5.396s] -- Configuring incomplete, errors occurred!
[5.408s] Invoked command in '/home/ubuntu24/idmec/build/quadrotor_msgs' returned '1': CONDA_PROMPT_MODIFIER=(base) /usr/bin/cmake /home/ubuntu24/idmec/src/uav_simulator/Utils/quadrotor_msgs -DCATKIN_INSTALL_INTO_PREFIX_ROOT=0 -DCMAKE_INSTALL_PREFIX=/home/ubuntu24/idmec/install/quadrotor_msgs
