[0.721s] Invoking command in '/home/ubuntu24/idmec/src/multi_ergodic_search': CONDA_PROMPT_MODIFIER=(base) PYTHONPATH=/home/ubuntu24/idmec/build/multi_ergodic_search/prefix_override:/usr/lib/python3/dist-packages/colcon_core/task/python/colcon_distutils_commands:/home/ubuntu24/idmec/install/multi_ergodic_search/lib/python3.12/site-packages:${PYTHONPATH} /usr/bin/python3 -W ignore:setup.py install is deprecated -W ignore:easy_install command is deprecated setup.py egg_info --egg-base ../../build/multi_ergodic_search build --build-base /home/ubuntu24/idmec/build/multi_ergodic_search/build install --record /home/ubuntu24/idmec/build/multi_ergodic_search/install.log --single-version-externally-managed install_data
[0.943s] running egg_info
[0.959s] writing ../../build/multi_ergodic_search/multi_ergodic_search.egg-info/PKG-INFO
[0.960s] writing dependency_links to ../../build/multi_ergodic_search/multi_ergodic_search.egg-info/dependency_links.txt
[0.960s] writing entry points to ../../build/multi_ergodic_search/multi_ergodic_search.egg-info/entry_points.txt
[0.960s] writing requirements to ../../build/multi_ergodic_search/multi_ergodic_search.egg-info/requires.txt
[0.960s] writing top-level names to ../../build/multi_ergodic_search/multi_ergodic_search.egg-info/top_level.txt
[0.994s] reading manifest file '../../build/multi_ergodic_search/multi_ergodic_search.egg-info/SOURCES.txt'
[0.995s] writing manifest file '../../build/multi_ergodic_search/multi_ergodic_search.egg-info/SOURCES.txt'
[0.995s] running build
[0.995s] running build_py
[0.995s] copying multi_ergodic_search/scripts/idmed.py -> /home/ubuntu24/idmec/build/multi_ergodic_search/build/lib/multi_ergodic_search/scripts
[0.997s] running install
[1.002s] running install_lib
[1.019s] copying /home/ubuntu24/idmec/build/multi_ergodic_search/build/lib/multi_ergodic_search/scripts/idmed.py -> /home/ubuntu24/idmec/install/multi_ergodic_search/lib/python3.12/site-packages/multi_ergodic_search/scripts
[1.020s] byte-compiling /home/ubuntu24/idmec/install/multi_ergodic_search/lib/python3.12/site-packages/multi_ergodic_search/scripts/idmed.py to idmed.cpython-312.pyc
[1.023s] running install_data
[1.023s] running install_egg_info
[1.041s] removing '/home/ubuntu24/idmec/install/multi_ergodic_search/lib/python3.12/site-packages/multi_ergodic_search-0.0.0-py3.12.egg-info' (and everything under it)
[1.041s] Copying ../../build/multi_ergodic_search/multi_ergodic_search.egg-info to /home/ubuntu24/idmec/install/multi_ergodic_search/lib/python3.12/site-packages/multi_ergodic_search-0.0.0-py3.12.egg-info
[1.043s] running install_scripts
[1.159s] Installing idmed script to /home/ubuntu24/idmec/install/multi_ergodic_search/lib/multi_ergodic_search
[1.159s] writing list of installed files to '/home/ubuntu24/idmec/build/multi_ergodic_search/install.log'
[1.190s] Invoked command in '/home/ubuntu24/idmec/src/multi_ergodic_search' returned '0': CONDA_PROMPT_MODIFIER=(base) PYTHONPATH=/home/ubuntu24/idmec/build/multi_ergodic_search/prefix_override:/usr/lib/python3/dist-packages/colcon_core/task/python/colcon_distutils_commands:/home/ubuntu24/idmec/install/multi_ergodic_search/lib/python3.12/site-packages:${PYTHONPATH} /usr/bin/python3 -W ignore:setup.py install is deprecated -W ignore:easy_install command is deprecated setup.py egg_info --egg-base ../../build/multi_ergodic_search build --build-base /home/ubuntu24/idmec/build/multi_ergodic_search/build install --record /home/ubuntu24/idmec/build/multi_ergodic_search/install.log --single-version-externally-managed install_data
