[0.041s] Invoking command in '/home/ubuntu24/idmec/build/mockamap': CONDA_PROMPT_MODIFIER=(base) /usr/bin/cmake /home/ubuntu24/idmec/src/uav_simulator/mockamap -DCATKIN_INSTALL_INTO_PREFIX_ROOT=0 -DCMAKE_INSTALL_PREFIX=/home/ubuntu24/idmec/install/mockamap
[0.280s] [0mCMake Deprecation Warning at CMakeLists.txt:1 (cmake_minimum_required):
[0.280s]   Compatibility with CMake < 3.5 will be removed from a future version of
[0.280s]   CMake.
[0.280s] 
[0.280s]   Update the VERSION argument <min> value or use a ...<max> suffix to tell
[0.280s]   CMake that the project does not need compatibility with older versions.
[0.280s] 
[0.280s] [0m
[0.424s] -- The C compiler identification is GNU 13.3.0
[1.878s] -- The CXX compiler identification is GNU 13.3.0
[3.033s] -- Detecting C compiler ABI info
[3.542s] -- Detecting C compiler ABI info - done
[3.552s] -- Check for working C compiler: /usr/bin/cc - skipped
[3.552s] -- Detecting C compile features
[3.553s] -- Detecting C compile features - done
[3.746s] -- Detecting CXX compiler ABI info
[4.248s] -- Detecting CXX compiler ABI info - done
[4.266s] -- Check for working CXX compiler: /usr/bin/c++ - skipped
[4.266s] -- Detecting CXX compile features
[4.266s] -- Detecting CXX compile features - done
[5.373s] [31mCMake Error at CMakeLists.txt:15 (find_package):
[5.374s]   By not providing "Findcatkin.cmake" in CMAKE_MODULE_PATH this project has
[5.374s]   asked CMake to find a package configuration file provided by "catkin", but
[5.376s]   CMake did not find one.
[5.377s] 
[5.378s]   Could not find a package configuration file provided by "catkin" with any
[5.379s]   of the following names:
[5.379s] 
[5.379s]     catkinConfig.cmake
[5.380s]     catkin-config.cmake
[5.380s] 
[5.381s]   Add the installation prefix of "catkin" to CMAKE_PREFIX_PATH or set
[5.382s]   "catkin_DIR" to a directory containing one of the above files.  If "catkin"
[5.382s]   provides a separate development package or SDK, be sure it has been
[5.382s]   installed.
[5.383s] 
[5.383s] [0m
[5.383s] -- Configuring incomplete, errors occurred!
[5.386s] Invoked command in '/home/ubuntu24/idmec/build/mockamap' returned '1': CONDA_PROMPT_MODIFIER=(base) /usr/bin/cmake /home/ubuntu24/idmec/src/uav_simulator/mockamap -DCATKIN_INSTALL_INTO_PREFIX_ROOT=0 -DCMAKE_INSTALL_PREFIX=/home/ubuntu24/idmec/install/mockamap
