[1.306s] Invoking command in '/home/ubuntu24/idmec/src/multi_ergodic_search': CONDA_PROMPT_MODIFIER=(base) PYTHONPATH=/home/ubuntu24/idmec/build/multi_ergodic_search/prefix_override:/usr/lib/python3/dist-packages/colcon_core/task/python/colcon_distutils_commands:/home/ubuntu24/idmec/install/multi_ergodic_search/lib/python3.12/site-packages:${PYTHONPATH} /usr/bin/python3 -W ignore:setup.py install is deprecated -W ignore:easy_install command is deprecated setup.py egg_info --egg-base ../../build/multi_ergodic_search build --build-base /home/ubuntu24/idmec/build/multi_ergodic_search/build install --record /home/ubuntu24/idmec/build/multi_ergodic_search/install.log --single-version-externally-managed install_data
[1.659s] running egg_info
[1.660s] creating ../../build/multi_ergodic_search/multi_ergodic_search.egg-info
[1.688s] writing ../../build/multi_ergodic_search/multi_ergodic_search.egg-info/PKG-INFO
[1.688s] writing dependency_links to ../../build/multi_ergodic_search/multi_ergodic_search.egg-info/dependency_links.txt
[1.688s] writing requirements to ../../build/multi_ergodic_search/multi_ergodic_search.egg-info/requires.txt
[1.689s] writing top-level names to ../../build/multi_ergodic_search/multi_ergodic_search.egg-info/top_level.txt
[1.689s] writing manifest file '../../build/multi_ergodic_search/multi_ergodic_search.egg-info/SOURCES.txt'
[1.754s] reading manifest file '../../build/multi_ergodic_search/multi_ergodic_search.egg-info/SOURCES.txt'
[1.755s] writing manifest file '../../build/multi_ergodic_search/multi_ergodic_search.egg-info/SOURCES.txt'
[1.756s] running build
[1.756s] running build_py
[1.757s] creating /home/ubuntu24/idmec/build/multi_ergodic_search/build
[1.758s] creating /home/ubuntu24/idmec/build/multi_ergodic_search/build/lib
[1.758s] creating /home/ubuntu24/idmec/build/multi_ergodic_search/build/lib/multi_ergodic_search
[1.759s] copying multi_ergodic_search/__init__.py -> /home/ubuntu24/idmec/build/multi_ergodic_search/build/lib/multi_ergodic_search
[1.760s] running install
[1.770s] running install_lib
[1.803s] creating /home/ubuntu24/idmec/install/multi_ergodic_search/lib/python3.12/site-packages/multi_ergodic_search
[1.803s] copying /home/ubuntu24/idmec/build/multi_ergodic_search/build/lib/multi_ergodic_search/__init__.py -> /home/ubuntu24/idmec/install/multi_ergodic_search/lib/python3.12/site-packages/multi_ergodic_search
[1.805s] byte-compiling /home/ubuntu24/idmec/install/multi_ergodic_search/lib/python3.12/site-packages/multi_ergodic_search/__init__.py to __init__.cpython-312.pyc
[1.806s] running install_data
[1.806s] creating /home/ubuntu24/idmec/install/multi_ergodic_search/share/ament_index
[1.807s] creating /home/ubuntu24/idmec/install/multi_ergodic_search/share/ament_index/resource_index
[1.807s] creating /home/ubuntu24/idmec/install/multi_ergodic_search/share/ament_index/resource_index/packages
[1.808s] copying resource/multi_ergodic_search -> /home/ubuntu24/idmec/install/multi_ergodic_search/share/ament_index/resource_index/packages
[1.808s] copying package.xml -> /home/ubuntu24/idmec/install/multi_ergodic_search/share/multi_ergodic_search
[1.808s] running install_egg_info
[1.845s] Copying ../../build/multi_ergodic_search/multi_ergodic_search.egg-info to /home/ubuntu24/idmec/install/multi_ergodic_search/lib/python3.12/site-packages/multi_ergodic_search-0.0.0-py3.12.egg-info
[1.848s] running install_scripts
[2.067s] writing list of installed files to '/home/ubuntu24/idmec/build/multi_ergodic_search/install.log'
[2.111s] Invoked command in '/home/ubuntu24/idmec/src/multi_ergodic_search' returned '0': CONDA_PROMPT_MODIFIER=(base) PYTHONPATH=/home/ubuntu24/idmec/build/multi_ergodic_search/prefix_override:/usr/lib/python3/dist-packages/colcon_core/task/python/colcon_distutils_commands:/home/ubuntu24/idmec/install/multi_ergodic_search/lib/python3.12/site-packages:${PYTHONPATH} /usr/bin/python3 -W ignore:setup.py install is deprecated -W ignore:easy_install command is deprecated setup.py egg_info --egg-base ../../build/multi_ergodic_search build --build-base /home/ubuntu24/idmec/build/multi_ergodic_search/build install --record /home/ubuntu24/idmec/build/multi_ergodic_search/install.log --single-version-externally-managed install_data
