[0.041s] Invoking command in '/home/ubuntu24/idmec/build/pose_utils': CONDA_PROMPT_MODIFIER=(base) /usr/bin/cmake /home/ubuntu24/idmec/src/uav_simulator/Utils/pose_utils -DCATKIN_INSTALL_INTO_PREFIX_ROOT=0 -DCMAKE_INSTALL_PREFIX=/home/ubuntu24/idmec/install/pose_utils
[0.285s] [0mCMake Deprecation Warning at CMakeLists.txt:1 (cmake_minimum_required):
[0.285s]   Compatibility with CMake < 3.5 will be removed from a future version of
[0.285s]   CMake.
[0.286s] 
[0.286s]   Update the VERSION argument <min> value or use a ...<max> suffix to tell
[0.286s]   CMake that the project does not need compatibility with older versions.
[0.286s] 
[0.286s] [0m
[0.434s] -- The C compiler identification is GNU 13.3.0
[1.772s] -- The CXX compiler identification is GNU 13.3.0
[2.912s] -- Detecting C compiler ABI info
[3.398s] -- Detecting C compiler ABI info - done
[3.409s] -- Check for working C compiler: /usr/bin/cc - skipped
[3.410s] -- Detecting C compile features
[3.411s] -- Detecting C compile features - done
[3.597s] -- Detecting CXX compiler ABI info
[4.075s] -- Detecting CXX compiler ABI info - done
[4.087s] -- Check for working CXX compiler: /usr/bin/c++ - skipped
[4.087s] -- Detecting CXX compile features
[4.088s] -- Detecting CXX compile features - done
[5.377s] [31mCMake Error at CMakeLists.txt:9 (find_package):
[5.377s]   By not providing "Findcatkin.cmake" in CMAKE_MODULE_PATH this project has
[5.378s]   asked CMake to find a package configuration file provided by "catkin", but
[5.378s]   CMake did not find one.
[5.378s] 
[5.378s]   Could not find a package configuration file provided by "catkin" with any
[5.379s]   of the following names:
[5.379s] 
[5.379s]     catkinConfig.cmake
[5.379s]     catkin-config.cmake
[5.379s] 
[5.379s]   Add the installation prefix of "catkin" to CMAKE_PREFIX_PATH or set
[5.379s]   "catkin_DIR" to a directory containing one of the above files.  If "catkin"
[5.380s]   provides a separate development package or SDK, be sure it has been
[5.380s]   installed.
[5.380s] 
[5.380s] [0m
[5.380s] -- Configuring incomplete, errors occurred!
[5.396s] Invoked command in '/home/ubuntu24/idmec/build/pose_utils' returned '1': CONDA_PROMPT_MODIFIER=(base) /usr/bin/cmake /home/ubuntu24/idmec/src/uav_simulator/Utils/pose_utils -DCATKIN_INSTALL_INTO_PREFIX_ROOT=0 -DCMAKE_INSTALL_PREFIX=/home/ubuntu24/idmec/install/pose_utils
