/home/ubuntu24/idmec/install/multi_ergodic_search/lib/python3.12/site-packages/multi_ergodic_search/__init__.py
/home/ubuntu24/idmec/install/multi_ergodic_search/lib/python3.12/site-packages/multi_ergodic_search/scripts/__init__.py
/home/ubuntu24/idmec/install/multi_ergodic_search/lib/python3.12/site-packages/multi_ergodic_search/scripts/idmed_copy.py
/home/ubuntu24/idmec/install/multi_ergodic_search/lib/python3.12/site-packages/multi_ergodic_search/scripts/idmed.py
/home/ubuntu24/idmec/install/multi_ergodic_search/lib/python3.12/site-packages/multi_ergodic_search/experiment/__init__.py
/home/ubuntu24/idmec/install/multi_ergodic_search/lib/python3.12/site-packages/multi_ergodic_search/experiment/io.py
/home/ubuntu24/idmec/install/multi_ergodic_search/lib/python3.12/site-packages/multi_ergodic_search/experiment/settings.py
/home/ubuntu24/idmec/install/multi_ergodic_search/lib/python3.12/site-packages/multi_ergodic_search/experiment/config.py
/home/ubuntu24/idmec/install/multi_ergodic_search/lib/python3.12/site-packages/multi_ergodic_search/utils/data_collect.py
/home/ubuntu24/idmec/install/multi_ergodic_search/lib/python3.12/site-packages/multi_ergodic_search/utils/__init__.py
/home/ubuntu24/idmec/install/multi_ergodic_search/lib/python3.12/site-packages/multi_ergodic_search/utils/plot_utils.py
/home/ubuntu24/idmec/install/multi_ergodic_search/lib/python3.12/site-packages/multi_ergodic_search/utils/data2bag.py
/home/ubuntu24/idmec/install/multi_ergodic_search/lib/python3.12/site-packages/multi_ergodic_search/ergodic_planning/fourier_utils.py
/home/ubuntu24/idmec/install/multi_ergodic_search/lib/python3.12/site-packages/multi_ergodic_search/ergodic_planning/ergodic_metric.py
/home/ubuntu24/idmec/install/multi_ergodic_search/lib/python3.12/site-packages/multi_ergodic_search/ergodic_planning/metric_utils.py
/home/ubuntu24/idmec/install/multi_ergodic_search/lib/python3.12/site-packages/multi_ergodic_search/ergodic_planning/solver.py
/home/ubuntu24/idmec/install/multi_ergodic_search/lib/python3.12/site-packages/multi_ergodic_search/ergodic_planning/tools.py
/home/ubuntu24/idmec/install/multi_ergodic_search/lib/python3.12/site-packages/multi_ergodic_search/ergodic_planning/__init__.py
/home/ubuntu24/idmec/install/multi_ergodic_search/lib/python3.12/site-packages/multi_ergodic_search/ergodic_planning/target_distribution.py
/home/ubuntu24/idmec/install/multi_ergodic_search/lib/python3.12/site-packages/multi_ergodic_search/ergodic_planning/multi_solver.py
/home/ubuntu24/idmec/install/multi_ergodic_search/lib/python3.12/site-packages/multi_ergodic_search/ergodic_planning/class_types.py
/home/ubuntu24/idmec/install/multi_ergodic_search/lib/python3.12/site-packages/multi_ergodic_search/ergodic_planning/augument_lagrange_func.py
/home/ubuntu24/idmec/install/multi_ergodic_search/lib/python3.12/site-packages/multi_ergodic_search/ergodic_planning/decay_utils.py
/home/ubuntu24/idmec/install/multi_ergodic_search/lib/python3.12/site-packages/multi_ergodic_search/ergodic_planning/dynamics/models.py
/home/ubuntu24/idmec/install/multi_ergodic_search/lib/python3.12/site-packages/multi_ergodic_search/ergodic_planning/dynamics/__init__.py
/home/ubuntu24/idmec/install/multi_ergodic_search/lib/python3.12/site-packages/multi_ergodic_search/ergodic_planning/dynamics/integrator.py
/home/ubuntu24/idmec/install/multi_ergodic_search/lib/python3.12/site-packages/multi_ergodic_search/datas/config/config.yaml
/home/ubuntu24/idmec/install/multi_ergodic_search/lib/python3.12/site-packages/multi_ergodic_search/datas/config/random_map_history.jsonl
/home/ubuntu24/idmec/install/multi_ergodic_search/lib/python3.12/site-packages/multi_ergodic_search/datas/config/random_map_history2.jsonl
/home/ubuntu24/idmec/install/multi_ergodic_search/lib/python3.12/site-packages/multi_ergodic_search/datas/config/random_map_history3.jsonl
/home/ubuntu24/idmec/install/multi_ergodic_search/lib/python3.12/site-packages/multi_ergodic_search/datas/config/random_map_history1.jsonl
/home/ubuntu24/idmec/install/multi_ergodic_search/lib/python3.12/site-packages/multi_ergodic_search/__pycache__/__init__.cpython-312.pyc
/home/ubuntu24/idmec/install/multi_ergodic_search/lib/python3.12/site-packages/multi_ergodic_search/scripts/__pycache__/__init__.cpython-312.pyc
/home/ubuntu24/idmec/install/multi_ergodic_search/lib/python3.12/site-packages/multi_ergodic_search/scripts/__pycache__/idmed_copy.cpython-312.pyc
/home/ubuntu24/idmec/install/multi_ergodic_search/lib/python3.12/site-packages/multi_ergodic_search/scripts/__pycache__/idmed.cpython-312.pyc
/home/ubuntu24/idmec/install/multi_ergodic_search/lib/python3.12/site-packages/multi_ergodic_search/experiment/__pycache__/__init__.cpython-312.pyc
/home/ubuntu24/idmec/install/multi_ergodic_search/lib/python3.12/site-packages/multi_ergodic_search/experiment/__pycache__/io.cpython-312.pyc
/home/ubuntu24/idmec/install/multi_ergodic_search/lib/python3.12/site-packages/multi_ergodic_search/experiment/__pycache__/settings.cpython-312.pyc
/home/ubuntu24/idmec/install/multi_ergodic_search/lib/python3.12/site-packages/multi_ergodic_search/experiment/__pycache__/config.cpython-312.pyc
/home/ubuntu24/idmec/install/multi_ergodic_search/lib/python3.12/site-packages/multi_ergodic_search/utils/__pycache__/data_collect.cpython-312.pyc
/home/ubuntu24/idmec/install/multi_ergodic_search/lib/python3.12/site-packages/multi_ergodic_search/utils/__pycache__/__init__.cpython-312.pyc
/home/ubuntu24/idmec/install/multi_ergodic_search/lib/python3.12/site-packages/multi_ergodic_search/utils/__pycache__/plot_utils.cpython-312.pyc
/home/ubuntu24/idmec/install/multi_ergodic_search/lib/python3.12/site-packages/multi_ergodic_search/utils/__pycache__/data2bag.cpython-312.pyc
/home/ubuntu24/idmec/install/multi_ergodic_search/lib/python3.12/site-packages/multi_ergodic_search/ergodic_planning/__pycache__/fourier_utils.cpython-312.pyc
/home/ubuntu24/idmec/install/multi_ergodic_search/lib/python3.12/site-packages/multi_ergodic_search/ergodic_planning/__pycache__/ergodic_metric.cpython-312.pyc
/home/ubuntu24/idmec/install/multi_ergodic_search/lib/python3.12/site-packages/multi_ergodic_search/ergodic_planning/__pycache__/metric_utils.cpython-312.pyc
/home/ubuntu24/idmec/install/multi_ergodic_search/lib/python3.12/site-packages/multi_ergodic_search/ergodic_planning/__pycache__/solver.cpython-312.pyc
/home/ubuntu24/idmec/install/multi_ergodic_search/lib/python3.12/site-packages/multi_ergodic_search/ergodic_planning/__pycache__/tools.cpython-312.pyc
/home/ubuntu24/idmec/install/multi_ergodic_search/lib/python3.12/site-packages/multi_ergodic_search/ergodic_planning/__pycache__/__init__.cpython-312.pyc
/home/ubuntu24/idmec/install/multi_ergodic_search/lib/python3.12/site-packages/multi_ergodic_search/ergodic_planning/__pycache__/target_distribution.cpython-312.pyc
/home/ubuntu24/idmec/install/multi_ergodic_search/lib/python3.12/site-packages/multi_ergodic_search/ergodic_planning/__pycache__/multi_solver.cpython-312.pyc
/home/ubuntu24/idmec/install/multi_ergodic_search/lib/python3.12/site-packages/multi_ergodic_search/ergodic_planning/__pycache__/class_types.cpython-312.pyc
/home/ubuntu24/idmec/install/multi_ergodic_search/lib/python3.12/site-packages/multi_ergodic_search/ergodic_planning/__pycache__/augument_lagrange_func.cpython-312.pyc
/home/ubuntu24/idmec/install/multi_ergodic_search/lib/python3.12/site-packages/multi_ergodic_search/ergodic_planning/__pycache__/decay_utils.cpython-312.pyc
/home/ubuntu24/idmec/install/multi_ergodic_search/lib/python3.12/site-packages/multi_ergodic_search/ergodic_planning/dynamics/__pycache__/models.cpython-312.pyc
/home/ubuntu24/idmec/install/multi_ergodic_search/lib/python3.12/site-packages/multi_ergodic_search/ergodic_planning/dynamics/__pycache__/__init__.cpython-312.pyc
/home/ubuntu24/idmec/install/multi_ergodic_search/lib/python3.12/site-packages/multi_ergodic_search/ergodic_planning/dynamics/__pycache__/integrator.cpython-312.pyc
/home/ubuntu24/idmec/install/multi_ergodic_search/share/ament_index/resource_index/packages/multi_ergodic_search
/home/ubuntu24/idmec/install/multi_ergodic_search/share/multi_ergodic_search/package.xml
/home/ubuntu24/idmec/install/multi_ergodic_search/lib/python3.12/site-packages/multi_ergodic_search-0.0.0-py3.12.egg-info/top_level.txt
/home/ubuntu24/idmec/install/multi_ergodic_search/lib/python3.12/site-packages/multi_ergodic_search-0.0.0-py3.12.egg-info/zip-safe
/home/ubuntu24/idmec/install/multi_ergodic_search/lib/python3.12/site-packages/multi_ergodic_search-0.0.0-py3.12.egg-info/requires.txt
/home/ubuntu24/idmec/install/multi_ergodic_search/lib/python3.12/site-packages/multi_ergodic_search-0.0.0-py3.12.egg-info/SOURCES.txt
/home/ubuntu24/idmec/install/multi_ergodic_search/lib/python3.12/site-packages/multi_ergodic_search-0.0.0-py3.12.egg-info/entry_points.txt
/home/ubuntu24/idmec/install/multi_ergodic_search/lib/python3.12/site-packages/multi_ergodic_search-0.0.0-py3.12.egg-info/dependency_links.txt
/home/ubuntu24/idmec/install/multi_ergodic_search/lib/python3.12/site-packages/multi_ergodic_search-0.0.0-py3.12.egg-info/PKG-INFO
/home/ubuntu24/idmec/install/multi_ergodic_search/lib/multi_ergodic_search/idmed
