[0.775s] Invoking command in '/home/ubuntu24/idmec/src/multi_ergodic_search': CONDA_PROMPT_MODIFIER=(jaxlib) PYTHONPATH=/home/ubuntu24/idmec/build/multi_ergodic_search/prefix_override:/usr/lib/python3/dist-packages/colcon_core/task/python/colcon_distutils_commands:/home/ubuntu24/idmec/install/multi_ergodic_search/lib/python3.12/site-packages:${PYTHONPATH} /usr/bin/python3 -W ignore:setup.py install is deprecated -W ignore:easy_install command is deprecated setup.py egg_info --egg-base ../../build/multi_ergodic_search build --build-base /home/ubuntu24/idmec/build/multi_ergodic_search/build install --record /home/ubuntu24/idmec/build/multi_ergodic_search/install.log --single-version-externally-managed install_data
[1.013s] running egg_info
[1.031s] writing ../../build/multi_ergodic_search/multi_ergodic_search.egg-info/PKG-INFO
[1.031s] writing dependency_links to ../../build/multi_ergodic_search/multi_ergodic_search.egg-info/dependency_links.txt
[1.032s] writing entry points to ../../build/multi_ergodic_search/multi_ergodic_search.egg-info/entry_points.txt
[1.032s] writing requirements to ../../build/multi_ergodic_search/multi_ergodic_search.egg-info/requires.txt
[1.032s] writing top-level names to ../../build/multi_ergodic_search/multi_ergodic_search.egg-info/top_level.txt
[1.069s] reading manifest file '../../build/multi_ergodic_search/multi_ergodic_search.egg-info/SOURCES.txt'
[1.069s] writing manifest file '../../build/multi_ergodic_search/multi_ergodic_search.egg-info/SOURCES.txt'
[1.070s] running build
[1.070s] running build_py
[1.070s] copying multi_ergodic_search/scripts/idmed.py -> /home/ubuntu24/idmec/build/multi_ergodic_search/build/lib/multi_ergodic_search/scripts
[1.070s] copying multi_ergodic_search/experiment/io.py -> /home/ubuntu24/idmec/build/multi_ergodic_search/build/lib/multi_ergodic_search/experiment
[1.071s] copying multi_ergodic_search/experiment/config.py -> /home/ubuntu24/idmec/build/multi_ergodic_search/build/lib/multi_ergodic_search/experiment
[1.072s] copying multi_ergodic_search/datas/config/config.yaml -> /home/ubuntu24/idmec/build/multi_ergodic_search/build/lib/multi_ergodic_search/datas/config
[1.073s] running install
[1.078s] running install_lib
[1.096s] copying /home/ubuntu24/idmec/build/multi_ergodic_search/build/lib/multi_ergodic_search/scripts/idmed.py -> /home/ubuntu24/idmec/install/multi_ergodic_search/lib/python3.12/site-packages/multi_ergodic_search/scripts
[1.097s] copying /home/ubuntu24/idmec/build/multi_ergodic_search/build/lib/multi_ergodic_search/experiment/io.py -> /home/ubuntu24/idmec/install/multi_ergodic_search/lib/python3.12/site-packages/multi_ergodic_search/experiment
[1.097s] copying /home/ubuntu24/idmec/build/multi_ergodic_search/build/lib/multi_ergodic_search/experiment/config.py -> /home/ubuntu24/idmec/install/multi_ergodic_search/lib/python3.12/site-packages/multi_ergodic_search/experiment
[1.098s] copying /home/ubuntu24/idmec/build/multi_ergodic_search/build/lib/multi_ergodic_search/datas/config/config.yaml -> /home/ubuntu24/idmec/install/multi_ergodic_search/lib/python3.12/site-packages/multi_ergodic_search/datas/config
[1.099s] byte-compiling /home/ubuntu24/idmec/install/multi_ergodic_search/lib/python3.12/site-packages/multi_ergodic_search/scripts/idmed.py to idmed.cpython-312.pyc
[1.102s] byte-compiling /home/ubuntu24/idmec/install/multi_ergodic_search/lib/python3.12/site-packages/multi_ergodic_search/experiment/io.py to io.cpython-312.pyc
[1.103s] byte-compiling /home/ubuntu24/idmec/install/multi_ergodic_search/lib/python3.12/site-packages/multi_ergodic_search/experiment/config.py to config.cpython-312.pyc
[1.105s] running install_data
[1.105s] running install_egg_info
[1.125s] removing '/home/ubuntu24/idmec/install/multi_ergodic_search/lib/python3.12/site-packages/multi_ergodic_search-0.0.0-py3.12.egg-info' (and everything under it)
[1.126s] Copying ../../build/multi_ergodic_search/multi_ergodic_search.egg-info to /home/ubuntu24/idmec/install/multi_ergodic_search/lib/python3.12/site-packages/multi_ergodic_search-0.0.0-py3.12.egg-info
[1.128s] running install_scripts
[1.251s] Installing idmed script to /home/ubuntu24/idmec/install/multi_ergodic_search/lib/multi_ergodic_search
[1.251s] writing list of installed files to '/home/ubuntu24/idmec/build/multi_ergodic_search/install.log'
[1.285s] Invoked command in '/home/ubuntu24/idmec/src/multi_ergodic_search' returned '0': CONDA_PROMPT_MODIFIER=(jaxlib) PYTHONPATH=/home/ubuntu24/idmec/build/multi_ergodic_search/prefix_override:/usr/lib/python3/dist-packages/colcon_core/task/python/colcon_distutils_commands:/home/ubuntu24/idmec/install/multi_ergodic_search/lib/python3.12/site-packages:${PYTHONPATH} /usr/bin/python3 -W ignore:setup.py install is deprecated -W ignore:easy_install command is deprecated setup.py egg_info --egg-base ../../build/multi_ergodic_search build --build-base /home/ubuntu24/idmec/build/multi_ergodic_search/build install --record /home/ubuntu24/idmec/build/multi_ergodic_search/install.log --single-version-externally-managed install_data
