[0.249s] DEBUG:colcon:Command line arguments: ['/usr/bin/colcon', 'build']
[0.250s] DEBUG:colcon:Parsed command line arguments: Namespace(log_base=None, log_level=None, verb_name='build', build_base='build', install_base='install', merge_install=False, symlink_install=False, test_result_base=None, continue_on_error=False, executor='parallel', parallel_workers=16, event_handlers=None, ignore_user_meta=False, metas=['./colcon.meta'], base_paths=['.'], packages_ignore=None, packages_ignore_regex=None, paths=None, packages_up_to=None, packages_up_to_regex=None, packages_above=None, packages_above_and_dependencies=None, packages_above_depth=None, packages_select_by_dep=None, packages_skip_by_dep=None, packages_skip_up_to=None, packages_select_build_failed=False, packages_skip_build_finished=False, packages_select_test_failures=False, packages_skip_test_passed=False, packages_select=None, packages_skip=None, packages_select_regex=None, packages_skip_regex=None, packages_start=None, packages_end=None, allow_overriding=[], cmake_args=None, cmake_target=None, cmake_target_skip_unavailable=False, cmake_clean_cache=False, cmake_clean_first=False, cmake_force_configure=False, ament_cmake_args=None, catkin_cmake_args=None, catkin_skip_building_tests=False, verb_parser=<colcon_defaults.argument_parser.defaults.DefaultArgumentsDecorator object at 0x7a4e000673b0>, verb_extension=<colcon_core.verb.build.BuildVerb object at 0x7a4e000670b0>, main=<bound method BuildVerb.main of <colcon_core.verb.build.BuildVerb object at 0x7a4e000670b0>>)
[0.291s] Level 1:colcon.colcon_core.package_discovery:discover_packages(colcon_meta) check parameters
[0.291s] Level 1:colcon.colcon_core.package_discovery:discover_packages(recursive) check parameters
[0.291s] Level 1:colcon.colcon_core.package_discovery:discover_packages(ignore) check parameters
[0.292s] Level 1:colcon.colcon_core.package_discovery:discover_packages(path) check parameters
[0.292s] Level 1:colcon.colcon_core.package_discovery:discover_packages(colcon_meta) discover
[0.292s] Level 1:colcon.colcon_core.package_discovery:discover_packages(recursive) discover
[0.292s] INFO:colcon.colcon_core.package_discovery:Crawling recursively for packages in '/home/ubuntu24/idmec'
[0.292s] Level 1:colcon.colcon_core.package_identification:_identify(.) by extensions ['ignore', 'ignore_ament_install']
[0.292s] Level 1:colcon.colcon_core.package_identification:_identify(.) by extension 'ignore'
[0.292s] Level 1:colcon.colcon_core.package_identification:_identify(.) by extension 'ignore_ament_install'
[0.292s] Level 1:colcon.colcon_core.package_identification:_identify(.) by extensions ['colcon_pkg']
[0.292s] Level 1:colcon.colcon_core.package_identification:_identify(.) by extension 'colcon_pkg'
[0.292s] Level 1:colcon.colcon_core.package_identification:_identify(.) by extensions ['colcon_meta']
[0.292s] Level 1:colcon.colcon_core.package_identification:_identify(.) by extension 'colcon_meta'
[0.292s] Level 1:colcon.colcon_core.package_identification:_identify(.) by extensions ['ros']
[0.292s] Level 1:colcon.colcon_core.package_identification:_identify(.) by extension 'ros'
[0.317s] Level 1:colcon.colcon_core.package_identification:_identify(.) by extensions ['cmake', 'python']
[0.317s] Level 1:colcon.colcon_core.package_identification:_identify(.) by extension 'cmake'
[0.317s] Level 1:colcon.colcon_core.package_identification:_identify(.) by extension 'python'
[0.317s] Level 1:colcon.colcon_core.package_identification:_identify(.) by extensions ['python_setup_py']
[0.318s] Level 1:colcon.colcon_core.package_identification:_identify(.) by extension 'python_setup_py'
[0.318s] Level 1:colcon.colcon_core.package_identification:_identify(build) by extensions ['ignore', 'ignore_ament_install']
[0.318s] Level 1:colcon.colcon_core.package_identification:_identify(build) by extension 'ignore'
[0.318s] Level 1:colcon.colcon_core.package_identification:_identify(build) ignored
[0.318s] Level 1:colcon.colcon_core.package_identification:_identify(install) by extensions ['ignore', 'ignore_ament_install']
[0.318s] Level 1:colcon.colcon_core.package_identification:_identify(install) by extension 'ignore'
[0.318s] Level 1:colcon.colcon_core.package_identification:_identify(install) ignored
[0.318s] Level 1:colcon.colcon_core.package_identification:_identify(log) by extensions ['ignore', 'ignore_ament_install']
[0.318s] Level 1:colcon.colcon_core.package_identification:_identify(log) by extension 'ignore'
[0.319s] Level 1:colcon.colcon_core.package_identification:_identify(log) ignored
[0.319s] Level 1:colcon.colcon_core.package_identification:_identify(src) by extensions ['ignore', 'ignore_ament_install']
[0.319s] Level 1:colcon.colcon_core.package_identification:_identify(src) by extension 'ignore'
[0.319s] Level 1:colcon.colcon_core.package_identification:_identify(src) by extension 'ignore_ament_install'
[0.319s] Level 1:colcon.colcon_core.package_identification:_identify(src) by extensions ['colcon_pkg']
[0.319s] Level 1:colcon.colcon_core.package_identification:_identify(src) by extension 'colcon_pkg'
[0.319s] Level 1:colcon.colcon_core.package_identification:_identify(src) by extensions ['colcon_meta']
[0.319s] Level 1:colcon.colcon_core.package_identification:_identify(src) by extension 'colcon_meta'
[0.319s] Level 1:colcon.colcon_core.package_identification:_identify(src) by extensions ['ros']
[0.319s] Level 1:colcon.colcon_core.package_identification:_identify(src) by extension 'ros'
[0.319s] Level 1:colcon.colcon_core.package_identification:_identify(src) by extensions ['cmake', 'python']
[0.319s] Level 1:colcon.colcon_core.package_identification:_identify(src) by extension 'cmake'
[0.319s] Level 1:colcon.colcon_core.package_identification:_identify(src) by extension 'python'
[0.319s] Level 1:colcon.colcon_core.package_identification:_identify(src) by extensions ['python_setup_py']
[0.320s] Level 1:colcon.colcon_core.package_identification:_identify(src) by extension 'python_setup_py'
[0.320s] Level 1:colcon.colcon_core.package_identification:_identify(src/ergodic_search) by extensions ['ignore', 'ignore_ament_install']
[0.320s] Level 1:colcon.colcon_core.package_identification:_identify(src/ergodic_search) by extension 'ignore'
[0.320s] Level 1:colcon.colcon_core.package_identification:_identify(src/ergodic_search) by extension 'ignore_ament_install'
[0.320s] Level 1:colcon.colcon_core.package_identification:_identify(src/ergodic_search) by extensions ['colcon_pkg']
[0.320s] Level 1:colcon.colcon_core.package_identification:_identify(src/ergodic_search) by extension 'colcon_pkg'
[0.320s] Level 1:colcon.colcon_core.package_identification:_identify(src/ergodic_search) by extensions ['colcon_meta']
[0.320s] Level 1:colcon.colcon_core.package_identification:_identify(src/ergodic_search) by extension 'colcon_meta'
[0.320s] Level 1:colcon.colcon_core.package_identification:_identify(src/ergodic_search) by extensions ['ros']
[0.320s] Level 1:colcon.colcon_core.package_identification:_identify(src/ergodic_search) by extension 'ros'
[0.320s] Level 1:colcon.colcon_core.package_identification:_identify(src/ergodic_search) by extensions ['cmake', 'python']
[0.320s] Level 1:colcon.colcon_core.package_identification:_identify(src/ergodic_search) by extension 'cmake'
[0.320s] Level 1:colcon.colcon_core.package_identification:_identify(src/ergodic_search) by extension 'python'
[0.320s] Level 1:colcon.colcon_core.package_identification:_identify(src/ergodic_search) by extensions ['python_setup_py']
[0.321s] Level 1:colcon.colcon_core.package_identification:_identify(src/ergodic_search) by extension 'python_setup_py'
[0.321s] Level 1:colcon.colcon_core.package_identification:_identify(src/ergodic_search/datas) by extensions ['ignore', 'ignore_ament_install']
[0.321s] Level 1:colcon.colcon_core.package_identification:_identify(src/ergodic_search/datas) by extension 'ignore'
[0.321s] Level 1:colcon.colcon_core.package_identification:_identify(src/ergodic_search/datas) by extension 'ignore_ament_install'
[0.321s] Level 1:colcon.colcon_core.package_identification:_identify(src/ergodic_search/datas) by extensions ['colcon_pkg']
[0.321s] Level 1:colcon.colcon_core.package_identification:_identify(src/ergodic_search/datas) by extension 'colcon_pkg'
[0.321s] Level 1:colcon.colcon_core.package_identification:_identify(src/ergodic_search/datas) by extensions ['colcon_meta']
[0.321s] Level 1:colcon.colcon_core.package_identification:_identify(src/ergodic_search/datas) by extension 'colcon_meta'
[0.321s] Level 1:colcon.colcon_core.package_identification:_identify(src/ergodic_search/datas) by extensions ['ros']
[0.321s] Level 1:colcon.colcon_core.package_identification:_identify(src/ergodic_search/datas) by extension 'ros'
[0.321s] Level 1:colcon.colcon_core.package_identification:_identify(src/ergodic_search/datas) by extensions ['cmake', 'python']
[0.321s] Level 1:colcon.colcon_core.package_identification:_identify(src/ergodic_search/datas) by extension 'cmake'
[0.321s] Level 1:colcon.colcon_core.package_identification:_identify(src/ergodic_search/datas) by extension 'python'
[0.321s] Level 1:colcon.colcon_core.package_identification:_identify(src/ergodic_search/datas) by extensions ['python_setup_py']
[0.321s] Level 1:colcon.colcon_core.package_identification:_identify(src/ergodic_search/datas) by extension 'python_setup_py'
[0.322s] Level 1:colcon.colcon_core.package_identification:_identify(src/ergodic_search/datas/config) by extensions ['ignore', 'ignore_ament_install']
[0.322s] Level 1:colcon.colcon_core.package_identification:_identify(src/ergodic_search/datas/config) by extension 'ignore'
[0.322s] Level 1:colcon.colcon_core.package_identification:_identify(src/ergodic_search/datas/config) by extension 'ignore_ament_install'
[0.322s] Level 1:colcon.colcon_core.package_identification:_identify(src/ergodic_search/datas/config) by extensions ['colcon_pkg']
[0.322s] Level 1:colcon.colcon_core.package_identification:_identify(src/ergodic_search/datas/config) by extension 'colcon_pkg'
[0.322s] Level 1:colcon.colcon_core.package_identification:_identify(src/ergodic_search/datas/config) by extensions ['colcon_meta']
[0.322s] Level 1:colcon.colcon_core.package_identification:_identify(src/ergodic_search/datas/config) by extension 'colcon_meta'
[0.322s] Level 1:colcon.colcon_core.package_identification:_identify(src/ergodic_search/datas/config) by extensions ['ros']
[0.322s] Level 1:colcon.colcon_core.package_identification:_identify(src/ergodic_search/datas/config) by extension 'ros'
[0.322s] Level 1:colcon.colcon_core.package_identification:_identify(src/ergodic_search/datas/config) by extensions ['cmake', 'python']
[0.322s] Level 1:colcon.colcon_core.package_identification:_identify(src/ergodic_search/datas/config) by extension 'cmake'
[0.322s] Level 1:colcon.colcon_core.package_identification:_identify(src/ergodic_search/datas/config) by extension 'python'
[0.322s] Level 1:colcon.colcon_core.package_identification:_identify(src/ergodic_search/datas/config) by extensions ['python_setup_py']
[0.322s] Level 1:colcon.colcon_core.package_identification:_identify(src/ergodic_search/datas/config) by extension 'python_setup_py'
[0.323s] Level 1:colcon.colcon_core.package_identification:_identify(src/ergodic_search/datas/logs) by extensions ['ignore', 'ignore_ament_install']
[0.323s] Level 1:colcon.colcon_core.package_identification:_identify(src/ergodic_search/datas/logs) by extension 'ignore'
[0.323s] Level 1:colcon.colcon_core.package_identification:_identify(src/ergodic_search/datas/logs) by extension 'ignore_ament_install'
[0.323s] Level 1:colcon.colcon_core.package_identification:_identify(src/ergodic_search/datas/logs) by extensions ['colcon_pkg']
[0.323s] Level 1:colcon.colcon_core.package_identification:_identify(src/ergodic_search/datas/logs) by extension 'colcon_pkg'
[0.323s] Level 1:colcon.colcon_core.package_identification:_identify(src/ergodic_search/datas/logs) by extensions ['colcon_meta']
[0.323s] Level 1:colcon.colcon_core.package_identification:_identify(src/ergodic_search/datas/logs) by extension 'colcon_meta'
[0.323s] Level 1:colcon.colcon_core.package_identification:_identify(src/ergodic_search/datas/logs) by extensions ['ros']
[0.323s] Level 1:colcon.colcon_core.package_identification:_identify(src/ergodic_search/datas/logs) by extension 'ros'
[0.323s] Level 1:colcon.colcon_core.package_identification:_identify(src/ergodic_search/datas/logs) by extensions ['cmake', 'python']
[0.323s] Level 1:colcon.colcon_core.package_identification:_identify(src/ergodic_search/datas/logs) by extension 'cmake'
[0.323s] Level 1:colcon.colcon_core.package_identification:_identify(src/ergodic_search/datas/logs) by extension 'python'
[0.323s] Level 1:colcon.colcon_core.package_identification:_identify(src/ergodic_search/datas/logs) by extensions ['python_setup_py']
[0.323s] Level 1:colcon.colcon_core.package_identification:_identify(src/ergodic_search/datas/logs) by extension 'python_setup_py'
[0.323s] Level 1:colcon.colcon_core.package_identification:_identify(src/ergodic_search/figures) by extensions ['ignore', 'ignore_ament_install']
[0.323s] Level 1:colcon.colcon_core.package_identification:_identify(src/ergodic_search/figures) by extension 'ignore'
[0.323s] Level 1:colcon.colcon_core.package_identification:_identify(src/ergodic_search/figures) by extension 'ignore_ament_install'
[0.324s] Level 1:colcon.colcon_core.package_identification:_identify(src/ergodic_search/figures) by extensions ['colcon_pkg']
[0.324s] Level 1:colcon.colcon_core.package_identification:_identify(src/ergodic_search/figures) by extension 'colcon_pkg'
[0.324s] Level 1:colcon.colcon_core.package_identification:_identify(src/ergodic_search/figures) by extensions ['colcon_meta']
[0.324s] Level 1:colcon.colcon_core.package_identification:_identify(src/ergodic_search/figures) by extension 'colcon_meta'
[0.324s] Level 1:colcon.colcon_core.package_identification:_identify(src/ergodic_search/figures) by extensions ['ros']
[0.324s] Level 1:colcon.colcon_core.package_identification:_identify(src/ergodic_search/figures) by extension 'ros'
[0.324s] Level 1:colcon.colcon_core.package_identification:_identify(src/ergodic_search/figures) by extensions ['cmake', 'python']
[0.324s] Level 1:colcon.colcon_core.package_identification:_identify(src/ergodic_search/figures) by extension 'cmake'
[0.324s] Level 1:colcon.colcon_core.package_identification:_identify(src/ergodic_search/figures) by extension 'python'
[0.324s] Level 1:colcon.colcon_core.package_identification:_identify(src/ergodic_search/figures) by extensions ['python_setup_py']
[0.324s] Level 1:colcon.colcon_core.package_identification:_identify(src/ergodic_search/figures) by extension 'python_setup_py'
[0.324s] Level 1:colcon.colcon_core.package_identification:_identify(src/ergodic_search/launch) by extensions ['ignore', 'ignore_ament_install']
[0.324s] Level 1:colcon.colcon_core.package_identification:_identify(src/ergodic_search/launch) by extension 'ignore'
[0.324s] Level 1:colcon.colcon_core.package_identification:_identify(src/ergodic_search/launch) by extension 'ignore_ament_install'
[0.324s] Level 1:colcon.colcon_core.package_identification:_identify(src/ergodic_search/launch) by extensions ['colcon_pkg']
[0.325s] Level 1:colcon.colcon_core.package_identification:_identify(src/ergodic_search/launch) by extension 'colcon_pkg'
[0.325s] Level 1:colcon.colcon_core.package_identification:_identify(src/ergodic_search/launch) by extensions ['colcon_meta']
[0.325s] Level 1:colcon.colcon_core.package_identification:_identify(src/ergodic_search/launch) by extension 'colcon_meta'
[0.325s] Level 1:colcon.colcon_core.package_identification:_identify(src/ergodic_search/launch) by extensions ['ros']
[0.325s] Level 1:colcon.colcon_core.package_identification:_identify(src/ergodic_search/launch) by extension 'ros'
[0.325s] Level 1:colcon.colcon_core.package_identification:_identify(src/ergodic_search/launch) by extensions ['cmake', 'python']
[0.325s] Level 1:colcon.colcon_core.package_identification:_identify(src/ergodic_search/launch) by extension 'cmake'
[0.325s] Level 1:colcon.colcon_core.package_identification:_identify(src/ergodic_search/launch) by extension 'python'
[0.325s] Level 1:colcon.colcon_core.package_identification:_identify(src/ergodic_search/launch) by extensions ['python_setup_py']
[0.325s] Level 1:colcon.colcon_core.package_identification:_identify(src/ergodic_search/launch) by extension 'python_setup_py'
[0.325s] Level 1:colcon.colcon_core.package_identification:_identify(src/ergodic_search/multiRobots_lib) by extensions ['ignore', 'ignore_ament_install']
[0.325s] Level 1:colcon.colcon_core.package_identification:_identify(src/ergodic_search/multiRobots_lib) by extension 'ignore'
[0.325s] Level 1:colcon.colcon_core.package_identification:_identify(src/ergodic_search/multiRobots_lib) by extension 'ignore_ament_install'
[0.325s] Level 1:colcon.colcon_core.package_identification:_identify(src/ergodic_search/multiRobots_lib) by extensions ['colcon_pkg']
[0.325s] Level 1:colcon.colcon_core.package_identification:_identify(src/ergodic_search/multiRobots_lib) by extension 'colcon_pkg'
[0.325s] Level 1:colcon.colcon_core.package_identification:_identify(src/ergodic_search/multiRobots_lib) by extensions ['colcon_meta']
[0.325s] Level 1:colcon.colcon_core.package_identification:_identify(src/ergodic_search/multiRobots_lib) by extension 'colcon_meta'
[0.326s] Level 1:colcon.colcon_core.package_identification:_identify(src/ergodic_search/multiRobots_lib) by extensions ['ros']
[0.326s] Level 1:colcon.colcon_core.package_identification:_identify(src/ergodic_search/multiRobots_lib) by extension 'ros'
[0.326s] Level 1:colcon.colcon_core.package_identification:_identify(src/ergodic_search/multiRobots_lib) by extensions ['cmake', 'python']
[0.326s] Level 1:colcon.colcon_core.package_identification:_identify(src/ergodic_search/multiRobots_lib) by extension 'cmake'
[0.326s] Level 1:colcon.colcon_core.package_identification:_identify(src/ergodic_search/multiRobots_lib) by extension 'python'
[0.326s] Level 1:colcon.colcon_core.package_identification:_identify(src/ergodic_search/multiRobots_lib) by extensions ['python_setup_py']
[0.326s] Level 1:colcon.colcon_core.package_identification:_identify(src/ergodic_search/multiRobots_lib) by extension 'python_setup_py'
[0.326s] Level 1:colcon.colcon_core.package_identification:_identify(src/ergodic_search/multiRobots_lib/__pycache__) by extensions ['ignore', 'ignore_ament_install']
[0.326s] Level 1:colcon.colcon_core.package_identification:_identify(src/ergodic_search/multiRobots_lib/__pycache__) by extension 'ignore'
[0.326s] Level 1:colcon.colcon_core.package_identification:_identify(src/ergodic_search/multiRobots_lib/__pycache__) by extension 'ignore_ament_install'
[0.326s] Level 1:colcon.colcon_core.package_identification:_identify(src/ergodic_search/multiRobots_lib/__pycache__) by extensions ['colcon_pkg']
[0.326s] Level 1:colcon.colcon_core.package_identification:_identify(src/ergodic_search/multiRobots_lib/__pycache__) by extension 'colcon_pkg'
[0.326s] Level 1:colcon.colcon_core.package_identification:_identify(src/ergodic_search/multiRobots_lib/__pycache__) by extensions ['colcon_meta']
[0.326s] Level 1:colcon.colcon_core.package_identification:_identify(src/ergodic_search/multiRobots_lib/__pycache__) by extension 'colcon_meta'
[0.327s] Level 1:colcon.colcon_core.package_identification:_identify(src/ergodic_search/multiRobots_lib/__pycache__) by extensions ['ros']
[0.327s] Level 1:colcon.colcon_core.package_identification:_identify(src/ergodic_search/multiRobots_lib/__pycache__) by extension 'ros'
[0.327s] Level 1:colcon.colcon_core.package_identification:_identify(src/ergodic_search/multiRobots_lib/__pycache__) by extensions ['cmake', 'python']
[0.327s] Level 1:colcon.colcon_core.package_identification:_identify(src/ergodic_search/multiRobots_lib/__pycache__) by extension 'cmake'
[0.327s] Level 1:colcon.colcon_core.package_identification:_identify(src/ergodic_search/multiRobots_lib/__pycache__) by extension 'python'
[0.327s] Level 1:colcon.colcon_core.package_identification:_identify(src/ergodic_search/multiRobots_lib/__pycache__) by extensions ['python_setup_py']
[0.327s] Level 1:colcon.colcon_core.package_identification:_identify(src/ergodic_search/multiRobots_lib/__pycache__) by extension 'python_setup_py'
[0.327s] Level 1:colcon.colcon_core.package_identification:_identify(src/ergodic_search/notebooks) by extensions ['ignore', 'ignore_ament_install']
[0.327s] Level 1:colcon.colcon_core.package_identification:_identify(src/ergodic_search/notebooks) by extension 'ignore'
[0.327s] Level 1:colcon.colcon_core.package_identification:_identify(src/ergodic_search/notebooks) by extension 'ignore_ament_install'
[0.327s] Level 1:colcon.colcon_core.package_identification:_identify(src/ergodic_search/notebooks) by extensions ['colcon_pkg']
[0.327s] Level 1:colcon.colcon_core.package_identification:_identify(src/ergodic_search/notebooks) by extension 'colcon_pkg'
[0.327s] Level 1:colcon.colcon_core.package_identification:_identify(src/ergodic_search/notebooks) by extensions ['colcon_meta']
[0.327s] Level 1:colcon.colcon_core.package_identification:_identify(src/ergodic_search/notebooks) by extension 'colcon_meta'
[0.328s] Level 1:colcon.colcon_core.package_identification:_identify(src/ergodic_search/notebooks) by extensions ['ros']
[0.328s] Level 1:colcon.colcon_core.package_identification:_identify(src/ergodic_search/notebooks) by extension 'ros'
[0.328s] Level 1:colcon.colcon_core.package_identification:_identify(src/ergodic_search/notebooks) by extensions ['cmake', 'python']
[0.328s] Level 1:colcon.colcon_core.package_identification:_identify(src/ergodic_search/notebooks) by extension 'cmake'
[0.328s] Level 1:colcon.colcon_core.package_identification:_identify(src/ergodic_search/notebooks) by extension 'python'
[0.328s] Level 1:colcon.colcon_core.package_identification:_identify(src/ergodic_search/notebooks) by extensions ['python_setup_py']
[0.328s] Level 1:colcon.colcon_core.package_identification:_identify(src/ergodic_search/notebooks) by extension 'python_setup_py'
[0.328s] Level 1:colcon.colcon_core.package_identification:_identify(src/ergodic_search/scripts) by extensions ['ignore', 'ignore_ament_install']
[0.328s] Level 1:colcon.colcon_core.package_identification:_identify(src/ergodic_search/scripts) by extension 'ignore'
[0.328s] Level 1:colcon.colcon_core.package_identification:_identify(src/ergodic_search/scripts) by extension 'ignore_ament_install'
[0.328s] Level 1:colcon.colcon_core.package_identification:_identify(src/ergodic_search/scripts) by extensions ['colcon_pkg']
[0.328s] Level 1:colcon.colcon_core.package_identification:_identify(src/ergodic_search/scripts) by extension 'colcon_pkg'
[0.328s] Level 1:colcon.colcon_core.package_identification:_identify(src/ergodic_search/scripts) by extensions ['colcon_meta']
[0.328s] Level 1:colcon.colcon_core.package_identification:_identify(src/ergodic_search/scripts) by extension 'colcon_meta'
[0.328s] Level 1:colcon.colcon_core.package_identification:_identify(src/ergodic_search/scripts) by extensions ['ros']
[0.329s] Level 1:colcon.colcon_core.package_identification:_identify(src/ergodic_search/scripts) by extension 'ros'
[0.329s] Level 1:colcon.colcon_core.package_identification:_identify(src/ergodic_search/scripts) by extensions ['cmake', 'python']
[0.329s] Level 1:colcon.colcon_core.package_identification:_identify(src/ergodic_search/scripts) by extension 'cmake'
[0.329s] Level 1:colcon.colcon_core.package_identification:_identify(src/ergodic_search/scripts) by extension 'python'
[0.329s] Level 1:colcon.colcon_core.package_identification:_identify(src/ergodic_search/scripts) by extensions ['python_setup_py']
[0.329s] Level 1:colcon.colcon_core.package_identification:_identify(src/ergodic_search/scripts) by extension 'python_setup_py'
[0.329s] Level 1:colcon.colcon_core.package_identification:_identify(src/ergodic_search/scripts/__pycache__) by extensions ['ignore', 'ignore_ament_install']
[0.329s] Level 1:colcon.colcon_core.package_identification:_identify(src/ergodic_search/scripts/__pycache__) by extension 'ignore'
[0.329s] Level 1:colcon.colcon_core.package_identification:_identify(src/ergodic_search/scripts/__pycache__) by extension 'ignore_ament_install'
[0.329s] Level 1:colcon.colcon_core.package_identification:_identify(src/ergodic_search/scripts/__pycache__) by extensions ['colcon_pkg']
[0.329s] Level 1:colcon.colcon_core.package_identification:_identify(src/ergodic_search/scripts/__pycache__) by extension 'colcon_pkg'
[0.329s] Level 1:colcon.colcon_core.package_identification:_identify(src/ergodic_search/scripts/__pycache__) by extensions ['colcon_meta']
[0.329s] Level 1:colcon.colcon_core.package_identification:_identify(src/ergodic_search/scripts/__pycache__) by extension 'colcon_meta'
[0.329s] Level 1:colcon.colcon_core.package_identification:_identify(src/ergodic_search/scripts/__pycache__) by extensions ['ros']
[0.329s] Level 1:colcon.colcon_core.package_identification:_identify(src/ergodic_search/scripts/__pycache__) by extension 'ros'
[0.330s] Level 1:colcon.colcon_core.package_identification:_identify(src/ergodic_search/scripts/__pycache__) by extensions ['cmake', 'python']
[0.330s] Level 1:colcon.colcon_core.package_identification:_identify(src/ergodic_search/scripts/__pycache__) by extension 'cmake'
[0.330s] Level 1:colcon.colcon_core.package_identification:_identify(src/ergodic_search/scripts/__pycache__) by extension 'python'
[0.330s] Level 1:colcon.colcon_core.package_identification:_identify(src/ergodic_search/scripts/__pycache__) by extensions ['python_setup_py']
[0.330s] Level 1:colcon.colcon_core.package_identification:_identify(src/ergodic_search/scripts/__pycache__) by extension 'python_setup_py'
[0.330s] Level 1:colcon.colcon_core.package_identification:_identify(src/ergodic_search/src) by extensions ['ignore', 'ignore_ament_install']
[0.330s] Level 1:colcon.colcon_core.package_identification:_identify(src/ergodic_search/src) by extension 'ignore'
[0.330s] Level 1:colcon.colcon_core.package_identification:_identify(src/ergodic_search/src) by extension 'ignore_ament_install'
[0.330s] Level 1:colcon.colcon_core.package_identification:_identify(src/ergodic_search/src) by extensions ['colcon_pkg']
[0.330s] Level 1:colcon.colcon_core.package_identification:_identify(src/ergodic_search/src) by extension 'colcon_pkg'
[0.330s] Level 1:colcon.colcon_core.package_identification:_identify(src/ergodic_search/src) by extensions ['colcon_meta']
[0.330s] Level 1:colcon.colcon_core.package_identification:_identify(src/ergodic_search/src) by extension 'colcon_meta'
[0.330s] Level 1:colcon.colcon_core.package_identification:_identify(src/ergodic_search/src) by extensions ['ros']
[0.330s] Level 1:colcon.colcon_core.package_identification:_identify(src/ergodic_search/src) by extension 'ros'
[0.330s] Level 1:colcon.colcon_core.package_identification:_identify(src/ergodic_search/src) by extensions ['cmake', 'python']
[0.330s] Level 1:colcon.colcon_core.package_identification:_identify(src/ergodic_search/src) by extension 'cmake'
[0.331s] Level 1:colcon.colcon_core.package_identification:_identify(src/ergodic_search/src) by extension 'python'
[0.331s] Level 1:colcon.colcon_core.package_identification:_identify(src/ergodic_search/src) by extensions ['python_setup_py']
[0.331s] Level 1:colcon.colcon_core.package_identification:_identify(src/ergodic_search/src) by extension 'python_setup_py'
[0.331s] Level 1:colcon.colcon_core.package_identification:_identify(src/multi_ergodic_search) by extensions ['ignore', 'ignore_ament_install']
[0.331s] Level 1:colcon.colcon_core.package_identification:_identify(src/multi_ergodic_search) by extension 'ignore'
[0.331s] Level 1:colcon.colcon_core.package_identification:_identify(src/multi_ergodic_search) by extension 'ignore_ament_install'
[0.331s] Level 1:colcon.colcon_core.package_identification:_identify(src/multi_ergodic_search) by extensions ['colcon_pkg']
[0.331s] Level 1:colcon.colcon_core.package_identification:_identify(src/multi_ergodic_search) by extension 'colcon_pkg'
[0.331s] Level 1:colcon.colcon_core.package_identification:_identify(src/multi_ergodic_search) by extensions ['colcon_meta']
[0.331s] Level 1:colcon.colcon_core.package_identification:_identify(src/multi_ergodic_search) by extension 'colcon_meta'
[0.331s] Level 1:colcon.colcon_core.package_identification:_identify(src/multi_ergodic_search) by extensions ['ros']
[0.331s] Level 1:colcon.colcon_core.package_identification:_identify(src/multi_ergodic_search) by extension 'ros'
[0.335s] DEBUG:colcon.colcon_core.package_identification:Package 'src/multi_ergodic_search' with type 'ros.ament_python' and name 'multi_ergodic_search'
[0.335s] Level 1:colcon.colcon_core.package_identification:_identify(src/plot_tools) by extensions ['ignore', 'ignore_ament_install']
[0.335s] Level 1:colcon.colcon_core.package_identification:_identify(src/plot_tools) by extension 'ignore'
[0.335s] Level 1:colcon.colcon_core.package_identification:_identify(src/plot_tools) by extension 'ignore_ament_install'
[0.335s] Level 1:colcon.colcon_core.package_identification:_identify(src/plot_tools) by extensions ['colcon_pkg']
[0.335s] Level 1:colcon.colcon_core.package_identification:_identify(src/plot_tools) by extension 'colcon_pkg'
[0.335s] Level 1:colcon.colcon_core.package_identification:_identify(src/plot_tools) by extensions ['colcon_meta']
[0.335s] Level 1:colcon.colcon_core.package_identification:_identify(src/plot_tools) by extension 'colcon_meta'
[0.335s] Level 1:colcon.colcon_core.package_identification:_identify(src/plot_tools) by extensions ['ros']
[0.335s] Level 1:colcon.colcon_core.package_identification:_identify(src/plot_tools) by extension 'ros'
[0.335s] Level 1:colcon.colcon_core.package_identification:_identify(src/plot_tools) by extensions ['cmake', 'python']
[0.336s] Level 1:colcon.colcon_core.package_identification:_identify(src/plot_tools) by extension 'cmake'
[0.336s] Level 1:colcon.colcon_core.package_identification:_identify(src/plot_tools) by extension 'python'
[0.336s] Level 1:colcon.colcon_core.package_identification:_identify(src/plot_tools) by extensions ['python_setup_py']
[0.336s] Level 1:colcon.colcon_core.package_identification:_identify(src/plot_tools) by extension 'python_setup_py'
[0.336s] Level 1:colcon.colcon_core.package_identification:_identify(src/plot_tools/libs) by extensions ['ignore', 'ignore_ament_install']
[0.336s] Level 1:colcon.colcon_core.package_identification:_identify(src/plot_tools/libs) by extension 'ignore'
[0.336s] Level 1:colcon.colcon_core.package_identification:_identify(src/plot_tools/libs) by extension 'ignore_ament_install'
[0.336s] Level 1:colcon.colcon_core.package_identification:_identify(src/plot_tools/libs) by extensions ['colcon_pkg']
[0.336s] Level 1:colcon.colcon_core.package_identification:_identify(src/plot_tools/libs) by extension 'colcon_pkg'
[0.336s] Level 1:colcon.colcon_core.package_identification:_identify(src/plot_tools/libs) by extensions ['colcon_meta']
[0.336s] Level 1:colcon.colcon_core.package_identification:_identify(src/plot_tools/libs) by extension 'colcon_meta'
[0.336s] Level 1:colcon.colcon_core.package_identification:_identify(src/plot_tools/libs) by extensions ['ros']
[0.336s] Level 1:colcon.colcon_core.package_identification:_identify(src/plot_tools/libs) by extension 'ros'
[0.336s] Level 1:colcon.colcon_core.package_identification:_identify(src/plot_tools/libs) by extensions ['cmake', 'python']
[0.337s] Level 1:colcon.colcon_core.package_identification:_identify(src/plot_tools/libs) by extension 'cmake'
[0.337s] Level 1:colcon.colcon_core.package_identification:_identify(src/plot_tools/libs) by extension 'python'
[0.337s] Level 1:colcon.colcon_core.package_identification:_identify(src/plot_tools/libs) by extensions ['python_setup_py']
[0.337s] Level 1:colcon.colcon_core.package_identification:_identify(src/plot_tools/libs) by extension 'python_setup_py'
[0.337s] Level 1:colcon.colcon_core.package_identification:_identify(src/plot_tools/libs/__pycache__) by extensions ['ignore', 'ignore_ament_install']
[0.337s] Level 1:colcon.colcon_core.package_identification:_identify(src/plot_tools/libs/__pycache__) by extension 'ignore'
[0.337s] Level 1:colcon.colcon_core.package_identification:_identify(src/plot_tools/libs/__pycache__) by extension 'ignore_ament_install'
[0.337s] Level 1:colcon.colcon_core.package_identification:_identify(src/plot_tools/libs/__pycache__) by extensions ['colcon_pkg']
[0.337s] Level 1:colcon.colcon_core.package_identification:_identify(src/plot_tools/libs/__pycache__) by extension 'colcon_pkg'
[0.337s] Level 1:colcon.colcon_core.package_identification:_identify(src/plot_tools/libs/__pycache__) by extensions ['colcon_meta']
[0.337s] Level 1:colcon.colcon_core.package_identification:_identify(src/plot_tools/libs/__pycache__) by extension 'colcon_meta'
[0.337s] Level 1:colcon.colcon_core.package_identification:_identify(src/plot_tools/libs/__pycache__) by extensions ['ros']
[0.337s] Level 1:colcon.colcon_core.package_identification:_identify(src/plot_tools/libs/__pycache__) by extension 'ros'
[0.337s] Level 1:colcon.colcon_core.package_identification:_identify(src/plot_tools/libs/__pycache__) by extensions ['cmake', 'python']
[0.338s] Level 1:colcon.colcon_core.package_identification:_identify(src/plot_tools/libs/__pycache__) by extension 'cmake'
[0.338s] Level 1:colcon.colcon_core.package_identification:_identify(src/plot_tools/libs/__pycache__) by extension 'python'
[0.338s] Level 1:colcon.colcon_core.package_identification:_identify(src/plot_tools/libs/__pycache__) by extensions ['python_setup_py']
[0.338s] Level 1:colcon.colcon_core.package_identification:_identify(src/plot_tools/libs/__pycache__) by extension 'python_setup_py'
[0.338s] Level 1:colcon.colcon_core.package_identification:_identify(src/plot_tools/scripts) by extensions ['ignore', 'ignore_ament_install']
[0.338s] Level 1:colcon.colcon_core.package_identification:_identify(src/plot_tools/scripts) by extension 'ignore'
[0.338s] Level 1:colcon.colcon_core.package_identification:_identify(src/plot_tools/scripts) by extension 'ignore_ament_install'
[0.338s] Level 1:colcon.colcon_core.package_identification:_identify(src/plot_tools/scripts) by extensions ['colcon_pkg']
[0.338s] Level 1:colcon.colcon_core.package_identification:_identify(src/plot_tools/scripts) by extension 'colcon_pkg'
[0.338s] Level 1:colcon.colcon_core.package_identification:_identify(src/plot_tools/scripts) by extensions ['colcon_meta']
[0.338s] Level 1:colcon.colcon_core.package_identification:_identify(src/plot_tools/scripts) by extension 'colcon_meta'
[0.338s] Level 1:colcon.colcon_core.package_identification:_identify(src/plot_tools/scripts) by extensions ['ros']
[0.338s] Level 1:colcon.colcon_core.package_identification:_identify(src/plot_tools/scripts) by extension 'ros'
[0.339s] Level 1:colcon.colcon_core.package_identification:_identify(src/plot_tools/scripts) by extensions ['cmake', 'python']
[0.339s] Level 1:colcon.colcon_core.package_identification:_identify(src/plot_tools/scripts) by extension 'cmake'
[0.339s] Level 1:colcon.colcon_core.package_identification:_identify(src/plot_tools/scripts) by extension 'python'
[0.339s] Level 1:colcon.colcon_core.package_identification:_identify(src/plot_tools/scripts) by extensions ['python_setup_py']
[0.339s] Level 1:colcon.colcon_core.package_identification:_identify(src/plot_tools/scripts) by extension 'python_setup_py'
[0.339s] Level 1:colcon.colcon_core.package_discovery:discover_packages(recursive) using defaults
[0.339s] Level 1:colcon.colcon_core.package_discovery:discover_packages(ignore) discover
[0.339s] Level 1:colcon.colcon_core.package_discovery:discover_packages(ignore) using defaults
[0.339s] Level 1:colcon.colcon_core.package_discovery:discover_packages(path) discover
[0.339s] Level 1:colcon.colcon_core.package_discovery:discover_packages(path) using defaults
[0.357s] Level 1:colcon.colcon_core.package_discovery:discover_packages(prefix_path) check parameters
[0.357s] Level 1:colcon.colcon_core.package_discovery:discover_packages(prefix_path) discover
[0.359s] DEBUG:colcon.colcon_installed_package_information.package_discovery:Found 286 installed packages in /opt/ros/jazzy
[0.360s] Level 1:colcon.colcon_core.package_discovery:discover_packages(prefix_path) using defaults
[0.400s] Level 5:colcon.colcon_core.verb:set package 'multi_ergodic_search' build argument 'cmake_args' from command line to 'None'
[0.400s] Level 5:colcon.colcon_core.verb:set package 'multi_ergodic_search' build argument 'cmake_target' from command line to 'None'
[0.400s] Level 5:colcon.colcon_core.verb:set package 'multi_ergodic_search' build argument 'cmake_target_skip_unavailable' from command line to 'False'
[0.400s] Level 5:colcon.colcon_core.verb:set package 'multi_ergodic_search' build argument 'cmake_clean_cache' from command line to 'False'
[0.400s] Level 5:colcon.colcon_core.verb:set package 'multi_ergodic_search' build argument 'cmake_clean_first' from command line to 'False'
[0.400s] Level 5:colcon.colcon_core.verb:set package 'multi_ergodic_search' build argument 'cmake_force_configure' from command line to 'False'
[0.400s] Level 5:colcon.colcon_core.verb:set package 'multi_ergodic_search' build argument 'ament_cmake_args' from command line to 'None'
[0.400s] Level 5:colcon.colcon_core.verb:set package 'multi_ergodic_search' build argument 'catkin_cmake_args' from command line to 'None'
[0.400s] Level 5:colcon.colcon_core.verb:set package 'multi_ergodic_search' build argument 'catkin_skip_building_tests' from command line to 'False'
[0.400s] DEBUG:colcon.colcon_core.verb:Building package 'multi_ergodic_search' with the following arguments: {'ament_cmake_args': None, 'build_base': '/home/ubuntu24/idmec/build/multi_ergodic_search', 'catkin_cmake_args': None, 'catkin_skip_building_tests': False, 'cmake_args': None, 'cmake_clean_cache': False, 'cmake_clean_first': False, 'cmake_force_configure': False, 'cmake_target': None, 'cmake_target_skip_unavailable': False, 'install_base': '/home/ubuntu24/idmec/install/multi_ergodic_search', 'merge_install': False, 'path': '/home/ubuntu24/idmec/src/multi_ergodic_search', 'symlink_install': False, 'test_result_base': None}
[0.400s] INFO:colcon.colcon_core.executor:Executing jobs using 'parallel' executor
[0.401s] DEBUG:colcon.colcon_parallel_executor.executor.parallel:run_until_complete
[0.401s] INFO:colcon.colcon_ros.task.ament_python.build:Building ROS package in '/home/ubuntu24/idmec/src/multi_ergodic_search' with build type 'ament_python'
[0.401s] Level 1:colcon.colcon_core.shell:create_environment_hook('multi_ergodic_search', 'ament_prefix_path')
[0.404s] INFO:colcon.colcon_core.plugin_system:Skipping extension 'colcon_core.shell.bat': Not used on non-Windows systems
[0.404s] INFO:colcon.colcon_core.shell:Creating environment hook '/home/ubuntu24/idmec/install/multi_ergodic_search/share/multi_ergodic_search/hook/ament_prefix_path.ps1'
[0.405s] INFO:colcon.colcon_core.shell:Creating environment descriptor '/home/ubuntu24/idmec/install/multi_ergodic_search/share/multi_ergodic_search/hook/ament_prefix_path.dsv'
[0.405s] INFO:colcon.colcon_core.shell:Creating environment hook '/home/ubuntu24/idmec/install/multi_ergodic_search/share/multi_ergodic_search/hook/ament_prefix_path.sh'
[0.406s] INFO:colcon.colcon_core.shell:Skip shell extension 'powershell' for command environment: Not usable outside of PowerShell
[0.406s] DEBUG:colcon.colcon_core.shell:Skip shell extension 'dsv' for command environment
[0.615s] INFO:colcon.colcon_core.task.python.build:Building Python package in '/home/ubuntu24/idmec/src/multi_ergodic_search'
[0.616s] INFO:colcon.colcon_core.shell:Skip shell extension 'powershell' for command environment: Not usable outside of PowerShell
[0.616s] DEBUG:colcon.colcon_core.shell:Skip shell extension 'dsv' for command environment
[1.173s] DEBUG:colcon.colcon_core.event_handler.log_command:Invoking command in '/home/ubuntu24/idmec/src/multi_ergodic_search': CONDA_PROMPT_MODIFIER=(base) PYTHONPATH=/home/ubuntu24/idmec/build/multi_ergodic_search/prefix_override:/usr/lib/python3/dist-packages/colcon_core/task/python/colcon_distutils_commands:/home/ubuntu24/idmec/install/multi_ergodic_search/lib/python3.12/site-packages:${PYTHONPATH} /usr/bin/python3 -W ignore:setup.py install is deprecated -W ignore:easy_install command is deprecated setup.py egg_info --egg-base ../../build/multi_ergodic_search build --build-base /home/ubuntu24/idmec/build/multi_ergodic_search/build install --record /home/ubuntu24/idmec/build/multi_ergodic_search/install.log --single-version-externally-managed install_data
[1.675s] DEBUG:colcon.colcon_core.event_handler.log_command:Invoked command in '/home/ubuntu24/idmec/src/multi_ergodic_search' returned '0': CONDA_PROMPT_MODIFIER=(base) PYTHONPATH=/home/ubuntu24/idmec/build/multi_ergodic_search/prefix_override:/usr/lib/python3/dist-packages/colcon_core/task/python/colcon_distutils_commands:/home/ubuntu24/idmec/install/multi_ergodic_search/lib/python3.12/site-packages:${PYTHONPATH} /usr/bin/python3 -W ignore:setup.py install is deprecated -W ignore:easy_install command is deprecated setup.py egg_info --egg-base ../../build/multi_ergodic_search build --build-base /home/ubuntu24/idmec/build/multi_ergodic_search/build install --record /home/ubuntu24/idmec/build/multi_ergodic_search/install.log --single-version-externally-managed install_data
[1.677s] Level 1:colcon.colcon_core.environment:checking '/home/ubuntu24/idmec/install/multi_ergodic_search' for CMake module files
[1.677s] Level 1:colcon.colcon_core.environment:checking '/home/ubuntu24/idmec/install/multi_ergodic_search' for CMake config files
[1.678s] Level 1:colcon.colcon_core.environment:checking '/home/ubuntu24/idmec/install/multi_ergodic_search/lib'
[1.678s] Level 1:colcon.colcon_core.environment:checking '/home/ubuntu24/idmec/install/multi_ergodic_search/bin'
[1.678s] Level 1:colcon.colcon_core.environment:checking '/home/ubuntu24/idmec/install/multi_ergodic_search/lib/pkgconfig/multi_ergodic_search.pc'
[1.678s] Level 1:colcon.colcon_core.environment:checking '/home/ubuntu24/idmec/install/multi_ergodic_search/lib/python3.12/site-packages'
[1.678s] Level 1:colcon.colcon_core.shell:create_environment_hook('multi_ergodic_search', 'pythonpath')
[1.679s] INFO:colcon.colcon_core.shell:Creating environment hook '/home/ubuntu24/idmec/install/multi_ergodic_search/share/multi_ergodic_search/hook/pythonpath.ps1'
[1.679s] INFO:colcon.colcon_core.shell:Creating environment descriptor '/home/ubuntu24/idmec/install/multi_ergodic_search/share/multi_ergodic_search/hook/pythonpath.dsv'
[1.679s] INFO:colcon.colcon_core.shell:Creating environment hook '/home/ubuntu24/idmec/install/multi_ergodic_search/share/multi_ergodic_search/hook/pythonpath.sh'
[1.680s] Level 1:colcon.colcon_core.environment:checking '/home/ubuntu24/idmec/install/multi_ergodic_search/bin'
[1.680s] Level 1:colcon.colcon_core.environment:create_environment_scripts_only(multi_ergodic_search)
[1.680s] INFO:colcon.colcon_core.shell:Creating package script '/home/ubuntu24/idmec/install/multi_ergodic_search/share/multi_ergodic_search/package.ps1'
[1.681s] INFO:colcon.colcon_core.shell:Creating package descriptor '/home/ubuntu24/idmec/install/multi_ergodic_search/share/multi_ergodic_search/package.dsv'
[1.682s] INFO:colcon.colcon_core.shell:Creating package script '/home/ubuntu24/idmec/install/multi_ergodic_search/share/multi_ergodic_search/package.sh'
[1.682s] INFO:colcon.colcon_core.shell:Creating package script '/home/ubuntu24/idmec/install/multi_ergodic_search/share/multi_ergodic_search/package.bash'
[1.683s] INFO:colcon.colcon_core.shell:Creating package script '/home/ubuntu24/idmec/install/multi_ergodic_search/share/multi_ergodic_search/package.zsh'
[1.683s] Level 1:colcon.colcon_core.environment:create_file_with_runtime_dependencies(/home/ubuntu24/idmec/install/multi_ergodic_search/share/colcon-core/packages/multi_ergodic_search)
[1.684s] DEBUG:colcon.colcon_parallel_executor.executor.parallel:closing loop
[1.685s] DEBUG:colcon.colcon_parallel_executor.executor.parallel:loop closed
[1.685s] DEBUG:colcon.colcon_parallel_executor.executor.parallel:run_until_complete finished with '0'
[1.685s] DEBUG:colcon.colcon_core.event_reactor:joining thread
[1.767s] INFO:colcon.colcon_core.plugin_system:Skipping extension 'colcon_notification.desktop_notification.notify_send': Could not find 'notify-send'
[1.768s] INFO:colcon.colcon_core.plugin_system:Skipping extension 'colcon_notification.desktop_notification.terminal_notifier': Not used on non-Darwin systems
[1.768s] INFO:colcon.colcon_core.plugin_system:Skipping extension 'colcon_notification.desktop_notification.win32': Not used on non-Windows systems
[1.768s] INFO:colcon.colcon_notification.desktop_notification:Sending desktop notification using 'notify2'
[1.769s] DEBUG:colcon.colcon_notification.desktop_notification.notify2:Failed to initialize notify2: org.freedesktop.DBus.Error.ServiceUnknown: The name org.freedesktop.Notifications was not provided by any .service files
[1.770s] DEBUG:colcon.colcon_core.event_reactor:joined thread
[1.770s] INFO:colcon.colcon_core.shell:Creating prefix script '/home/ubuntu24/idmec/install/local_setup.ps1'
[1.771s] INFO:colcon.colcon_core.shell:Creating prefix util module '/home/ubuntu24/idmec/install/_local_setup_util_ps1.py'
[1.772s] INFO:colcon.colcon_core.shell:Creating prefix chain script '/home/ubuntu24/idmec/install/setup.ps1'
[1.772s] INFO:colcon.colcon_core.shell:Creating prefix script '/home/ubuntu24/idmec/install/local_setup.sh'
[1.773s] INFO:colcon.colcon_core.shell:Creating prefix util module '/home/ubuntu24/idmec/install/_local_setup_util_sh.py'
[1.773s] INFO:colcon.colcon_core.shell:Creating prefix chain script '/home/ubuntu24/idmec/install/setup.sh'
[1.774s] INFO:colcon.colcon_core.shell:Creating prefix script '/home/ubuntu24/idmec/install/local_setup.bash'
[1.774s] INFO:colcon.colcon_core.shell:Creating prefix chain script '/home/ubuntu24/idmec/install/setup.bash'
[1.775s] INFO:colcon.colcon_core.shell:Creating prefix script '/home/ubuntu24/idmec/install/local_setup.zsh'
[1.776s] INFO:colcon.colcon_core.shell:Creating prefix chain script '/home/ubuntu24/idmec/install/setup.zsh'
