[0.041s] Invoking command in '/home/ubuntu24/idmec/build/map_generator': CONDA_PROMPT_MODIFIER=(base) /usr/bin/cmake /home/ubuntu24/idmec/src/uav_simulator/map_generator -DCATKIN_INSTALL_INTO_PREFIX_ROOT=0 -DCMAKE_INSTALL_PREFIX=/home/ubuntu24/idmec/install/map_generator
[0.282s] [0mCMake Deprecation Warning at CMakeLists.txt:1 (cmake_minimum_required):
[0.283s]   Compatibility with CMake < 3.5 will be removed from a future version of
[0.283s]   CMake.
[0.283s] 
[0.283s]   Update the VERSION argument <min> value or use a ...<max> suffix to tell
[0.283s]   CMake that the project does not need compatibility with older versions.
[0.283s] 
[0.283s] [0m
[0.429s] -- The C compiler identification is GNU 13.3.0
[1.683s] -- The CXX compiler identification is GNU 13.3.0
[3.047s] -- Detecting C compiler ABI info
[3.545s] -- Detecting C compiler ABI info - done
[3.555s] -- Check for working C compiler: /usr/bin/cc - skipped
[3.555s] -- Detecting C compile features
[3.555s] -- Detecting C compile features - done
[3.738s] -- Detecting CXX compiler ABI info
[4.246s] -- Detecting CXX compiler ABI info - done
[4.260s] -- Check for working CXX compiler: /usr/bin/c++ - skipped
[4.261s] -- Detecting CXX compile features
[4.261s] -- Detecting CXX compile features - done
[6.074s] [31mCMake Error at CMakeLists.txt:10 (find_package):
[6.074s]   By not providing "Findcatkin.cmake" in CMAKE_MODULE_PATH this project has
[6.074s]   asked CMake to find a package configuration file provided by "catkin", but
[6.074s]   CMake did not find one.
[6.074s] 
[6.074s]   Could not find a package configuration file provided by "catkin" with any
[6.074s]   of the following names:
[6.074s] 
[6.075s]     catkinConfig.cmake
[6.075s]     catkin-config.cmake
[6.075s] 
[6.075s]   Add the installation prefix of "catkin" to CMAKE_PREFIX_PATH or set
[6.075s]   "catkin_DIR" to a directory containing one of the above files.  If "catkin"
[6.075s]   provides a separate development package or SDK, be sure it has been
[6.075s]   installed.
[6.075s] 
[6.075s] [0m
[6.075s] -- Configuring incomplete, errors occurred!
