2026-01-16 15:10:56,738 [INFO] satisfy constraint, but not converge, id: 2 and r_penalty: 1.000 and violations:0.000:
2026-01-16 15:10:58,879 [INFO] iter:0, id:3, r:1.000 and violateion:0.000
2026-01-16 15:10:58,985 [WARNING] connect time:5, accumulated time:10
2026-01-16 15:11:01,711 [INFO] iter:0, id:0, r:1.000 and violateion:0.000
2026-01-16 15:11:25,994 [INFO] iter:363, id:1, r:1.000 and violateion:0.000
2026-01-16 15:11:38,412 [INFO] iter:168, id:2, r:1.000 and violateion:0.000
2026-01-16 15:11:40,459 [INFO] iter:0, id:3, r:1.000 and violateion:0.000
2026-01-16 15:25:48,381 [INFO] signal_shutdown [atexit]
2026-01-16 15:25:51,460 [INFO] Unable to initialize backend 'rocm': module 'jaxlib.xla_extension' has no attribute 'GpuAllocatorConfig'
2026-01-16 15:25:51,461 [INFO] Unable to initialize backend 'tpu': INTERNAL: Failed to open libtpu.so: libtpu.so: cannot open shared object file: No such file or directory
2026-01-16 15:25:53,898 [INFO] topicmanager initialized
2026-01-16 15:25:53,955 [INFO] Log opened: Fri Jan 16 07:25:53 2026 UTC
2026-01-16 15:25:57,796 [INFO] ex2-baseline1
2026-01-16 15:26:01,229 [INFO] iter:3, id:0, r:1.000 and violateion:0.000
2026-01-16 15:26:03,737 [INFO] iter:14, id:1, r:1.276 and violateion:0.000
2026-01-16 15:26:06,589 [INFO] iter:20, id:2, r:1.103 and violateion:0.003
2026-01-16 15:26:08,436 [INFO] iter:2, id:3, r:1.000 and violateion:0.000
2026-01-16 15:26:08,511 [WARNING] connect time:5, accumulated time:5
2026-01-16 15:26:11,010 [INFO] iter:0, id:0, r:1.000 and violateion:0.000
2026-01-16 15:27:15,685 [INFO] satisfy constraint, but not converge, id: 1 and r_penalty: 1.000 and violations:0.000:
2026-01-16 15:28:19,948 [INFO] satisfy constraint, but not converge, id: 2 and r_penalty: 1.000 and violations:0.000:
2026-01-16 15:28:22,004 [INFO] iter:0, id:3, r:1.000 and violateion:0.000
2026-01-16 15:28:22,108 [WARNING] connect time:5, accumulated time:10
2026-01-16 15:28:24,763 [INFO] iter:0, id:0, r:1.000 and violateion:0.000
2026-01-16 15:28:48,469 [INFO] iter:363, id:1, r:1.000 and violateion:0.000
2026-01-16 15:29:00,725 [INFO] iter:168, id:2, r:1.000 and violateion:0.000
2026-01-16 15:29:02,779 [INFO] iter:0, id:3, r:1.000 and violateion:0.000
2026-01-16 15:29:02,884 [WARNING] connect time:5, accumulated time:15
2026-01-16 15:29:05,582 [INFO] iter:0, id:0, r:1.000 and violateion:0.000
2026-01-16 15:29:08,476 [INFO] iter:11, id:1, r:1.000 and violateion:0.000
2026-01-16 15:29:10,627 [INFO] iter:1, id:2, r:1.000 and violateion:0.000
2026-01-16 15:29:12,686 [INFO] iter:0, id:3, r:1.000 and violateion:0.000
2026-01-16 15:29:13,669 [INFO] update map
2026-01-16 15:29:13,789 [WARNING] connect time:5, accumulated time:20
2026-01-16 15:29:16,516 [INFO] iter:0, id:0, r:1.000 and violateion:0.000
2026-01-16 15:29:19,155 [INFO] iter:9, id:1, r:1.000 and violateion:0.000
2026-01-16 15:29:21,524 [INFO] iter:3, id:2, r:1.000 and violateion:0.000
2026-01-16 15:29:23,578 [INFO] iter:0, id:3, r:1.000 and violateion:0.000
2026-01-16 15:29:23,688 [WARNING] connect time:5, accumulated time:25
2026-01-16 15:29:26,219 [INFO] iter:0, id:0, r:1.000 and violateion:0.000
2026-01-16 15:29:29,277 [INFO] iter:13, id:1, r:1.000 and violateion:0.000
2026-01-16 15:29:31,469 [INFO] iter:1, id:2, r:1.000 and violateion:0.000
2026-01-16 15:29:33,553 [INFO] iter:0, id:3, r:1.000 and violateion:0.000
2026-01-16 15:29:33,663 [WARNING] connect time:5, accumulated time:30
2026-01-16 15:29:36,202 [INFO] iter:0, id:0, r:1.000 and violateion:0.000
2026-01-16 15:29:38,842 [INFO] iter:7, id:1, r:1.000 and violateion:0.000
2026-01-16 15:29:41,008 [INFO] iter:1, id:2, r:1.000 and violateion:0.000
2026-01-16 15:29:43,362 [INFO] iter:0, id:3, r:1.000 and violateion:0.000
2026-01-16 15:29:43,473 [WARNING] connect time:5, accumulated time:35
2026-01-16 15:29:46,194 [INFO] iter:0, id:0, r:1.000 and violateion:0.000
2026-01-16 15:29:49,337 [INFO] iter:13, id:1, r:1.000 and violateion:0.000
2026-01-16 15:29:51,580 [INFO] iter:1, id:2, r:1.000 and violateion:0.000
2026-01-16 15:29:53,719 [INFO] iter:0, id:3, r:1.000 and violateion:0.000
2026-01-16 15:29:53,797 [INFO] update map
2026-01-16 15:29:53,979 [WARNING] connect time:5, accumulated time:40
2026-01-16 15:29:56,585 [INFO] iter:0, id:0, r:1.000 and violateion:0.000
2026-01-16 15:29:59,257 [INFO] iter:3, id:1, r:1.000 and violateion:0.000
2026-01-16 15:30:01,393 [INFO] iter:1, id:2, r:1.000 and violateion:0.000
2026-01-16 15:30:03,695 [INFO] iter:0, id:3, r:1.000 and violateion:0.000
2026-01-16 15:30:03,815 [WARNING] connect time:5, accumulated time:45
2026-01-16 15:30:06,918 [INFO] iter:1, id:0, r:1.000 and violateion:0.000
2026-01-16 15:30:09,168 [INFO] iter:1, id:1, r:1.000 and violateion:0.000
2026-01-16 15:30:11,353 [INFO] iter:1, id:2, r:1.000 and violateion:0.000
2026-01-16 15:30:13,457 [INFO] iter:0, id:3, r:1.000 and violateion:0.000
2026-01-16 15:30:13,538 [WARNING] connect time:5, accumulated time:50
2026-01-16 15:30:15,970 [INFO] iter:0, id:0, r:1.000 and violateion:0.000
2026-01-16 15:30:18,903 [INFO] iter:3, id:1, r:1.000 and violateion:0.000
2026-01-16 15:30:21,162 [INFO] iter:1, id:2, r:1.000 and violateion:0.000
2026-01-16 15:30:24,056 [INFO] iter:13, id:3, r:1.000 and violateion:0.000
2026-01-16 15:30:24,096 [WARNING] connect time:5, accumulated time:55
2026-01-16 15:30:26,861 [INFO] iter:6, id:0, r:1.000 and violateion:0.000
2026-01-16 15:30:29,822 [INFO] iter:15, id:1, r:1.000 and violateion:0.000
2026-01-16 15:30:36,302 [INFO] iter:91, id:2, r:1.000 and violateion:0.000
2026-01-16 15:30:38,642 [INFO] iter:2, id:3, r:1.000 and violateion:0.000
2026-01-16 15:30:38,675 [INFO] update map
2026-01-16 15:30:38,776 [WARNING] connect time:5, accumulated time:60
2026-01-16 15:30:41,452 [INFO] iter:2, id:0, r:1.000 and violateion:0.000
2026-01-16 15:30:44,304 [INFO] iter:13, id:1, r:1.000 and violateion:0.000
2026-01-16 15:30:46,468 [INFO] iter:1, id:2, r:1.000 and violateion:0.000
2026-01-16 15:30:48,569 [INFO] iter:0, id:3, r:1.000 and violateion:0.000
2026-01-16 15:30:48,613 [WARNING] connect time:5, accumulated time:65
2026-01-16 15:30:51,544 [INFO] iter:0, id:0, r:1.000 and violateion:0.000
2026-01-16 15:30:54,762 [INFO] iter:19, id:1, r:1.000 and violateion:0.000
2026-01-16 15:30:57,235 [INFO] iter:7, id:2, r:1.000 and violateion:0.000
2026-01-16 15:30:59,343 [INFO] iter:0, id:3, r:1.000 and violateion:0.000
2026-01-16 15:30:59,386 [WARNING] connect time:5, accumulated time:70
2026-01-16 15:31:01,782 [INFO] iter:0, id:0, r:1.000 and violateion:0.000
2026-01-16 15:31:04,054 [INFO] iter:1, id:1, r:1.000 and violateion:0.000
2026-01-16 15:31:06,555 [INFO] iter:5, id:2, r:1.000 and violateion:0.000
2026-01-16 15:31:08,581 [INFO] iter:0, id:3, r:1.000 and violateion:0.000
2026-01-16 15:31:08,626 [WARNING] connect time:5, accumulated time:75
2026-01-16 15:31:10,998 [INFO] iter:0, id:0, r:1.000 and violateion:0.000
2026-01-16 15:31:13,333 [INFO] iter:1, id:1, r:1.000 and violateion:0.000
2026-01-16 15:31:15,916 [INFO] iter:9, id:2, r:1.000 and violateion:0.000
2026-01-16 15:31:18,796 [INFO] iter:1, id:3, r:1.000 and violateion:0.000
2026-01-16 15:31:18,825 [INFO] update map
2026-01-16 15:31:18,910 [WARNING] connect time:5, accumulated time:80
2026-01-16 15:31:21,383 [INFO] iter:1, id:0, r:1.000 and violateion:0.000
2026-01-16 15:31:23,535 [INFO] iter:1, id:1, r:1.000 and violateion:0.000
2026-01-16 15:31:25,732 [INFO] iter:1, id:2, r:1.000 and violateion:0.000
2026-01-16 15:31:27,765 [INFO] iter:0, id:3, r:1.000 and violateion:0.000
2026-01-16 15:31:27,808 [WARNING] connect time:5, accumulated time:85
2026-01-16 15:31:30,254 [INFO] iter:0, id:0, r:1.000 and violateion:0.000
2026-01-16 15:31:32,450 [INFO] iter:1, id:1, r:1.000 and violateion:0.000
2026-01-16 15:31:34,629 [INFO] iter:1, id:2, r:1.000 and violateion:0.000
2026-01-16 15:31:36,839 [INFO] iter:1, id:3, r:1.000 and violateion:0.000
2026-01-16 15:31:36,882 [WARNING] connect time:5, accumulated time:90
2026-01-16 15:31:39,388 [INFO] iter:1, id:0, r:1.000 and violateion:0.000
2026-01-16 15:31:41,524 [INFO] iter:1, id:1, r:1.000 and violateion:0.000
2026-01-16 15:31:43,501 [INFO] iter:0, id:2, r:1.000 and violateion:0.001
2026-01-16 15:31:45,797 [INFO] iter:3, id:3, r:1.000 and violateion:0.000
2026-01-16 15:31:45,842 [WARNING] connect time:5, accumulated time:95
2026-01-16 15:31:48,046 [INFO] iter:0, id:0, r:1.000 and violateion:0.000
2026-01-16 15:31:51,359 [INFO] iter:11, id:1, r:1.000 and violateion:0.000
2026-01-16 15:31:53,991 [INFO] iter:12, id:2, r:1.000 and violateion:0.000
2026-01-16 15:31:56,092 [INFO] iter:0, id:3, r:1.000 and violateion:0.000
2026-01-16 15:31:58,340 [INFO] signal_shutdown [atexit]
