2026-02-06 10:00:46,961 [INFO] Unable to initialize backend 'rocm': module 'jaxlib.xla_extension' has no attribute 'GpuAllocatorConfig'
2026-02-06 10:00:46,968 [INFO] Unable to initialize backend 'tpu': INTERNAL: Failed to open libtpu.so: libtpu.so: cannot open shared object file: No such file or directory
2026-02-06 10:00:56,930 [INFO] topicmanager initialized
2026-02-06 10:00:57,017 [INFO] Log opened: Fri Feb  6 02:00:57 2026 UTC
2026-02-06 10:01:02,104 [INFO] my_strategy
2026-02-06 10:01:25,483 [INFO] iter:119, id:0, r:159.841 and violateion:0.000
2026-02-06 10:01:42,970 [INFO] iter:119, id:1, r:159.841 and violateion:0.000
2026-02-06 10:02:00,507 [INFO] iter:119, id:2, r:159.841 and violateion:0.000
2026-02-06 10:02:17,929 [INFO] iter:119, id:3, r:159.841 and violateion:0.000
2026-02-06 10:02:17,932 [INFO] have warm up
2026-02-06 10:02:40,996 [INFO] iter:141, id:0, r:490.954 and violateion:0.000
2026-02-06 10:03:02,819 [INFO] iter:141, id:1, r:490.954 and violateion:0.000
2026-02-06 10:03:24,926 [INFO] iter:141, id:2, r:490.954 and violateion:0.000
2026-02-06 10:03:47,383 [INFO] iter:141, id:3, r:490.954 and violateion:0.000
2026-02-06 10:03:49,761 [WARNING] connect time:0, accumulated time:0, and the robot pair:[(1, 2)]
2026-02-06 10:03:52,055 [INFO] iter:1, id:1, r:1.000 and violateion:0.000
2026-02-06 10:03:54,055 [INFO] iter:1, id:2, r:1.000 and violateion:0.000
2026-02-06 10:03:54,057 [INFO] have warm up
2026-02-06 10:03:57,177 [INFO] iter:0, id:1, r:1.000 and violateion:0.000
2026-02-06 10:04:00,417 [INFO] iter:0, id:2, r:1.000 and violateion:0.000
2026-02-06 10:04:01,524 [WARNING] connect time:4, accumulated time:4, and the robot pair:[(1, 2)]
2026-02-06 10:04:05,476 [INFO] iter:3, id:1, r:1.000 and violateion:0.000
2026-02-06 10:04:08,073 [INFO] iter:3, id:2, r:1.000 and violateion:0.000
2026-02-06 10:04:08,074 [INFO] have warm up
2026-02-06 10:04:12,535 [INFO] iter:0, id:1, r:1.000 and violateion:0.000
2026-02-06 10:04:16,501 [INFO] iter:0, id:2, r:1.000 and violateion:0.000
2026-02-06 10:04:19,828 [WARNING] connect time:4, accumulated time:8, and the robot pair:[(1, 2)]
2026-02-06 10:04:39,397 [INFO] iter:126, id:1, r:403.909 and violateion:0.000
2026-02-06 10:04:57,819 [INFO] iter:126, id:2, r:403.909 and violateion:0.000
2026-02-06 10:04:57,822 [INFO] have warm up
2026-02-06 10:05:03,192 [INFO] iter:2, id:1, r:1.000 and violateion:0.000
2026-02-06 10:05:07,351 [INFO] iter:2, id:2, r:1.000 and violateion:0.000
2026-02-06 10:05:08,851 [INFO] merge map
2026-02-06 10:05:08,853 [INFO] merge map
2026-02-06 10:05:08,855 [INFO] merge map
2026-02-06 10:05:08,857 [INFO] merge map
2026-02-06 10:05:10,090 [WARNING] connect time:2, accumulated time:10, and the robot pair:[]
2026-02-06 10:05:13,666 [INFO] iter:1, id:0, r:1.000 and violateion:0.000
2026-02-06 10:05:16,321 [INFO] iter:3, id:1, r:1.000 and violateion:0.000
2026-02-06 10:05:18,691 [INFO] iter:1, id:2, r:1.000 and violateion:0.000
2026-02-06 10:05:21,283 [INFO] iter:3, id:3, r:1.000 and violateion:0.000
2026-02-06 10:05:21,285 [INFO] have warm up
2026-02-06 10:05:25,801 [INFO] iter:0, id:0, r:1.000 and violateion:0.000
2026-02-06 10:05:29,636 [INFO] iter:0, id:1, r:1.000 and violateion:0.000
2026-02-06 10:05:33,810 [INFO] iter:0, id:2, r:1.000 and violateion:0.000
2026-02-06 10:05:37,440 [INFO] iter:0, id:3, r:1.000 and violateion:0.000
2026-02-06 10:05:39,715 [WARNING] connect time:2, accumulated time:12, and the robot pair:[(1, 2)]
2026-02-06 10:05:43,628 [INFO] iter:1, id:1, r:1.000 and violateion:0.000
2026-02-06 10:05:46,049 [INFO] iter:1, id:2, r:1.000 and violateion:0.000
2026-02-06 10:05:46,051 [INFO] have warm up
2026-02-06 10:05:50,465 [INFO] iter:0, id:1, r:1.000 and violateion:0.000
2026-02-06 10:05:54,189 [INFO] iter:0, id:2, r:1.000 and violateion:0.000
2026-02-06 10:05:56,831 [WARNING] connect time:2, accumulated time:14, and the robot pair:[(2, 3)]
2026-02-06 10:06:00,587 [INFO] iter:2, id:2, r:1.000 and violateion:0.000
2026-02-06 10:06:03,175 [INFO] iter:2, id:3, r:1.000 and violateion:0.000
2026-02-06 10:06:03,178 [INFO] have warm up
2026-02-06 10:06:08,226 [INFO] iter:0, id:2, r:1.000 and violateion:0.004
2026-02-06 10:06:22,889 [INFO] iter:85, id:3, r:57.374 and violateion:0.000
2026-02-06 10:06:25,514 [WARNING] connect time:2, accumulated time:16, and the robot pair:[(1, 2)]
2026-02-06 10:06:29,576 [INFO] iter:4, id:1, r:1.000 and violateion:0.000
2026-02-06 10:06:31,893 [INFO] iter:1, id:2, r:1.000 and violateion:0.000
2026-02-06 10:06:31,895 [INFO] have warm up
2026-02-06 10:06:36,449 [INFO] iter:0, id:1, r:1.000 and violateion:0.000
2026-02-06 10:06:40,029 [INFO] iter:0, id:2, r:1.000 and violateion:0.000
2026-02-06 10:06:43,072 [WARNING] connect time:2, accumulated time:18, and the robot pair:[(2, 3)]
2026-02-06 10:06:46,597 [INFO] iter:1, id:2, r:1.000 and violateion:0.000
2026-02-06 10:06:49,054 [INFO] iter:2, id:3, r:1.000 and violateion:0.000
2026-02-06 10:06:49,056 [INFO] have warm up
2026-02-06 10:07:07,289 [INFO] iter:110, id:2, r:204.002 and violateion:0.000
2026-02-06 10:07:21,410 [INFO] iter:83, id:3, r:54.641 and violateion:0.000
2026-02-06 10:07:24,302 [WARNING] connect time:1, accumulated time:19, and the robot pair:[(0, 1)]
2026-02-06 10:07:42,963 [INFO] iter:123, id:0, r:332.297 and violateion:0.000
2026-02-06 10:07:45,423 [INFO] iter:2, id:1, r:1.000 and violateion:0.000
2026-02-06 10:07:45,425 [INFO] have warm up
2026-02-06 10:09:56,262 [INFO] failed to satisfy constraint, id: 0 and r_penalty: 10000.000 and violations:0.100:
2026-02-06 10:09:59,991 [INFO] iter:0, id:1, r:1.000 and violateion:0.003
2026-02-06 10:10:01,564 [INFO] merge map
2026-02-06 10:10:01,566 [INFO] merge map
2026-02-06 10:10:01,568 [INFO] merge map
2026-02-06 10:10:01,570 [INFO] merge map
2026-02-06 10:10:03,131 [WARNING] connect time:1, accumulated time:20, and the robot pair:[]
2026-02-06 10:12:10,395 [INFO] failed to satisfy constraint, id: 0 and r_penalty: 10000.000 and violations:0.020:
2026-02-06 10:12:12,693 [INFO] iter:0, id:1, r:1.000 and violateion:0.000
2026-02-06 10:12:15,117 [INFO] iter:1, id:2, r:1.000 and violateion:0.000
2026-02-06 10:12:17,545 [INFO] iter:1, id:3, r:1.000 and violateion:0.000
2026-02-06 10:12:17,547 [INFO] have warm up
2026-02-06 10:14:27,751 [INFO] failed to satisfy constraint, id: 0 and r_penalty: 10000.000 and violations:0.020:
2026-02-06 10:14:31,829 [INFO] iter:0, id:1, r:1.000 and violateion:0.001
2026-02-06 10:14:35,672 [INFO] iter:0, id:2, r:1.000 and violateion:0.000
2026-02-06 10:14:39,667 [INFO] iter:0, id:3, r:1.000 and violateion:0.000
2026-02-06 10:14:41,414 [WARNING] connect time:0, accumulated time:20, and the robot pair:[(1, 2)]
2026-02-06 10:14:54,422 [INFO] iter:86, id:1, r:63.254 and violateion:0.000
2026-02-06 10:15:08,349 [INFO] iter:95, id:2, r:98.128 and violateion:0.000
2026-02-06 10:15:08,352 [INFO] have warm up
2026-02-06 10:15:12,202 [INFO] iter:1, id:1, r:1.000 and violateion:0.003
2026-02-06 10:15:16,061 [INFO] iter:0, id:2, r:1.000 and violateion:0.013
2026-02-06 10:15:19,191 [WARNING] connect time:2, accumulated time:22, and the robot pair:[(2, 3)]
2026-02-06 10:15:22,871 [INFO] iter:1, id:2, r:1.000 and violateion:0.000
2026-02-06 10:15:25,542 [INFO] iter:3, id:3, r:1.000 and violateion:0.000
2026-02-06 10:15:25,545 [INFO] have warm up
2026-02-06 10:15:30,496 [INFO] iter:0, id:2, r:1.000 and violateion:0.006
2026-02-06 10:15:34,298 [INFO] iter:0, id:3, r:1.000 and violateion:0.002
2026-02-06 10:15:37,458 [WARNING] connect time:1, accumulated time:23, and the robot pair:[(0, 1)]
2026-02-06 10:17:44,478 [INFO] failed to satisfy constraint, id: 0 and r_penalty: 10000.000 and violations:0.069:
2026-02-06 10:17:46,932 [INFO] iter:1, id:1, r:1.000 and violateion:0.002
2026-02-06 10:17:46,934 [INFO] have warm up
2026-02-06 10:19:56,512 [INFO] failed to satisfy constraint, id: 0 and r_penalty: 10000.000 and violations:0.069:
2026-02-06 10:20:00,333 [INFO] iter:0, id:1, r:1.000 and violateion:0.002
2026-02-06 10:20:03,752 [WARNING] connect time:1, accumulated time:24, and the robot pair:[(1, 2)]
2026-02-06 10:20:07,400 [INFO] iter:1, id:1, r:1.000 and violateion:0.000
2026-02-06 10:20:09,854 [INFO] iter:2, id:2, r:1.000 and violateion:0.000
2026-02-06 10:20:09,856 [INFO] have warm up
2026-02-06 10:20:14,353 [INFO] iter:0, id:1, r:1.000 and violateion:0.000
2026-02-06 10:20:18,112 [INFO] iter:0, id:2, r:1.000 and violateion:0.000
2026-02-06 10:20:21,619 [WARNING] connect time:2, accumulated time:26, and the robot pair:[(2, 3)]
2026-02-06 10:20:25,036 [INFO] iter:0, id:2, r:1.000 and violateion:0.000
2026-02-06 10:20:27,615 [INFO] iter:2, id:3, r:1.000 and violateion:0.000
2026-02-06 10:20:27,617 [INFO] have warm up
2026-02-06 10:20:32,362 [INFO] iter:0, id:2, r:1.000 and violateion:0.000
2026-02-06 10:20:36,361 [INFO] iter:0, id:3, r:1.000 and violateion:0.007
2026-02-06 10:20:39,045 [WARNING] connect time:1, accumulated time:27, and the robot pair:[(0, 1)]
2026-02-06 10:20:49,524 [INFO] iter:57, id:0, r:12.643 and violateion:0.005
2026-02-06 10:20:51,822 [INFO] iter:1, id:1, r:1.000 and violateion:0.000
2026-02-06 10:20:51,824 [INFO] have warm up
2026-02-06 10:20:56,380 [INFO] iter:0, id:0, r:1.000 and violateion:0.005
2026-02-06 10:21:00,079 [INFO] iter:0, id:1, r:1.000 and violateion:0.000
2026-02-06 10:21:03,489 [WARNING] connect time:1, accumulated time:28, and the robot pair:[(1, 2)]
2026-02-06 10:21:07,123 [INFO] iter:1, id:1, r:1.000 and violateion:0.000
2026-02-06 10:21:18,788 [INFO] iter:79, id:2, r:42.813 and violateion:0.000
2026-02-06 10:21:18,790 [INFO] have warm up
2026-02-06 10:21:23,228 [INFO] iter:0, id:1, r:1.000 and violateion:0.000
2026-02-06 10:21:43,292 [INFO] iter:135, id:2, r:596.758 and violateion:0.000
2026-02-06 10:21:44,377 [INFO] merge map
2026-02-06 10:21:44,379 [INFO] merge map
2026-02-06 10:21:44,381 [INFO] merge map
2026-02-06 10:21:44,384 [INFO] merge map
2026-02-06 10:21:47,112 [WARNING] connect time:2, accumulated time:30, and the robot pair:[]
2026-02-06 10:21:50,743 [INFO] iter:1, id:0, r:1.000 and violateion:0.008
2026-02-06 10:21:52,837 [INFO] iter:0, id:1, r:1.000 and violateion:0.000
2026-02-06 10:21:55,238 [INFO] iter:2, id:2, r:1.000 and violateion:0.000
2026-02-06 10:21:57,429 [INFO] iter:0, id:3, r:1.000 and violateion:0.000
2026-02-06 10:21:57,432 [INFO] have warm up
2026-02-06 10:22:01,877 [INFO] iter:0, id:0, r:1.000 and violateion:0.008
2026-02-06 10:22:05,429 [INFO] iter:0, id:1, r:1.000 and violateion:0.000
2026-02-06 10:22:09,030 [INFO] iter:0, id:2, r:1.000 and violateion:0.000
2026-02-06 10:22:12,818 [INFO] iter:0, id:3, r:1.000 and violateion:0.000
2026-02-06 10:22:14,430 [WARNING] connect time:0, accumulated time:30, and the robot pair:[(2, 3)]
2026-02-06 10:22:16,626 [INFO] iter:0, id:2, r:1.000 and violateion:0.000
2026-02-06 10:23:20,394 [INFO] iter:517, id:3, r:40.774 and violateion:0.003
2026-02-06 10:23:20,405 [INFO] have warm up
2026-02-06 10:23:24,118 [INFO] iter:0, id:2, r:1.000 and violateion:0.000
2026-02-06 10:25:29,377 [INFO] failed to satisfy constraint, id: 3 and r_penalty: 10000.000 and violations:0.034:
2026-02-06 10:25:31,519 [WARNING] connect time:1, accumulated time:31, and the robot pair:[(0, 1)]
2026-02-06 10:25:40,220 [INFO] iter:44, id:0, r:6.705 and violateion:0.011
2026-02-06 10:25:42,516 [INFO] iter:1, id:1, r:1.000 and violateion:0.000
2026-02-06 10:25:42,518 [INFO] have warm up
2026-02-06 10:25:48,105 [INFO] iter:1, id:0, r:1.000 and violateion:0.011
2026-02-06 10:25:51,732 [INFO] iter:0, id:1, r:1.000 and violateion:0.000
2026-02-06 10:25:54,207 [WARNING] connect time:1, accumulated time:32, and the robot pair:[(1, 2)]
2026-02-06 10:26:09,945 [INFO] iter:102, id:1, r:138.076 and violateion:0.000
2026-02-06 10:26:12,577 [INFO] iter:3, id:2, r:1.050 and violateion:0.000
2026-02-06 10:26:12,580 [INFO] have warm up
2026-02-06 10:26:17,122 [INFO] iter:0, id:1, r:1.000 and violateion:0.000
2026-02-06 10:26:37,519 [INFO] iter:137, id:2, r:690.822 and violateion:0.011
2026-02-06 10:26:41,892 [WARNING] connect time:2, accumulated time:34, and the robot pair:[(2, 3)]
2026-02-06 10:28:44,456 [INFO] failed to satisfy constraint, id: 2 and r_penalty: 10000.000 and violations:0.033:
2026-02-06 10:29:03,468 [INFO] iter:140, id:3, r:690.822 and violateion:0.000
2026-02-06 10:29:03,471 [INFO] have warm up
2026-02-06 10:29:21,802 [INFO] iter:113, id:2, r:204.002 and violateion:0.009
2026-02-06 10:29:37,764 [INFO] iter:99, id:3, r:49.561 and violateion:0.015
2026-02-06 10:29:40,358 [WARNING] connect time:1, accumulated time:35, and the robot pair:[(0, 1)]
2026-02-06 10:30:06,780 [INFO] iter:194, id:0, r:10000.000 and violateion:0.000
2026-02-06 10:30:09,113 [INFO] iter:0, id:1, r:1.000 and violateion:0.000
2026-02-06 10:30:09,115 [INFO] have warm up
2026-02-06 10:30:31,131 [INFO] iter:143, id:0, r:424.105 and violateion:0.012
2026-02-06 10:30:35,807 [INFO] iter:0, id:1, r:1.000 and violateion:0.000
2026-02-06 10:30:39,099 [WARNING] connect time:1, accumulated time:36, and the robot pair:[(1, 2)]
2026-02-06 10:32:40,807 [INFO] failed to satisfy constraint, id: 1 and r_penalty: 10000.000 and violations:0.185:
2026-02-06 10:32:54,813 [INFO] iter:100, id:2, r:119.276 and violateion:0.000
2026-02-06 10:32:54,816 [INFO] have warm up
2026-02-06 10:34:59,658 [INFO] failed to satisfy constraint, id: 1 and r_penalty: 10000.000 and violations:2.579:
2026-02-06 10:35:04,463 [INFO] iter:8, id:2, r:1.000 and violateion:0.000
2026-02-06 10:35:09,690 [WARNING] connect time:2, accumulated time:38, and the robot pair:[(2, 3)]
2026-02-06 10:35:13,350 [INFO] iter:0, id:2, r:1.000 and violateion:0.000
2026-02-06 10:35:32,371 [INFO] iter:141, id:3, r:881.683 and violateion:0.019
2026-02-06 10:35:32,374 [INFO] have warm up
2026-02-06 10:37:35,929 [INFO] failed to satisfy constraint, id: 2 and r_penalty: 10000.000 and violations:0.672:
2026-02-06 10:37:45,891 [INFO] iter:49, id:3, r:7.040 and violateion:0.000
2026-02-06 10:37:49,505 [WARNING] connect time:1, accumulated time:39, and the robot pair:[(0, 1)]
2026-02-06 10:39:50,379 [INFO] failed to satisfy constraint, id: 0 and r_penalty: 10000.000 and violations:0.142:
2026-02-06 10:41:50,328 [INFO] failed to satisfy constraint, id: 1 and r_penalty: 10000.000 and violations:2.321:
2026-02-06 10:41:50,337 [INFO] have warm up
2026-02-06 10:41:55,268 [INFO] iter:2, id:0, r:1.000 and violateion:0.011
2026-02-06 10:43:57,811 [INFO] failed to satisfy constraint, id: 1 and r_penalty: 10000.000 and violations:2.321:
2026-02-06 10:43:58,726 [INFO] merge map
2026-02-06 10:43:58,729 [INFO] merge map
2026-02-06 10:43:58,731 [INFO] merge map
2026-02-06 10:43:58,733 [INFO] merge map
2026-02-06 10:44:01,350 [WARNING] connect time:1, accumulated time:40, and the robot pair:[]
2026-02-06 10:45:22,716 [INFO] signal_shutdown [atexit]
