2026-02-06 08:41:22,906 [INFO] Unable to initialize backend 'rocm': module 'jaxlib.xla_extension' has no attribute 'GpuAllocatorConfig'
2026-02-06 08:41:22,907 [INFO] Unable to initialize backend 'tpu': INTERNAL: Failed to open libtpu.so: libtpu.so: cannot open shared object file: No such file or directory
2026-02-06 08:41:25,176 [INFO] topicmanager initialized
2026-02-06 08:41:25,223 [INFO] Log opened: Fri Feb  6 00:41:25 2026 UTC
2026-02-06 08:41:28,911 [INFO] my_strategy
2026-02-06 08:41:51,922 [INFO] iter:119, id:0, r:159.841 and violateion:0.000
2026-02-06 08:42:09,582 [INFO] iter:119, id:1, r:159.841 and violateion:0.000
2026-02-06 08:42:27,584 [INFO] iter:119, id:2, r:159.841 and violateion:0.000
2026-02-06 08:42:45,660 [INFO] iter:119, id:3, r:159.841 and violateion:0.000
2026-02-06 08:42:45,662 [INFO] have warm up
2026-02-06 08:43:08,731 [INFO] iter:141, id:0, r:490.954 and violateion:0.000
2026-02-06 08:43:30,847 [INFO] iter:141, id:1, r:490.954 and violateion:0.000
2026-02-06 08:43:53,170 [INFO] iter:141, id:2, r:490.954 and violateion:0.000
2026-02-06 08:44:15,046 [INFO] iter:141, id:3, r:490.954 and violateion:0.000
2026-02-06 08:44:17,444 [WARNING] connect time:0, accumulated time:0, and the robot pair:[(1, 2)]
2026-02-06 08:44:19,741 [INFO] iter:1, id:1, r:1.000 and violateion:0.000
2026-02-06 08:44:21,721 [INFO] iter:1, id:2, r:1.000 and violateion:0.000
2026-02-06 08:44:21,723 [INFO] have warm up
2026-02-06 08:44:24,749 [INFO] iter:0, id:1, r:1.000 and violateion:0.000
2026-02-06 08:44:27,914 [INFO] iter:0, id:2, r:1.000 and violateion:0.000
2026-02-06 08:44:30,234 [WARNING] connect time:4, accumulated time:4, and the robot pair:[(1, 2)]
2026-02-06 08:44:34,099 [INFO] iter:3, id:1, r:1.000 and violateion:0.000
2026-02-06 08:44:36,687 [INFO] iter:3, id:2, r:1.000 and violateion:0.000
2026-02-06 08:44:36,689 [INFO] have warm up
2026-02-06 08:44:41,228 [INFO] iter:0, id:1, r:1.000 and violateion:0.000
2026-02-06 08:44:44,858 [INFO] iter:0, id:2, r:1.000 and violateion:0.000
2026-02-06 08:44:49,155 [WARNING] connect time:4, accumulated time:8, and the robot pair:[(1, 2)]
2026-02-06 08:45:08,850 [INFO] iter:126, id:1, r:403.909 and violateion:0.000
2026-02-06 08:45:27,250 [INFO] iter:126, id:2, r:403.909 and violateion:0.000
2026-02-06 08:45:27,253 [INFO] have warm up
2026-02-06 08:45:32,157 [INFO] iter:2, id:1, r:1.000 and violateion:0.000
2026-02-06 08:45:35,928 [INFO] iter:2, id:2, r:1.000 and violateion:0.000
2026-02-06 08:45:37,407 [INFO] merge map
2026-02-06 08:45:37,409 [INFO] merge map
2026-02-06 08:45:37,411 [INFO] merge map
2026-02-06 08:45:37,412 [INFO] merge map
2026-02-06 08:45:39,222 [WARNING] connect time:2, accumulated time:10, and the robot pair:[]
2026-02-06 08:45:42,841 [INFO] iter:1, id:0, r:1.000 and violateion:0.000
2026-02-06 08:45:45,303 [INFO] iter:3, id:1, r:1.000 and violateion:0.000
2026-02-06 08:45:47,621 [INFO] iter:1, id:2, r:1.000 and violateion:0.000
2026-02-06 08:45:50,113 [INFO] iter:3, id:3, r:1.000 and violateion:0.000
2026-02-06 08:45:50,115 [INFO] have warm up
2026-02-06 08:45:54,358 [INFO] iter:0, id:0, r:1.000 and violateion:0.000
2026-02-06 08:45:57,930 [INFO] iter:0, id:1, r:1.000 and violateion:0.000
2026-02-06 08:46:01,510 [INFO] iter:0, id:2, r:1.000 and violateion:0.000
2026-02-06 08:46:05,282 [INFO] iter:0, id:3, r:1.000 and violateion:0.000
2026-02-06 08:46:08,134 [WARNING] connect time:2, accumulated time:12, and the robot pair:[(1, 2)]
2026-02-06 08:46:11,782 [INFO] iter:1, id:1, r:1.000 and violateion:0.000
2026-02-06 08:46:14,046 [INFO] iter:1, id:2, r:1.000 and violateion:0.000
2026-02-06 08:46:14,048 [INFO] have warm up
2026-02-06 08:46:18,666 [INFO] iter:0, id:1, r:1.000 and violateion:0.000
2026-02-06 08:46:22,314 [INFO] iter:0, id:2, r:1.000 and violateion:0.000
2026-02-06 08:46:25,268 [WARNING] connect time:2, accumulated time:14, and the robot pair:[(2, 3)]
2026-02-06 08:46:28,948 [INFO] iter:2, id:2, r:1.000 and violateion:0.000
2026-02-06 08:46:31,319 [INFO] iter:2, id:3, r:1.000 and violateion:0.000
2026-02-06 08:46:31,321 [INFO] have warm up
2026-02-06 08:46:36,224 [INFO] iter:0, id:2, r:1.000 and violateion:0.004
2026-02-06 08:46:50,898 [INFO] iter:85, id:3, r:57.374 and violateion:0.000
2026-02-06 08:46:53,843 [WARNING] connect time:2, accumulated time:16, and the robot pair:[(1, 2)]
2026-02-06 08:46:57,742 [INFO] iter:4, id:1, r:1.000 and violateion:0.000
2026-02-06 08:46:59,946 [INFO] iter:1, id:2, r:1.000 and violateion:0.000
2026-02-06 08:46:59,948 [INFO] have warm up
2026-02-06 08:47:04,243 [INFO] iter:0, id:1, r:1.000 and violateion:0.000
2026-02-06 08:47:07,750 [INFO] iter:0, id:2, r:1.000 and violateion:0.000
2026-02-06 08:47:11,443 [WARNING] connect time:2, accumulated time:18, and the robot pair:[(2, 3)]
2026-02-06 08:47:14,969 [INFO] iter:1, id:2, r:1.000 and violateion:0.000
2026-02-06 08:47:17,404 [INFO] iter:2, id:3, r:1.000 and violateion:0.000
2026-02-06 08:47:17,406 [INFO] have warm up
2026-02-06 08:47:35,569 [INFO] iter:110, id:2, r:204.002 and violateion:0.000
2026-02-06 08:47:49,573 [INFO] iter:83, id:3, r:54.641 and violateion:0.000
2026-02-06 08:47:52,599 [WARNING] connect time:1, accumulated time:19, and the robot pair:[(0, 1)]
2026-02-06 08:48:11,273 [INFO] iter:123, id:0, r:332.297 and violateion:0.000
2026-02-06 08:48:13,675 [INFO] iter:2, id:1, r:1.000 and violateion:0.000
2026-02-06 08:48:13,677 [INFO] have warm up
2026-02-06 08:50:22,212 [INFO] signal_shutdown [atexit]
