2026-01-19 00:09:03,351 [INFO] Unable to initialize backend 'rocm': module 'jaxlib.xla_extension' has no attribute 'GpuAllocatorConfig'
2026-01-19 00:09:03,352 [INFO] Unable to initialize backend 'tpu': INTERNAL: Failed to open libtpu.so: libtpu.so: cannot open shared object file: No such file or directory
2026-01-19 00:09:06,023 [INFO] topicmanager initialized
2026-01-19 00:09:06,096 [INFO] Log opened: Sun Jan 18 16:09:06 2026 UTC
2026-01-19 00:09:10,989 [INFO] my_strategy
2026-01-19 00:09:22,778 [INFO] iter:55, id:0, r:1.000 and violateion:0.000
2026-01-19 00:09:29,184 [INFO] iter:55, id:1, r:1.000 and violateion:0.000
2026-01-19 00:09:35,433 [INFO] iter:55, id:2, r:1.000 and violateion:0.000
2026-01-19 00:09:41,614 [INFO] iter:55, id:3, r:1.000 and violateion:0.000
2026-01-19 00:09:41,616 [INFO] have warm up
2026-01-19 00:09:58,128 [INFO] iter:159, id:0, r:403.909 and violateion:0.006
2026-01-19 00:10:13,528 [INFO] iter:159, id:1, r:403.909 and violateion:0.006
2026-01-19 00:10:29,068 [INFO] iter:159, id:2, r:403.909 and violateion:0.006
2026-01-19 00:10:44,605 [INFO] iter:159, id:3, r:403.909 and violateion:0.006
2026-01-19 00:10:47,672 [INFO] merge map
2026-01-19 00:10:47,677 [INFO] merge map
2026-01-19 00:10:47,680 [INFO] merge map
2026-01-19 00:10:47,684 [INFO] merge map
2026-01-19 00:10:48,960 [WARNING] connect time:5, accumulated time:5, and the robot pair:[]
2026-01-19 00:10:59,831 [INFO] iter:110, id:0, r:69.738 and violateion:0.000
2026-01-19 00:11:01,780 [INFO] iter:0, id:1, r:1.000 and violateion:0.000
2026-01-19 00:11:03,952 [INFO] iter:2, id:2, r:1.000 and violateion:0.011
2026-01-19 00:11:06,184 [INFO] iter:3, id:3, r:1.000 and violateion:0.002
2026-01-19 00:11:06,186 [INFO] have warm up
2026-01-19 00:11:17,188 [INFO] iter:90, id:0, r:30.426 and violateion:0.000
2026-01-19 00:11:20,621 [INFO] iter:0, id:1, r:1.000 and violateion:0.000
2026-01-19 00:11:24,133 [INFO] iter:0, id:2, r:1.000 and violateion:0.011
2026-01-19 00:11:27,577 [INFO] iter:0, id:3, r:1.000 and violateion:0.002
2026-01-19 00:11:29,600 [WARNING] connect time:2, accumulated time:7, and the robot pair:[(0, 1), (2, 3)]
2026-01-19 00:11:33,150 [INFO] iter:2, id:0, r:1.000 and violateion:0.002
2026-01-19 00:11:35,060 [INFO] iter:0, id:1, r:1.000 and violateion:0.000
2026-01-19 00:11:37,096 [INFO] iter:0, id:2, r:1.000 and violateion:0.006
2026-01-19 00:11:39,187 [INFO] iter:1, id:3, r:1.000 and violateion:0.008
2026-01-19 00:11:39,189 [INFO] have warm up
2026-01-19 00:11:50,134 [INFO] iter:94, id:0, r:30.426 and violateion:0.015
2026-01-19 00:12:02,791 [INFO] iter:132, id:1, r:42.813 and violateion:0.013
2026-01-19 00:12:06,279 [INFO] iter:0, id:2, r:1.000 and violateion:0.006
2026-01-19 00:12:09,738 [INFO] iter:0, id:3, r:1.000 and violateion:0.008
2026-01-19 00:12:10,661 [INFO] merge map
2026-01-19 00:12:10,663 [INFO] merge map
2026-01-19 00:12:10,664 [INFO] merge map
2026-01-19 00:12:10,667 [INFO] merge map
2026-01-19 00:12:11,856 [WARNING] connect time:3, accumulated time:10, and the robot pair:[]
2026-01-19 00:12:14,827 [INFO] iter:0, id:0, r:1.000 and violateion:0.000
2026-01-19 00:12:16,922 [INFO] iter:1, id:1, r:1.000 and violateion:0.000
2026-01-19 00:12:18,888 [INFO] iter:0, id:2, r:1.000 and violateion:0.000
2026-01-19 00:12:20,872 [INFO] iter:0, id:3, r:1.000 and violateion:0.002
2026-01-19 00:12:20,874 [INFO] have warm up
2026-01-19 00:12:24,940 [INFO] iter:0, id:0, r:1.000 and violateion:0.000
2026-01-19 00:12:28,272 [INFO] iter:0, id:1, r:1.000 and violateion:0.000
2026-01-19 00:12:31,703 [INFO] iter:0, id:2, r:1.000 and violateion:0.000
2026-01-19 00:12:35,203 [INFO] iter:0, id:3, r:1.000 and violateion:0.002
2026-01-19 00:12:37,145 [WARNING] connect time:1, accumulated time:11, and the robot pair:[(0, 1), (2, 3)]
2026-01-19 00:12:48,567 [INFO] iter:121, id:0, r:194.287 and violateion:0.019
2026-01-19 00:12:58,264 [INFO] iter:113, id:1, r:176.224 and violateion:0.001
2026-01-19 00:13:00,251 [INFO] iter:0, id:2, r:1.000 and violateion:0.006
2026-01-19 00:13:02,355 [INFO] iter:1, id:3, r:1.000 and violateion:0.009
2026-01-19 00:13:02,357 [INFO] have warm up
2026-01-19 00:13:12,134 [INFO] iter:79, id:0, r:35.222 and violateion:0.010
2026-01-19 00:13:23,956 [INFO] iter:121, id:1, r:57.374 and violateion:0.001
2026-01-19 00:13:27,449 [INFO] iter:0, id:2, r:1.000 and violateion:0.006
2026-01-19 00:13:30,899 [INFO] iter:0, id:3, r:1.000 and violateion:0.009
2026-01-19 00:13:31,275 [INFO] merge map
2026-01-19 00:13:31,277 [INFO] merge map
2026-01-19 00:13:31,279 [INFO] merge map
2026-01-19 00:13:31,280 [INFO] merge map
2026-01-19 00:13:32,606 [WARNING] connect time:4, accumulated time:15, and the robot pair:[]
2026-01-19 00:13:36,037 [INFO] iter:0, id:0, r:1.000 and violateion:0.010
2026-01-19 00:13:38,531 [INFO] iter:5, id:1, r:1.000 and violateion:0.000
2026-01-19 00:13:40,644 [INFO] iter:0, id:2, r:1.000 and violateion:0.000
2026-01-19 00:13:42,664 [INFO] iter:0, id:3, r:1.000 and violateion:0.002
2026-01-19 00:13:42,666 [INFO] have warm up
2026-01-19 00:13:46,643 [INFO] iter:0, id:0, r:1.000 and violateion:0.010
2026-01-19 00:13:49,959 [INFO] iter:0, id:1, r:1.000 and violateion:0.000
2026-01-19 00:13:53,297 [INFO] iter:0, id:2, r:1.000 and violateion:0.000
2026-01-19 00:13:56,682 [INFO] iter:0, id:3, r:1.000 and violateion:0.002
2026-01-19 00:13:57,353 [WARNING] connect time:0, accumulated time:15, and the robot pair:[(0, 1), (2, 3)]
2026-01-19 00:14:06,698 [INFO] iter:114, id:0, r:224.912 and violateion:0.001
2026-01-19 00:14:16,752 [INFO] iter:122, id:1, r:366.358 and violateion:0.000
2026-01-19 00:14:18,652 [INFO] iter:0, id:2, r:1.000 and violateion:0.007
2026-01-19 00:14:20,722 [INFO] iter:1, id:3, r:1.000 and violateion:0.010
2026-01-19 00:14:20,724 [INFO] have warm up
2026-01-19 00:14:27,496 [INFO] iter:52, id:0, r:6.081 and violateion:0.000
2026-01-19 00:14:36,435 [INFO] iter:83, id:1, r:42.813 and violateion:0.000
2026-01-19 00:14:39,821 [INFO] iter:0, id:2, r:1.000 and violateion:0.007
2026-01-19 00:14:43,284 [INFO] iter:0, id:3, r:1.000 and violateion:0.010
2026-01-19 00:14:46,034 [WARNING] connect time:4, accumulated time:19, and the robot pair:[(0, 1), (2, 3)]
2026-01-19 00:14:49,463 [INFO] iter:1, id:0, r:1.000 and violateion:0.000
2026-01-19 00:14:56,505 [INFO] iter:77, id:1, r:10.401 and violateion:0.016
2026-01-19 00:14:58,524 [INFO] iter:0, id:2, r:1.000 and violateion:0.007
2026-01-19 00:15:00,852 [INFO] iter:1, id:3, r:1.000 and violateion:0.010
2026-01-19 00:15:00,854 [INFO] have warm up
2026-01-19 00:15:05,032 [INFO] iter:1, id:0, r:1.000 and violateion:0.001
2026-01-19 00:15:14,099 [INFO] iter:84, id:1, r:38.833 and violateion:0.014
2026-01-19 00:15:17,587 [INFO] iter:0, id:2, r:1.000 and violateion:0.007
2026-01-19 00:15:21,173 [INFO] iter:0, id:3, r:1.000 and violateion:0.010
2026-01-19 00:15:22,259 [INFO] merge map
2026-01-19 00:15:22,261 [INFO] merge map
2026-01-19 00:15:22,263 [INFO] merge map
2026-01-19 00:15:22,265 [INFO] merge map
2026-01-19 00:15:35,543 [INFO] update map
2026-01-19 00:15:36,273 [WARNING] connect time:1, accumulated time:20, and the robot pair:[]
2026-01-19 00:15:39,271 [INFO] iter:1, id:0, r:1.000 and violateion:0.001
2026-01-19 00:15:41,413 [INFO] iter:1, id:1, r:1.000 and violateion:0.002
2026-01-19 00:15:43,414 [INFO] iter:0, id:2, r:1.000 and violateion:0.001
2026-01-19 00:15:45,472 [INFO] iter:0, id:3, r:1.000 and violateion:0.004
2026-01-19 00:15:45,474 [INFO] have warm up
2026-01-19 00:15:49,384 [INFO] iter:0, id:0, r:1.000 and violateion:0.001
2026-01-19 00:15:57,996 [INFO] iter:80, id:1, r:31.948 and violateion:0.000
2026-01-19 00:16:01,465 [INFO] iter:0, id:2, r:1.000 and violateion:0.001
2026-01-19 00:16:04,865 [INFO] iter:0, id:3, r:1.000 and violateion:0.004
2026-01-19 00:16:06,927 [WARNING] connect time:3, accumulated time:23, and the robot pair:[(0, 1), (2, 3)]
2026-01-19 00:16:14,470 [INFO] iter:68, id:0, r:21.623 and violateion:0.000
2026-01-19 00:16:20,821 [INFO] iter:68, id:1, r:18.679 and violateion:0.000
2026-01-19 00:16:22,850 [INFO] iter:0, id:2, r:1.000 and violateion:0.000
2026-01-19 00:16:25,253 [INFO] iter:1, id:3, r:1.000 and violateion:0.003
2026-01-19 00:16:25,256 [INFO] have warm up
2026-01-19 00:16:29,808 [INFO] iter:0, id:0, r:1.000 and violateion:0.000
2026-01-19 00:16:38,847 [INFO] iter:88, id:1, r:16.136 and violateion:0.014
2026-01-19 00:16:42,286 [INFO] iter:0, id:2, r:1.000 and violateion:0.000
2026-01-19 00:16:45,873 [INFO] iter:0, id:3, r:1.000 and violateion:0.003
2026-01-19 00:16:46,708 [INFO] merge map
2026-01-19 00:16:46,710 [INFO] merge map
2026-01-19 00:16:46,711 [INFO] merge map
2026-01-19 00:16:46,714 [INFO] merge map
2026-01-19 00:16:47,805 [WARNING] connect time:2, accumulated time:25, and the robot pair:[]
2026-01-19 00:16:50,786 [INFO] iter:0, id:0, r:1.000 and violateion:0.000
2026-01-19 00:16:53,102 [INFO] iter:3, id:1, r:1.000 and violateion:0.000
2026-01-19 00:16:55,209 [INFO] iter:0, id:2, r:1.000 and violateion:0.000
2026-01-19 00:16:57,441 [INFO] iter:0, id:3, r:1.000 and violateion:0.003
2026-01-19 00:16:57,444 [INFO] have warm up
2026-01-19 00:17:01,454 [INFO] iter:0, id:0, r:1.000 and violateion:0.000
2026-01-19 00:17:04,841 [INFO] iter:0, id:1, r:1.000 and violateion:0.000
2026-01-19 00:17:08,276 [INFO] iter:0, id:2, r:1.000 and violateion:0.000
2026-01-19 00:17:11,837 [INFO] iter:0, id:3, r:1.000 and violateion:0.003
2026-01-19 00:17:14,013 [WARNING] connect time:2, accumulated time:27, and the robot pair:[(0, 1), (2, 3)]
2026-01-19 00:17:17,757 [INFO] iter:12, id:0, r:1.000 and violateion:0.000
2026-01-19 00:18:11,421 [INFO] iter:856, id:1, r:35.222 and violateion:0.002
2026-01-19 00:18:13,531 [INFO] iter:0, id:2, r:1.000 and violateion:0.000
2026-01-19 00:18:15,814 [INFO] iter:1, id:3, r:1.000 and violateion:0.003
2026-01-19 00:18:15,816 [INFO] have warm up
2026-01-19 00:18:19,735 [INFO] iter:0, id:0, r:1.000 and violateion:0.000
2026-01-19 00:18:42,723 [INFO] iter:323, id:1, r:22.705 and violateion:0.002
2026-01-19 00:18:46,233 [INFO] iter:0, id:2, r:1.000 and violateion:0.000
2026-01-19 00:18:49,689 [INFO] iter:0, id:3, r:1.000 and violateion:0.003
2026-01-19 00:18:50,294 [INFO] merge map
2026-01-19 00:18:50,296 [INFO] merge map
2026-01-19 00:18:50,297 [INFO] merge map
2026-01-19 00:18:50,300 [INFO] merge map
2026-01-19 00:18:51,836 [WARNING] connect time:3, accumulated time:30, and the robot pair:[]
2026-01-19 00:18:55,682 [INFO] iter:9, id:0, r:1.000 and violateion:0.000
2026-01-19 00:19:56,429 [INFO] satisfy constraint, but not converge, id: 1 and r_penalty: 10.921 and violations:0.001:
2026-01-19 00:19:58,550 [INFO] iter:0, id:2, r:1.000 and violateion:0.000
2026-01-19 00:20:00,700 [INFO] iter:0, id:3, r:1.000 and violateion:0.003
2026-01-19 00:20:00,702 [INFO] have warm up
2026-01-19 00:20:04,714 [INFO] iter:0, id:0, r:1.000 and violateion:0.000
2026-01-19 00:20:12,727 [INFO] iter:77, id:1, r:8.985 and violateion:0.014
2026-01-19 00:20:16,224 [INFO] iter:0, id:2, r:1.000 and violateion:0.000
2026-01-19 00:20:19,771 [INFO] iter:0, id:3, r:1.000 and violateion:0.003
2026-01-19 00:20:21,590 [WARNING] connect time:1, accumulated time:31, and the robot pair:[(0, 1), (2, 3)]
2026-01-19 00:20:25,449 [INFO] iter:9, id:0, r:1.000 and violateion:0.013
2026-01-19 00:20:28,121 [INFO] iter:10, id:1, r:1.000 and violateion:0.003
2026-01-19 00:20:30,185 [INFO] iter:0, id:2, r:1.000 and violateion:0.000
2026-01-19 00:20:32,529 [INFO] iter:1, id:3, r:1.000 and violateion:0.003
2026-01-19 00:20:32,532 [INFO] have warm up
2026-01-19 00:20:37,077 [INFO] iter:0, id:0, r:1.000 and violateion:0.013
2026-01-19 00:20:45,487 [INFO] iter:84, id:1, r:12.643 and violateion:0.002
2026-01-19 00:20:48,942 [INFO] iter:0, id:2, r:1.000 and violateion:0.000
2026-01-19 00:20:52,407 [INFO] iter:0, id:3, r:1.000 and violateion:0.003
2026-01-19 00:20:52,988 [INFO] merge map
2026-01-19 00:20:52,991 [INFO] merge map
2026-01-19 00:20:52,993 [INFO] merge map
2026-01-19 00:20:52,995 [INFO] merge map
2026-01-19 00:20:55,047 [WARNING] connect time:4, accumulated time:35, and the robot pair:[]
2026-01-19 00:21:11,280 [INFO] iter:231, id:0, r:5.253 and violateion:0.009
2026-01-19 00:21:15,166 [INFO] iter:30, id:1, r:1.000 and violateion:0.008
2026-01-19 00:21:17,271 [INFO] iter:0, id:2, r:1.000 and violateion:0.000
2026-01-19 00:21:19,404 [INFO] iter:0, id:3, r:1.000 and violateion:0.003
2026-01-19 00:21:19,406 [INFO] have warm up
2026-01-19 00:21:23,205 [INFO] iter:0, id:0, r:1.000 and violateion:0.009
2026-01-19 00:21:26,641 [INFO] iter:0, id:1, r:1.000 and violateion:0.008
2026-01-19 00:21:29,958 [INFO] iter:0, id:2, r:1.000 and violateion:0.000
2026-01-19 00:21:33,385 [INFO] iter:0, id:3, r:1.000 and violateion:0.003
2026-01-19 00:21:34,327 [WARNING] connect time:0, accumulated time:35, and the robot pair:[(0, 1), (2, 3)]
2026-01-19 00:21:36,132 [INFO] iter:0, id:0, r:1.000 and violateion:0.014
2026-01-19 00:21:38,082 [INFO] iter:0, id:1, r:1.000 and violateion:0.014
2026-01-19 00:21:40,140 [INFO] iter:0, id:2, r:1.000 and violateion:0.000
2026-01-19 00:21:42,377 [INFO] iter:1, id:3, r:1.000 and violateion:0.003
2026-01-19 00:21:42,379 [INFO] have warm up
2026-01-19 00:21:45,388 [INFO] iter:0, id:0, r:1.000 and violateion:0.014
2026-01-19 00:21:48,605 [INFO] iter:0, id:1, r:1.000 and violateion:0.014
2026-01-19 00:21:51,868 [INFO] iter:0, id:2, r:1.000 and violateion:0.000
2026-01-19 00:21:55,183 [INFO] iter:0, id:3, r:1.000 and violateion:0.003
2026-01-19 00:21:57,715 [WARNING] connect time:4, accumulated time:39, and the robot pair:[(0, 1), (2, 3)]
2026-01-19 00:22:04,382 [INFO] iter:65, id:0, r:13.275 and violateion:0.008
2026-01-19 00:22:15,476 [INFO] iter:162, id:1, r:84.767 and violateion:0.000
2026-01-19 00:22:17,572 [INFO] iter:0, id:2, r:1.000 and violateion:0.000
2026-01-19 00:22:19,853 [INFO] iter:1, id:3, r:1.000 and violateion:0.003
2026-01-19 00:22:19,856 [INFO] have warm up
2026-01-19 00:22:28,102 [INFO] iter:76, id:0, r:12.643 and violateion:0.008
2026-01-19 00:22:32,197 [INFO] iter:0, id:1, r:1.000 and violateion:0.000
2026-01-19 00:22:35,567 [INFO] iter:0, id:2, r:1.000 and violateion:0.000
2026-01-19 00:22:39,025 [INFO] iter:0, id:3, r:1.000 and violateion:0.003
2026-01-19 00:22:40,289 [INFO] merge map
2026-01-19 00:22:40,291 [INFO] merge map
2026-01-19 00:22:40,293 [INFO] merge map
2026-01-19 00:22:40,297 [INFO] merge map
2026-01-19 00:23:53,263 [INFO] update map
2026-01-19 00:23:54,207 [WARNING] connect time:1, accumulated time:40, and the robot pair:[]
2026-01-19 00:24:04,746 [INFO] iter:131, id:0, r:13.939 and violateion:0.002
2026-01-19 00:25:01,301 [INFO] satisfy constraint, but not converge, id: 1 and r_penalty: 7.762 and violations:0.002:
2026-01-19 00:25:03,394 [INFO] iter:0, id:2, r:1.000 and violateion:0.000
2026-01-19 00:25:05,525 [INFO] iter:0, id:3, r:1.000 and violateion:0.003
2026-01-19 00:25:05,528 [INFO] have warm up
2026-01-19 00:26:04,014 [INFO] satisfy constraint, but not converge, id: 0 and r_penalty: 12.041 and violations:0.001:
2026-01-19 00:26:21,758 [INFO] iter:259, id:1, r:10.921 and violateion:0.000
2026-01-19 00:26:25,125 [INFO] iter:0, id:2, r:1.000 and violateion:0.000
2026-01-19 00:26:28,562 [INFO] iter:0, id:3, r:1.000 and violateion:0.003
2026-01-19 00:26:31,069 [WARNING] connect time:3, accumulated time:43, and the robot pair:[(0, 1), (2, 3)]
2026-01-19 00:26:46,288 [INFO] iter:223, id:0, r:27.598 and violateion:0.002
2026-01-19 00:27:16,072 [INFO] iter:519, id:1, r:19.613 and violateion:0.001
2026-01-19 00:27:18,310 [INFO] iter:1, id:2, r:1.000 and violateion:0.000
2026-01-19 00:27:20,645 [INFO] iter:1, id:3, r:1.000 and violateion:0.003
2026-01-19 00:27:20,648 [INFO] have warm up
2026-01-19 00:27:42,917 [INFO] iter:344, id:0, r:33.545 and violateion:0.001
2026-01-19 00:27:56,289 [INFO] iter:184, id:1, r:16.943 and violateion:0.003
2026-01-19 00:27:59,721 [INFO] iter:0, id:2, r:1.000 and violateion:0.000
2026-01-19 00:28:03,257 [INFO] iter:0, id:3, r:1.000 and violateion:0.003
2026-01-19 00:28:04,108 [INFO] merge map
2026-01-19 00:28:04,110 [INFO] merge map
2026-01-19 00:28:04,111 [INFO] merge map
2026-01-19 00:28:04,113 [INFO] merge map
2026-01-19 00:28:05,545 [WARNING] connect time:2, accumulated time:45, and the robot pair:[]
2026-01-19 00:28:33,073 [INFO] iter:465, id:0, r:10.401 and violateion:0.004
2026-01-19 00:28:49,370 [INFO] iter:269, id:1, r:13.275 and violateion:0.002
2026-01-19 00:28:51,466 [INFO] iter:0, id:2, r:1.000 and violateion:0.000
2026-01-19 00:28:53,617 [INFO] iter:0, id:3, r:1.000 and violateion:0.003
2026-01-19 00:28:53,619 [INFO] have warm up
2026-01-19 00:29:02,722 [INFO] iter:97, id:0, r:21.623 and violateion:0.008
2026-01-19 00:29:11,937 [INFO] iter:111, id:1, r:20.594 and violateion:0.008
2026-01-19 00:29:15,280 [INFO] iter:0, id:2, r:1.000 and violateion:0.000
2026-01-19 00:29:18,636 [INFO] iter:0, id:3, r:1.000 and violateion:0.003
2026-01-19 00:29:20,895 [WARNING] connect time:2, accumulated time:47, and the robot pair:[(0, 1)]
2026-01-19 00:30:15,740 [INFO] satisfy constraint, but not converge, id: 0 and r_penalty: 49.561 and violations:0.001:
2026-01-19 00:31:09,792 [INFO] satisfy constraint, but not converge, id: 1 and r_penalty: 31.948 and violations:0.001:
2026-01-19 00:31:09,799 [INFO] have warm up
2026-01-19 00:31:19,472 [INFO] iter:108, id:0, r:21.623 and violateion:0.009
2026-01-19 00:32:15,206 [INFO] satisfy constraint, but not converge, id: 1 and r_penalty: 17.790 and violations:0.003:
2026-01-19 00:32:16,054 [INFO] merge map
2026-01-19 00:32:16,056 [INFO] merge map
2026-01-19 00:32:16,058 [INFO] merge map
2026-01-19 00:32:16,060 [INFO] merge map
2026-01-19 00:32:18,014 [WARNING] connect time:3, accumulated time:50, and the robot pair:[]
2026-01-19 00:33:11,500 [INFO] iter:972, id:0, r:25.032 and violateion:0.002
2026-01-19 00:33:24,469 [INFO] iter:213, id:1, r:20.594 and violateion:0.004
2026-01-19 00:33:26,594 [INFO] iter:0, id:2, r:1.000 and violateion:0.000
2026-01-19 00:33:28,927 [INFO] iter:1, id:3, r:1.000 and violateion:0.003
2026-01-19 00:33:28,930 [INFO] have warm up
2026-01-19 00:33:50,209 [INFO] iter:348, id:0, r:28.978 and violateion:0.002
2026-01-19 00:34:39,209 [INFO] iter:899, id:1, r:23.840 and violateion:0.001
2026-01-19 00:34:42,490 [INFO] iter:0, id:2, r:1.000 and violateion:0.000
2026-01-19 00:34:45,881 [INFO] iter:0, id:3, r:1.000 and violateion:0.003
2026-01-19 00:34:47,456 [WARNING] connect time:1, accumulated time:51, and the robot pair:[(0, 1)]
2026-01-19 00:35:01,598 [INFO] iter:219, id:0, r:23.840 and violateion:0.004
2026-01-19 00:35:13,747 [INFO] iter:198, id:1, r:36.984 and violateion:0.012
2026-01-19 00:35:13,750 [INFO] have warm up
2026-01-19 00:35:29,045 [INFO] iter:228, id:0, r:23.840 and violateion:0.004
2026-01-19 00:35:40,615 [INFO] iter:165, id:1, r:31.948 and violateion:0.003
2026-01-19 00:35:41,257 [INFO] merge map
2026-01-19 00:35:41,259 [INFO] merge map
2026-01-19 00:35:41,261 [INFO] merge map
2026-01-19 00:35:41,263 [INFO] merge map
2026-01-19 00:35:43,848 [WARNING] connect time:4, accumulated time:55, and the robot pair:[]
2026-01-19 00:36:30,643 [INFO] iter:901, id:0, r:25.032 and violateion:0.002
2026-01-19 00:36:41,242 [INFO] iter:173, id:1, r:19.613 and violateion:0.003
2026-01-19 00:36:43,391 [INFO] iter:0, id:2, r:1.000 and violateion:0.000
2026-01-19 00:36:45,597 [INFO] iter:0, id:3, r:1.000 and violateion:0.000
2026-01-19 00:36:45,600 [INFO] have warm up
2026-01-19 00:37:21,750 [INFO] iter:667, id:0, r:25.032 and violateion:0.001
2026-01-19 00:37:30,146 [INFO] iter:103, id:1, r:22.705 and violateion:0.009
2026-01-19 00:37:33,521 [INFO] iter:0, id:2, r:1.000 and violateion:0.000
2026-01-19 00:37:36,982 [INFO] iter:0, id:3, r:1.000 and violateion:0.000
2026-01-19 00:37:37,817 [WARNING] connect time:0, accumulated time:55, and the robot pair:[(0, 1)]
2026-01-19 00:37:44,926 [INFO] iter:104, id:0, r:35.222 and violateion:0.014
2026-01-19 00:37:46,878 [INFO] iter:0, id:1, r:1.000 and violateion:0.005
2026-01-19 00:37:46,880 [INFO] have warm up
2026-01-19 00:37:53,850 [INFO] iter:77, id:0, r:33.545 and violateion:0.019
2026-01-19 00:37:56,987 [INFO] iter:0, id:1, r:1.000 and violateion:0.005
2026-01-19 00:38:00,204 [WARNING] connect time:4, accumulated time:59, and the robot pair:[(0, 1)]
2026-01-19 00:38:22,355 [INFO] iter:411, id:0, r:28.978 and violateion:0.004
2026-01-19 00:39:11,017 [INFO] satisfy constraint, but not converge, id: 1 and r_penalty: 38.833 and violations:0.003:
2026-01-19 00:39:11,024 [INFO] have warm up
2026-01-19 00:39:25,579 [INFO] iter:200, id:0, r:25.032 and violateion:0.005
2026-01-19 00:39:54,083 [INFO] iter:536, id:1, r:25.032 and violateion:0.003
2026-01-19 00:39:54,538 [INFO] merge map
2026-01-19 00:39:54,540 [INFO] merge map
2026-01-19 00:39:54,542 [INFO] merge map
2026-01-19 00:39:54,544 [INFO] merge map
2026-01-19 00:42:19,955 [INFO] update map
2026-01-19 00:42:21,117 [WARNING] connect time:1, accumulated time:60, and the robot pair:[]
2026-01-19 00:42:29,489 [INFO] iter:107, id:0, r:23.840 and violateion:0.011
2026-01-19 00:43:17,216 [INFO] satisfy constraint, but not converge, id: 1 and r_penalty: 27.598 and violations:0.002:
2026-01-19 00:43:19,352 [INFO] iter:0, id:2, r:1.000 and violateion:0.000
2026-01-19 00:43:21,566 [INFO] iter:0, id:3, r:1.000 and violateion:0.000
2026-01-19 00:43:21,568 [INFO] have warm up
2026-01-19 00:43:40,933 [INFO] iter:338, id:0, r:25.032 and violateion:0.005
2026-01-19 00:44:30,373 [INFO] satisfy constraint, but not converge, id: 1 and r_penalty: 20.594 and violations:0.004:
2026-01-19 00:44:33,953 [INFO] iter:0, id:2, r:1.000 and violateion:0.000
2026-01-19 00:44:37,368 [INFO] iter:0, id:3, r:1.000 and violateion:0.000
2026-01-19 00:44:40,404 [WARNING] connect time:3, accumulated time:63, and the robot pair:[(0, 1)]
2026-01-19 00:44:52,744 [INFO] iter:201, id:0, r:23.840 and violateion:0.008
2026-01-19 00:45:39,465 [INFO] satisfy constraint, but not converge, id: 1 and r_penalty: 26.283 and violations:0.005:
2026-01-19 00:45:39,472 [INFO] have warm up
2026-01-19 00:46:00,127 [INFO] iter:367, id:0, r:22.705 and violateion:0.002
2026-01-19 00:46:22,046 [INFO] iter:380, id:1, r:25.032 and violateion:0.002
2026-01-19 00:46:22,468 [INFO] merge map
2026-01-19 00:46:22,470 [INFO] merge map
2026-01-19 00:46:22,472 [INFO] merge map
2026-01-19 00:46:22,474 [INFO] merge map
2026-01-19 00:46:24,179 [WARNING] connect time:2, accumulated time:65, and the robot pair:[]
2026-01-19 00:47:11,453 [INFO] satisfy constraint, but not converge, id: 0 and r_penalty: 28.978 and violations:0.004:
2026-01-19 00:47:21,739 [INFO] iter:183, id:1, r:15.367 and violateion:0.003
2026-01-19 00:47:24,002 [INFO] iter:0, id:2, r:1.000 and violateion:0.000
2026-01-19 00:47:26,313 [INFO] iter:0, id:3, r:1.000 and violateion:0.000
2026-01-19 00:47:26,316 [INFO] have warm up
2026-01-19 00:48:14,365 [INFO] satisfy constraint, but not converge, id: 0 and r_penalty: 19.613 and violations:0.007:
2026-01-19 00:48:25,432 [INFO] iter:171, id:1, r:13.939 and violateion:0.003
2026-01-19 00:48:29,077 [INFO] iter:0, id:2, r:1.000 and violateion:0.000
2026-01-19 00:48:32,844 [INFO] iter:0, id:3, r:1.000 and violateion:0.000
2026-01-19 00:48:35,279 [WARNING] connect time:2, accumulated time:67, and the robot pair:[(0, 1)]
2026-01-19 00:49:21,902 [INFO] satisfy constraint, but not converge, id: 0 and r_penalty: 38.833 and violations:0.003:
2026-01-19 00:50:07,160 [INFO] satisfy constraint, but not converge, id: 1 and r_penalty: 42.813 and violations:0.009:
2026-01-19 00:50:07,168 [INFO] have warm up
2026-01-19 00:50:54,711 [INFO] satisfy constraint, but not converge, id: 0 and r_penalty: 27.598 and violations:0.005:
2026-01-19 00:51:41,195 [INFO] iter:992, id:1, r:54.641 and violateion:0.005
2026-01-19 00:51:41,795 [INFO] merge map
2026-01-19 00:51:41,798 [INFO] merge map
2026-01-19 00:51:41,800 [INFO] merge map
2026-01-19 00:51:41,802 [INFO] merge map
2026-01-19 00:51:44,315 [WARNING] connect time:3, accumulated time:70, and the robot pair:[]
2026-01-19 00:52:29,734 [INFO] satisfy constraint, but not converge, id: 0 and r_penalty: 44.954 and violations:0.011:
2026-01-19 00:53:13,725 [INFO] satisfy constraint, but not converge, id: 1 and r_penalty: 69.738 and violations:0.009:
2026-01-19 00:53:15,895 [INFO] iter:0, id:2, r:1.000 and violateion:0.000
2026-01-19 00:53:18,172 [INFO] iter:0, id:3, r:1.000 and violateion:0.000
2026-01-19 00:53:18,175 [INFO] have warm up
2026-01-19 00:54:04,013 [INFO] satisfy constraint, but not converge, id: 0 and r_penalty: 49.561 and violations:0.008:
2026-01-19 00:54:46,975 [INFO] iter:943, id:1, r:54.641 and violateion:0.004
2026-01-19 00:54:50,446 [INFO] iter:0, id:2, r:1.000 and violateion:0.000
2026-01-19 00:54:53,957 [INFO] iter:0, id:3, r:1.000 and violateion:0.000
2026-01-19 00:54:54,482 [INFO] merge map
2026-01-19 00:54:54,484 [INFO] merge map
2026-01-19 00:54:54,487 [INFO] merge map
2026-01-19 00:54:54,488 [INFO] merge map
2026-01-19 00:54:58,429 [WARNING] connect time:5, accumulated time:75, and the robot pair:[]
2026-01-19 00:55:27,752 [INFO] iter:654, id:0, r:38.833 and violateion:0.009
2026-01-19 00:55:58,236 [INFO] iter:710, id:1, r:84.767 and violateion:0.010
2026-01-19 00:56:00,408 [INFO] iter:0, id:2, r:1.000 and violateion:0.000
2026-01-19 00:56:02,614 [INFO] iter:0, id:3, r:1.000 and violateion:0.000
2026-01-19 00:56:02,616 [INFO] have warm up
2026-01-19 00:56:46,450 [INFO] satisfy constraint, but not converge, id: 0 and r_penalty: 38.833 and violations:0.010:
2026-01-19 00:57:16,854 [INFO] iter:680, id:1, r:73.225 and violateion:0.003
2026-01-19 00:57:20,147 [INFO] iter:0, id:2, r:1.000 and violateion:0.000
2026-01-19 00:57:23,536 [INFO] iter:0, id:3, r:1.000 and violateion:0.000
2026-01-19 00:57:27,012 [WARNING] connect time:3, accumulated time:78, and the robot pair:[(0, 3)]
2026-01-19 00:57:37,960 [INFO] iter:157, id:0, r:40.774 and violateion:0.011
2026-01-19 00:57:40,233 [INFO] iter:1, id:3, r:1.000 and violateion:0.006
2026-01-19 00:57:40,236 [INFO] have warm up
2026-01-19 00:58:24,092 [INFO] failed to satisfy constraint, id: 0 and r_penalty: 100000.000 and violations:0.028:
2026-01-19 00:59:07,698 [INFO] failed to satisfy constraint, id: 3 and r_penalty: 100000.000 and violations:0.028:
2026-01-19 00:59:08,427 [INFO] merge map
2026-01-19 00:59:08,429 [INFO] merge map
2026-01-19 00:59:08,432 [INFO] merge map
2026-01-19 00:59:08,433 [INFO] merge map
2026-01-19 01:02:42,772 [INFO] update map
2026-01-19 01:02:44,856 [WARNING] connect time:2, accumulated time:80, and the robot pair:[]
2026-01-19 01:03:01,811 [INFO] iter:364, id:0, r:20.594 and violateion:0.007
2026-01-19 01:03:06,928 [INFO] iter:77, id:1, r:18.679 and violateion:0.015
2026-01-19 01:03:09,010 [INFO] iter:0, id:2, r:1.000 and violateion:0.000
2026-01-19 01:03:11,432 [INFO] iter:2, id:3, r:1.000 and violateion:0.010
2026-01-19 01:03:11,435 [INFO] have warm up
2026-01-19 01:03:35,421 [INFO] iter:537, id:0, r:16.136 and violateion:0.006
2026-01-19 01:03:51,238 [INFO] iter:337, id:1, r:33.545 and violateion:0.005
2026-01-19 01:03:54,558 [INFO] iter:0, id:2, r:1.000 and violateion:0.000
2026-01-19 01:04:01,378 [INFO] iter:89, id:3, r:10.921 and violateion:0.009
2026-01-19 01:04:03,866 [WARNING] connect time:2, accumulated time:82, and the robot pair:[(0, 3)]
2026-01-19 01:04:32,417 [INFO] iter:689, id:0, r:16.136 and violateion:0.003
2026-01-19 01:04:35,762 [INFO] iter:27, id:3, r:1.886 and violateion:0.003
2026-01-19 01:04:35,765 [INFO] have warm up
2026-01-19 01:04:52,083 [INFO] iter:340, id:0, r:12.643 and violateion:0.003
2026-01-19 01:05:14,899 [INFO] iter:522, id:3, r:18.679 and violateion:0.000
2026-01-19 01:05:15,608 [INFO] merge map
2026-01-19 01:05:15,611 [INFO] merge map
2026-01-19 01:05:15,613 [INFO] merge map
2026-01-19 01:05:15,614 [INFO] merge map
2026-01-19 01:05:18,250 [WARNING] connect time:3, accumulated time:85, and the robot pair:[]
2026-01-19 01:05:26,356 [INFO] iter:135, id:0, r:10.401 and violateion:0.005
2026-01-19 01:05:45,401 [INFO] iter:471, id:1, r:17.790 and violateion:0.002
2026-01-19 01:05:47,528 [INFO] iter:0, id:2, r:1.000 and violateion:0.000
2026-01-19 01:05:53,323 [INFO] iter:95, id:3, r:3.556 and violateion:0.005
2026-01-19 01:05:53,327 [INFO] have warm up
2026-01-19 01:06:08,235 [INFO] iter:298, id:0, r:6.081 and violateion:0.005
2026-01-19 01:06:20,583 [INFO] iter:245, id:1, r:21.623 and violateion:0.001
2026-01-19 01:06:23,848 [INFO] iter:0, id:2, r:1.000 and violateion:0.000
2026-01-19 01:06:38,499 [INFO] iter:312, id:3, r:5.003 and violateion:0.001
2026-01-19 01:06:40,437 [WARNING] connect time:1, accumulated time:86, and the robot pair:[(0, 3)]
2026-01-19 01:06:50,203 [INFO] iter:179, id:0, r:8.150 and violateion:0.006
2026-01-19 01:06:54,503 [INFO] iter:56, id:3, r:4.765 and violateion:0.004
2026-01-19 01:06:54,506 [INFO] have warm up
2026-01-19 01:07:07,263 [INFO] iter:254, id:0, r:8.150 and violateion:0.007
2026-01-19 01:07:35,393 [INFO] iter:700, id:3, r:7.040 and violateion:0.000
2026-01-19 01:07:35,834 [INFO] merge map
2026-01-19 01:07:35,836 [INFO] merge map
2026-01-19 01:07:35,839 [INFO] merge map
2026-01-19 01:07:35,841 [INFO] merge map
2026-01-19 01:07:41,007 [WARNING] connect time:4, accumulated time:90, and the robot pair:[]
2026-01-19 01:07:47,023 [INFO] iter:81, id:0, r:5.516 and violateion:0.011
2026-01-19 01:07:59,971 [INFO] iter:319, id:1, r:9.434 and violateion:0.003
2026-01-19 01:08:02,266 [INFO] iter:2, id:2, r:1.000 and violateion:0.000
2026-01-19 01:08:08,234 [INFO] iter:111, id:3, r:4.538 and violateion:0.003
2026-01-19 01:08:08,237 [INFO] have warm up
2026-01-19 01:08:14,803 [INFO] iter:86, id:0, r:4.765 and violateion:0.006
2026-01-19 01:08:23,179 [INFO] iter:152, id:1, r:9.434 and violateion:0.004
2026-01-19 01:08:26,578 [INFO] iter:0, id:2, r:1.000 and violateion:0.000
2026-01-19 01:08:36,054 [INFO] iter:178, id:3, r:4.538 and violateion:0.001
2026-01-19 01:08:36,988 [WARNING] connect time:0, accumulated time:90, and the robot pair:[(0, 3)]
2026-01-19 01:08:42,751 [INFO] iter:115, id:0, r:4.538 and violateion:0.003
2026-01-19 01:08:47,363 [INFO] iter:74, id:3, r:3.733 and violateion:0.001
2026-01-19 01:08:47,366 [INFO] have warm up
2026-01-19 01:08:53,380 [INFO] iter:91, id:0, r:4.538 and violateion:0.003
2026-01-19 01:09:00,956 [INFO] iter:125, id:3, r:5.003 and violateion:0.002
2026-01-19 01:09:00,995 [INFO] merge map
2026-01-19 01:09:00,999 [INFO] merge map
2026-01-19 01:09:01,002 [INFO] merge map
2026-01-19 01:09:01,004 [INFO] merge map
2026-01-19 01:09:05,263 [WARNING] connect time:5, accumulated time:95, and the robot pair:[]
2026-01-19 01:09:11,575 [INFO] iter:92, id:0, r:2.183 and violateion:0.001
2026-01-19 01:09:17,473 [INFO] iter:118, id:1, r:1.796 and violateion:0.003
2026-01-19 01:09:22,806 [INFO] iter:92, id:2, r:1.340 and violateion:0.002
2026-01-19 01:09:26,344 [INFO] iter:36, id:3, r:1.000 and violateion:0.014
2026-01-19 01:09:26,347 [INFO] have warm up
2026-01-19 01:09:31,598 [INFO] iter:48, id:0, r:2.292 and violateion:0.002
2026-01-19 01:09:35,610 [INFO] iter:29, id:1, r:1.796 and violateion:0.010
2026-01-19 01:09:39,779 [INFO] iter:28, id:2, r:1.000 and violateion:0.009
2026-01-19 01:09:44,103 [INFO] iter:25, id:3, r:1.000 and violateion:0.013
2026-01-19 01:14:46,139 [INFO] signal_shutdown [atexit]
