2026-02-06 12:35:54,087 [INFO] Unable to initialize backend 'rocm': module 'jaxlib.xla_extension' has no attribute 'GpuAllocatorConfig'
2026-02-06 12:35:54,088 [INFO] Unable to initialize backend 'tpu': INTERNAL: Failed to open libtpu.so: libtpu.so: cannot open shared object file: No such file or directory
2026-02-06 12:35:56,470 [INFO] topicmanager initialized
2026-02-06 12:35:56,519 [INFO] Log opened: Fri Feb  6 04:35:56 2026 UTC
2026-02-06 12:36:00,686 [INFO] my_strategy
2026-02-06 12:36:08,495 [INFO] iter:1, id:0, r:1.000 and violateion:0.000
2026-02-06 12:36:10,727 [INFO] iter:1, id:1, r:1.000 and violateion:0.000
2026-02-06 12:36:12,874 [INFO] iter:1, id:2, r:1.000 and violateion:0.000
2026-02-06 12:36:15,115 [INFO] iter:1, id:3, r:1.000 and violateion:0.000
2026-02-06 12:36:15,116 [INFO] have warm up
2026-02-06 12:36:41,867 [INFO] iter:166, id:0, r:2227.970 and violateion:0.000
2026-02-06 12:37:07,163 [INFO] iter:166, id:1, r:2227.970 and violateion:0.000
2026-02-06 12:37:32,705 [INFO] iter:166, id:2, r:2227.970 and violateion:0.000
2026-02-06 12:37:58,315 [INFO] iter:166, id:3, r:2227.970 and violateion:0.000
2026-02-06 12:38:00,143 [INFO] merge map
2026-02-06 12:38:00,145 [INFO] merge map
2026-02-06 12:38:00,147 [INFO] merge map
2026-02-06 12:38:00,148 [INFO] merge map
2026-02-06 12:38:03,149 [WARNING] connect time:10, accumulated time:10, and the robot pair:[]
2026-02-06 12:38:06,947 [INFO] iter:1, id:0, r:1.000 and violateion:0.000
2026-02-06 12:38:09,221 [INFO] iter:1, id:1, r:1.000 and violateion:0.000
2026-02-06 12:38:11,404 [INFO] iter:0, id:2, r:1.000 and violateion:0.000
2026-02-06 12:38:13,872 [INFO] iter:2, id:3, r:1.000 and violateion:0.000
2026-02-06 12:38:13,874 [INFO] have warm up
2026-02-06 12:38:18,375 [INFO] iter:0, id:0, r:1.000 and violateion:0.000
2026-02-06 12:38:21,944 [INFO] iter:0, id:1, r:1.000 and violateion:0.000
2026-02-06 12:38:25,429 [INFO] iter:0, id:2, r:1.000 and violateion:0.000
2026-02-06 12:38:28,814 [INFO] iter:0, id:3, r:1.000 and violateion:0.000
2026-02-06 12:38:32,748 [WARNING] connect time:4, accumulated time:14, and the robot pair:[(2, 3)]
2026-02-06 12:38:36,197 [INFO] iter:0, id:2, r:1.000 and violateion:0.000
2026-02-06 12:38:38,525 [INFO] iter:1, id:3, r:1.000 and violateion:0.000
2026-02-06 12:38:38,527 [INFO] have warm up
2026-02-06 12:38:43,285 [INFO] iter:0, id:2, r:1.000 and violateion:0.000
2026-02-06 12:38:46,978 [INFO] iter:0, id:3, r:1.000 and violateion:0.000
2026-02-06 12:38:50,225 [WARNING] connect time:4, accumulated time:18, and the robot pair:[(0, 1), (2, 3)]
2026-02-06 12:38:53,731 [INFO] iter:1, id:0, r:1.000 and violateion:0.000
2026-02-06 12:38:55,952 [INFO] iter:1, id:1, r:1.000 and violateion:0.000
2026-02-06 12:38:58,011 [INFO] iter:0, id:2, r:1.000 and violateion:0.000
2026-02-06 12:39:00,295 [INFO] iter:1, id:3, r:1.000 and violateion:0.000
2026-02-06 12:39:00,297 [INFO] have warm up
2026-02-06 12:39:14,057 [INFO] iter:73, id:0, r:15.367 and violateion:0.000
2026-02-06 12:39:17,532 [INFO] iter:0, id:1, r:1.000 and violateion:0.026
2026-02-06 12:39:21,205 [INFO] iter:0, id:2, r:1.000 and violateion:0.000
2026-02-06 12:39:24,766 [INFO] iter:0, id:3, r:1.000 and violateion:0.000
2026-02-06 12:39:25,956 [INFO] merge map
2026-02-06 12:39:25,959 [INFO] merge map
2026-02-06 12:39:25,962 [INFO] merge map
2026-02-06 12:39:25,965 [INFO] merge map
2026-02-06 12:39:27,731 [WARNING] connect time:2, accumulated time:20, and the robot pair:[]
2026-02-06 12:39:31,326 [INFO] iter:1, id:0, r:1.000 and violateion:0.000
2026-02-06 12:39:33,614 [INFO] iter:1, id:1, r:1.000 and violateion:0.000
2026-02-06 12:39:35,760 [INFO] iter:0, id:2, r:1.000 and violateion:0.000
2026-02-06 12:39:37,940 [INFO] iter:0, id:3, r:1.000 and violateion:0.000
2026-02-06 12:39:37,942 [INFO] have warm up
2026-02-06 12:39:42,717 [INFO] iter:0, id:0, r:1.000 and violateion:0.000
2026-02-06 12:39:46,378 [INFO] iter:0, id:1, r:1.000 and violateion:0.014
2026-02-06 12:39:49,995 [INFO] iter:0, id:2, r:1.000 and violateion:0.000
2026-02-06 12:39:53,670 [INFO] iter:0, id:3, r:1.000 and violateion:0.000
2026-02-06 12:39:56,974 [WARNING] connect time:2, accumulated time:22, and the robot pair:[(0, 1), (2, 3)]
2026-02-06 12:40:00,775 [INFO] iter:3, id:0, r:1.000 and violateion:0.000
2026-02-06 12:40:03,544 [INFO] iter:4, id:1, r:1.000 and violateion:0.000
2026-02-06 12:40:05,710 [INFO] iter:0, id:2, r:1.000 and violateion:0.000
2026-02-06 12:40:08,111 [INFO] iter:1, id:3, r:1.000 and violateion:0.000
2026-02-06 12:40:08,113 [INFO] have warm up
2026-02-06 12:40:12,776 [INFO] iter:0, id:0, r:1.000 and violateion:0.000
2026-02-06 12:40:16,346 [INFO] iter:0, id:1, r:1.000 and violateion:0.000
2026-02-06 12:40:19,930 [INFO] iter:0, id:2, r:1.000 and violateion:0.000
2026-02-06 12:40:23,649 [INFO] iter:0, id:3, r:1.000 and violateion:0.000
2026-02-06 12:40:28,521 [WARNING] connect time:4, accumulated time:26, and the robot pair:[(0, 1), (2, 3)]
2026-02-06 12:40:32,218 [INFO] iter:2, id:0, r:1.000 and violateion:0.000
2026-02-06 12:40:34,591 [INFO] iter:2, id:1, r:1.000 and violateion:0.000
2026-02-06 12:40:36,807 [INFO] iter:0, id:2, r:1.000 and violateion:0.000
2026-02-06 12:40:39,139 [INFO] iter:0, id:3, r:1.000 and violateion:0.000
2026-02-06 12:40:39,141 [INFO] have warm up
2026-02-06 12:40:43,667 [INFO] iter:0, id:0, r:1.000 and violateion:0.000
2026-02-06 12:40:47,372 [INFO] iter:0, id:1, r:1.000 and violateion:0.000
2026-02-06 12:40:51,104 [INFO] iter:0, id:2, r:1.000 and violateion:0.000
2026-02-06 12:40:54,915 [INFO] iter:0, id:3, r:1.000 and violateion:0.000
2026-02-06 12:40:56,044 [INFO] merge map
2026-02-06 12:40:56,046 [INFO] merge map
2026-02-06 12:40:56,047 [INFO] merge map
2026-02-06 12:40:56,049 [INFO] merge map
2026-02-06 12:41:00,153 [WARNING] connect time:4, accumulated time:30, and the robot pair:[]
2026-02-06 12:41:04,176 [INFO] iter:2, id:0, r:1.000 and violateion:0.000
2026-02-06 12:41:06,579 [INFO] iter:2, id:1, r:1.000 and violateion:0.000
2026-02-06 12:41:08,741 [INFO] iter:0, id:2, r:1.000 and violateion:0.000
2026-02-06 12:41:11,091 [INFO] iter:1, id:3, r:1.000 and violateion:0.000
2026-02-06 12:41:11,093 [INFO] have warm up
2026-02-06 12:41:15,409 [INFO] iter:0, id:0, r:1.000 and violateion:0.000
2026-02-06 12:41:18,973 [INFO] iter:0, id:1, r:1.000 and violateion:0.000
2026-02-06 12:41:22,690 [INFO] iter:0, id:2, r:1.000 and violateion:0.000
2026-02-06 12:41:26,418 [INFO] iter:0, id:3, r:1.000 and violateion:0.000
2026-02-06 12:41:27,912 [WARNING] connect time:0, accumulated time:30, and the robot pair:[(0, 1), (2, 3)]
2026-02-06 12:41:30,026 [INFO] iter:0, id:0, r:1.000 and violateion:0.000
2026-02-06 12:41:32,542 [INFO] iter:2, id:1, r:1.000 and violateion:0.000
2026-02-06 12:41:34,678 [INFO] iter:0, id:2, r:1.000 and violateion:0.000
2026-02-06 12:41:36,902 [INFO] iter:0, id:3, r:1.000 and violateion:0.000
2026-02-06 12:41:36,905 [INFO] have warm up
2026-02-06 12:41:40,307 [INFO] iter:0, id:0, r:1.000 and violateion:0.000
2026-02-06 12:41:43,872 [INFO] iter:0, id:1, r:1.000 and violateion:0.000
2026-02-06 12:41:47,444 [INFO] iter:0, id:2, r:1.000 and violateion:0.000
2026-02-06 12:41:51,340 [INFO] iter:0, id:3, r:1.000 and violateion:0.000
2026-02-06 12:41:56,351 [WARNING] connect time:4, accumulated time:34, and the robot pair:[(0, 1), (2, 3)]
2026-02-06 12:42:00,100 [INFO] iter:2, id:0, r:1.000 and violateion:0.000
2026-02-06 12:42:02,286 [INFO] iter:0, id:1, r:1.000 and violateion:0.000
2026-02-06 12:42:04,625 [INFO] iter:0, id:2, r:1.000 and violateion:0.000
2026-02-06 12:42:06,968 [INFO] iter:0, id:3, r:1.000 and violateion:0.000
2026-02-06 12:42:06,970 [INFO] have warm up
2026-02-06 12:42:12,017 [INFO] iter:0, id:0, r:1.000 and violateion:0.000
2026-02-06 12:42:15,768 [INFO] iter:0, id:1, r:1.000 and violateion:0.000
2026-02-06 12:42:19,522 [INFO] iter:0, id:2, r:1.000 and violateion:0.000
2026-02-06 12:42:23,328 [INFO] iter:0, id:3, r:1.000 and violateion:0.000
2026-02-06 12:42:29,463 [WARNING] connect time:4, accumulated time:38, and the robot pair:[(0, 1), (2, 3)]
2026-02-06 12:42:33,134 [INFO] iter:2, id:0, r:1.000 and violateion:0.000
2026-02-06 12:42:35,323 [INFO] iter:0, id:1, r:1.000 and violateion:0.000
2026-02-06 12:42:37,644 [INFO] iter:0, id:2, r:1.000 and violateion:0.000
2026-02-06 12:42:40,201 [INFO] iter:1, id:3, r:1.000 and violateion:0.000
2026-02-06 12:42:40,204 [INFO] have warm up
2026-02-06 12:42:44,717 [INFO] iter:0, id:0, r:1.000 and violateion:0.000
2026-02-06 12:42:48,494 [INFO] iter:0, id:1, r:1.000 and violateion:0.000
2026-02-06 12:42:52,482 [INFO] iter:0, id:2, r:1.000 and violateion:0.000
2026-02-06 12:42:56,514 [INFO] iter:0, id:3, r:1.000 and violateion:0.000
2026-02-06 12:42:57,634 [INFO] merge map
2026-02-06 12:42:57,636 [INFO] merge map
2026-02-06 12:42:57,638 [INFO] merge map
2026-02-06 12:42:57,640 [INFO] merge map
2026-02-06 12:43:00,494 [WARNING] connect time:2, accumulated time:40, and the robot pair:[]
2026-02-06 12:43:04,051 [INFO] iter:1, id:0, r:1.000 and violateion:0.000
2026-02-06 12:43:06,318 [INFO] iter:0, id:1, r:1.000 and violateion:0.000
2026-02-06 12:43:08,592 [INFO] iter:0, id:2, r:1.000 and violateion:0.000
2026-02-06 12:43:10,929 [INFO] iter:0, id:3, r:1.000 and violateion:0.000
2026-02-06 12:43:10,932 [INFO] have warm up
2026-02-06 12:43:15,309 [INFO] iter:0, id:0, r:1.000 and violateion:0.000
2026-02-06 12:43:18,970 [INFO] iter:0, id:1, r:1.000 and violateion:0.000
2026-02-06 12:43:22,772 [INFO] iter:0, id:2, r:1.000 and violateion:0.000
2026-02-06 12:43:26,656 [INFO] iter:0, id:3, r:1.000 and violateion:0.000
2026-02-06 12:43:30,725 [WARNING] connect time:2, accumulated time:42, and the robot pair:[(0, 1), (2, 3)]
2026-02-06 12:43:34,948 [INFO] iter:2, id:0, r:1.000 and violateion:0.000
2026-02-06 12:43:37,117 [INFO] iter:0, id:1, r:1.000 and violateion:0.000
2026-02-06 12:43:39,398 [INFO] iter:0, id:2, r:1.000 and violateion:0.000
2026-02-06 12:43:41,872 [INFO] iter:1, id:3, r:1.000 and violateion:0.000
2026-02-06 12:43:41,875 [INFO] have warm up
2026-02-06 12:43:46,306 [INFO] iter:0, id:0, r:1.000 and violateion:0.000
2026-02-06 12:43:50,022 [INFO] iter:0, id:1, r:1.000 and violateion:0.000
2026-02-06 12:43:53,868 [INFO] iter:0, id:2, r:1.000 and violateion:0.000
2026-02-06 12:43:57,768 [INFO] iter:0, id:3, r:1.000 and violateion:0.000
2026-02-06 12:43:59,202 [INFO] signal_shutdown [atexit]
