2026-02-06 12:44:18,681 [INFO] Unable to initialize backend 'rocm': module 'jaxlib.xla_extension' has no attribute 'GpuAllocatorConfig'
2026-02-06 12:44:18,682 [INFO] Unable to initialize backend 'tpu': INTERNAL: Failed to open libtpu.so: libtpu.so: cannot open shared object file: No such file or directory
2026-02-06 12:44:21,054 [INFO] topicmanager initialized
2026-02-06 12:44:21,103 [INFO] Log opened: Fri Feb  6 04:44:21 2026 UTC
2026-02-06 12:44:25,046 [INFO] my_strategy
2026-02-06 12:44:32,669 [INFO] iter:1, id:0, r:1.000 and violateion:0.000
2026-02-06 12:44:34,758 [INFO] iter:1, id:1, r:1.000 and violateion:0.000
2026-02-06 12:44:36,979 [INFO] iter:1, id:2, r:1.000 and violateion:0.000
2026-02-06 12:44:39,117 [INFO] iter:1, id:3, r:1.000 and violateion:0.000
2026-02-06 12:44:39,118 [INFO] have warm up
2026-02-06 12:45:10,216 [INFO] failed to satisfy constraint, id: 0 and r_penalty: 10000.000 and violations:0.444:
2026-02-06 12:45:40,200 [INFO] failed to satisfy constraint, id: 1 and r_penalty: 10000.000 and violations:0.444:
2026-02-06 12:46:10,755 [INFO] failed to satisfy constraint, id: 2 and r_penalty: 10000.000 and violations:0.444:
2026-02-06 12:46:40,854 [INFO] failed to satisfy constraint, id: 3 and r_penalty: 10000.000 and violations:0.444:
2026-02-06 12:46:42,392 [INFO] merge map
2026-02-06 12:46:42,395 [INFO] merge map
2026-02-06 12:46:42,397 [INFO] merge map
2026-02-06 12:46:42,399 [INFO] merge map
2026-02-06 12:46:45,291 [WARNING] connect time:10, accumulated time:10, and the robot pair:[]
2026-02-06 12:46:49,067 [INFO] iter:3, id:0, r:1.000 and violateion:0.000
2026-02-06 12:46:51,555 [INFO] iter:2, id:1, r:1.000 and violateion:0.000
2026-02-06 12:46:53,784 [INFO] iter:1, id:2, r:1.000 and violateion:0.000
2026-02-06 12:46:56,249 [INFO] iter:3, id:3, r:1.000 and violateion:0.000
2026-02-06 12:46:56,250 [INFO] have warm up
2026-02-06 12:47:00,577 [INFO] iter:0, id:0, r:1.000 and violateion:0.000
2026-02-06 12:47:04,069 [INFO] iter:0, id:1, r:1.000 and violateion:0.000
2026-02-06 12:47:07,517 [INFO] iter:0, id:2, r:1.000 and violateion:0.000
2026-02-06 12:47:10,973 [INFO] iter:0, id:3, r:1.000 and violateion:0.000
2026-02-06 12:47:12,892 [INFO] merge map
2026-02-06 12:47:12,894 [INFO] merge map
2026-02-06 12:47:12,896 [INFO] merge map
2026-02-06 12:47:12,899 [INFO] merge map
2026-02-06 12:47:18,692 [WARNING] connect time:10, accumulated time:20, and the robot pair:[]
2026-02-06 12:47:22,263 [INFO] iter:0, id:0, r:1.000 and violateion:0.000
2026-02-06 12:47:24,558 [INFO] iter:1, id:1, r:1.000 and violateion:0.000
2026-02-06 12:47:26,661 [INFO] iter:0, id:2, r:1.000 and violateion:0.000
2026-02-06 12:47:28,958 [INFO] iter:1, id:3, r:1.000 and violateion:0.000
2026-02-06 12:47:28,960 [INFO] have warm up
2026-02-06 12:47:33,323 [INFO] iter:0, id:0, r:1.000 and violateion:0.000
2026-02-06 12:47:36,867 [INFO] iter:0, id:1, r:1.000 and violateion:0.000
2026-02-06 12:47:40,547 [INFO] iter:0, id:2, r:1.000 and violateion:0.000
2026-02-06 12:47:44,190 [INFO] iter:0, id:3, r:1.000 and violateion:0.000
2026-02-06 12:47:50,744 [WARNING] connect time:7, accumulated time:27, and the robot pair:[(2, 3)]
2026-02-06 12:47:54,395 [INFO] iter:0, id:2, r:1.000 and violateion:0.028
2026-02-06 12:47:56,609 [INFO] iter:0, id:3, r:1.000 and violateion:0.028
2026-02-06 12:47:56,610 [INFO] have warm up
2026-02-06 12:48:01,109 [INFO] iter:0, id:2, r:1.000 and violateion:0.028
2026-02-06 12:48:04,748 [INFO] iter:0, id:3, r:1.000 and violateion:0.028
2026-02-06 12:48:05,216 [INFO] merge map
2026-02-06 12:48:05,219 [INFO] merge map
2026-02-06 12:48:05,222 [INFO] merge map
2026-02-06 12:48:05,225 [INFO] merge map
2026-02-06 12:48:08,313 [WARNING] connect time:3, accumulated time:30, and the robot pair:[]
2026-02-06 12:48:12,154 [INFO] iter:1, id:0, r:1.000 and violateion:0.000
2026-02-06 12:48:14,572 [INFO] iter:2, id:1, r:1.000 and violateion:0.000
2026-02-06 12:48:16,674 [INFO] iter:0, id:2, r:1.000 and violateion:0.000
2026-02-06 12:48:18,877 [INFO] iter:0, id:3, r:1.000 and violateion:0.000
2026-02-06 12:48:18,879 [INFO] have warm up
2026-02-06 12:48:23,166 [INFO] iter:0, id:0, r:1.000 and violateion:0.000
2026-02-06 12:48:26,680 [INFO] iter:0, id:1, r:1.000 and violateion:0.000
2026-02-06 12:48:30,310 [INFO] iter:0, id:2, r:1.000 and violateion:0.000
2026-02-06 12:48:33,950 [INFO] iter:0, id:3, r:1.000 and violateion:0.000
2026-02-06 12:48:36,467 [WARNING] connect time:1, accumulated time:31, and the robot pair:[(2, 3)]
2026-02-06 12:48:39,938 [INFO] iter:0, id:2, r:1.000 and violateion:0.028
2026-02-06 12:48:42,183 [INFO] iter:0, id:3, r:1.000 and violateion:0.028
2026-02-06 12:48:42,185 [INFO] have warm up
2026-02-06 12:48:46,753 [INFO] iter:0, id:2, r:1.000 and violateion:0.028
2026-02-06 12:48:50,482 [INFO] iter:0, id:3, r:1.000 and violateion:0.028
2026-02-06 12:48:55,975 [WARNING] connect time:4, accumulated time:35, and the robot pair:[(1, 2), (1, 3), (2, 3)]
2026-02-06 12:49:17,151 [INFO] failed to satisfy constraint, id: 1 and r_penalty: 1436.169 and violations:0.694:
2026-02-06 12:49:35,958 [INFO] iter:141, id:2, r:881.683 and violateion:0.000
2026-02-06 12:49:54,885 [INFO] iter:141, id:3, r:881.683 and violateion:0.000
2026-02-06 12:49:54,888 [INFO] have warm up
2026-02-06 12:50:23,907 [INFO] failed to satisfy constraint, id: 1 and r_penalty: 10000.000 and violations:0.232:
2026-02-06 12:50:51,446 [INFO] failed to satisfy constraint, id: 2 and r_penalty: 10000.000 and violations:0.444:
2026-02-06 12:51:18,907 [INFO] failed to satisfy constraint, id: 3 and r_penalty: 10000.000 and violations:0.387:
2026-02-06 12:51:25,286 [WARNING] connect time:4, accumulated time:39, and the robot pair:[(1, 2), (1, 3), (2, 3)]
2026-02-06 12:51:28,887 [INFO] iter:1, id:1, r:1.000 and violateion:0.000
2026-02-06 12:51:31,193 [INFO] iter:1, id:2, r:1.000 and violateion:0.000
2026-02-06 12:51:33,569 [INFO] iter:1, id:3, r:1.000 and violateion:0.000
2026-02-06 12:51:33,571 [INFO] have warm up
2026-02-06 12:51:52,316 [INFO] iter:116, id:1, r:194.287 and violateion:0.000
2026-02-06 12:52:09,897 [INFO] iter:118, id:2, r:214.202 and violateion:0.000
2026-02-06 12:52:30,846 [INFO] iter:145, id:3, r:799.713 and violateion:0.000
2026-02-06 12:52:32,336 [INFO] merge map
2026-02-06 12:52:32,338 [INFO] merge map
2026-02-06 12:52:32,340 [INFO] merge map
2026-02-06 12:52:32,342 [INFO] merge map
2026-02-06 12:52:33,681 [WARNING] connect time:1, accumulated time:40, and the robot pair:[]
2026-02-06 12:52:37,148 [INFO] iter:0, id:0, r:1.000 and violateion:0.000
2026-02-06 12:52:39,699 [INFO] iter:3, id:1, r:1.000 and violateion:0.000
2026-02-06 12:52:42,937 [INFO] iter:5, id:2, r:1.000 and violateion:0.000
2026-02-06 12:52:45,294 [INFO] iter:1, id:3, r:1.000 and violateion:0.000
2026-02-06 12:52:45,297 [INFO] have warm up
2026-02-06 12:52:49,669 [INFO] iter:0, id:0, r:1.000 and violateion:0.000
2026-02-06 12:52:53,324 [INFO] iter:0, id:1, r:1.000 and violateion:0.000
2026-02-06 12:52:57,010 [INFO] iter:0, id:2, r:1.000 and violateion:0.000
2026-02-06 12:53:00,877 [INFO] iter:0, id:3, r:1.000 and violateion:0.000
2026-02-06 12:53:06,454 [WARNING] connect time:3, accumulated time:43, and the robot pair:[(2, 3)]
2026-02-06 12:53:10,212 [INFO] iter:2, id:2, r:1.000 and violateion:0.000
2026-02-06 12:53:12,425 [INFO] iter:0, id:3, r:1.000 and violateion:0.000
2026-02-06 12:53:12,427 [INFO] have warm up
2026-02-06 12:53:16,989 [INFO] iter:0, id:2, r:1.000 and violateion:0.000
2026-02-06 12:53:20,770 [INFO] iter:0, id:3, r:1.000 and violateion:0.000
2026-02-06 12:53:27,258 [WARNING] connect time:4, accumulated time:47, and the robot pair:[(2, 3)]
2026-02-06 12:53:31,058 [INFO] iter:3, id:2, r:1.000 and violateion:0.000
2026-02-06 12:53:33,262 [INFO] iter:0, id:3, r:1.000 and violateion:0.000
2026-02-06 12:53:33,264 [INFO] have warm up
2026-02-06 12:53:37,974 [INFO] iter:0, id:2, r:1.000 and violateion:0.015
2026-02-06 12:53:41,603 [INFO] iter:0, id:3, r:1.000 and violateion:0.000
2026-02-06 12:53:42,197 [INFO] merge map
2026-02-06 12:53:42,199 [INFO] merge map
2026-02-06 12:53:42,202 [INFO] merge map
2026-02-06 12:53:42,204 [INFO] merge map
2026-02-06 12:53:46,450 [WARNING] connect time:3, accumulated time:50, and the robot pair:[]
2026-02-06 12:53:49,831 [INFO] iter:0, id:0, r:1.000 and violateion:0.000
2026-02-06 12:53:52,459 [INFO] iter:3, id:1, r:1.000 and violateion:0.000
2026-02-06 12:53:54,538 [INFO] iter:0, id:2, r:1.000 and violateion:0.000
2026-02-06 12:53:56,730 [INFO] iter:0, id:3, r:1.000 and violateion:0.000
2026-02-06 12:53:56,732 [INFO] have warm up
2026-02-06 12:54:01,750 [INFO] iter:0, id:0, r:1.000 and violateion:0.000
2026-02-06 12:54:05,604 [INFO] iter:0, id:1, r:1.000 and violateion:0.000
2026-02-06 12:54:09,268 [INFO] iter:0, id:2, r:1.000 and violateion:0.011
2026-02-06 12:54:13,101 [INFO] iter:0, id:3, r:1.000 and violateion:0.000
2026-02-06 12:54:15,747 [WARNING] connect time:1, accumulated time:51, and the robot pair:[(2, 3)]
2026-02-06 12:54:19,459 [INFO] iter:2, id:2, r:1.000 and violateion:0.000
2026-02-06 12:54:21,658 [INFO] iter:0, id:3, r:1.000 and violateion:0.000
2026-02-06 12:54:21,660 [INFO] have warm up
2026-02-06 12:54:27,053 [INFO] iter:0, id:2, r:1.000 and violateion:0.023
2026-02-06 12:54:31,274 [INFO] iter:0, id:3, r:1.000 and violateion:0.000
2026-02-06 12:54:38,451 [WARNING] connect time:4, accumulated time:55, and the robot pair:[(2, 3)]
2026-02-06 12:54:42,110 [INFO] iter:2, id:2, r:1.000 and violateion:0.000
2026-02-06 12:54:44,325 [INFO] iter:0, id:3, r:1.000 and violateion:0.000
2026-02-06 12:54:44,327 [INFO] have warm up
2026-02-06 12:54:48,757 [INFO] iter:0, id:2, r:1.000 and violateion:0.018
2026-02-06 12:54:52,471 [INFO] iter:0, id:3, r:1.000 and violateion:0.000
2026-02-06 12:55:00,231 [WARNING] connect time:4, accumulated time:59, and the robot pair:[(2, 3)]
2026-02-06 12:55:03,830 [INFO] iter:1, id:2, r:1.000 and violateion:0.000
2026-02-06 12:55:05,990 [INFO] iter:0, id:3, r:1.000 and violateion:0.000
2026-02-06 12:55:05,993 [INFO] have warm up
2026-02-06 12:55:10,283 [INFO] iter:0, id:2, r:1.000 and violateion:0.024
2026-02-06 12:55:13,959 [INFO] iter:0, id:3, r:1.000 and violateion:0.000
2026-02-06 12:55:14,791 [INFO] merge map
2026-02-06 12:55:14,793 [INFO] merge map
2026-02-06 12:55:14,795 [INFO] merge map
2026-02-06 12:55:14,797 [INFO] merge map
2026-02-06 12:55:45,416 [INFO] update map
2026-02-06 12:55:47,907 [WARNING] connect time:1, accumulated time:60, and the robot pair:[]
2026-02-06 12:55:51,259 [INFO] iter:0, id:0, r:1.000 and violateion:0.000
2026-02-06 12:55:53,466 [INFO] iter:0, id:1, r:1.000 and violateion:0.000
2026-02-06 12:55:55,616 [INFO] iter:0, id:2, r:1.000 and violateion:0.000
2026-02-06 12:55:57,851 [INFO] iter:0, id:3, r:1.000 and violateion:0.000
2026-02-06 12:55:57,853 [INFO] have warm up
2026-02-06 12:56:02,178 [INFO] iter:0, id:0, r:1.000 and violateion:0.000
2026-02-06 12:56:05,848 [INFO] iter:0, id:1, r:1.000 and violateion:0.000
2026-02-06 12:56:09,346 [INFO] iter:0, id:2, r:1.000 and violateion:0.027
2026-02-06 12:56:13,014 [INFO] iter:0, id:3, r:1.000 and violateion:0.000
2026-02-06 12:56:19,698 [WARNING] connect time:3, accumulated time:63, and the robot pair:[(2, 3)]
2026-02-06 12:56:23,398 [INFO] iter:2, id:2, r:1.000 and violateion:0.000
2026-02-06 12:56:25,557 [INFO] iter:0, id:3, r:1.000 and violateion:0.000
2026-02-06 12:56:25,559 [INFO] have warm up
2026-02-06 12:56:29,997 [INFO] iter:0, id:2, r:1.000 and violateion:0.029
2026-02-06 12:56:33,792 [INFO] iter:0, id:3, r:1.000 and violateion:0.000
2026-02-06 12:56:42,277 [WARNING] connect time:4, accumulated time:67, and the robot pair:[(2, 3)]
2026-02-06 12:56:45,920 [INFO] iter:2, id:2, r:1.000 and violateion:0.000
2026-02-06 12:56:48,065 [INFO] iter:0, id:3, r:1.000 and violateion:0.000
2026-02-06 12:56:48,067 [INFO] have warm up
2026-02-06 12:56:52,486 [INFO] iter:0, id:2, r:1.000 and violateion:0.023
2026-02-06 12:56:56,257 [INFO] iter:0, id:3, r:1.000 and violateion:0.000
2026-02-06 12:56:57,081 [INFO] merge map
2026-02-06 12:56:57,083 [INFO] merge map
2026-02-06 12:56:57,085 [INFO] merge map
2026-02-06 12:56:57,086 [INFO] merge map
2026-02-06 12:57:02,690 [WARNING] connect time:3, accumulated time:70, and the robot pair:[]
2026-02-06 12:57:06,825 [INFO] iter:0, id:0, r:1.000 and violateion:0.000
2026-02-06 12:57:08,995 [INFO] iter:0, id:1, r:1.000 and violateion:0.000
2026-02-06 12:57:11,094 [INFO] iter:0, id:2, r:1.000 and violateion:0.000
2026-02-06 12:57:13,372 [INFO] iter:0, id:3, r:1.000 and violateion:0.000
2026-02-06 12:57:13,375 [INFO] have warm up
2026-02-06 12:57:17,670 [INFO] iter:0, id:0, r:1.000 and violateion:0.000
2026-02-06 12:57:21,305 [INFO] iter:0, id:1, r:1.000 and violateion:0.000
2026-02-06 12:57:24,744 [INFO] iter:0, id:2, r:1.000 and violateion:0.021
2026-02-06 12:57:28,400 [INFO] iter:0, id:3, r:1.000 and violateion:0.000
2026-02-06 12:57:31,121 [WARNING] connect time:1, accumulated time:71, and the robot pair:[(2, 3)]
2026-02-06 12:57:34,715 [INFO] iter:2, id:2, r:1.000 and violateion:0.000
2026-02-06 12:57:36,861 [INFO] iter:0, id:3, r:1.000 and violateion:0.000
2026-02-06 12:57:36,863 [INFO] have warm up
2026-02-06 12:57:41,151 [INFO] iter:0, id:2, r:1.000 and violateion:0.028
2026-02-06 12:57:44,944 [INFO] iter:0, id:3, r:1.000 and violateion:0.000
2026-02-06 12:57:54,051 [WARNING] connect time:4, accumulated time:75, and the robot pair:[(2, 3)]
2026-02-06 12:57:58,742 [INFO] iter:2, id:2, r:1.000 and violateion:0.000
2026-02-06 12:58:01,042 [INFO] iter:0, id:3, r:1.000 and violateion:0.000
2026-02-06 12:58:01,044 [INFO] have warm up
2026-02-06 12:58:14,408 [INFO] iter:84, id:2, r:33.545 and violateion:0.000
2026-02-06 12:58:18,438 [INFO] iter:0, id:3, r:1.000 and violateion:0.000
2026-02-06 12:58:25,697 [WARNING] connect time:3, accumulated time:78, and the robot pair:[(0, 3)]
2026-02-06 12:58:43,955 [INFO] failed to satisfy constraint, id: 0 and r_penalty: 1436.169 and violations:0.295:
2026-02-06 12:59:01,292 [INFO] failed to satisfy constraint, id: 3 and r_penalty: 1507.977 and violations:0.509:
2026-02-06 12:59:01,295 [INFO] have warm up
2026-02-06 12:59:25,843 [INFO] failed to satisfy constraint, id: 0 and r_penalty: 10000.000 and violations:0.295:
2026-02-06 12:59:49,757 [INFO] failed to satisfy constraint, id: 3 and r_penalty: 10000.000 and violations:0.525:
2026-02-06 12:59:53,829 [WARNING] connect time:1, accumulated time:79, and the robot pair:[(2, 3)]
2026-02-06 13:00:12,063 [INFO] failed to satisfy constraint, id: 2 and r_penalty: 1436.169 and violations:0.141:
2026-02-06 13:00:29,249 [INFO] failed to satisfy constraint, id: 3 and r_penalty: 1507.977 and violations:0.123:
2026-02-06 13:00:29,253 [INFO] have warm up
2026-02-06 13:00:53,616 [INFO] failed to satisfy constraint, id: 2 and r_penalty: 10000.000 and violations:0.344:
2026-02-06 13:01:17,711 [INFO] failed to satisfy constraint, id: 3 and r_penalty: 10000.000 and violations:0.605:
2026-02-06 13:01:18,652 [INFO] merge map
2026-02-06 13:01:18,654 [INFO] merge map
2026-02-06 13:01:18,656 [INFO] merge map
2026-02-06 13:01:18,658 [INFO] merge map
2026-02-06 13:01:20,753 [WARNING] connect time:1, accumulated time:80, and the robot pair:[]
2026-02-06 13:01:40,233 [INFO] failed to satisfy constraint, id: 0 and r_penalty: 1507.977 and violations:0.281:
2026-02-06 13:01:57,240 [INFO] iter:149, id:1, r:1125.276 and violateion:0.000
2026-02-06 13:02:14,171 [INFO] failed to satisfy constraint, id: 2 and r_penalty: 1507.977 and violations:0.330:
2026-02-06 13:02:31,291 [INFO] failed to satisfy constraint, id: 3 and r_penalty: 1507.977 and violations:0.588:
2026-02-06 13:02:31,294 [INFO] have warm up
2026-02-06 13:02:55,993 [INFO] failed to satisfy constraint, id: 0 and r_penalty: 10000.000 and violations:0.281:
2026-02-06 13:03:11,476 [INFO] iter:115, id:1, r:159.841 and violateion:0.000
2026-02-06 13:03:35,062 [INFO] failed to satisfy constraint, id: 2 and r_penalty: 10000.000 and violations:0.330:
2026-02-06 13:03:59,107 [INFO] failed to satisfy constraint, id: 3 and r_penalty: 10000.000 and violations:0.588:
2026-02-06 13:04:05,580 [WARNING] connect time:2, accumulated time:82, and the robot pair:[(0, 3)]
2026-02-06 13:04:23,636 [INFO] failed to satisfy constraint, id: 0 and r_penalty: 1020.659 and violations:0.357:
2026-02-06 13:04:40,533 [INFO] failed to satisfy constraint, id: 3 and r_penalty: 1507.977 and violations:0.269:
2026-02-06 13:04:40,536 [INFO] have warm up
2026-02-06 13:05:04,596 [INFO] failed to satisfy constraint, id: 0 and r_penalty: 10000.000 and violations:0.298:
2026-02-06 13:05:28,092 [INFO] failed to satisfy constraint, id: 3 and r_penalty: 10000.000 and violations:0.085:
2026-02-06 13:05:38,792 [WARNING] connect time:4, accumulated time:86, and the robot pair:[(0, 3)]
2026-02-06 13:05:56,589 [INFO] failed to satisfy constraint, id: 0 and r_penalty: 1240.617 and violations:0.082:
2026-02-06 13:06:13,218 [INFO] failed to satisfy constraint, id: 3 and r_penalty: 1181.540 and violations:0.107:
2026-02-06 13:06:13,228 [INFO] have warm up
2026-02-06 13:06:37,215 [INFO] failed to satisfy constraint, id: 0 and r_penalty: 10000.000 and violations:0.081:
2026-02-06 13:07:00,486 [INFO] failed to satisfy constraint, id: 3 and r_penalty: 10000.000 and violations:0.082:
2026-02-06 13:07:01,521 [INFO] merge map
2026-02-06 13:07:01,523 [INFO] merge map
2026-02-06 13:07:01,525 [INFO] merge map
2026-02-06 13:07:01,527 [INFO] merge map
2026-02-06 13:07:10,160 [WARNING] connect time:4, accumulated time:90, and the robot pair:[]
2026-02-06 13:07:28,828 [INFO] failed to satisfy constraint, id: 0 and r_penalty: 1507.977 and violations:0.051:
2026-02-06 13:07:31,022 [INFO] iter:0, id:1, r:1.000 and violateion:0.000
2026-02-06 13:07:47,533 [INFO] failed to satisfy constraint, id: 2 and r_penalty: 1507.977 and violations:0.223:
2026-02-06 13:08:04,059 [INFO] failed to satisfy constraint, id: 3 and r_penalty: 1507.977 and violations:0.052:
2026-02-06 13:08:04,063 [INFO] have warm up
2026-02-06 13:08:27,884 [INFO] failed to satisfy constraint, id: 0 and r_penalty: 10000.000 and violations:0.051:
2026-02-06 13:08:31,847 [INFO] iter:0, id:1, r:1.000 and violateion:0.000
2026-02-06 13:08:54,749 [INFO] failed to satisfy constraint, id: 2 and r_penalty: 10000.000 and violations:0.223:
2026-02-06 13:09:17,725 [INFO] failed to satisfy constraint, id: 3 and r_penalty: 10000.000 and violations:0.052:
2026-02-06 13:09:18,621 [WARNING] connect time:0, accumulated time:90, and the robot pair:[(0, 3)]
2026-02-06 13:09:34,997 [INFO] failed to satisfy constraint, id: 0 and r_penalty: 799.713 and violations:0.056:
2026-02-06 13:09:51,596 [INFO] failed to satisfy constraint, id: 3 and r_penalty: 1507.977 and violations:0.056:
2026-02-06 13:09:51,599 [INFO] have warm up
2026-02-06 13:10:14,242 [INFO] failed to satisfy constraint, id: 0 and r_penalty: 10000.000 and violations:0.321:
2026-02-06 13:10:37,218 [INFO] failed to satisfy constraint, id: 3 and r_penalty: 10000.000 and violations:0.056:
2026-02-06 13:10:48,120 [WARNING] connect time:4, accumulated time:94, and the robot pair:[(0, 3)]
2026-02-06 13:11:05,376 [INFO] failed to satisfy constraint, id: 0 and r_penalty: 1302.648 and violations:0.076:
2026-02-06 13:11:07,653 [INFO] iter:0, id:3, r:1.000 and violateion:0.011
2026-02-06 13:11:07,655 [INFO] have warm up
2026-02-06 13:11:20,305 [INFO] iter:87, id:0, r:57.374 and violateion:0.011
2026-02-06 13:11:24,105 [INFO] iter:0, id:3, r:1.000 and violateion:0.011
2026-02-06 13:11:33,939 [WARNING] connect time:4, accumulated time:98, and the robot pair:[(0, 3)]
2026-02-06 13:11:38,740 [INFO] iter:2, id:0, r:1.000 and violateion:0.000
2026-02-06 13:11:41,341 [INFO] iter:3, id:3, r:1.000 and violateion:0.000
2026-02-06 13:11:41,344 [INFO] have warm up
2026-02-06 13:11:45,828 [INFO] iter:0, id:0, r:1.000 and violateion:0.000
2026-02-06 13:11:49,671 [INFO] iter:0, id:3, r:1.000 and violateion:0.000
2026-02-06 13:11:50,469 [INFO] merge map
2026-02-06 13:11:50,471 [INFO] merge map
2026-02-06 13:11:50,473 [INFO] merge map
2026-02-06 13:11:50,474 [INFO] merge map
2026-02-06 13:11:56,095 [WARNING] connect time:2, accumulated time:100, and the robot pair:[]
2026-02-06 13:11:59,304 [INFO] iter:0, id:0, r:1.000 and violateion:0.000
2026-02-06 13:12:01,506 [INFO] iter:0, id:1, r:1.000 and violateion:0.000
2026-02-06 13:12:17,378 [INFO] failed to satisfy constraint, id: 2 and r_penalty: 1507.977 and violations:0.106:
2026-02-06 13:12:19,715 [INFO] iter:0, id:3, r:1.000 and violateion:0.000
2026-02-06 13:12:19,717 [INFO] have warm up
2026-02-06 13:12:24,042 [INFO] iter:0, id:0, r:1.000 and violateion:0.000
2026-02-06 13:12:27,755 [INFO] iter:0, id:1, r:1.000 and violateion:0.000
2026-02-06 13:12:49,583 [INFO] failed to satisfy constraint, id: 2 and r_penalty: 10000.000 and violations:0.134:
2026-02-06 13:12:53,407 [INFO] iter:0, id:3, r:1.000 and violateion:0.000
2026-02-06 13:13:14,528 [WARNING] connect time:8, accumulated time:108, and the robot pair:[(0, 2)]
2026-02-06 13:13:26,076 [INFO] iter:95, id:0, r:98.128 and violateion:0.011
2026-02-06 13:13:41,354 [INFO] failed to satisfy constraint, id: 2 and r_penalty: 1125.276 and violations:0.101:
2026-02-06 13:13:41,357 [INFO] have warm up
2026-02-06 13:13:45,794 [INFO] iter:0, id:0, r:1.000 and violateion:0.023
2026-02-06 13:13:49,767 [INFO] iter:1, id:2, r:1.000 and violateion:0.014
2026-02-06 13:13:50,557 [INFO] merge map
2026-02-06 13:13:50,560 [INFO] merge map
2026-02-06 13:13:50,562 [INFO] merge map
2026-02-06 13:13:50,564 [INFO] merge map
2026-02-06 13:13:56,541 [WARNING] connect time:2, accumulated time:110, and the robot pair:[]
2026-02-06 13:13:59,850 [INFO] iter:0, id:0, r:1.000 and violateion:0.005
2026-02-06 13:14:02,059 [INFO] iter:0, id:1, r:1.000 and violateion:0.000
2026-02-06 13:14:04,374 [INFO] iter:1, id:2, r:1.000 and violateion:0.002
2026-02-06 13:14:06,691 [INFO] iter:0, id:3, r:1.000 and violateion:0.000
2026-02-06 13:14:06,693 [INFO] have warm up
2026-02-06 13:14:12,611 [INFO] iter:0, id:0, r:1.000 and violateion:0.006
2026-02-06 13:14:16,676 [INFO] iter:0, id:1, r:1.000 and violateion:0.000
2026-02-06 13:14:20,620 [INFO] iter:0, id:2, r:1.000 and violateion:0.002
2026-02-06 13:14:24,621 [INFO] iter:0, id:3, r:1.000 and violateion:0.030
2026-02-06 13:14:29,988 [WARNING] connect time:2, accumulated time:112, and the robot pair:[(0, 2)]
2026-02-06 13:14:44,664 [INFO] iter:117, id:0, r:273.382 and violateion:0.026
2026-02-06 13:14:59,750 [INFO] failed to satisfy constraint, id: 2 and r_penalty: 1507.977 and violations:0.080:
2026-02-06 13:14:59,753 [INFO] have warm up
2026-02-06 13:15:04,182 [INFO] iter:0, id:0, r:1.000 and violateion:0.026
2026-02-06 13:15:25,175 [INFO] failed to satisfy constraint, id: 2 and r_penalty: 10000.000 and violations:0.080:
2026-02-06 13:15:26,473 [INFO] merge map
2026-02-06 13:15:26,476 [INFO] merge map
2026-02-06 13:15:26,478 [INFO] merge map
2026-02-06 13:15:26,479 [INFO] merge map
2026-02-06 13:19:10,984 [INFO] update map
2026-02-06 13:19:34,023 [WARNING] connect time:8, accumulated time:120, and the robot pair:[]
2026-02-06 13:19:37,178 [INFO] iter:0, id:0, r:1.000 and violateion:0.014
2026-02-06 13:19:39,368 [INFO] iter:0, id:1, r:1.000 and violateion:0.000
2026-02-06 13:19:53,875 [INFO] failed to satisfy constraint, id: 2 and r_penalty: 1507.977 and violations:0.049:
2026-02-06 13:19:56,111 [INFO] iter:0, id:3, r:1.000 and violateion:0.000
2026-02-06 13:19:56,114 [INFO] have warm up
2026-02-06 13:20:02,885 [INFO] iter:28, id:0, r:3.733 and violateion:0.019
2026-02-06 13:20:06,677 [INFO] iter:0, id:1, r:1.000 and violateion:0.000
2026-02-06 13:20:26,806 [INFO] failed to satisfy constraint, id: 2 and r_penalty: 10000.000 and violations:0.049:
2026-02-06 13:20:39,929 [INFO] iter:110, id:3, r:194.287 and violateion:0.000
2026-02-06 13:20:40,718 [INFO] merge map
2026-02-06 13:20:40,720 [INFO] merge map
2026-02-06 13:20:40,723 [INFO] merge map
2026-02-06 13:20:40,725 [INFO] merge map
2026-02-06 13:21:10,868 [WARNING] connect time:10, accumulated time:130, and the robot pair:[]
2026-02-06 13:21:14,066 [INFO] iter:0, id:0, r:1.000 and violateion:0.000
2026-02-06 13:21:16,254 [INFO] iter:0, id:1, r:1.000 and violateion:0.000
2026-02-06 13:21:30,045 [INFO] failed to satisfy constraint, id: 2 and r_penalty: 1507.977 and violations:0.035:
2026-02-06 13:21:32,315 [INFO] iter:0, id:3, r:1.000 and violateion:0.000
2026-02-06 13:21:32,317 [INFO] have warm up
2026-02-06 13:21:36,646 [INFO] iter:0, id:0, r:1.000 and violateion:0.010
2026-02-06 13:21:40,401 [INFO] iter:0, id:1, r:1.000 and violateion:0.000
2026-02-06 13:21:59,945 [INFO] failed to satisfy constraint, id: 2 and r_penalty: 10000.000 and violations:0.035:
2026-02-06 13:22:03,862 [INFO] iter:0, id:3, r:1.000 and violateion:0.000
2026-02-06 13:22:04,377 [INFO] merge map
2026-02-06 13:22:04,380 [INFO] merge map
2026-02-06 13:22:04,381 [INFO] merge map
2026-02-06 13:22:04,383 [INFO] merge map
2026-02-06 13:22:35,802 [WARNING] connect time:10, accumulated time:140, and the robot pair:[]
2026-02-06 13:22:39,043 [INFO] iter:0, id:0, r:1.000 and violateion:0.000
2026-02-06 13:22:41,309 [INFO] iter:0, id:1, r:1.000 and violateion:0.000
2026-02-06 13:22:43,508 [INFO] iter:0, id:2, r:1.000 and violateion:0.025
2026-02-06 13:22:45,766 [INFO] iter:0, id:3, r:1.000 and violateion:0.000
2026-02-06 13:22:45,769 [INFO] have warm up
2026-02-06 13:22:52,305 [INFO] iter:30, id:0, r:3.556 and violateion:0.009
2026-02-06 13:22:56,071 [INFO] iter:0, id:1, r:1.000 and violateion:0.000
2026-02-06 13:23:07,985 [INFO] iter:110, id:2, r:89.005 and violateion:0.020
2026-02-06 13:23:11,897 [INFO] iter:0, id:3, r:1.000 and violateion:0.000
2026-02-06 13:23:12,934 [INFO] merge map
2026-02-06 13:23:12,936 [INFO] merge map
2026-02-06 13:23:12,937 [INFO] merge map
2026-02-06 13:23:12,939 [INFO] merge map
2026-02-06 13:23:44,271 [WARNING] connect time:10, accumulated time:150, and the robot pair:[]
2026-02-06 13:23:47,485 [INFO] iter:0, id:0, r:1.000 and violateion:0.000
2026-02-06 13:23:49,694 [INFO] iter:0, id:1, r:1.000 and violateion:0.000
2026-02-06 13:23:52,071 [INFO] iter:2, id:2, r:1.000 and violateion:0.011
2026-02-06 13:23:54,317 [INFO] iter:0, id:3, r:1.000 and violateion:0.000
2026-02-06 13:23:54,319 [INFO] have warm up
2026-02-06 13:24:02,004 [INFO] iter:25, id:0, r:2.925 and violateion:0.000
2026-02-06 13:24:05,798 [INFO] iter:0, id:1, r:1.000 and violateion:0.000
2026-02-06 13:24:09,697 [INFO] iter:0, id:2, r:1.000 and violateion:0.011
2026-02-06 13:24:13,698 [INFO] iter:0, id:3, r:1.000 and violateion:0.019
2026-02-06 13:24:20,005 [WARNING] connect time:2, accumulated time:152, and the robot pair:[(0, 2)]
2026-02-06 13:24:35,011 [INFO] failed to satisfy constraint, id: 0 and r_penalty: 1507.977 and violations:0.072:
2026-02-06 13:24:47,544 [INFO] satisfy constraint, but not converge, id: 2 and r_penalty: 1071.691 and violations:0.000:
2026-02-06 13:24:47,548 [INFO] have warm up
2026-02-06 13:25:03,900 [INFO] iter:172, id:0, r:3629.128 and violateion:0.000
2026-02-06 13:25:17,532 [INFO] iter:141, id:2, r:445.310 and violateion:0.012
2026-02-06 13:25:30,786 [WARNING] connect time:4, accumulated time:156, and the robot pair:[(0, 2)]
2026-02-06 13:25:43,955 [INFO] satisfy constraint, but not converge, id: 0 and r_penalty: 1436.169 and violations:0.000:
2026-02-06 13:25:46,863 [INFO] iter:9, id:2, r:1.407 and violateion:0.017
2026-02-06 13:25:46,866 [INFO] have warm up
2026-02-06 13:25:52,824 [INFO] iter:1, id:0, r:1.000 and violateion:0.000
2026-02-06 13:25:58,948 [INFO] iter:34, id:2, r:3.556 and violateion:0.000
2026-02-06 13:26:00,154 [INFO] merge map
2026-02-06 13:26:00,157 [INFO] merge map
2026-02-06 13:26:00,158 [INFO] merge map
2026-02-06 13:26:00,160 [INFO] merge map
2026-02-06 13:26:12,546 [WARNING] connect time:4, accumulated time:160, and the robot pair:[]
2026-02-06 13:26:15,742 [INFO] iter:0, id:0, r:1.000 and violateion:0.000
2026-02-06 13:26:17,903 [INFO] iter:0, id:1, r:1.000 and violateion:0.000
2026-02-06 13:26:20,073 [INFO] iter:0, id:2, r:1.000 and violateion:0.000
2026-02-06 13:26:22,356 [INFO] iter:0, id:3, r:1.000 and violateion:0.000
2026-02-06 13:26:22,359 [INFO] have warm up
2026-02-06 13:26:26,484 [INFO] iter:0, id:0, r:1.000 and violateion:0.000
2026-02-06 13:26:30,091 [INFO] iter:0, id:1, r:1.000 and violateion:0.000
2026-02-06 13:26:33,732 [INFO] iter:0, id:2, r:1.000 and violateion:0.000
2026-02-06 13:26:37,615 [INFO] iter:0, id:3, r:1.000 and violateion:0.019
2026-02-06 13:26:38,612 [WARNING] connect time:0, accumulated time:160, and the robot pair:[(0, 2)]
2026-02-06 13:26:40,516 [INFO] iter:0, id:0, r:1.000 and violateion:0.000
2026-02-06 13:26:53,955 [INFO] failed to satisfy constraint, id: 2 and r_penalty: 17.790 and violations:0.051:
2026-02-06 13:26:53,959 [INFO] have warm up
2026-02-06 13:26:57,300 [INFO] iter:0, id:0, r:1.000 and violateion:0.000
2026-02-06 13:27:13,670 [INFO] satisfy constraint, but not converge, id: 2 and r_penalty: 20.594 and violations:0.005:
2026-02-06 13:27:26,682 [WARNING] connect time:4, accumulated time:164, and the robot pair:[(0, 2)]
2026-02-06 13:27:29,972 [INFO] iter:0, id:0, r:1.000 and violateion:0.000
2026-02-06 13:27:39,672 [INFO] iter:116, id:2, r:236.157 and violateion:0.001
2026-02-06 13:27:39,676 [INFO] have warm up
2026-02-06 13:27:43,955 [INFO] iter:0, id:0, r:1.000 and violateion:0.000
2026-02-06 13:27:47,737 [INFO] iter:1, id:2, r:1.000 and violateion:0.001
2026-02-06 13:28:03,212 [WARNING] connect time:4, accumulated time:168, and the robot pair:[(0, 2)]
2026-02-06 13:28:06,370 [INFO] iter:0, id:0, r:1.000 and violateion:0.000
2026-02-06 13:28:08,850 [INFO] iter:2, id:2, r:1.000 and violateion:0.011
2026-02-06 13:28:08,853 [INFO] have warm up
2026-02-06 13:28:12,993 [INFO] iter:0, id:0, r:1.000 and violateion:0.000
2026-02-06 13:28:16,543 [INFO] iter:0, id:2, r:1.000 and violateion:0.023
2026-02-06 13:28:17,057 [INFO] merge map
2026-02-06 13:28:17,059 [INFO] merge map
2026-02-06 13:28:17,060 [INFO] merge map
2026-02-06 13:28:17,062 [INFO] merge map
2026-02-06 13:28:24,765 [WARNING] connect time:2, accumulated time:170, and the robot pair:[]
2026-02-06 13:28:28,019 [INFO] iter:0, id:0, r:1.000 and violateion:0.000
2026-02-06 13:28:30,227 [INFO] iter:0, id:1, r:1.000 and violateion:0.000
2026-02-06 13:28:32,416 [INFO] iter:0, id:2, r:1.000 and violateion:0.010
2026-02-06 13:28:34,729 [INFO] iter:0, id:3, r:1.000 and violateion:0.000
2026-02-06 13:28:34,732 [INFO] have warm up
2026-02-06 13:28:38,873 [INFO] iter:0, id:0, r:1.000 and violateion:0.000
2026-02-06 13:28:42,450 [INFO] iter:0, id:1, r:1.000 and violateion:0.000
2026-02-06 13:28:46,064 [INFO] iter:0, id:2, r:1.000 and violateion:0.012
2026-02-06 13:28:51,232 [INFO] iter:20, id:3, r:2.183 and violateion:0.024
2026-02-06 13:28:59,661 [WARNING] connect time:2, accumulated time:172, and the robot pair:[(0, 2)]
2026-02-06 13:29:02,980 [INFO] iter:0, id:0, r:1.000 and violateion:0.000
2026-02-06 13:29:05,378 [INFO] iter:1, id:2, r:1.000 and violateion:0.009
2026-02-06 13:29:05,381 [INFO] have warm up
2026-02-06 13:29:09,541 [INFO] iter:0, id:0, r:1.000 and violateion:0.000
2026-02-06 13:29:13,099 [INFO] iter:0, id:2, r:1.000 and violateion:0.009
2026-02-06 13:29:19,146 [WARNING] connect time:1, accumulated time:173, and the robot pair:[(0, 2), (0, 3), (2, 3)]
2026-02-06 13:29:31,411 [INFO] failed to satisfy constraint, id: 0 and r_penalty: 1507.977 and violations:0.164:
2026-02-06 13:29:42,588 [INFO] failed to satisfy constraint, id: 2 and r_penalty: 1507.977 and violations:0.164:
2026-02-06 13:29:53,908 [INFO] failed to satisfy constraint, id: 3 and r_penalty: 1507.977 and violations:0.164:
2026-02-06 13:29:53,912 [INFO] have warm up
2026-02-06 13:30:09,140 [INFO] iter:183, id:0, r:5361.874 and violateion:0.015
2026-02-06 13:30:24,883 [INFO] failed to satisfy constraint, id: 2 and r_penalty: 10000.000 and violations:0.162:
2026-02-06 13:30:40,719 [INFO] failed to satisfy constraint, id: 3 and r_penalty: 10000.000 and violations:0.207:
2026-02-06 13:30:52,321 [WARNING] connect time:3, accumulated time:176, and the robot pair:[(1, 2)]
2026-02-06 13:31:04,194 [INFO] failed to satisfy constraint, id: 1 and r_penalty: 1436.169 and violations:0.336:
2026-02-06 13:31:15,210 [INFO] failed to satisfy constraint, id: 2 and r_penalty: 1507.977 and violations:0.492:
2026-02-06 13:31:15,216 [INFO] have warm up
2026-02-06 13:31:31,355 [INFO] failed to satisfy constraint, id: 1 and r_penalty: 10000.000 and violations:0.197:
2026-02-06 13:31:46,832 [INFO] failed to satisfy constraint, id: 2 and r_penalty: 10000.000 and violations:0.109:
2026-02-06 13:31:52,841 [WARNING] connect time:1, accumulated time:177, and the robot pair:[(0, 2), (0, 3), (2, 3)]
2026-02-06 13:32:04,690 [INFO] failed to satisfy constraint, id: 0 and r_penalty: 1436.169 and violations:0.265:
2026-02-06 13:32:15,632 [INFO] failed to satisfy constraint, id: 2 and r_penalty: 1436.169 and violations:0.188:
2026-02-06 13:32:26,779 [INFO] failed to satisfy constraint, id: 3 and r_penalty: 1240.617 and violations:0.099:
2026-02-06 13:32:26,784 [INFO] have warm up
2026-02-06 13:32:42,655 [INFO] failed to satisfy constraint, id: 0 and r_penalty: 10000.000 and violations:0.255:
2026-02-06 13:32:57,888 [INFO] failed to satisfy constraint, id: 2 and r_penalty: 10000.000 and violations:0.187:
2026-02-06 13:33:13,511 [INFO] failed to satisfy constraint, id: 3 and r_penalty: 10000.000 and violations:0.099:
2026-02-06 13:33:14,261 [INFO] merge map
2026-02-06 13:33:14,263 [INFO] merge map
2026-02-06 13:33:14,265 [INFO] merge map
2026-02-06 13:33:14,267 [INFO] merge map
2026-02-06 13:40:35,968 [INFO] update map
2026-02-06 13:40:49,629 [WARNING] connect time:3, accumulated time:180, and the robot pair:[]
2026-02-06 13:41:01,500 [INFO] failed to satisfy constraint, id: 0 and r_penalty: 1507.977 and violations:0.244:
2026-02-06 13:41:12,009 [INFO] failed to satisfy constraint, id: 1 and r_penalty: 1436.169 and violations:0.088:
2026-02-06 13:41:22,744 [INFO] failed to satisfy constraint, id: 2 and r_penalty: 1507.977 and violations:0.171:
2026-02-06 13:41:33,545 [INFO] failed to satisfy constraint, id: 3 and r_penalty: 1507.977 and violations:0.090:
2026-02-06 13:41:33,549 [INFO] have warm up
2026-02-06 13:41:48,878 [INFO] failed to satisfy constraint, id: 0 and r_penalty: 10000.000 and violations:0.244:
2026-02-06 13:42:03,663 [INFO] failed to satisfy constraint, id: 1 and r_penalty: 10000.000 and violations:0.089:
2026-02-06 13:42:18,590 [INFO] failed to satisfy constraint, id: 2 and r_penalty: 10000.000 and violations:0.171:
2026-02-06 13:42:33,889 [INFO] failed to satisfy constraint, id: 3 and r_penalty: 10000.000 and violations:0.090:
2026-02-06 13:42:35,079 [WARNING] connect time:0, accumulated time:180, and the robot pair:[(1, 2)]
2026-02-06 13:42:45,505 [INFO] failed to satisfy constraint, id: 1 and r_penalty: 925.767 and violations:0.282:
2026-02-06 13:42:56,196 [INFO] failed to satisfy constraint, id: 2 and r_penalty: 1240.617 and violations:0.179:
2026-02-06 13:42:56,200 [INFO] have warm up
2026-02-06 13:43:10,644 [INFO] failed to satisfy constraint, id: 1 and r_penalty: 2121.876 and violations:0.283:
2026-02-06 13:43:25,562 [INFO] failed to satisfy constraint, id: 2 and r_penalty: 10000.000 and violations:0.176:
2026-02-06 13:43:29,278 [WARNING] connect time:1, accumulated time:181, and the robot pair:[(0, 2), (0, 3), (2, 3)]
2026-02-06 13:43:40,891 [INFO] failed to satisfy constraint, id: 0 and r_penalty: 1507.977 and violations:0.312:
2026-02-06 13:43:51,598 [INFO] failed to satisfy constraint, id: 2 and r_penalty: 1507.977 and violations:0.338:
2026-02-06 13:44:02,452 [INFO] failed to satisfy constraint, id: 3 and r_penalty: 1181.540 and violations:0.283:
2026-02-06 13:44:02,456 [INFO] have warm up
2026-02-06 13:44:17,799 [INFO] failed to satisfy constraint, id: 0 and r_penalty: 5106.547 and violations:0.059:
2026-02-06 13:44:32,924 [INFO] failed to satisfy constraint, id: 2 and r_penalty: 10000.000 and violations:0.338:
2026-02-06 13:44:48,017 [INFO] failed to satisfy constraint, id: 3 and r_penalty: 5911.467 and violations:0.063:
2026-02-06 13:45:01,900 [WARNING] connect time:3, accumulated time:184, and the robot pair:[(1, 2)]
2026-02-06 13:45:13,262 [INFO] failed to satisfy constraint, id: 1 and r_penalty: 925.767 and violations:0.320:
2026-02-06 13:45:23,805 [INFO] failed to satisfy constraint, id: 2 and r_penalty: 1507.977 and violations:0.314:
2026-02-06 13:45:23,809 [INFO] have warm up
2026-02-06 13:45:39,209 [INFO] failed to satisfy constraint, id: 1 and r_penalty: 10000.000 and violations:0.246:
2026-02-06 13:45:53,853 [INFO] failed to satisfy constraint, id: 2 and r_penalty: 10000.000 and violations:0.314:
2026-02-06 13:45:57,922 [WARNING] connect time:1, accumulated time:185, and the robot pair:[(0, 2), (0, 3), (2, 3)]
2026-02-06 13:46:09,544 [INFO] failed to satisfy constraint, id: 0 and r_penalty: 1367.780 and violations:0.155:
2026-02-06 13:46:20,035 [INFO] failed to satisfy constraint, id: 2 and r_penalty: 925.767 and violations:0.142:
2026-02-06 13:46:30,789 [INFO] failed to satisfy constraint, id: 3 and r_penalty: 1436.169 and violations:0.160:
2026-02-06 13:46:30,793 [INFO] have warm up
2026-02-06 13:46:45,944 [INFO] failed to satisfy constraint, id: 0 and r_penalty: 10000.000 and violations:0.155:
2026-02-06 13:47:00,684 [INFO] failed to satisfy constraint, id: 2 and r_penalty: 10000.000 and violations:0.135:
2026-02-06 13:47:15,551 [INFO] failed to satisfy constraint, id: 3 and r_penalty: 10000.000 and violations:0.160:
2026-02-06 13:47:27,458 [WARNING] connect time:3, accumulated time:188, and the robot pair:[(0, 1), (0, 2), (1, 2)]
2026-02-06 13:47:38,887 [INFO] failed to satisfy constraint, id: 0 and r_penalty: 1367.780 and violations:0.109:
2026-02-06 13:47:49,011 [INFO] failed to satisfy constraint, id: 1 and r_penalty: 1302.648 and violations:0.114:
2026-02-06 13:47:59,332 [INFO] failed to satisfy constraint, id: 2 and r_penalty: 1302.648 and violations:0.109:
2026-02-06 13:47:59,336 [INFO] have warm up
2026-02-06 13:48:14,179 [INFO] failed to satisfy constraint, id: 0 and r_penalty: 10000.000 and violations:0.109:
2026-02-06 13:48:28,377 [INFO] failed to satisfy constraint, id: 1 and r_penalty: 10000.000 and violations:0.114:
2026-02-06 13:48:42,826 [INFO] failed to satisfy constraint, id: 2 and r_penalty: 10000.000 and violations:0.109:
2026-02-06 13:48:49,394 [WARNING] connect time:1, accumulated time:189, and the robot pair:[(0, 2), (0, 3), (2, 3)]
2026-02-06 13:49:00,683 [INFO] failed to satisfy constraint, id: 0 and r_penalty: 1507.977 and violations:0.099:
2026-02-06 13:49:10,945 [INFO] failed to satisfy constraint, id: 2 and r_penalty: 1507.977 and violations:0.099:
2026-02-06 13:49:21,300 [INFO] failed to satisfy constraint, id: 3 and r_penalty: 1507.977 and violations:0.069:
2026-02-06 13:49:21,304 [INFO] have warm up
2026-02-06 13:49:36,121 [INFO] failed to satisfy constraint, id: 0 and r_penalty: 10000.000 and violations:0.099:
2026-02-06 13:49:50,603 [INFO] failed to satisfy constraint, id: 2 and r_penalty: 10000.000 and violations:0.099:
2026-02-06 13:50:05,192 [INFO] failed to satisfy constraint, id: 3 and r_penalty: 10000.000 and violations:0.069:
2026-02-06 13:50:06,374 [INFO] merge map
2026-02-06 13:50:06,376 [INFO] merge map
2026-02-06 13:50:06,378 [INFO] merge map
2026-02-06 13:50:06,380 [INFO] merge map
2026-02-06 13:50:09,853 [WARNING] connect time:1, accumulated time:190, and the robot pair:[]
2026-02-06 13:50:20,880 [INFO] failed to satisfy constraint, id: 0 and r_penalty: 1507.977 and violations:0.091:
2026-02-06 13:50:30,999 [INFO] failed to satisfy constraint, id: 1 and r_penalty: 1507.977 and violations:0.097:
2026-02-06 13:50:41,203 [INFO] failed to satisfy constraint, id: 2 and r_penalty: 1507.977 and violations:0.091:
2026-02-06 13:50:51,617 [INFO] failed to satisfy constraint, id: 3 and r_penalty: 1507.977 and violations:0.055:
2026-02-06 13:50:51,621 [INFO] have warm up
2026-02-06 13:51:06,288 [INFO] failed to satisfy constraint, id: 0 and r_penalty: 10000.000 and violations:0.091:
2026-02-06 13:51:20,450 [INFO] failed to satisfy constraint, id: 1 and r_penalty: 10000.000 and violations:0.097:
2026-02-06 13:51:34,531 [INFO] failed to satisfy constraint, id: 2 and r_penalty: 10000.000 and violations:0.091:
2026-02-06 13:51:49,013 [INFO] failed to satisfy constraint, id: 3 and r_penalty: 10000.000 and violations:0.055:
2026-02-06 13:51:58,733 [WARNING] connect time:2, accumulated time:192, and the robot pair:[(0, 1), (0, 2), (1, 2)]
2026-02-06 13:52:09,860 [INFO] failed to satisfy constraint, id: 0 and r_penalty: 1507.977 and violations:0.096:
2026-02-06 13:52:19,803 [INFO] failed to satisfy constraint, id: 1 and r_penalty: 1507.977 and violations:0.096:
2026-02-06 13:52:29,854 [INFO] failed to satisfy constraint, id: 2 and r_penalty: 1507.977 and violations:0.096:
2026-02-06 13:52:29,857 [INFO] have warm up
2026-02-06 13:52:44,162 [INFO] failed to satisfy constraint, id: 0 and r_penalty: 10000.000 and violations:0.096:
2026-02-06 13:52:57,912 [INFO] failed to satisfy constraint, id: 1 and r_penalty: 10000.000 and violations:0.096:
2026-02-06 13:53:11,972 [INFO] failed to satisfy constraint, id: 2 and r_penalty: 10000.000 and violations:0.096:
2026-02-06 13:53:18,452 [WARNING] connect time:1, accumulated time:193, and the robot pair:[(0, 2), (0, 3), (2, 3)]
2026-02-06 13:53:29,391 [INFO] failed to satisfy constraint, id: 0 and r_penalty: 1507.977 and violations:0.095:
2026-02-06 13:53:39,485 [INFO] failed to satisfy constraint, id: 2 and r_penalty: 1507.977 and violations:0.095:
2026-02-06 13:53:49,624 [INFO] failed to satisfy constraint, id: 3 and r_penalty: 1507.977 and violations:0.087:
2026-02-06 13:53:49,628 [INFO] have warm up
2026-02-06 13:54:03,965 [INFO] failed to satisfy constraint, id: 0 and r_penalty: 10000.000 and violations:0.095:
2026-02-06 13:54:17,888 [INFO] failed to satisfy constraint, id: 2 and r_penalty: 10000.000 and violations:0.095:
2026-02-06 13:54:32,129 [INFO] failed to satisfy constraint, id: 3 and r_penalty: 10000.000 and violations:0.087:
2026-02-06 13:54:44,635 [WARNING] connect time:3, accumulated time:196, and the robot pair:[(0, 1), (0, 2), (1, 2)]
2026-02-06 13:54:55,381 [INFO] failed to satisfy constraint, id: 0 and r_penalty: 568.341 and violations:0.082:
2026-02-06 13:55:05,019 [INFO] failed to satisfy constraint, id: 1 and r_penalty: 1020.659 and violations:0.089:
2026-02-06 13:55:14,810 [INFO] failed to satisfy constraint, id: 2 and r_penalty: 1125.276 and violations:0.089:
2026-02-06 13:55:14,814 [INFO] have warm up
2026-02-06 13:55:28,729 [INFO] failed to satisfy constraint, id: 0 and r_penalty: 10000.000 and violations:0.082:
2026-02-06 13:55:42,283 [INFO] failed to satisfy constraint, id: 1 and r_penalty: 10000.000 and violations:0.089:
2026-02-06 13:55:55,970 [INFO] failed to satisfy constraint, id: 2 and r_penalty: 10000.000 and violations:0.089:
2026-02-06 13:56:00,384 [WARNING] connect time:1, accumulated time:197, and the robot pair:[(0, 3)]
2026-02-06 13:56:11,213 [INFO] failed to satisfy constraint, id: 0 and r_penalty: 1507.977 and violations:0.082:
2026-02-06 13:56:21,078 [INFO] failed to satisfy constraint, id: 3 and r_penalty: 1507.977 and violations:0.076:
2026-02-06 13:56:21,082 [INFO] have warm up
2026-02-06 13:56:34,922 [INFO] failed to satisfy constraint, id: 0 and r_penalty: 8733.928 and violations:0.077:
2026-02-06 13:56:48,659 [INFO] failed to satisfy constraint, id: 3 and r_penalty: 10000.000 and violations:0.076:
2026-02-06 13:56:49,143 [INFO] merge map
2026-02-06 13:56:49,145 [INFO] merge map
2026-02-06 13:56:49,148 [INFO] merge map
2026-02-06 13:56:49,150 [INFO] merge map
2026-02-06 13:57:03,259 [WARNING] connect time:3, accumulated time:200, and the robot pair:[]
2026-02-06 13:57:13,856 [INFO] failed to satisfy constraint, id: 0 and r_penalty: 1436.169 and violations:0.048:
2026-02-06 13:57:23,246 [INFO] failed to satisfy constraint, id: 1 and r_penalty: 972.056 and violations:0.051:
2026-02-06 13:57:32,783 [INFO] failed to satisfy constraint, id: 2 and r_penalty: 1367.780 and violations:0.051:
2026-02-06 13:57:42,467 [INFO] failed to satisfy constraint, id: 3 and r_penalty: 1507.977 and violations:0.050:
2026-02-06 13:57:42,471 [INFO] have warm up
2026-02-06 13:57:56,196 [INFO] failed to satisfy constraint, id: 0 and r_penalty: 10000.000 and violations:0.054:
2026-02-06 13:58:09,508 [INFO] failed to satisfy constraint, id: 1 and r_penalty: 10000.000 and violations:0.052:
2026-02-06 13:58:22,709 [INFO] failed to satisfy constraint, id: 2 and r_penalty: 10000.000 and violations:0.051:
2026-02-06 13:58:36,280 [INFO] failed to satisfy constraint, id: 3 and r_penalty: 10000.000 and violations:0.050:
2026-02-06 13:58:37,270 [WARNING] connect time:0, accumulated time:200, and the robot pair:[(0, 1), (0, 2), (1, 2)]
2026-02-06 13:58:46,649 [INFO] failed to satisfy constraint, id: 0 and r_penalty: 1507.977 and violations:0.053:
2026-02-06 13:58:56,092 [INFO] failed to satisfy constraint, id: 1 and r_penalty: 1436.169 and violations:0.053:
2026-02-06 13:59:05,649 [INFO] failed to satisfy constraint, id: 2 and r_penalty: 1507.977 and violations:0.053:
2026-02-06 13:59:05,653 [INFO] have warm up
2026-02-06 13:59:18,598 [INFO] failed to satisfy constraint, id: 0 and r_penalty: 10000.000 and violations:0.058:
2026-02-06 13:59:31,613 [INFO] failed to satisfy constraint, id: 1 and r_penalty: 8733.928 and violations:0.052:
2026-02-06 13:59:44,902 [INFO] failed to satisfy constraint, id: 2 and r_penalty: 10000.000 and violations:0.053:
2026-02-06 14:00:00,101 [WARNING] connect time:4, accumulated time:204, and the robot pair:[(0, 1)]
2026-02-06 14:00:10,559 [INFO] satisfy constraint, but not converge, id: 0 and r_penalty: 839.698 and violations:0.017:
2026-02-06 14:00:13,273 [INFO] iter:6, id:1, r:1.000 and violateion:0.017
2026-02-06 14:00:13,276 [INFO] have warm up
2026-02-06 14:00:17,868 [INFO] iter:5, id:0, r:1.000 and violateion:0.023
2026-02-06 14:00:21,952 [INFO] iter:7, id:1, r:1.000 and violateion:0.028
2026-02-06 14:00:39,783 [WARNING] connect time:4, accumulated time:208, and the robot pair:[(0, 1)]
2026-02-06 14:00:44,473 [INFO] iter:26, id:0, r:1.000 and violateion:0.001
2026-02-06 14:00:47,964 [INFO] iter:25, id:1, r:1.000 and violateion:0.014
2026-02-06 14:00:47,967 [INFO] have warm up
2026-02-06 14:00:51,945 [INFO] iter:0, id:0, r:1.000 and violateion:0.001
2026-02-06 14:00:55,348 [INFO] iter:0, id:1, r:1.000 and violateion:0.020
2026-02-06 14:00:55,775 [INFO] merge map
2026-02-06 14:00:55,777 [INFO] merge map
2026-02-06 14:00:55,779 [INFO] merge map
2026-02-06 14:00:55,781 [INFO] merge map
2026-02-06 14:01:02,318 [WARNING] connect time:2, accumulated time:210, and the robot pair:[]
2026-02-06 14:01:05,653 [INFO] iter:0, id:0, r:1.000 and violateion:0.001
2026-02-06 14:01:07,851 [INFO] iter:0, id:1, r:1.000 and violateion:0.014
2026-02-06 14:01:11,920 [INFO] iter:35, id:2, r:1.000 and violateion:0.004
2026-02-06 14:01:20,749 [INFO] satisfy constraint, but not converge, id: 3 and r_penalty: 1.477 and violations:0.000:
2026-02-06 14:01:20,753 [INFO] have warm up
2026-02-06 14:01:24,923 [INFO] iter:0, id:0, r:1.000 and violateion:0.024
2026-02-06 14:01:34,462 [INFO] iter:144, id:1, r:1.886 and violateion:0.003
2026-02-06 14:01:38,534 [INFO] iter:7, id:2, r:1.000 and violateion:0.025
2026-02-06 14:01:51,373 [INFO] failed to satisfy constraint, id: 3 and r_penalty: 10000.000 and violations:0.115:
2026-02-06 14:01:51,874 [INFO] merge map
2026-02-06 14:01:51,877 [INFO] merge map
2026-02-06 14:01:51,880 [INFO] merge map
2026-02-06 14:01:51,883 [INFO] merge map
2026-02-06 14:02:32,036 [WARNING] connect time:10, accumulated time:220, and the robot pair:[]
2026-02-06 14:02:37,761 [INFO] iter:62, id:0, r:1.158 and violateion:0.003
2026-02-06 14:02:44,383 [INFO] iter:111, id:1, r:1.477 and violateion:0.003
2026-02-06 14:02:48,876 [INFO] iter:53, id:2, r:1.000 and violateion:0.016
2026-02-06 14:02:55,615 [INFO] iter:110, id:3, r:1.000 and violateion:0.011
2026-02-06 14:02:55,619 [INFO] have warm up
2026-02-06 14:03:02,500 [INFO] iter:76, id:0, r:1.477 and violateion:0.007
2026-02-06 14:03:09,406 [INFO] iter:89, id:1, r:2.079 and violateion:0.006
2026-02-06 14:03:15,652 [INFO] iter:63, id:2, r:1.551 and violateion:0.000
2026-02-06 14:03:27,529 [INFO] failed to satisfy constraint, id: 3 and r_penalty: 10000.000 and violations:0.182:
2026-02-06 14:03:31,803 [WARNING] connect time:1, accumulated time:221, and the robot pair:[(0, 2)]
2026-02-06 14:03:36,367 [INFO] iter:27, id:0, r:1.980 and violateion:0.018
2026-02-06 14:03:39,788 [INFO] iter:27, id:2, r:2.183 and violateion:0.014
2026-02-06 14:03:39,791 [INFO] have warm up
2026-02-06 14:03:46,571 [INFO] iter:73, id:0, r:28.978 and violateion:0.000
2026-02-06 14:03:53,079 [INFO] iter:76, id:2, r:13.275 and violateion:0.001
2026-02-06 14:04:11,595 [WARNING] connect time:4, accumulated time:225, and the robot pair:[(0, 2)]
2026-02-06 14:04:17,319 [INFO] iter:65, id:0, r:1.000 and violateion:0.000
2026-02-06 14:04:25,001 [INFO] satisfy constraint, but not converge, id: 2 and r_penalty: 1.407 and violations:0.004:
2026-02-06 14:04:25,004 [INFO] have warm up
2026-02-06 14:04:30,489 [INFO] iter:42, id:0, r:1.796 and violateion:0.018
2026-02-06 14:04:36,392 [INFO] iter:67, id:2, r:2.407 and violateion:0.000
2026-02-06 14:04:52,320 [WARNING] connect time:4, accumulated time:229, and the robot pair:[(0, 2)]
2026-02-06 14:04:56,691 [INFO] iter:27, id:0, r:1.000 and violateion:0.014
2026-02-06 14:05:00,102 [INFO] iter:32, id:2, r:1.000 and violateion:0.016
2026-02-06 14:05:00,105 [INFO] have warm up
2026-02-06 14:05:04,575 [INFO] iter:12, id:0, r:1.000 and violateion:0.018
2026-02-06 14:05:08,785 [INFO] iter:19, id:2, r:1.000 and violateion:0.019
2026-02-06 14:05:09,197 [INFO] merge map
2026-02-06 14:05:09,199 [INFO] merge map
2026-02-06 14:05:09,201 [INFO] merge map
2026-02-06 14:05:09,203 [INFO] merge map
2026-02-06 14:05:15,615 [WARNING] connect time:1, accumulated time:230, and the robot pair:[]
2026-02-06 14:05:19,750 [INFO] iter:17, id:0, r:1.000 and violateion:0.020
2026-02-06 14:05:22,832 [INFO] iter:21, id:1, r:1.000 and violateion:0.012
2026-02-06 14:05:25,796 [INFO] iter:16, id:2, r:1.000 and violateion:0.025
2026-02-06 14:05:29,662 [INFO] iter:39, id:3, r:5.003 and violateion:0.029
2026-02-06 14:05:29,665 [INFO] have warm up
2026-02-06 14:05:36,739 [INFO] iter:93, id:0, r:1.000 and violateion:0.001
2026-02-06 14:05:41,334 [INFO] iter:29, id:1, r:1.000 and violateion:0.001
2026-02-06 14:05:46,794 [INFO] iter:54, id:2, r:1.629 and violateion:0.004
2026-02-06 14:05:57,765 [INFO] failed to satisfy constraint, id: 3 and r_penalty: 10000.000 and violations:0.228:
2026-02-06 14:06:02,224 [WARNING] connect time:1, accumulated time:231, and the robot pair:[(1, 3)]
2026-02-06 14:06:06,672 [INFO] iter:27, id:1, r:1.000 and violateion:0.007
2026-02-06 14:06:10,072 [INFO] iter:28, id:3, r:1.000 and violateion:0.012
2026-02-06 14:06:10,075 [INFO] have warm up
2026-02-06 14:06:14,630 [INFO] iter:9, id:1, r:1.000 and violateion:0.009
2026-02-06 14:06:18,507 [INFO] iter:5, id:3, r:1.000 and violateion:0.014
2026-02-06 14:06:28,581 [WARNING] connect time:2, accumulated time:233, and the robot pair:[(0, 2)]
2026-02-06 14:06:31,927 [INFO] iter:0, id:0, r:1.000 and violateion:0.005
2026-02-06 14:06:34,202 [INFO] iter:0, id:2, r:1.000 and violateion:0.005
2026-02-06 14:06:34,205 [INFO] have warm up
2026-02-06 14:06:37,817 [INFO] iter:0, id:0, r:1.000 and violateion:0.005
2026-02-06 14:06:41,119 [INFO] iter:0, id:2, r:1.000 and violateion:0.005
2026-02-06 14:06:48,443 [WARNING] connect time:2, accumulated time:235, and the robot pair:[(1, 3)]
2026-02-06 14:06:54,536 [INFO] iter:0, id:1, r:1.000 and violateion:0.005
2026-02-06 14:06:57,455 [INFO] iter:10, id:3, r:1.000 and violateion:0.005
2026-02-06 14:06:57,458 [INFO] have warm up
2026-02-06 14:07:01,179 [INFO] iter:0, id:1, r:1.000 and violateion:0.005
2026-02-06 14:07:04,651 [INFO] iter:1, id:3, r:1.000 and violateion:0.005
2026-02-06 14:07:11,950 [WARNING] connect time:2, accumulated time:237, and the robot pair:[(0, 2)]
2026-02-06 14:07:15,194 [INFO] iter:0, id:0, r:1.000 and violateion:0.001
2026-02-06 14:07:17,464 [INFO] iter:0, id:2, r:1.000 and violateion:0.001
2026-02-06 14:07:17,466 [INFO] have warm up
2026-02-06 14:07:20,943 [INFO] iter:0, id:0, r:1.000 and violateion:0.001
2026-02-06 14:07:24,104 [INFO] iter:0, id:2, r:1.000 and violateion:0.001
2026-02-06 14:07:34,439 [WARNING] connect time:2, accumulated time:239, and the robot pair:[(1, 3)]
2026-02-06 14:07:37,240 [INFO] iter:0, id:1, r:1.000 and violateion:0.001
2026-02-06 14:07:39,095 [INFO] iter:0, id:3, r:1.000 and violateion:0.000
2026-02-06 14:07:39,098 [INFO] have warm up
2026-02-06 14:07:48,096 [INFO] satisfy constraint, but not converge, id: 1 and r_penalty: 1.000 and violations:nan:
2026-02-06 14:07:56,975 [INFO] satisfy constraint, but not converge, id: 3 and r_penalty: 1.000 and violations:nan:
2026-02-06 14:19:32,892 [INFO] signal_shutdown [atexit]
