2026-02-06 12:23:55,843 [INFO] Unable to initialize backend 'rocm': module 'jaxlib.xla_extension' has no attribute 'GpuAllocatorConfig'
2026-02-06 12:23:55,845 [INFO] Unable to initialize backend 'tpu': INTERNAL: Failed to open libtpu.so: libtpu.so: cannot open shared object file: No such file or directory
2026-02-06 12:23:58,202 [INFO] topicmanager initialized
2026-02-06 12:23:58,264 [INFO] Log opened: Fri Feb  6 04:23:58 2026 UTC
2026-02-06 12:24:03,661 [INFO] my_strategy
2026-02-06 12:24:11,415 [INFO] iter:1, id:0, r:1.000 and violateion:0.000
2026-02-06 12:24:13,506 [INFO] iter:1, id:1, r:1.000 and violateion:0.000
2026-02-06 12:24:15,672 [INFO] iter:1, id:2, r:1.000 and violateion:0.000
2026-02-06 12:24:17,753 [INFO] iter:1, id:3, r:1.000 and violateion:0.000
2026-02-06 12:24:17,755 [INFO] have warm up
2026-02-06 12:24:43,765 [INFO] iter:162, id:0, r:1745.672 and violateion:0.000
2026-02-06 12:25:09,063 [INFO] iter:162, id:1, r:1745.672 and violateion:0.000
2026-02-06 12:25:33,978 [INFO] iter:162, id:2, r:1745.672 and violateion:0.000
2026-02-06 12:25:58,895 [INFO] iter:162, id:3, r:1745.672 and violateion:0.000
2026-02-06 12:26:00,757 [INFO] merge map
2026-02-06 12:26:00,759 [INFO] merge map
2026-02-06 12:26:00,760 [INFO] merge map
2026-02-06 12:26:00,762 [INFO] merge map
2026-02-06 12:26:03,675 [WARNING] connect time:10, accumulated time:10, and the robot pair:[]
2026-02-06 12:26:07,575 [INFO] iter:2, id:0, r:1.000 and violateion:0.000
2026-02-06 12:26:09,909 [INFO] iter:2, id:1, r:1.000 and violateion:0.000
2026-02-06 12:26:12,138 [INFO] iter:1, id:2, r:1.000 and violateion:0.000
2026-02-06 12:26:14,641 [INFO] iter:2, id:3, r:1.000 and violateion:0.000
2026-02-06 12:26:14,643 [INFO] have warm up
2026-02-06 12:26:19,012 [INFO] iter:0, id:0, r:1.000 and violateion:0.000
2026-02-06 12:26:22,570 [INFO] iter:0, id:1, r:1.000 and violateion:0.000
2026-02-06 12:26:26,208 [INFO] iter:0, id:2, r:1.000 and violateion:0.000
2026-02-06 12:26:29,771 [INFO] iter:0, id:3, r:1.000 and violateion:0.000
2026-02-06 12:26:33,335 [WARNING] connect time:4, accumulated time:14, and the robot pair:[(2, 3)]
2026-02-06 12:26:36,853 [INFO] iter:0, id:2, r:1.000 and violateion:0.000
2026-02-06 12:26:39,290 [INFO] iter:1, id:3, r:1.000 and violateion:0.000
2026-02-06 12:26:39,291 [INFO] have warm up
2026-02-06 12:26:43,884 [INFO] iter:0, id:2, r:1.000 and violateion:0.003
2026-02-06 12:26:47,565 [INFO] iter:0, id:3, r:1.000 and violateion:0.005
2026-02-06 12:26:51,281 [WARNING] connect time:4, accumulated time:18, and the robot pair:[(0, 1), (2, 3)]
2026-02-06 12:26:54,906 [INFO] iter:1, id:0, r:1.000 and violateion:0.000
2026-02-06 12:26:57,121 [INFO] iter:1, id:1, r:1.000 and violateion:0.000
2026-02-06 12:26:59,215 [INFO] iter:0, id:2, r:1.000 and violateion:0.000
2026-02-06 12:27:01,525 [INFO] iter:1, id:3, r:1.000 and violateion:0.000
2026-02-06 12:27:01,527 [INFO] have warm up
2026-02-06 12:27:06,016 [INFO] iter:0, id:0, r:1.000 and violateion:0.000
2026-02-06 12:27:09,464 [INFO] iter:0, id:1, r:1.000 and violateion:0.000
2026-02-06 12:27:12,959 [INFO] iter:0, id:2, r:1.000 and violateion:0.001
2026-02-06 12:27:16,508 [INFO] iter:0, id:3, r:1.000 and violateion:0.004
2026-02-06 12:27:17,162 [INFO] merge map
2026-02-06 12:27:17,165 [INFO] merge map
2026-02-06 12:27:17,167 [INFO] merge map
2026-02-06 12:27:17,169 [INFO] merge map
2026-02-06 12:27:18,891 [WARNING] connect time:2, accumulated time:20, and the robot pair:[]
2026-02-06 12:27:22,505 [INFO] iter:1, id:0, r:1.000 and violateion:0.000
2026-02-06 12:27:24,736 [INFO] iter:1, id:1, r:1.000 and violateion:0.000
2026-02-06 12:27:26,810 [INFO] iter:0, id:2, r:1.000 and violateion:0.000
2026-02-06 12:27:28,979 [INFO] iter:0, id:3, r:1.000 and violateion:0.000
2026-02-06 12:27:28,981 [INFO] have warm up
2026-02-06 12:27:41,710 [INFO] iter:63, id:0, r:11.467 and violateion:0.028
2026-02-06 12:27:45,166 [INFO] iter:0, id:1, r:1.000 and violateion:0.000
2026-02-06 12:27:48,728 [INFO] iter:0, id:2, r:1.000 and violateion:0.000
2026-02-06 12:27:52,454 [INFO] iter:0, id:3, r:1.000 and violateion:0.000
2026-02-06 12:27:55,783 [WARNING] connect time:2, accumulated time:22, and the robot pair:[(0, 1), (2, 3)]
2026-02-06 12:27:59,433 [INFO] iter:2, id:0, r:1.000 and violateion:0.000
2026-02-06 12:28:01,806 [INFO] iter:2, id:1, r:1.000 and violateion:0.000
2026-02-06 12:28:03,940 [INFO] iter:0, id:2, r:1.000 and violateion:0.000
2026-02-06 12:28:06,313 [INFO] iter:1, id:3, r:1.000 and violateion:0.000
2026-02-06 12:28:06,315 [INFO] have warm up
2026-02-06 12:28:24,820 [INFO] iter:114, id:0, r:185.035 and violateion:0.000
2026-02-06 12:28:38,277 [INFO] iter:80, id:1, r:20.594 and violateion:0.008
2026-02-06 12:28:42,236 [INFO] iter:0, id:2, r:1.000 and violateion:0.001
2026-02-06 12:28:45,909 [INFO] iter:0, id:3, r:1.000 and violateion:0.003
2026-02-06 12:28:50,602 [WARNING] connect time:4, accumulated time:26, and the robot pair:[(0, 1), (2, 3)]
2026-02-06 12:28:54,458 [INFO] iter:4, id:0, r:1.000 and violateion:0.000
2026-02-06 12:28:56,938 [INFO] iter:3, id:1, r:1.000 and violateion:0.000
2026-02-06 12:28:59,103 [INFO] iter:0, id:2, r:1.000 and violateion:0.000
2026-02-06 12:29:01,358 [INFO] iter:0, id:3, r:1.000 and violateion:0.000
2026-02-06 12:29:01,360 [INFO] have warm up
2026-02-06 12:29:05,744 [INFO] iter:0, id:0, r:1.000 and violateion:0.000
2026-02-06 12:29:09,351 [INFO] iter:0, id:1, r:1.000 and violateion:0.000
2026-02-06 12:29:13,126 [INFO] iter:0, id:2, r:1.000 and violateion:0.000
2026-02-06 12:29:16,832 [INFO] iter:0, id:3, r:1.000 and violateion:0.000
2026-02-06 12:29:18,019 [INFO] merge map
2026-02-06 12:29:18,021 [INFO] merge map
2026-02-06 12:29:18,023 [INFO] merge map
2026-02-06 12:29:18,025 [INFO] merge map
2026-02-06 12:29:21,985 [WARNING] connect time:4, accumulated time:30, and the robot pair:[]
2026-02-06 12:29:25,604 [INFO] iter:2, id:0, r:1.000 and violateion:0.000
2026-02-06 12:29:28,103 [INFO] iter:3, id:1, r:1.000 and violateion:0.000
2026-02-06 12:29:30,299 [INFO] iter:0, id:2, r:1.000 and violateion:0.000
2026-02-06 12:29:32,725 [INFO] iter:1, id:3, r:1.000 and violateion:0.000
2026-02-06 12:29:32,727 [INFO] have warm up
2026-02-06 12:29:37,418 [INFO] iter:0, id:0, r:1.000 and violateion:0.000
2026-02-06 12:29:40,958 [INFO] iter:0, id:1, r:1.000 and violateion:0.000
2026-02-06 12:29:44,572 [INFO] iter:0, id:2, r:1.000 and violateion:0.000
2026-02-06 12:29:48,158 [INFO] iter:0, id:3, r:1.000 and violateion:0.000
2026-02-06 12:29:49,465 [WARNING] connect time:0, accumulated time:30, and the robot pair:[(0, 1), (2, 3)]
2026-02-06 12:29:51,551 [INFO] iter:0, id:0, r:1.000 and violateion:0.000
2026-02-06 12:29:55,743 [INFO] iter:17, id:1, r:1.000 and violateion:0.000
2026-02-06 12:29:57,833 [INFO] iter:0, id:2, r:1.000 and violateion:0.000
2026-02-06 12:30:00,278 [INFO] iter:1, id:3, r:1.000 and violateion:0.000
2026-02-06 12:30:00,280 [INFO] have warm up
2026-02-06 12:30:03,597 [INFO] iter:0, id:0, r:1.000 and violateion:0.000
2026-02-06 12:30:07,143 [INFO] iter:0, id:1, r:1.000 and violateion:0.000
2026-02-06 12:30:10,808 [INFO] iter:0, id:2, r:1.000 and violateion:0.000
2026-02-06 12:30:14,549 [INFO] iter:0, id:3, r:1.000 and violateion:0.000
2026-02-06 12:30:19,360 [WARNING] connect time:4, accumulated time:34, and the robot pair:[(0, 1), (2, 3)]
2026-02-06 12:30:23,087 [INFO] iter:2, id:0, r:1.000 and violateion:0.000
2026-02-06 12:30:25,540 [INFO] iter:2, id:1, r:1.000 and violateion:0.000
2026-02-06 12:30:27,735 [INFO] iter:0, id:2, r:1.000 and violateion:0.000
2026-02-06 12:30:30,210 [INFO] iter:0, id:3, r:1.000 and violateion:0.000
2026-02-06 12:30:30,212 [INFO] have warm up
2026-02-06 12:30:34,640 [INFO] iter:0, id:0, r:1.000 and violateion:0.000
2026-02-06 12:30:38,345 [INFO] iter:0, id:1, r:1.000 and violateion:0.000
2026-02-06 12:30:42,036 [INFO] iter:0, id:2, r:1.000 and violateion:0.000
2026-02-06 12:30:45,877 [INFO] iter:0, id:3, r:1.000 and violateion:0.000
2026-02-06 12:30:51,856 [WARNING] connect time:4, accumulated time:38, and the robot pair:[(0, 1), (2, 3)]
2026-02-06 12:30:55,891 [INFO] iter:5, id:0, r:1.000 and violateion:0.000
2026-02-06 12:30:58,549 [INFO] iter:3, id:1, r:1.000 and violateion:0.000
2026-02-06 12:31:01,268 [INFO] iter:0, id:2, r:1.000 and violateion:0.000
2026-02-06 12:31:03,599 [INFO] iter:0, id:3, r:1.000 and violateion:0.000
2026-02-06 12:31:03,601 [INFO] have warm up
2026-02-06 12:31:08,071 [INFO] iter:0, id:0, r:1.000 and violateion:0.000
2026-02-06 12:31:11,875 [INFO] iter:0, id:1, r:1.000 and violateion:0.000
2026-02-06 12:31:15,739 [INFO] iter:0, id:2, r:1.000 and violateion:0.000
2026-02-06 12:31:19,647 [INFO] iter:0, id:3, r:1.000 and violateion:0.000
2026-02-06 12:31:20,296 [INFO] merge map
2026-02-06 12:31:20,299 [INFO] merge map
2026-02-06 12:31:20,302 [INFO] merge map
2026-02-06 12:31:20,305 [INFO] merge map
2026-02-06 12:31:23,120 [WARNING] connect time:2, accumulated time:40, and the robot pair:[]
2026-02-06 12:31:27,429 [INFO] iter:8, id:0, r:1.000 and violateion:0.000
2026-02-06 12:31:33,435 [INFO] iter:33, id:1, r:1.000 and violateion:0.000
2026-02-06 12:31:35,641 [INFO] iter:0, id:2, r:1.000 and violateion:0.000
2026-02-06 12:31:38,101 [INFO] iter:1, id:3, r:1.000 and violateion:0.000
2026-02-06 12:31:38,103 [INFO] have warm up
2026-02-06 12:31:42,486 [INFO] iter:0, id:0, r:1.000 and violateion:0.000
2026-02-06 12:31:46,137 [INFO] iter:0, id:1, r:1.000 and violateion:0.000
2026-02-06 12:31:49,971 [INFO] iter:0, id:2, r:1.000 and violateion:0.000
2026-02-06 12:31:53,817 [INFO] iter:0, id:3, r:1.000 and violateion:0.000
2026-02-06 12:31:57,519 [WARNING] connect time:2, accumulated time:42, and the robot pair:[(0, 1), (2, 3)]
2026-02-06 12:32:01,254 [INFO] iter:3, id:0, r:1.000 and violateion:0.000
2026-02-06 12:32:03,909 [INFO] iter:3, id:1, r:1.000 and violateion:0.000
2026-02-06 12:32:06,178 [INFO] iter:0, id:2, r:1.000 and violateion:0.000
2026-02-06 12:32:08,505 [INFO] iter:0, id:3, r:1.000 and violateion:0.000
2026-02-06 12:32:08,507 [INFO] have warm up
2026-02-06 12:32:12,934 [INFO] iter:0, id:0, r:1.000 and violateion:0.000
2026-02-06 12:32:16,580 [INFO] iter:0, id:1, r:1.000 and violateion:0.000
2026-02-06 12:32:20,330 [INFO] iter:0, id:2, r:1.000 and violateion:0.002
2026-02-06 12:32:24,813 [INFO] iter:0, id:3, r:1.000 and violateion:0.002
2026-02-06 12:32:30,858 [WARNING] connect time:4, accumulated time:46, and the robot pair:[(0, 1), (2, 3)]
2026-02-06 12:32:34,524 [INFO] iter:2, id:0, r:1.000 and violateion:0.000
2026-02-06 12:32:37,151 [INFO] iter:4, id:1, r:1.000 and violateion:0.000
2026-02-06 12:32:40,009 [INFO] iter:0, id:2, r:1.000 and violateion:0.000
2026-02-06 12:32:42,500 [INFO] iter:1, id:3, r:1.000 and violateion:0.000
2026-02-06 12:32:42,502 [INFO] have warm up
2026-02-06 12:32:46,583 [INFO] iter:0, id:0, r:1.000 and violateion:0.000
2026-02-06 12:32:50,114 [INFO] iter:0, id:1, r:1.000 and violateion:0.000
2026-02-06 12:32:53,735 [INFO] iter:0, id:2, r:1.000 and violateion:0.002
2026-02-06 12:32:57,450 [INFO] iter:0, id:3, r:1.000 and violateion:0.003
2026-02-06 12:32:58,257 [INFO] merge map
2026-02-06 12:32:58,259 [INFO] merge map
2026-02-06 12:32:58,261 [INFO] merge map
2026-02-06 12:32:58,263 [INFO] merge map
2026-02-06 12:33:04,262 [WARNING] connect time:4, accumulated time:50, and the robot pair:[]
2026-02-06 12:33:08,506 [INFO] iter:8, id:0, r:1.000 and violateion:0.000
2026-02-06 12:33:12,908 [INFO] iter:20, id:1, r:1.000 and violateion:0.000
2026-02-06 12:33:15,130 [INFO] iter:0, id:2, r:1.000 and violateion:0.000
2026-02-06 12:33:17,467 [INFO] iter:0, id:3, r:1.000 and violateion:0.000
2026-02-06 12:33:17,469 [INFO] have warm up
2026-02-06 12:33:22,049 [INFO] iter:0, id:0, r:1.000 and violateion:0.000
2026-02-06 12:33:26,014 [INFO] iter:0, id:1, r:1.000 and violateion:0.000
2026-02-06 12:33:30,242 [INFO] iter:0, id:2, r:1.000 and violateion:0.000
2026-02-06 12:33:34,575 [INFO] iter:0, id:3, r:1.000 and violateion:0.000
2026-02-06 12:33:35,742 [WARNING] connect time:0, accumulated time:50, and the robot pair:[(0, 1), (2, 3)]
2026-02-06 12:33:38,415 [INFO] iter:4, id:0, r:1.000 and violateion:0.000
2026-02-06 12:33:40,563 [INFO] iter:0, id:1, r:1.000 and violateion:0.000
2026-02-06 12:33:42,813 [INFO] iter:0, id:2, r:1.000 and violateion:0.000
2026-02-06 12:33:45,034 [INFO] iter:0, id:3, r:1.000 and violateion:0.000
2026-02-06 12:33:45,037 [INFO] have warm up
2026-02-06 12:33:48,571 [INFO] iter:0, id:0, r:1.000 and violateion:0.000
2026-02-06 12:33:52,376 [INFO] iter:0, id:1, r:1.000 and violateion:0.000
2026-02-06 12:33:56,315 [INFO] iter:0, id:2, r:1.000 and violateion:0.005
2026-02-06 12:34:00,338 [INFO] iter:0, id:3, r:1.000 and violateion:0.005
2026-02-06 12:34:06,995 [WARNING] connect time:4, accumulated time:54, and the robot pair:[(0, 1), (2, 3)]
2026-02-06 12:34:10,487 [INFO] iter:1, id:0, r:1.000 and violateion:0.000
2026-02-06 12:34:12,621 [INFO] iter:0, id:1, r:1.000 and violateion:0.000
2026-02-06 12:34:14,877 [INFO] iter:0, id:2, r:1.000 and violateion:0.000
2026-02-06 12:34:17,350 [INFO] iter:1, id:3, r:1.000 and violateion:0.000
2026-02-06 12:34:17,353 [INFO] have warm up
2026-02-06 12:34:21,720 [INFO] iter:0, id:0, r:1.000 and violateion:0.000
2026-02-06 12:34:25,406 [INFO] iter:0, id:1, r:1.000 and violateion:0.000
2026-02-06 12:34:29,201 [INFO] iter:0, id:2, r:1.000 and violateion:0.007
2026-02-06 12:34:33,099 [INFO] iter:0, id:3, r:1.000 and violateion:0.008
2026-02-06 12:34:40,756 [WARNING] connect time:4, accumulated time:58, and the robot pair:[(0, 1), (2, 3)]
2026-02-06 12:34:44,481 [INFO] iter:3, id:0, r:1.000 and violateion:0.000
2026-02-06 12:34:47,396 [INFO] iter:7, id:1, r:1.000 and violateion:0.000
2026-02-06 12:34:49,603 [INFO] iter:0, id:2, r:1.000 and violateion:0.000
2026-02-06 12:34:52,096 [INFO] iter:1, id:3, r:1.000 and violateion:0.000
2026-02-06 12:34:52,099 [INFO] have warm up
2026-02-06 12:34:56,616 [INFO] iter:0, id:0, r:1.000 and violateion:0.000
2026-02-06 12:35:00,647 [INFO] iter:0, id:1, r:1.000 and violateion:0.000
2026-02-06 12:35:05,134 [INFO] iter:0, id:2, r:1.000 and violateion:0.006
2026-02-06 12:35:09,500 [INFO] iter:0, id:3, r:1.000 and violateion:0.007
2026-02-06 12:35:10,152 [INFO] merge map
2026-02-06 12:35:10,154 [INFO] merge map
2026-02-06 12:35:10,156 [INFO] merge map
2026-02-06 12:35:10,159 [INFO] merge map
2026-02-06 12:35:19,727 [INFO] signal_shutdown [atexit]
