2026-02-06 00:12:34,299 [INFO] Unable to initialize backend 'rocm': module 'jaxlib.xla_extension' has no attribute 'GpuAllocatorConfig'
2026-02-06 00:12:34,300 [INFO] Unable to initialize backend 'tpu': INTERNAL: Failed to open libtpu.so: libtpu.so: cannot open shared object file: No such file or directory
2026-02-06 00:12:36,589 [INFO] topicmanager initialized
2026-02-06 00:12:36,634 [INFO] Log opened: Thu Feb  5 16:12:36 2026 UTC
2026-02-06 00:12:40,505 [INFO] my_strategy
2026-02-06 00:13:17,263 [INFO] iter:190, id:0, r:7544.696 and violateion:0.000
2026-02-06 00:13:47,640 [INFO] iter:190, id:1, r:7544.696 and violateion:0.000
2026-02-06 00:14:18,160 [INFO] iter:190, id:2, r:7544.696 and violateion:0.000
2026-02-06 00:14:48,548 [INFO] iter:190, id:3, r:7544.696 and violateion:0.000
2026-02-06 00:14:50,807 [WARNING] connect time:0, accumulated time:0, and the robot pair:[(0, 1), (0, 2), (0, 3), (1, 2), (1, 3), (2, 3)]
2026-02-06 00:17:17,192 [INFO] failed to satisfy constraint, id: 0 and r_penalty: 10000.000 and violations:1.658:
2026-02-06 00:19:43,282 [INFO] failed to satisfy constraint, id: 1 and r_penalty: 10000.000 and violations:1.658:
2026-02-06 00:22:02,392 [INFO] failed to satisfy constraint, id: 2 and r_penalty: 10000.000 and violations:1.658:
2026-02-06 00:24:20,601 [INFO] failed to satisfy constraint, id: 3 and r_penalty: 10000.000 and violations:1.658:
2026-02-06 00:24:22,662 [WARNING] connect time:4, accumulated time:4, and the robot pair:[(0, 1), (0, 2), (0, 3), (1, 2), (1, 3), (2, 3)]
2026-02-06 00:26:40,760 [INFO] failed to satisfy constraint, id: 0 and r_penalty: 10000.000 and violations:1.658:
2026-02-06 00:28:57,811 [INFO] failed to satisfy constraint, id: 1 and r_penalty: 10000.000 and violations:1.658:
2026-02-06 00:31:14,641 [INFO] failed to satisfy constraint, id: 2 and r_penalty: 10000.000 and violations:1.658:
2026-02-06 00:33:31,493 [INFO] failed to satisfy constraint, id: 3 and r_penalty: 10000.000 and violations:1.658:
2026-02-06 00:33:34,032 [WARNING] connect time:4, accumulated time:8, and the robot pair:[(0, 1), (0, 2), (0, 3), (1, 2), (1, 3), (2, 3)]
2026-02-06 00:35:50,638 [INFO] failed to satisfy constraint, id: 0 and r_penalty: 10000.000 and violations:1.658:
2026-02-06 00:38:05,398 [INFO] failed to satisfy constraint, id: 1 and r_penalty: 10000.000 and violations:1.658:
2026-02-06 00:40:20,203 [INFO] failed to satisfy constraint, id: 2 and r_penalty: 10000.000 and violations:1.658:
2026-02-06 00:42:35,639 [INFO] failed to satisfy constraint, id: 3 and r_penalty: 10000.000 and violations:1.658:
2026-02-06 00:42:36,639 [INFO] merge map
2026-02-06 00:42:36,641 [INFO] merge map
2026-02-06 00:42:36,643 [INFO] merge map
2026-02-06 00:42:36,645 [INFO] merge map
2026-02-06 00:42:37,846 [WARNING] connect time:2, accumulated time:10, and the robot pair:[]
2026-02-06 00:42:43,354 [INFO] iter:1, id:0, r:1.000 and violateion:0.000
2026-02-06 00:42:47,096 [INFO] iter:1, id:1, r:1.000 and violateion:0.000
2026-02-06 00:42:51,242 [INFO] iter:1, id:2, r:1.000 and violateion:0.000
2026-02-06 00:42:54,848 [INFO] iter:1, id:3, r:1.000 and violateion:0.000
2026-02-06 00:42:57,694 [WARNING] connect time:2, accumulated time:12, and the robot pair:[(0, 1), (0, 2), (0, 3), (1, 2), (1, 3), (2, 3)]
2026-02-06 00:43:03,930 [INFO] iter:1, id:0, r:1.000 and violateion:0.000
2026-02-06 00:43:08,170 [INFO] iter:1, id:1, r:1.000 and violateion:0.000
2026-02-06 00:43:12,852 [INFO] iter:1, id:2, r:1.000 and violateion:0.000
2026-02-06 00:43:17,374 [INFO] iter:1, id:3, r:1.000 and violateion:0.000
2026-02-06 00:43:21,714 [WARNING] connect time:4, accumulated time:16, and the robot pair:[(0, 1), (0, 2), (0, 3), (1, 2), (1, 3), (2, 3)]
2026-02-06 00:43:26,803 [INFO] iter:0, id:0, r:1.000 and violateion:0.000
2026-02-06 00:43:30,694 [INFO] iter:0, id:1, r:1.000 and violateion:0.000
2026-02-06 00:43:35,188 [INFO] iter:0, id:2, r:1.000 and violateion:0.000
2026-02-06 00:43:39,656 [INFO] iter:0, id:3, r:1.000 and violateion:0.000
2026-02-06 00:43:40,918 [INFO] merge map
2026-02-06 00:43:40,920 [INFO] merge map
2026-02-06 00:43:40,922 [INFO] merge map
2026-02-06 00:43:40,924 [INFO] merge map
2026-02-06 00:43:44,211 [WARNING] connect time:4, accumulated time:20, and the robot pair:[]
2026-02-06 00:43:50,706 [INFO] iter:0, id:0, r:1.000 and violateion:0.000
2026-02-06 00:43:54,339 [INFO] iter:0, id:1, r:1.000 and violateion:0.000
2026-02-06 00:43:58,012 [INFO] iter:0, id:2, r:1.000 and violateion:0.000
2026-02-06 00:44:02,492 [INFO] iter:0, id:3, r:1.000 and violateion:0.000
2026-02-06 00:44:03,977 [WARNING] connect time:0, accumulated time:20, and the robot pair:[(0, 1), (0, 2), (0, 3), (1, 2), (1, 3), (2, 3)]
2026-02-06 00:44:08,443 [INFO] iter:0, id:0, r:1.000 and violateion:0.000
2026-02-06 00:44:12,992 [INFO] iter:0, id:1, r:1.000 and violateion:0.000
2026-02-06 00:44:17,805 [INFO] iter:0, id:2, r:1.000 and violateion:0.000
2026-02-06 00:44:22,004 [INFO] iter:0, id:3, r:1.000 and violateion:0.000
2026-02-06 00:44:25,678 [WARNING] connect time:4, accumulated time:24, and the robot pair:[(0, 1), (0, 2), (0, 3), (1, 2), (1, 3), (2, 3)]
2026-02-06 00:44:30,932 [INFO] iter:0, id:0, r:1.000 and violateion:0.000
2026-02-06 00:44:34,779 [INFO] iter:0, id:1, r:1.000 and violateion:0.000
2026-02-06 00:44:39,382 [INFO] iter:0, id:2, r:1.000 and violateion:0.000
2026-02-06 00:44:44,704 [INFO] iter:0, id:3, r:1.000 and violateion:0.000
2026-02-06 00:44:50,424 [WARNING] connect time:4, accumulated time:28, and the robot pair:[(0, 1), (0, 2), (0, 3), (1, 2), (1, 3), (2, 3)]
2026-02-06 00:44:55,601 [INFO] iter:0, id:0, r:1.000 and violateion:0.000
2026-02-06 00:44:59,239 [INFO] iter:0, id:1, r:1.000 and violateion:0.000
2026-02-06 00:45:03,803 [INFO] iter:0, id:2, r:1.000 and violateion:0.000
2026-02-06 00:45:08,112 [INFO] iter:0, id:3, r:1.000 and violateion:0.000
2026-02-06 00:45:08,992 [INFO] merge map
2026-02-06 00:45:08,994 [INFO] merge map
2026-02-06 00:45:08,996 [INFO] merge map
2026-02-06 00:45:08,997 [INFO] merge map
2026-02-06 00:45:11,337 [WARNING] connect time:2, accumulated time:30, and the robot pair:[]
2026-02-06 00:45:17,113 [INFO] iter:0, id:0, r:1.000 and violateion:0.000
2026-02-06 00:45:21,129 [INFO] iter:0, id:1, r:1.000 and violateion:0.000
2026-02-06 00:45:24,780 [INFO] iter:0, id:2, r:1.000 and violateion:0.000
2026-02-06 00:45:28,513 [INFO] iter:0, id:3, r:1.000 and violateion:0.000
2026-02-06 00:45:32,152 [WARNING] connect time:2, accumulated time:32, and the robot pair:[(0, 1), (0, 2), (0, 3), (1, 2), (1, 3), (2, 3)]
2026-02-06 00:45:37,603 [INFO] iter:0, id:0, r:1.000 and violateion:0.000
2026-02-06 00:45:41,214 [INFO] iter:0, id:1, r:1.000 and violateion:0.000
2026-02-06 00:45:44,954 [INFO] iter:0, id:2, r:1.000 and violateion:0.000
2026-02-06 00:45:48,769 [INFO] iter:0, id:3, r:1.000 and violateion:0.000
2026-02-06 00:45:54,577 [WARNING] connect time:4, accumulated time:36, and the robot pair:[(0, 1), (0, 2), (0, 3), (1, 2), (1, 3), (2, 3)]
2026-02-06 00:45:59,555 [INFO] iter:0, id:0, r:1.000 and violateion:0.000
2026-02-06 00:46:03,122 [INFO] iter:0, id:1, r:1.000 and violateion:0.000
2026-02-06 00:46:06,760 [INFO] iter:0, id:2, r:1.000 and violateion:0.000
2026-02-06 00:46:10,500 [INFO] iter:0, id:3, r:1.000 and violateion:0.000
2026-02-06 00:46:11,524 [INFO] merge map
2026-02-06 00:46:11,525 [INFO] merge map
2026-02-06 00:46:11,527 [INFO] merge map
2026-02-06 00:46:11,529 [INFO] merge map
2026-02-06 00:46:16,381 [WARNING] connect time:4, accumulated time:40, and the robot pair:[]
2026-02-06 00:46:21,853 [INFO] iter:0, id:0, r:1.000 and violateion:0.000
2026-02-06 00:46:25,522 [INFO] iter:0, id:1, r:1.000 and violateion:0.000
2026-02-06 00:46:29,217 [INFO] iter:0, id:2, r:1.000 and violateion:0.000
2026-02-06 00:46:33,017 [INFO] iter:0, id:3, r:1.000 and violateion:0.000
2026-02-06 00:46:34,423 [WARNING] connect time:0, accumulated time:40, and the robot pair:[(0, 1), (0, 2), (0, 3), (1, 2), (1, 3), (2, 3)]
2026-02-06 00:46:37,883 [INFO] iter:0, id:0, r:1.000 and violateion:0.000
2026-02-06 00:46:41,308 [INFO] iter:0, id:1, r:1.000 and violateion:0.000
2026-02-06 00:46:44,893 [INFO] iter:0, id:2, r:1.000 and violateion:0.000
2026-02-06 00:46:48,575 [INFO] iter:0, id:3, r:1.000 and violateion:0.000
2026-02-06 00:46:54,199 [WARNING] connect time:4, accumulated time:44, and the robot pair:[(0, 1), (0, 2), (0, 3), (1, 2), (1, 3), (2, 3)]
2026-02-06 00:46:59,274 [INFO] iter:0, id:0, r:1.000 and violateion:0.000
2026-02-06 00:47:02,929 [INFO] iter:0, id:1, r:1.000 and violateion:0.000
2026-02-06 00:47:06,672 [INFO] iter:0, id:2, r:1.000 and violateion:0.000
2026-02-06 00:47:10,529 [INFO] iter:0, id:3, r:1.000 and violateion:0.000
2026-02-06 00:47:17,362 [WARNING] connect time:4, accumulated time:48, and the robot pair:[(0, 1), (0, 2), (0, 3), (1, 2), (1, 3), (2, 3)]
2026-02-06 00:47:22,597 [INFO] iter:0, id:0, r:1.000 and violateion:0.000
2026-02-06 00:47:25,913 [INFO] iter:0, id:1, r:1.000 and violateion:0.000
2026-02-06 00:47:29,398 [INFO] iter:0, id:2, r:1.000 and violateion:0.000
2026-02-06 00:47:32,996 [INFO] iter:0, id:3, r:1.000 and violateion:0.000
2026-02-06 00:47:34,033 [INFO] merge map
2026-02-06 00:47:34,035 [INFO] merge map
2026-02-06 00:47:34,037 [INFO] merge map
2026-02-06 00:47:34,039 [INFO] merge map
2026-02-06 00:47:37,255 [WARNING] connect time:2, accumulated time:50, and the robot pair:[]
2026-02-06 00:47:42,511 [INFO] iter:0, id:0, r:1.000 and violateion:0.000
2026-02-06 00:47:46,123 [INFO] iter:0, id:1, r:1.000 and violateion:0.000
2026-02-06 00:47:50,057 [INFO] iter:0, id:2, r:1.000 and violateion:0.000
2026-02-06 00:47:54,017 [INFO] iter:0, id:3, r:1.000 and violateion:0.000
2026-02-06 00:47:59,174 [WARNING] connect time:2, accumulated time:52, and the robot pair:[(0, 1), (0, 2), (0, 3), (1, 2), (1, 3), (2, 3)]
2026-02-06 00:48:04,140 [INFO] iter:0, id:0, r:1.000 and violateion:0.000
2026-02-06 00:48:07,628 [INFO] iter:0, id:1, r:1.000 and violateion:0.000
2026-02-06 00:48:11,295 [INFO] iter:0, id:2, r:1.000 and violateion:0.000
2026-02-06 00:48:15,056 [INFO] iter:0, id:3, r:1.000 and violateion:0.000
2026-02-06 00:48:23,601 [WARNING] connect time:4, accumulated time:56, and the robot pair:[(0, 1), (0, 2), (0, 3), (1, 2), (1, 3), (2, 3)]
2026-02-06 00:48:28,555 [INFO] iter:0, id:0, r:1.000 and violateion:0.000
2026-02-06 00:48:32,134 [INFO] iter:0, id:1, r:1.000 and violateion:0.000
2026-02-06 00:48:35,828 [INFO] iter:0, id:2, r:1.000 and violateion:0.000
2026-02-06 00:48:39,633 [INFO] iter:0, id:3, r:1.000 and violateion:0.000
2026-02-06 00:48:40,818 [INFO] merge map
2026-02-06 00:48:40,820 [INFO] merge map
2026-02-06 00:48:40,822 [INFO] merge map
2026-02-06 00:48:40,824 [INFO] merge map
2026-02-06 00:49:10,405 [INFO] update map
2026-02-06 00:49:17,144 [WARNING] connect time:4, accumulated time:60, and the robot pair:[]
2026-02-06 00:49:22,062 [INFO] iter:0, id:0, r:1.000 and violateion:0.000
2026-02-06 00:49:25,518 [INFO] iter:0, id:1, r:1.000 and violateion:0.000
2026-02-06 00:49:29,290 [INFO] iter:0, id:2, r:1.000 and violateion:0.000
2026-02-06 00:49:33,056 [INFO] iter:0, id:3, r:1.000 and violateion:0.000
2026-02-06 00:49:34,800 [WARNING] connect time:0, accumulated time:60, and the robot pair:[(0, 1), (0, 2), (0, 3), (1, 2), (1, 3), (2, 3)]
2026-02-06 00:49:38,186 [INFO] iter:0, id:0, r:1.000 and violateion:0.000
2026-02-06 00:49:41,597 [INFO] iter:0, id:1, r:1.000 and violateion:0.000
2026-02-06 00:49:45,109 [INFO] iter:0, id:2, r:1.000 and violateion:0.000
2026-02-06 00:49:48,835 [INFO] iter:0, id:3, r:1.000 and violateion:0.000
2026-02-06 00:49:56,192 [WARNING] connect time:4, accumulated time:64, and the robot pair:[(0, 1), (0, 2), (0, 3), (1, 2), (1, 3), (2, 3)]
2026-02-06 00:50:01,202 [INFO] iter:0, id:0, r:1.000 and violateion:0.000
2026-02-06 00:50:04,734 [INFO] iter:0, id:1, r:1.000 and violateion:0.000
2026-02-06 00:50:08,374 [INFO] iter:0, id:2, r:1.000 and violateion:0.000
2026-02-06 00:50:12,121 [INFO] iter:0, id:3, r:1.000 and violateion:0.000
2026-02-06 00:50:20,837 [WARNING] connect time:4, accumulated time:68, and the robot pair:[(0, 1), (0, 2), (0, 3), (1, 2), (1, 3), (2, 3)]
2026-02-06 00:50:26,658 [INFO] iter:0, id:0, r:1.000 and violateion:0.000
2026-02-06 00:50:30,245 [INFO] iter:0, id:1, r:1.000 and violateion:0.000
2026-02-06 00:50:33,970 [INFO] iter:0, id:2, r:1.000 and violateion:0.000
2026-02-06 00:50:37,852 [INFO] iter:0, id:3, r:1.000 and violateion:0.000
2026-02-06 00:50:38,528 [INFO] merge map
2026-02-06 00:50:38,531 [INFO] merge map
2026-02-06 00:50:38,533 [INFO] merge map
2026-02-06 00:50:38,535 [INFO] merge map
2026-02-06 00:50:42,627 [WARNING] connect time:2, accumulated time:70, and the robot pair:[]
2026-02-06 00:50:48,483 [INFO] iter:7, id:0, r:1.000 and violateion:0.000
2026-02-06 00:50:51,923 [INFO] iter:0, id:1, r:1.000 and violateion:0.000
2026-02-06 00:50:55,789 [INFO] iter:1, id:2, r:1.000 and violateion:0.000
2026-02-06 00:50:59,639 [INFO] iter:1, id:3, r:1.000 and violateion:0.000
2026-02-06 00:51:05,441 [WARNING] connect time:2, accumulated time:72, and the robot pair:[(0, 1), (0, 2), (0, 3), (1, 2), (1, 3), (2, 3)]
2026-02-06 00:51:11,076 [INFO] iter:6, id:0, r:1.000 and violateion:0.004
2026-02-06 00:51:14,633 [INFO] iter:0, id:1, r:1.000 and violateion:0.002
2026-02-06 00:51:18,683 [INFO] iter:1, id:2, r:1.000 and violateion:0.002
2026-02-06 00:51:22,867 [INFO] iter:1, id:3, r:1.000 and violateion:0.002
2026-02-06 00:51:32,313 [WARNING] connect time:4, accumulated time:76, and the robot pair:[(0, 1), (0, 2), (0, 3), (1, 2), (1, 3), (2, 3)]
2026-02-06 00:51:38,037 [INFO] iter:6, id:0, r:1.000 and violateion:0.013
2026-02-06 00:51:41,661 [INFO] iter:1, id:1, r:1.000 and violateion:0.003
2026-02-06 00:51:45,650 [INFO] iter:3, id:2, r:1.000 and violateion:0.004
2026-02-06 00:51:50,562 [INFO] iter:2, id:3, r:1.000 and violateion:0.003
2026-02-06 00:51:52,024 [INFO] merge map
2026-02-06 00:51:52,026 [INFO] merge map
2026-02-06 00:51:52,028 [INFO] merge map
2026-02-06 00:51:52,030 [INFO] merge map
2026-02-06 00:52:00,464 [WARNING] connect time:4, accumulated time:80, and the robot pair:[]
2026-02-06 00:52:05,664 [INFO] iter:2, id:0, r:1.000 and violateion:0.003
2026-02-06 00:52:09,154 [INFO] iter:0, id:1, r:1.000 and violateion:0.000
2026-02-06 00:52:12,839 [INFO] iter:0, id:2, r:1.000 and violateion:0.000
2026-02-06 00:52:17,159 [INFO] iter:4, id:3, r:1.000 and violateion:0.001
2026-02-06 00:52:18,588 [WARNING] connect time:0, accumulated time:80, and the robot pair:[(0, 1), (0, 2), (0, 3), (1, 2), (1, 3), (2, 3)]
2026-02-06 00:52:21,957 [INFO] iter:0, id:0, r:1.000 and violateion:0.019
2026-02-06 00:54:03,830 [INFO] failed to satisfy constraint, id: 1 and r_penalty: 10000.000 and violations:0.032:
2026-02-06 00:54:07,538 [INFO] iter:0, id:2, r:1.000 and violateion:0.019
2026-02-06 00:55:29,795 [INFO] iter:798, id:3, r:273.382 and violateion:0.011
2026-02-06 00:55:39,347 [WARNING] connect time:4, accumulated time:84, and the robot pair:[(0, 1), (0, 2), (0, 3), (1, 2), (1, 3), (2, 3)]
2026-02-06 00:55:55,729 [INFO] iter:115, id:0, r:260.363 and violateion:0.004
2026-02-06 00:55:59,367 [INFO] iter:1, id:1, r:1.000 and violateion:0.000
2026-02-06 00:56:14,719 [INFO] iter:117, id:2, r:287.051 and violateion:0.003
2026-02-06 00:56:29,342 [INFO] iter:111, id:3, r:214.202 and violateion:0.006
2026-02-06 00:56:39,858 [WARNING] connect time:4, accumulated time:88, and the robot pair:[(0, 1), (0, 2), (1, 2)]
2026-02-06 00:56:44,898 [INFO] iter:0, id:0, r:1.000 and violateion:0.000
2026-02-06 00:56:48,586 [INFO] iter:0, id:1, r:1.000 and violateion:0.000
2026-02-06 00:56:52,391 [INFO] iter:0, id:2, r:1.000 and violateion:0.000
2026-02-06 00:56:53,370 [INFO] merge map
2026-02-06 00:56:53,373 [INFO] merge map
2026-02-06 00:56:53,376 [INFO] merge map
2026-02-06 00:56:53,379 [INFO] merge map
2026-02-06 00:56:58,368 [WARNING] connect time:2, accumulated time:90, and the robot pair:[]
2026-02-06 00:57:04,522 [INFO] iter:0, id:0, r:1.000 and violateion:0.000
2026-02-06 00:57:08,103 [INFO] iter:0, id:1, r:1.000 and violateion:0.000
2026-02-06 00:57:11,823 [INFO] iter:0, id:2, r:1.000 and violateion:0.000
2026-02-06 00:57:15,786 [INFO] iter:0, id:3, r:1.000 and violateion:0.000
2026-02-06 00:57:21,785 [WARNING] connect time:2, accumulated time:92, and the robot pair:[(0, 1), (0, 2), (1, 2)]
2026-02-06 00:57:26,932 [INFO] iter:0, id:0, r:1.000 and violateion:0.000
2026-02-06 00:57:30,618 [INFO] iter:0, id:1, r:1.000 and violateion:0.000
2026-02-06 00:57:34,449 [INFO] iter:0, id:2, r:1.000 and violateion:0.000
2026-02-06 00:57:45,363 [WARNING] connect time:4, accumulated time:96, and the robot pair:[(0, 1), (0, 2), (1, 2)]
2026-02-06 00:57:50,260 [INFO] iter:0, id:0, r:1.000 and violateion:0.000
2026-02-06 00:57:53,853 [INFO] iter:0, id:1, r:1.000 and violateion:0.000
2026-02-06 00:57:57,481 [INFO] iter:0, id:2, r:1.000 and violateion:0.000
2026-02-06 00:58:01,659 [WARNING] connect time:1, accumulated time:97, and the robot pair:[(0, 3)]
2026-02-06 00:58:06,675 [INFO] iter:0, id:0, r:1.000 and violateion:0.005
2026-02-06 00:58:10,615 [INFO] iter:1, id:3, r:1.000 and violateion:0.005
2026-02-06 00:58:11,376 [INFO] merge map
2026-02-06 00:58:11,379 [INFO] merge map
2026-02-06 00:58:11,381 [INFO] merge map
2026-02-06 00:58:11,384 [INFO] merge map
2026-02-06 00:58:18,513 [WARNING] connect time:3, accumulated time:100, and the robot pair:[]
2026-02-06 00:58:23,345 [INFO] iter:0, id:0, r:1.000 and violateion:0.000
2026-02-06 00:58:26,864 [INFO] iter:0, id:1, r:1.000 and violateion:0.000
2026-02-06 00:58:30,424 [INFO] iter:0, id:2, r:1.000 and violateion:0.000
2026-02-06 00:58:34,182 [INFO] iter:0, id:3, r:1.000 and violateion:0.000
2026-02-06 00:58:35,548 [WARNING] connect time:0, accumulated time:100, and the robot pair:[(0, 1), (0, 2), (1, 2)]
2026-02-06 00:58:38,690 [INFO] iter:0, id:0, r:1.000 and violateion:0.000
2026-02-06 01:00:11,037 [INFO] satisfy constraint, but not converge, id: 1 and r_penalty: 8.150 and violations:0.000:
2026-02-06 01:00:14,758 [INFO] iter:1, id:2, r:1.000 and violateion:0.000
2026-02-06 01:00:18,824 [WARNING] connect time:1, accumulated time:101, and the robot pair:[(0, 3)]
2026-02-06 01:00:23,816 [INFO] iter:0, id:0, r:1.000 and violateion:0.005
2026-02-06 01:00:27,630 [INFO] iter:1, id:3, r:1.000 and violateion:0.005
2026-02-06 01:00:37,326 [WARNING] connect time:3, accumulated time:104, and the robot pair:[(0, 1), (0, 2), (1, 2)]
2026-02-06 01:02:11,562 [INFO] failed to satisfy constraint, id: 0 and r_penalty: 10000.000 and violations:0.142:
2026-02-06 01:02:15,678 [INFO] iter:2, id:1, r:1.000 and violateion:0.007
2026-02-06 01:03:49,416 [INFO] failed to satisfy constraint, id: 2 and r_penalty: 10000.000 and violations:0.075:
2026-02-06 01:03:53,419 [WARNING] connect time:1, accumulated time:105, and the robot pair:[(0, 3)]
2026-02-06 01:04:11,863 [INFO] iter:147, id:0, r:1240.617 and violateion:0.001
2026-02-06 01:05:44,897 [INFO] failed to satisfy constraint, id: 3 and r_penalty: 10000.000 and violations:0.027:
2026-02-06 01:05:54,953 [WARNING] connect time:3, accumulated time:108, and the robot pair:[(0, 1), (0, 2), (1, 2)]
2026-02-06 01:06:00,341 [INFO] iter:1, id:0, r:1.000 and violateion:0.000
2026-02-06 01:06:04,415 [INFO] iter:1, id:1, r:1.000 and violateion:0.004
2026-02-06 01:06:08,420 [INFO] iter:1, id:2, r:1.000 and violateion:0.001
2026-02-06 01:06:11,711 [WARNING] connect time:1, accumulated time:109, and the robot pair:[(0, 3)]
2026-02-06 01:06:18,317 [INFO] iter:0, id:0, r:1.000 and violateion:0.011
2026-02-06 01:07:49,701 [INFO] failed to satisfy constraint, id: 3 and r_penalty: 10000.000 and violations:0.109:
2026-02-06 01:07:50,915 [INFO] merge map
2026-02-06 01:07:50,917 [INFO] merge map
2026-02-06 01:07:50,918 [INFO] merge map
2026-02-06 01:07:50,920 [INFO] merge map
2026-02-06 01:07:53,507 [WARNING] connect time:1, accumulated time:110, and the robot pair:[]
2026-02-06 01:07:59,038 [INFO] iter:0, id:0, r:1.000 and violateion:0.008
2026-02-06 01:08:02,890 [INFO] iter:0, id:1, r:1.000 and violateion:0.006
2026-02-06 01:08:06,910 [INFO] iter:0, id:2, r:1.000 and violateion:0.002
2026-02-06 01:09:37,912 [INFO] failed to satisfy constraint, id: 3 and r_penalty: 10000.000 and violations:0.103:
2026-02-06 01:09:44,838 [WARNING] connect time:2, accumulated time:112, and the robot pair:[(0, 1), (0, 2), (1, 2)]
2026-02-06 01:09:50,175 [INFO] iter:1, id:0, r:1.000 and violateion:0.003
2026-02-06 01:09:54,086 [INFO] iter:1, id:1, r:1.000 and violateion:0.006
2026-02-06 01:09:58,087 [INFO] iter:1, id:2, r:1.000 and violateion:0.003
2026-02-06 01:10:02,943 [WARNING] connect time:1, accumulated time:113, and the robot pair:[(0, 3)]
2026-02-06 01:10:08,043 [INFO] iter:0, id:0, r:1.000 and violateion:0.010
2026-02-06 01:11:37,310 [INFO] failed to satisfy constraint, id: 3 and r_penalty: 10000.000 and violations:0.235:
2026-02-06 01:11:46,555 [WARNING] connect time:3, accumulated time:116, and the robot pair:[(0, 1), (0, 2), (1, 2)]
2026-02-06 01:11:52,392 [INFO] iter:1, id:0, r:1.000 and violateion:0.003
2026-02-06 01:11:56,219 [INFO] iter:1, id:1, r:1.000 and violateion:0.007
2026-02-06 01:12:00,399 [INFO] iter:1, id:2, r:1.000 and violateion:0.005
2026-02-06 01:12:05,115 [WARNING] connect time:1, accumulated time:117, and the robot pair:[(0, 3)]
2026-02-06 01:12:10,125 [INFO] iter:0, id:0, r:1.000 and violateion:0.012
2026-02-06 01:13:37,797 [INFO] failed to satisfy constraint, id: 3 and r_penalty: 10000.000 and violations:0.209:
2026-02-06 01:13:38,490 [INFO] merge map
2026-02-06 01:13:38,492 [INFO] merge map
2026-02-06 01:13:38,493 [INFO] merge map
2026-02-06 01:13:38,495 [INFO] merge map
2026-02-06 01:17:21,098 [INFO] update map
2026-02-06 01:17:29,544 [WARNING] connect time:3, accumulated time:120, and the robot pair:[]
2026-02-06 01:17:34,413 [INFO] iter:0, id:0, r:1.000 and violateion:0.004
2026-02-06 01:17:38,016 [INFO] iter:0, id:1, r:1.000 and violateion:0.008
2026-02-06 01:17:41,642 [INFO] iter:0, id:2, r:1.000 and violateion:0.006
2026-02-06 01:19:07,340 [INFO] failed to satisfy constraint, id: 3 and r_penalty: 10000.000 and violations:0.184:
2026-02-06 01:19:08,804 [WARNING] connect time:0, accumulated time:120, and the robot pair:[(0, 1), (0, 2), (1, 2)]
2026-02-06 01:19:12,004 [INFO] iter:0, id:0, r:1.000 and violateion:0.011
2026-02-06 01:19:15,557 [INFO] iter:1, id:1, r:1.000 and violateion:0.013
2026-02-06 01:19:19,435 [INFO] iter:1, id:2, r:1.000 and violateion:0.011
2026-02-06 01:19:22,400 [WARNING] connect time:1, accumulated time:121, and the robot pair:[(0, 3)]
2026-02-06 01:20:49,356 [INFO] failed to satisfy constraint, id: 0 and r_penalty: 10000.000 and violations:0.248:
2026-02-06 01:22:15,482 [INFO] failed to satisfy constraint, id: 3 and r_penalty: 10000.000 and violations:0.169:
2026-02-06 01:22:27,038 [WARNING] connect time:3, accumulated time:124, and the robot pair:[(0, 1), (0, 2), (1, 2)]
2026-02-06 01:22:32,228 [INFO] iter:0, id:0, r:1.000 and violateion:0.000
2026-02-06 01:22:36,108 [INFO] iter:1, id:1, r:1.000 and violateion:0.000
2026-02-06 01:22:40,098 [INFO] iter:1, id:2, r:1.000 and violateion:0.000
2026-02-06 01:22:44,187 [WARNING] connect time:1, accumulated time:125, and the robot pair:[(0, 3)]
2026-02-06 01:22:51,226 [INFO] iter:1, id:0, r:1.000 and violateion:0.000
2026-02-06 01:24:15,502 [INFO] failed to satisfy constraint, id: 3 and r_penalty: 10000.000 and violations:0.237:
2026-02-06 01:24:25,867 [WARNING] connect time:3, accumulated time:128, and the robot pair:[(0, 1), (0, 2), (1, 2)]
2026-02-06 01:24:36,668 [INFO] iter:73, id:0, r:22.705 and violateion:0.000
2026-02-06 01:24:46,705 [INFO] iter:78, id:1, r:31.948 and violateion:0.015
2026-02-06 01:24:56,069 [INFO] iter:69, id:2, r:21.623 and violateion:0.020
2026-02-06 01:25:01,531 [WARNING] connect time:1, accumulated time:129, and the robot pair:[(0, 3)]
2026-02-06 01:25:06,659 [INFO] iter:0, id:0, r:1.000 and violateion:0.000
2026-02-06 01:26:28,936 [INFO] failed to satisfy constraint, id: 3 and r_penalty: 10000.000 and violations:0.441:
2026-02-06 01:26:29,846 [INFO] merge map
2026-02-06 01:26:29,848 [INFO] merge map
2026-02-06 01:26:29,850 [INFO] merge map
2026-02-06 01:26:29,852 [INFO] merge map
2026-02-06 01:26:32,720 [WARNING] connect time:1, accumulated time:130, and the robot pair:[]
2026-02-06 01:26:37,791 [INFO] iter:0, id:0, r:1.000 and violateion:0.000
2026-02-06 01:26:41,479 [INFO] iter:0, id:1, r:1.000 and violateion:0.010
2026-02-06 01:26:45,265 [INFO] iter:0, id:2, r:1.000 and violateion:0.014
2026-02-06 01:28:07,167 [INFO] failed to satisfy constraint, id: 3 and r_penalty: 10000.000 and violations:0.422:
2026-02-06 01:28:15,215 [WARNING] connect time:2, accumulated time:132, and the robot pair:[(0, 1), (0, 2), (1, 2)]
2026-02-06 01:29:37,319 [INFO] failed to satisfy constraint, id: 0 and r_penalty: 10000.000 and violations:0.173:
2026-02-06 01:29:41,038 [INFO] iter:1, id:1, r:1.000 and violateion:0.000
2026-02-06 01:29:44,902 [INFO] iter:1, id:2, r:1.000 and violateion:0.000
2026-02-06 01:29:50,415 [WARNING] connect time:1, accumulated time:133, and the robot pair:[(0, 3)]
2026-02-06 01:31:12,355 [INFO] failed to satisfy constraint, id: 0 and r_penalty: 10000.000 and violations:0.159:
2026-02-06 01:32:33,256 [INFO] failed to satisfy constraint, id: 3 and r_penalty: 10000.000 and violations:0.198:
2026-02-06 01:32:43,341 [WARNING] connect time:3, accumulated time:136, and the robot pair:[(0, 1), (0, 2), (1, 2)]
2026-02-06 01:32:48,497 [INFO] iter:0, id:0, r:1.000 and violateion:0.000
2026-02-06 01:32:52,319 [INFO] iter:1, id:1, r:1.000 and violateion:0.000
2026-02-06 01:32:56,812 [INFO] iter:1, id:2, r:1.000 and violateion:0.000
2026-02-06 01:33:02,388 [WARNING] connect time:1, accumulated time:137, and the robot pair:[(0, 3)]
2026-02-06 01:33:07,445 [INFO] iter:0, id:0, r:1.000 and violateion:0.000
2026-02-06 01:33:11,169 [INFO] iter:1, id:3, r:1.000 and violateion:0.000
2026-02-06 01:33:11,882 [INFO] merge map
2026-02-06 01:33:11,884 [INFO] merge map
2026-02-06 01:33:11,886 [INFO] merge map
2026-02-06 01:33:11,888 [INFO] merge map
2026-02-06 01:33:21,280 [WARNING] connect time:3, accumulated time:140, and the robot pair:[]
2026-02-06 01:33:26,251 [INFO] iter:0, id:0, r:1.000 and violateion:0.000
2026-02-06 01:33:29,894 [INFO] iter:0, id:1, r:1.000 and violateion:0.000
2026-02-06 01:33:33,656 [INFO] iter:0, id:2, r:1.000 and violateion:0.000
2026-02-06 01:33:37,403 [INFO] iter:0, id:3, r:1.000 and violateion:0.000
2026-02-06 01:33:38,663 [WARNING] connect time:0, accumulated time:140, and the robot pair:[(0, 1), (0, 2), (1, 2)]
2026-02-06 01:33:41,801 [INFO] iter:0, id:0, r:1.000 and violateion:0.000
2026-02-06 01:33:45,426 [INFO] iter:1, id:1, r:1.000 and violateion:0.001
2026-02-06 01:33:49,373 [INFO] iter:1, id:2, r:1.000 and violateion:0.000
2026-02-06 01:33:54,347 [WARNING] connect time:1, accumulated time:141, and the robot pair:[(0, 3)]
2026-02-06 01:33:59,297 [INFO] iter:0, id:0, r:1.000 and violateion:0.000
2026-02-06 01:34:03,020 [INFO] iter:1, id:3, r:1.000 and violateion:0.000
2026-02-06 01:34:13,505 [WARNING] connect time:3, accumulated time:144, and the robot pair:[(0, 1), (0, 2), (1, 2)]
2026-02-06 01:34:18,147 [INFO] iter:0, id:0, r:1.000 and violateion:0.000
2026-02-06 01:34:21,719 [INFO] iter:1, id:1, r:1.000 and violateion:0.001
2026-02-06 01:34:25,555 [INFO] iter:1, id:2, r:1.000 and violateion:0.000
2026-02-06 01:34:29,249 [WARNING] connect time:1, accumulated time:145, and the robot pair:[(0, 3)]
2026-02-06 01:34:36,258 [INFO] iter:0, id:0, r:1.000 and violateion:0.000
2026-02-06 01:34:40,187 [INFO] iter:2, id:3, r:1.000 and violateion:0.000
2026-02-06 01:34:51,078 [WARNING] connect time:3, accumulated time:148, and the robot pair:[(0, 1), (0, 2), (1, 2)]
2026-02-06 01:34:55,965 [INFO] iter:0, id:0, r:1.000 and violateion:0.000
2026-02-06 01:34:59,767 [INFO] iter:1, id:1, r:1.000 and violateion:0.000
2026-02-06 01:35:03,599 [INFO] iter:1, id:2, r:1.000 and violateion:0.000
2026-02-06 01:35:07,569 [WARNING] connect time:1, accumulated time:149, and the robot pair:[(0, 3)]
2026-02-06 01:35:12,463 [INFO] iter:0, id:0, r:1.000 and violateion:0.000
2026-02-06 01:35:16,203 [INFO] iter:2, id:3, r:1.000 and violateion:0.000
2026-02-06 01:35:16,733 [INFO] merge map
2026-02-06 01:35:16,735 [INFO] merge map
2026-02-06 01:35:16,737 [INFO] merge map
2026-02-06 01:35:16,739 [INFO] merge map
2026-02-06 01:35:21,627 [WARNING] connect time:1, accumulated time:150, and the robot pair:[]
2026-02-06 01:35:26,628 [INFO] iter:0, id:0, r:1.000 and violateion:0.000
2026-02-06 01:35:30,260 [INFO] iter:0, id:1, r:1.000 and violateion:0.000
2026-02-06 01:35:34,015 [INFO] iter:0, id:2, r:1.000 and violateion:0.000
2026-02-06 01:35:37,804 [INFO] iter:0, id:3, r:1.000 and violateion:0.000
2026-02-06 01:35:46,006 [WARNING] connect time:2, accumulated time:152, and the robot pair:[(0, 1), (0, 2), (1, 2)]
2026-02-06 01:35:51,026 [INFO] iter:0, id:0, r:1.000 and violateion:0.000
2026-02-06 01:35:54,984 [INFO] iter:1, id:1, r:1.000 and violateion:0.000
2026-02-06 01:35:58,981 [INFO] iter:1, id:2, r:1.000 and violateion:0.000
2026-02-06 01:36:03,183 [WARNING] connect time:1, accumulated time:153, and the robot pair:[(0, 3)]
2026-02-06 01:36:08,235 [INFO] iter:0, id:0, r:1.000 and violateion:0.000
2026-02-06 01:36:11,996 [INFO] iter:1, id:3, r:1.000 and violateion:0.000
2026-02-06 01:36:22,785 [WARNING] connect time:3, accumulated time:156, and the robot pair:[(0, 1), (0, 2), (1, 2)]
2026-02-06 01:36:29,620 [INFO] iter:0, id:0, r:1.000 and violateion:0.000
2026-02-06 01:36:33,369 [INFO] iter:1, id:1, r:1.000 and violateion:0.000
2026-02-06 01:36:37,350 [INFO] iter:1, id:2, r:1.000 and violateion:0.000
2026-02-06 01:36:41,434 [WARNING] connect time:1, accumulated time:157, and the robot pair:[(0, 2), (0, 3), (2, 3)]
2026-02-06 01:36:46,375 [INFO] iter:0, id:0, r:1.000 and violateion:0.000
2026-02-06 01:36:50,046 [INFO] iter:0, id:2, r:1.000 and violateion:0.000
2026-02-06 01:36:54,071 [INFO] iter:1, id:3, r:1.000 and violateion:0.000
2026-02-06 01:36:54,885 [INFO] merge map
2026-02-06 01:36:54,888 [INFO] merge map
2026-02-06 01:36:54,890 [INFO] merge map
2026-02-06 01:36:54,892 [INFO] merge map
2026-02-06 01:37:04,992 [WARNING] connect time:3, accumulated time:160, and the robot pair:[]
2026-02-06 01:37:09,946 [INFO] iter:0, id:0, r:1.000 and violateion:0.000
2026-02-06 01:37:13,479 [INFO] iter:0, id:1, r:1.000 and violateion:0.000
2026-02-06 01:37:17,156 [INFO] iter:0, id:2, r:1.000 and violateion:0.000
2026-02-06 01:37:20,780 [INFO] iter:0, id:3, r:1.000 and violateion:0.000
2026-02-06 01:37:22,316 [WARNING] connect time:0, accumulated time:160, and the robot pair:[(1, 2)]
2026-02-06 01:37:25,655 [INFO] iter:1, id:1, r:1.000 and violateion:0.000
2026-02-06 01:37:29,357 [INFO] iter:0, id:2, r:1.000 and violateion:0.000
2026-02-06 01:37:34,806 [WARNING] connect time:1, accumulated time:161, and the robot pair:[(0, 2), (0, 3), (2, 3)]
2026-02-06 01:37:39,652 [INFO] iter:0, id:0, r:1.000 and violateion:0.000
2026-02-06 01:37:43,260 [INFO] iter:0, id:2, r:1.000 and violateion:0.000
2026-02-06 01:37:47,046 [INFO] iter:1, id:3, r:1.000 and violateion:0.000
2026-02-06 01:37:58,517 [WARNING] connect time:3, accumulated time:164, and the robot pair:[(1, 2)]
2026-02-06 01:38:03,697 [INFO] iter:1, id:1, r:1.000 and violateion:0.000
2026-02-06 01:38:07,322 [INFO] iter:0, id:2, r:1.000 and violateion:0.000
2026-02-06 01:38:11,785 [WARNING] connect time:1, accumulated time:165, and the robot pair:[(0, 2), (0, 3), (2, 3)]
2026-02-06 01:38:16,779 [INFO] iter:0, id:0, r:1.000 and violateion:0.000
2026-02-06 01:38:20,325 [INFO] iter:0, id:2, r:1.000 and violateion:0.000
2026-02-06 01:38:24,385 [INFO] iter:2, id:3, r:1.000 and violateion:0.000
2026-02-06 01:38:38,253 [WARNING] connect time:3, accumulated time:168, and the robot pair:[(1, 2)]
2026-02-06 01:38:43,108 [INFO] iter:1, id:1, r:1.000 and violateion:0.000
2026-02-06 01:38:46,709 [INFO] iter:0, id:2, r:1.000 and violateion:0.000
2026-02-06 01:38:51,168 [WARNING] connect time:1, accumulated time:169, and the robot pair:[(0, 2), (0, 3), (2, 3)]
2026-02-06 01:38:56,139 [INFO] iter:0, id:0, r:1.000 and violateion:0.000
2026-02-06 01:38:59,715 [INFO] iter:0, id:2, r:1.000 and violateion:0.000
2026-02-06 01:39:03,440 [INFO] iter:1, id:3, r:1.000 and violateion:0.000
2026-02-06 01:39:04,218 [INFO] merge map
2026-02-06 01:39:04,220 [INFO] merge map
2026-02-06 01:39:04,222 [INFO] merge map
2026-02-06 01:39:04,224 [INFO] merge map
2026-02-06 01:39:09,574 [WARNING] connect time:1, accumulated time:170, and the robot pair:[]
2026-02-06 01:39:14,335 [INFO] iter:0, id:0, r:1.000 and violateion:0.000
2026-02-06 01:39:17,594 [INFO] iter:0, id:1, r:1.000 and violateion:0.000
2026-02-06 01:39:21,152 [INFO] iter:0, id:2, r:1.000 and violateion:0.000
2026-02-06 01:39:24,850 [INFO] iter:0, id:3, r:1.000 and violateion:0.000
2026-02-06 01:39:31,732 [WARNING] connect time:2, accumulated time:172, and the robot pair:[(1, 2)]
2026-02-06 01:39:36,685 [INFO] iter:1, id:1, r:1.000 and violateion:0.000
2026-02-06 01:39:40,095 [INFO] iter:0, id:2, r:1.000 and violateion:0.000
2026-02-06 01:39:46,788 [WARNING] connect time:1, accumulated time:173, and the robot pair:[(0, 2), (0, 3), (2, 3)]
2026-02-06 01:39:51,377 [INFO] iter:0, id:0, r:1.000 and violateion:0.000
2026-02-06 01:39:54,799 [INFO] iter:0, id:2, r:1.000 and violateion:0.000
2026-02-06 01:39:58,491 [INFO] iter:2, id:3, r:1.000 and violateion:0.000
2026-02-06 01:40:09,958 [WARNING] connect time:3, accumulated time:176, and the robot pair:[(1, 2)]
2026-02-06 01:40:14,559 [INFO] iter:1, id:1, r:1.000 and violateion:0.000
2026-02-06 01:40:17,814 [INFO] iter:0, id:2, r:1.000 and violateion:0.000
2026-02-06 01:40:21,964 [WARNING] connect time:1, accumulated time:177, and the robot pair:[(0, 2), (0, 3), (2, 3)]
2026-02-06 01:40:26,752 [INFO] iter:0, id:0, r:1.000 and violateion:0.000
2026-02-06 01:40:30,147 [INFO] iter:0, id:2, r:1.000 and violateion:0.000
2026-02-06 01:40:33,947 [INFO] iter:1, id:3, r:1.000 and violateion:0.000
2026-02-06 01:40:34,776 [INFO] merge map
2026-02-06 01:40:34,778 [INFO] merge map
2026-02-06 01:40:34,780 [INFO] merge map
2026-02-06 01:40:34,782 [INFO] merge map
2026-02-06 01:48:02,876 [INFO] update map
2026-02-06 01:48:15,316 [WARNING] connect time:3, accumulated time:180, and the robot pair:[]
2026-02-06 01:48:19,997 [INFO] iter:0, id:0, r:1.000 and violateion:0.000
2026-02-06 01:48:23,136 [INFO] iter:0, id:1, r:1.000 and violateion:0.000
2026-02-06 01:48:26,424 [INFO] iter:0, id:2, r:1.000 and violateion:0.000
2026-02-06 01:48:29,965 [INFO] iter:0, id:3, r:1.000 and violateion:0.000
2026-02-06 01:48:31,290 [WARNING] connect time:0, accumulated time:180, and the robot pair:[(1, 2)]
2026-02-06 01:48:34,267 [INFO] iter:1, id:1, r:1.000 and violateion:0.000
2026-02-06 01:48:37,538 [INFO] iter:0, id:2, r:1.000 and violateion:0.000
2026-02-06 01:48:41,201 [WARNING] connect time:1, accumulated time:181, and the robot pair:[(0, 2), (0, 3), (2, 3)]
2026-02-06 01:48:45,966 [INFO] iter:0, id:0, r:1.000 and violateion:0.000
2026-02-06 01:48:49,385 [INFO] iter:0, id:2, r:1.000 and violateion:0.000
2026-02-06 01:48:53,149 [INFO] iter:2, id:3, r:1.000 and violateion:0.000
2026-02-06 01:49:05,302 [WARNING] connect time:3, accumulated time:184, and the robot pair:[(1, 2)]
2026-02-06 01:49:10,111 [INFO] iter:1, id:1, r:1.000 and violateion:0.000
2026-02-06 01:49:13,412 [INFO] iter:0, id:2, r:1.000 and violateion:0.000
2026-02-06 01:49:20,133 [WARNING] connect time:1, accumulated time:185, and the robot pair:[(0, 2), (0, 3), (2, 3)]
2026-02-06 01:49:24,807 [INFO] iter:0, id:0, r:1.000 and violateion:0.000
2026-02-06 01:49:28,097 [INFO] iter:0, id:2, r:1.000 and violateion:0.000
2026-02-06 01:49:31,746 [INFO] iter:2, id:3, r:1.000 and violateion:0.000
2026-02-06 01:49:43,885 [WARNING] connect time:3, accumulated time:188, and the robot pair:[(1, 2)]
2026-02-06 01:49:48,710 [INFO] iter:1, id:1, r:1.000 and violateion:0.000
2026-02-06 01:49:52,025 [INFO] iter:0, id:2, r:1.000 and violateion:0.000
2026-02-06 01:49:56,118 [WARNING] connect time:1, accumulated time:189, and the robot pair:[(0, 2), (0, 3), (2, 3)]
2026-02-06 01:50:00,746 [INFO] iter:0, id:0, r:1.000 and violateion:0.000
2026-02-06 01:50:04,155 [INFO] iter:0, id:2, r:1.000 and violateion:0.000
2026-02-06 01:50:07,836 [INFO] iter:2, id:3, r:1.000 and violateion:0.000
2026-02-06 01:50:08,606 [INFO] merge map
2026-02-06 01:50:08,608 [INFO] merge map
2026-02-06 01:50:08,610 [INFO] merge map
2026-02-06 01:50:08,612 [INFO] merge map
2026-02-06 01:50:14,459 [WARNING] connect time:1, accumulated time:190, and the robot pair:[]
2026-02-06 01:50:18,850 [INFO] iter:0, id:0, r:1.000 and violateion:0.000
2026-02-06 01:50:21,837 [INFO] iter:0, id:1, r:1.000 and violateion:0.000
2026-02-06 01:50:25,042 [INFO] iter:0, id:2, r:1.000 and violateion:0.000
2026-02-06 01:50:28,504 [INFO] iter:0, id:3, r:1.000 and violateion:0.000
2026-02-06 01:50:35,446 [WARNING] connect time:2, accumulated time:192, and the robot pair:[(1, 2)]
2026-02-06 01:50:39,889 [INFO] iter:1, id:1, r:1.000 and violateion:0.000
2026-02-06 01:50:43,082 [INFO] iter:0, id:2, r:1.000 and violateion:0.000
2026-02-06 01:50:49,719 [WARNING] connect time:1, accumulated time:193, and the robot pair:[(0, 2), (0, 3), (2, 3)]
2026-02-06 01:50:54,328 [INFO] iter:0, id:0, r:1.000 and violateion:0.000
2026-02-06 01:50:57,882 [INFO] iter:1, id:2, r:1.000 and violateion:0.000
2026-02-06 01:51:01,601 [INFO] iter:1, id:3, r:1.000 and violateion:0.000
2026-02-06 01:51:14,012 [WARNING] connect time:3, accumulated time:196, and the robot pair:[(0, 1), (0, 2), (1, 2)]
2026-02-06 01:51:18,490 [INFO] iter:0, id:0, r:1.000 and violateion:0.000
2026-02-06 01:51:21,708 [INFO] iter:1, id:1, r:1.000 and violateion:0.000
2026-02-06 01:51:25,048 [INFO] iter:0, id:2, r:1.000 and violateion:0.000
2026-02-06 01:51:29,443 [WARNING] connect time:1, accumulated time:197, and the robot pair:[(0, 2), (0, 3), (2, 3)]
2026-02-06 01:51:33,987 [INFO] iter:0, id:0, r:1.000 and violateion:0.000
2026-02-06 01:51:37,275 [INFO] iter:0, id:2, r:1.000 and violateion:0.000
2026-02-06 01:51:41,047 [INFO] iter:1, id:3, r:1.000 and violateion:0.000
2026-02-06 01:51:41,518 [INFO] merge map
2026-02-06 01:51:41,520 [INFO] merge map
2026-02-06 01:51:41,522 [INFO] merge map
2026-02-06 01:51:41,524 [INFO] merge map
2026-02-06 01:51:53,362 [WARNING] connect time:3, accumulated time:200, and the robot pair:[]
2026-02-06 01:51:57,903 [INFO] iter:1, id:0, r:1.000 and violateion:0.000
2026-02-06 01:52:01,202 [INFO] iter:1, id:1, r:1.000 and violateion:0.000
2026-02-06 01:52:04,649 [INFO] iter:1, id:2, r:1.000 and violateion:0.000
2026-02-06 01:52:08,221 [INFO] iter:0, id:3, r:1.000 and violateion:0.000
2026-02-06 01:52:09,520 [WARNING] connect time:0, accumulated time:200, and the robot pair:[(0, 1), (0, 2), (1, 2)]
2026-02-06 01:52:12,483 [INFO] iter:0, id:0, r:1.000 and violateion:0.000
2026-02-06 01:52:15,689 [INFO] iter:1, id:1, r:1.000 and violateion:0.000
2026-02-06 01:52:19,037 [INFO] iter:0, id:2, r:1.000 and violateion:0.000
2026-02-06 01:52:25,503 [WARNING] connect time:1, accumulated time:201, and the robot pair:[(0, 2), (0, 3), (2, 3)]
2026-02-06 01:52:30,069 [INFO] iter:0, id:0, r:1.000 and violateion:0.000
2026-02-06 01:52:33,535 [INFO] iter:0, id:2, r:1.000 and violateion:0.000
2026-02-06 01:52:37,136 [INFO] iter:1, id:3, r:1.000 and violateion:0.000
2026-02-06 01:52:49,729 [WARNING] connect time:3, accumulated time:204, and the robot pair:[(0, 1), (0, 2), (1, 2)]
2026-02-06 01:52:54,586 [INFO] iter:1, id:0, r:1.000 and violateion:0.000
2026-02-06 01:52:58,072 [INFO] iter:2, id:1, r:1.000 and violateion:0.000
2026-02-06 01:53:01,754 [INFO] iter:1, id:2, r:1.000 and violateion:0.000
2026-02-06 01:53:06,166 [WARNING] connect time:1, accumulated time:205, and the robot pair:[(0, 3)]
2026-02-06 01:53:11,032 [INFO] iter:1, id:0, r:1.000 and violateion:0.000
2026-02-06 01:53:14,746 [INFO] iter:1, id:3, r:1.000 and violateion:0.000
2026-02-06 01:53:27,474 [WARNING] connect time:3, accumulated time:208, and the robot pair:[(0, 1), (0, 2), (1, 2)]
2026-02-06 01:53:32,102 [INFO] iter:1, id:0, r:1.000 and violateion:0.000
2026-02-06 01:53:35,491 [INFO] iter:2, id:1, r:1.000 and violateion:0.000
2026-02-06 01:53:38,969 [INFO] iter:1, id:2, r:1.000 and violateion:0.000
2026-02-06 01:53:46,029 [WARNING] connect time:1, accumulated time:209, and the robot pair:[(0, 3)]
2026-02-06 01:53:50,666 [INFO] iter:0, id:0, r:1.000 and violateion:0.000
2026-02-06 01:53:54,423 [INFO] iter:2, id:3, r:1.000 and violateion:0.000
2026-02-06 01:53:55,117 [INFO] merge map
2026-02-06 01:53:55,119 [INFO] merge map
2026-02-06 01:53:55,121 [INFO] merge map
2026-02-06 01:53:55,123 [INFO] merge map
2026-02-06 01:53:58,773 [WARNING] connect time:1, accumulated time:210, and the robot pair:[]
2026-02-06 01:54:03,503 [INFO] iter:1, id:0, r:1.000 and violateion:0.000
2026-02-06 01:54:06,942 [INFO] iter:1, id:1, r:1.000 and violateion:0.000
2026-02-06 01:54:10,250 [INFO] iter:0, id:2, r:1.000 and violateion:0.000
2026-02-06 01:54:13,990 [INFO] iter:1, id:3, r:1.000 and violateion:0.000
2026-02-06 01:54:23,947 [WARNING] connect time:2, accumulated time:212, and the robot pair:[(0, 1), (0, 2), (1, 2)]
2026-02-06 01:54:28,672 [INFO] iter:1, id:0, r:1.000 and violateion:0.000
2026-02-06 01:54:32,274 [INFO] iter:3, id:1, r:1.000 and violateion:0.000
2026-02-06 01:54:35,823 [INFO] iter:1, id:2, r:1.000 and violateion:0.000
2026-02-06 01:54:40,283 [WARNING] connect time:1, accumulated time:213, and the robot pair:[(0, 3)]
2026-02-06 01:54:44,799 [INFO] iter:0, id:0, r:1.000 and violateion:0.000
2026-02-06 01:54:48,453 [INFO] iter:2, id:3, r:1.000 and violateion:0.000
2026-02-06 01:55:01,409 [WARNING] connect time:3, accumulated time:216, and the robot pair:[(0, 1), (0, 2), (1, 2)]
2026-02-06 01:55:05,996 [INFO] iter:1, id:0, r:1.000 and violateion:0.000
2026-02-06 01:55:09,352 [INFO] iter:2, id:1, r:1.000 and violateion:0.000
2026-02-06 01:55:12,784 [INFO] iter:1, id:2, r:1.000 and violateion:0.000
2026-02-06 01:55:17,022 [WARNING] connect time:1, accumulated time:217, and the robot pair:[(0, 3)]
2026-02-06 01:55:21,628 [INFO] iter:1, id:0, r:1.000 and violateion:0.000
2026-02-06 01:55:25,232 [INFO] iter:2, id:3, r:1.000 and violateion:0.000
2026-02-06 01:55:25,681 [INFO] merge map
2026-02-06 01:55:25,683 [INFO] merge map
2026-02-06 01:55:25,685 [INFO] merge map
2026-02-06 01:55:25,688 [INFO] merge map
2026-02-06 01:55:38,098 [WARNING] connect time:3, accumulated time:220, and the robot pair:[]
2026-02-06 01:55:42,593 [INFO] iter:1, id:0, r:1.000 and violateion:0.000
2026-02-06 01:55:45,977 [INFO] iter:1, id:1, r:1.000 and violateion:0.000
2026-02-06 01:55:49,572 [INFO] iter:2, id:2, r:1.000 and violateion:0.000
2026-02-06 01:55:53,189 [INFO] iter:1, id:3, r:1.000 and violateion:0.000
2026-02-06 01:55:54,264 [WARNING] connect time:0, accumulated time:220, and the robot pair:[(0, 1), (0, 2), (1, 2)]
2026-02-06 01:55:57,086 [INFO] iter:0, id:0, r:1.000 and violateion:0.000
2026-02-06 01:56:00,282 [INFO] iter:1, id:1, r:1.000 and violateion:0.000
2026-02-06 01:56:03,770 [INFO] iter:1, id:2, r:1.000 and violateion:0.000
2026-02-06 01:56:10,615 [WARNING] connect time:1, accumulated time:221, and the robot pair:[(0, 3)]
2026-02-06 01:56:15,429 [INFO] iter:2, id:0, r:1.000 and violateion:0.000
2026-02-06 01:56:19,035 [INFO] iter:2, id:3, r:1.000 and violateion:0.000
2026-02-06 01:56:32,262 [WARNING] connect time:3, accumulated time:224, and the robot pair:[(0, 1), (0, 2), (1, 2)]
2026-02-06 01:56:36,830 [INFO] iter:2, id:0, r:1.000 and violateion:0.000
2026-02-06 01:56:40,053 [INFO] iter:1, id:1, r:1.000 and violateion:0.000
2026-02-06 01:56:43,614 [INFO] iter:2, id:2, r:1.000 and violateion:0.000
2026-02-06 01:56:59,877 [WARNING] connect time:4, accumulated time:228, and the robot pair:[(0, 1), (0, 2), (1, 2)]
2026-02-06 01:57:04,430 [INFO] iter:2, id:0, r:1.000 and violateion:0.000
2026-02-06 01:57:07,755 [INFO] iter:2, id:1, r:1.000 and violateion:0.000
2026-02-06 01:57:11,225 [INFO] iter:2, id:2, r:1.000 and violateion:0.000
2026-02-06 01:57:11,636 [INFO] merge map
2026-02-06 01:57:11,638 [INFO] merge map
2026-02-06 01:57:11,640 [INFO] merge map
2026-02-06 01:57:11,641 [INFO] merge map
2026-02-06 01:57:21,270 [WARNING] connect time:2, accumulated time:230, and the robot pair:[]
2026-02-06 01:57:25,934 [INFO] iter:1, id:0, r:1.000 and violateion:0.000
2026-02-06 01:57:29,389 [INFO] iter:2, id:1, r:1.000 and violateion:0.000
2026-02-06 01:57:32,938 [INFO] iter:1, id:2, r:1.000 and violateion:0.000
2026-02-06 01:57:36,594 [INFO] iter:2, id:3, r:1.000 and violateion:0.000
2026-02-06 01:57:43,925 [WARNING] connect time:2, accumulated time:232, and the robot pair:[(0, 1), (0, 2), (1, 2)]
2026-02-06 01:57:48,415 [INFO] iter:2, id:0, r:1.000 and violateion:0.000
2026-02-06 01:57:51,713 [INFO] iter:3, id:1, r:1.000 and violateion:0.000
2026-02-06 01:57:55,231 [INFO] iter:3, id:2, r:1.000 and violateion:0.000
2026-02-06 01:58:14,572 [WARNING] connect time:4, accumulated time:236, and the robot pair:[(0, 1), (0, 2), (1, 2)]
2026-02-06 01:58:19,008 [INFO] iter:3, id:0, r:1.000 and violateion:0.000
2026-02-06 01:58:22,206 [INFO] iter:3, id:1, r:1.000 and violateion:0.000
2026-02-06 01:58:25,570 [INFO] iter:3, id:2, r:1.000 and violateion:0.000
2026-02-06 02:09:55,196 [INFO] signal_shutdown [atexit]
