2026-01-18 23:01:57,461 [INFO] Unable to initialize backend 'rocm': module 'jaxlib.xla_extension' has no attribute 'GpuAllocatorConfig'
2026-01-18 23:01:57,467 [INFO] Unable to initialize backend 'tpu': INTERNAL: Failed to open libtpu.so: libtpu.so: cannot open shared object file: No such file or directory
2026-01-18 23:02:01,316 [INFO] topicmanager initialized
2026-01-18 23:02:01,397 [INFO] Log opened: Sun Jan 18 15:02:01 2026 UTC
2026-01-18 23:02:06,437 [INFO] my_strategy
2026-01-18 23:02:18,217 [INFO] iter:55, id:0, r:1.000 and violateion:0.000
2026-01-18 23:02:24,238 [INFO] iter:55, id:1, r:1.000 and violateion:0.000
2026-01-18 23:02:30,202 [INFO] iter:55, id:2, r:1.000 and violateion:0.000
2026-01-18 23:02:36,259 [INFO] iter:55, id:3, r:1.000 and violateion:0.000
2026-01-18 23:02:36,261 [INFO] have warm up
2026-01-18 23:02:52,682 [INFO] iter:159, id:0, r:403.909 and violateion:0.006
2026-01-18 23:03:07,813 [INFO] iter:159, id:1, r:403.909 and violateion:0.006
2026-01-18 23:03:23,297 [INFO] iter:159, id:2, r:403.909 and violateion:0.006
2026-01-18 23:03:38,405 [INFO] iter:159, id:3, r:403.909 and violateion:0.006
2026-01-18 23:03:40,675 [INFO] merge map
2026-01-18 23:03:40,678 [INFO] merge map
2026-01-18 23:03:40,679 [INFO] merge map
2026-01-18 23:03:40,681 [INFO] merge map
2026-01-18 23:03:41,609 [WARNING] connect time:5, accumulated time:5, and the robot pair:[]
2026-01-18 23:03:52,581 [INFO] iter:110, id:0, r:69.738 and violateion:0.000
2026-01-18 23:03:54,497 [INFO] iter:0, id:1, r:1.000 and violateion:0.000
2026-01-18 23:03:56,724 [INFO] iter:2, id:2, r:1.000 and violateion:0.011
2026-01-18 23:03:58,949 [INFO] iter:3, id:3, r:1.000 and violateion:0.002
2026-01-18 23:03:58,950 [INFO] have warm up
2026-01-18 23:04:10,009 [INFO] iter:90, id:0, r:30.426 and violateion:0.000
2026-01-18 23:04:13,395 [INFO] iter:0, id:1, r:1.000 and violateion:0.000
2026-01-18 23:04:16,812 [INFO] iter:0, id:2, r:1.000 and violateion:0.011
2026-01-18 23:04:20,255 [INFO] iter:0, id:3, r:1.000 and violateion:0.002
2026-01-18 23:04:22,316 [WARNING] connect time:2, accumulated time:7, and the robot pair:[(0, 1), (2, 3)]
2026-01-18 23:04:25,725 [INFO] iter:2, id:0, r:1.000 and violateion:0.002
2026-01-18 23:04:27,747 [INFO] iter:0, id:1, r:1.000 and violateion:0.000
2026-01-18 23:04:29,734 [INFO] iter:0, id:2, r:1.000 and violateion:0.006
2026-01-18 23:04:31,881 [INFO] iter:1, id:3, r:1.000 and violateion:0.008
2026-01-18 23:04:31,882 [INFO] have warm up
2026-01-18 23:04:42,726 [INFO] iter:94, id:0, r:30.426 and violateion:0.015
2026-01-18 23:04:55,749 [INFO] iter:132, id:1, r:42.813 and violateion:0.013
2026-01-18 23:04:59,345 [INFO] iter:0, id:2, r:1.000 and violateion:0.006
2026-01-18 23:05:02,986 [INFO] iter:0, id:3, r:1.000 and violateion:0.008
2026-01-18 23:05:03,911 [INFO] merge map
2026-01-18 23:05:03,913 [INFO] merge map
2026-01-18 23:05:03,915 [INFO] merge map
2026-01-18 23:05:03,916 [INFO] merge map
2026-01-18 23:05:05,150 [WARNING] connect time:3, accumulated time:10, and the robot pair:[]
2026-01-18 23:05:08,297 [INFO] iter:0, id:0, r:1.000 and violateion:0.000
2026-01-18 23:05:10,541 [INFO] iter:1, id:1, r:1.000 and violateion:0.000
2026-01-18 23:05:12,527 [INFO] iter:0, id:2, r:1.000 and violateion:0.000
2026-01-18 23:05:14,507 [INFO] iter:0, id:3, r:1.000 and violateion:0.002
2026-01-18 23:05:14,509 [INFO] have warm up
2026-01-18 23:05:18,663 [INFO] iter:0, id:0, r:1.000 and violateion:0.000
2026-01-18 23:05:21,990 [INFO] iter:0, id:1, r:1.000 and violateion:0.000
2026-01-18 23:05:25,518 [INFO] iter:0, id:2, r:1.000 and violateion:0.000
2026-01-18 23:05:29,047 [INFO] iter:0, id:3, r:1.000 and violateion:0.002
2026-01-18 23:05:31,031 [WARNING] connect time:1, accumulated time:11, and the robot pair:[(0, 1), (2, 3)]
2026-01-18 23:05:42,284 [INFO] iter:121, id:0, r:194.287 and violateion:0.019
2026-01-18 23:05:52,010 [INFO] iter:113, id:1, r:176.224 and violateion:0.001
2026-01-18 23:05:53,996 [INFO] iter:0, id:2, r:1.000 and violateion:0.006
2026-01-18 23:05:56,201 [INFO] iter:1, id:3, r:1.000 and violateion:0.009
2026-01-18 23:05:56,203 [INFO] have warm up
2026-01-18 23:06:05,967 [INFO] iter:79, id:0, r:35.222 and violateion:0.010
2026-01-18 23:06:17,802 [INFO] iter:121, id:1, r:57.374 and violateion:0.001
2026-01-18 23:06:21,319 [INFO] iter:0, id:2, r:1.000 and violateion:0.006
2026-01-18 23:06:24,733 [INFO] iter:0, id:3, r:1.000 and violateion:0.009
2026-01-18 23:06:25,100 [INFO] merge map
2026-01-18 23:06:25,102 [INFO] merge map
2026-01-18 23:06:25,103 [INFO] merge map
2026-01-18 23:06:25,105 [INFO] merge map
2026-01-18 23:06:26,339 [WARNING] connect time:4, accumulated time:15, and the robot pair:[]
2026-01-18 23:06:29,619 [INFO] iter:0, id:0, r:1.000 and violateion:0.010
2026-01-18 23:06:32,082 [INFO] iter:5, id:1, r:1.000 and violateion:0.000
2026-01-18 23:06:34,058 [INFO] iter:0, id:2, r:1.000 and violateion:0.000
2026-01-18 23:06:36,032 [INFO] iter:0, id:3, r:1.000 and violateion:0.002
2026-01-18 23:06:36,034 [INFO] have warm up
2026-01-18 23:06:39,998 [INFO] iter:0, id:0, r:1.000 and violateion:0.010
2026-01-18 23:06:43,285 [INFO] iter:0, id:1, r:1.000 and violateion:0.000
2026-01-18 23:06:46,610 [INFO] iter:0, id:2, r:1.000 and violateion:0.000
2026-01-18 23:06:50,016 [INFO] iter:0, id:3, r:1.000 and violateion:0.002
2026-01-18 23:06:50,695 [WARNING] connect time:0, accumulated time:15, and the robot pair:[(0, 1), (2, 3)]
2026-01-18 23:07:00,227 [INFO] iter:114, id:0, r:224.912 and violateion:0.001
2026-01-18 23:07:10,406 [INFO] iter:122, id:1, r:366.358 and violateion:0.000
2026-01-18 23:07:12,399 [INFO] iter:0, id:2, r:1.000 and violateion:0.007
2026-01-18 23:07:14,549 [INFO] iter:1, id:3, r:1.000 and violateion:0.010
2026-01-18 23:07:14,551 [INFO] have warm up
2026-01-18 23:07:21,626 [INFO] iter:52, id:0, r:6.081 and violateion:0.000
2026-01-18 23:07:30,821 [INFO] iter:83, id:1, r:42.813 and violateion:0.000
2026-01-18 23:07:34,322 [INFO] iter:0, id:2, r:1.000 and violateion:0.007
2026-01-18 23:07:37,877 [INFO] iter:0, id:3, r:1.000 and violateion:0.010
2026-01-18 23:07:40,634 [WARNING] connect time:4, accumulated time:19, and the robot pair:[(0, 1), (2, 3)]
2026-01-18 23:07:44,122 [INFO] iter:1, id:0, r:1.000 and violateion:0.000
2026-01-18 23:07:51,159 [INFO] iter:77, id:1, r:10.401 and violateion:0.016
2026-01-18 23:07:53,232 [INFO] iter:0, id:2, r:1.000 and violateion:0.007
2026-01-18 23:07:55,436 [INFO] iter:1, id:3, r:1.000 and violateion:0.010
2026-01-18 23:07:55,438 [INFO] have warm up
2026-01-18 23:07:59,610 [INFO] iter:1, id:0, r:1.000 and violateion:0.001
2026-01-18 23:08:08,792 [INFO] iter:84, id:1, r:38.833 and violateion:0.014
2026-01-18 23:08:12,386 [INFO] iter:0, id:2, r:1.000 and violateion:0.007
2026-01-18 23:08:16,031 [INFO] iter:0, id:3, r:1.000 and violateion:0.010
2026-01-18 23:08:17,123 [INFO] merge map
2026-01-18 23:08:17,126 [INFO] merge map
2026-01-18 23:08:17,129 [INFO] merge map
2026-01-18 23:08:17,132 [INFO] merge map
2026-01-18 23:08:18,110 [INFO] signal_shutdown [atexit]
