2026-02-06 10:47:01,576 [INFO] Unable to initialize backend 'rocm': module 'jaxlib.xla_extension' has no attribute 'GpuAllocatorConfig'
2026-02-06 10:47:01,577 [INFO] Unable to initialize backend 'tpu': INTERNAL: Failed to open libtpu.so: libtpu.so: cannot open shared object file: No such file or directory
2026-02-06 10:47:03,949 [INFO] topicmanager initialized
2026-02-06 10:47:04,006 [INFO] Log opened: Fri Feb  6 02:47:04 2026 UTC
2026-02-06 10:47:08,438 [INFO] my_strategy
2026-02-06 10:47:16,558 [INFO] iter:1, id:0, r:1.000 and violateion:0.000
2026-02-06 10:47:18,643 [INFO] iter:1, id:1, r:1.000 and violateion:0.000
2026-02-06 10:47:20,824 [INFO] iter:1, id:2, r:1.000 and violateion:0.000
2026-02-06 10:47:23,055 [INFO] iter:1, id:3, r:1.000 and violateion:0.000
2026-02-06 10:47:23,056 [INFO] have warm up
2026-02-06 10:47:49,620 [INFO] iter:166, id:0, r:2227.970 and violateion:0.000
2026-02-06 10:48:15,147 [INFO] iter:166, id:1, r:2227.970 and violateion:0.000
2026-02-06 10:48:40,637 [INFO] iter:166, id:2, r:2227.970 and violateion:0.000
2026-02-06 10:49:06,111 [INFO] iter:166, id:3, r:2227.970 and violateion:0.000
2026-02-06 10:49:07,937 [INFO] merge map
2026-02-06 10:49:07,940 [INFO] merge map
2026-02-06 10:49:07,942 [INFO] merge map
2026-02-06 10:49:07,943 [INFO] merge map
2026-02-06 10:49:10,848 [WARNING] connect time:10, accumulated time:10, and the robot pair:[]
2026-02-06 10:49:14,612 [INFO] iter:1, id:0, r:1.000 and violateion:0.000
2026-02-06 10:49:16,796 [INFO] iter:1, id:1, r:1.000 and violateion:0.000
2026-02-06 10:49:18,866 [INFO] iter:0, id:2, r:1.000 and violateion:0.000
2026-02-06 10:49:21,462 [INFO] iter:3, id:3, r:1.000 and violateion:0.000
2026-02-06 10:49:21,464 [INFO] have warm up
2026-02-06 10:49:25,764 [INFO] iter:0, id:0, r:1.000 and violateion:0.000
2026-02-06 10:49:29,185 [INFO] iter:0, id:1, r:1.000 and violateion:0.000
2026-02-06 10:49:32,637 [INFO] iter:0, id:2, r:1.000 and violateion:0.000
2026-02-06 10:49:36,087 [INFO] iter:0, id:3, r:1.000 and violateion:0.000
2026-02-06 10:49:40,023 [WARNING] connect time:4, accumulated time:14, and the robot pair:[(2, 3)]
2026-02-06 10:49:43,496 [INFO] iter:0, id:2, r:1.000 and violateion:0.000
2026-02-06 10:49:45,917 [INFO] iter:1, id:3, r:1.000 and violateion:0.000
2026-02-06 10:49:45,919 [INFO] have warm up
2026-02-06 10:49:50,888 [INFO] iter:0, id:2, r:1.000 and violateion:0.000
2026-02-06 10:49:54,535 [INFO] iter:0, id:3, r:1.000 and violateion:0.000
2026-02-06 10:49:57,967 [WARNING] connect time:4, accumulated time:18, and the robot pair:[(0, 1), (2, 3)]
2026-02-06 10:50:01,614 [INFO] iter:1, id:0, r:1.000 and violateion:0.000
2026-02-06 10:50:03,844 [INFO] iter:1, id:1, r:1.000 and violateion:0.000
2026-02-06 10:50:05,926 [INFO] iter:0, id:2, r:1.000 and violateion:0.000
2026-02-06 10:50:08,518 [INFO] iter:1, id:3, r:1.000 and violateion:0.000
2026-02-06 10:50:08,520 [INFO] have warm up
2026-02-06 10:50:22,178 [INFO] iter:73, id:0, r:15.367 and violateion:0.000
2026-02-06 10:50:38,975 [INFO] iter:106, id:1, r:69.738 and violateion:0.013
2026-02-06 10:50:42,324 [INFO] iter:0, id:2, r:1.000 and violateion:0.000
2026-02-06 10:50:45,838 [INFO] iter:0, id:3, r:1.000 and violateion:0.000
2026-02-06 10:50:47,128 [INFO] merge map
2026-02-06 10:50:47,130 [INFO] merge map
2026-02-06 10:50:47,132 [INFO] merge map
2026-02-06 10:50:47,134 [INFO] merge map
2026-02-06 10:50:48,874 [WARNING] connect time:2, accumulated time:20, and the robot pair:[]
2026-02-06 10:50:52,772 [INFO] iter:1, id:0, r:1.000 and violateion:0.000
2026-02-06 10:50:55,150 [INFO] iter:2, id:1, r:1.000 and violateion:0.000
2026-02-06 10:50:57,274 [INFO] iter:0, id:2, r:1.000 and violateion:0.000
2026-02-06 10:50:59,469 [INFO] iter:0, id:3, r:1.000 and violateion:0.000
2026-02-06 10:50:59,471 [INFO] have warm up
2026-02-06 10:51:03,908 [INFO] iter:0, id:0, r:1.000 and violateion:0.000
2026-02-06 10:51:07,506 [INFO] iter:0, id:1, r:1.000 and violateion:0.000
2026-02-06 10:51:11,201 [INFO] iter:0, id:2, r:1.000 and violateion:0.000
2026-02-06 10:51:14,890 [INFO] iter:0, id:3, r:1.000 and violateion:0.000
2026-02-06 10:51:18,173 [WARNING] connect time:2, accumulated time:22, and the robot pair:[(0, 1), (2, 3)]
2026-02-06 10:51:21,919 [INFO] iter:2, id:0, r:1.000 and violateion:0.000
2026-02-06 10:51:24,473 [INFO] iter:3, id:1, r:1.000 and violateion:0.000
2026-02-06 10:51:26,668 [INFO] iter:0, id:2, r:1.000 and violateion:0.000
2026-02-06 10:51:29,012 [INFO] iter:1, id:3, r:1.000 and violateion:0.000
2026-02-06 10:51:29,014 [INFO] have warm up
2026-02-06 10:51:33,703 [INFO] iter:0, id:0, r:1.000 and violateion:0.000
2026-02-06 10:51:37,277 [INFO] iter:0, id:1, r:1.000 and violateion:0.000
2026-02-06 10:51:40,781 [INFO] iter:0, id:2, r:1.000 and violateion:0.000
2026-02-06 10:51:44,477 [INFO] iter:0, id:3, r:1.000 and violateion:0.000
2026-02-06 10:51:48,971 [WARNING] connect time:4, accumulated time:26, and the robot pair:[(0, 1), (2, 3)]
2026-02-06 10:51:52,683 [INFO] iter:2, id:0, r:1.000 and violateion:0.001
2026-02-06 10:51:55,096 [INFO] iter:2, id:1, r:1.000 and violateion:0.001
2026-02-06 10:51:57,234 [INFO] iter:0, id:2, r:1.000 and violateion:0.000
2026-02-06 10:51:59,507 [INFO] iter:0, id:3, r:1.000 and violateion:0.000
2026-02-06 10:51:59,509 [INFO] have warm up
2026-02-06 10:52:03,930 [INFO] iter:0, id:0, r:1.000 and violateion:0.001
2026-02-06 10:52:07,571 [INFO] iter:0, id:1, r:1.000 and violateion:0.001
2026-02-06 10:52:11,351 [INFO] iter:0, id:2, r:1.000 and violateion:0.000
2026-02-06 10:52:15,582 [INFO] iter:0, id:3, r:1.000 and violateion:0.000
2026-02-06 10:52:16,718 [INFO] merge map
2026-02-06 10:52:16,720 [INFO] merge map
2026-02-06 10:52:16,722 [INFO] merge map
2026-02-06 10:52:16,724 [INFO] merge map
2026-02-06 10:52:20,319 [WARNING] connect time:4, accumulated time:30, and the robot pair:[]
2026-02-06 10:52:24,306 [INFO] iter:2, id:0, r:1.000 and violateion:0.000
2026-02-06 10:52:26,704 [INFO] iter:2, id:1, r:1.000 and violateion:0.000
2026-02-06 10:52:28,868 [INFO] iter:0, id:2, r:1.000 and violateion:0.000
2026-02-06 10:52:31,218 [INFO] iter:1, id:3, r:1.000 and violateion:0.000
2026-02-06 10:52:31,220 [INFO] have warm up
2026-02-06 10:52:35,600 [INFO] iter:0, id:0, r:1.000 and violateion:0.000
2026-02-06 10:52:39,219 [INFO] iter:0, id:1, r:1.000 and violateion:0.000
2026-02-06 10:52:42,943 [INFO] iter:0, id:2, r:1.000 and violateion:0.000
2026-02-06 10:52:46,695 [INFO] iter:0, id:3, r:1.000 and violateion:0.000
2026-02-06 10:52:48,173 [WARNING] connect time:0, accumulated time:30, and the robot pair:[(0, 1), (2, 3)]
2026-02-06 10:52:50,289 [INFO] iter:0, id:0, r:1.000 and violateion:0.012
2026-02-06 10:52:52,544 [INFO] iter:1, id:1, r:1.000 and violateion:0.010
2026-02-06 10:52:54,655 [INFO] iter:0, id:2, r:1.000 and violateion:0.000
2026-02-06 10:52:56,822 [INFO] iter:0, id:3, r:1.000 and violateion:0.000
2026-02-06 10:52:56,824 [INFO] have warm up
2026-02-06 10:53:00,209 [INFO] iter:0, id:0, r:1.000 and violateion:0.012
2026-02-06 10:53:03,798 [INFO] iter:0, id:1, r:1.000 and violateion:0.010
2026-02-06 10:53:07,334 [INFO] iter:0, id:2, r:1.000 and violateion:0.000
2026-02-06 10:53:11,056 [INFO] iter:0, id:3, r:1.000 and violateion:0.000
2026-02-06 10:53:15,678 [WARNING] connect time:4, accumulated time:34, and the robot pair:[(0, 1), (2, 3)]
2026-02-06 10:53:19,188 [INFO] iter:0, id:0, r:1.000 and violateion:0.009
2026-02-06 10:53:21,571 [INFO] iter:1, id:1, r:1.000 and violateion:0.006
2026-02-06 10:53:23,796 [INFO] iter:0, id:2, r:1.000 and violateion:0.000
2026-02-06 10:53:26,099 [INFO] iter:0, id:3, r:1.000 and violateion:0.000
2026-02-06 10:53:26,101 [INFO] have warm up
2026-02-06 10:53:31,051 [INFO] iter:0, id:0, r:1.000 and violateion:0.009
2026-02-06 10:53:34,687 [INFO] iter:0, id:1, r:1.000 and violateion:0.006
2026-02-06 10:53:38,402 [INFO] iter:0, id:2, r:1.000 and violateion:0.000
2026-02-06 10:53:42,214 [INFO] iter:0, id:3, r:1.000 and violateion:0.000
2026-02-06 10:53:48,160 [WARNING] connect time:4, accumulated time:38, and the robot pair:[(0, 1), (2, 3)]
2026-02-06 10:53:51,651 [INFO] iter:0, id:0, r:1.000 and violateion:0.004
2026-02-06 10:53:53,992 [INFO] iter:1, id:1, r:1.000 and violateion:0.004
2026-02-06 10:53:56,228 [INFO] iter:0, id:2, r:1.000 and violateion:0.000
2026-02-06 10:53:58,702 [INFO] iter:1, id:3, r:1.000 and violateion:0.000
2026-02-06 10:53:58,704 [INFO] have warm up
2026-02-06 10:54:03,173 [INFO] iter:0, id:0, r:1.000 and violateion:0.004
2026-02-06 10:54:06,973 [INFO] iter:0, id:1, r:1.000 and violateion:0.004
2026-02-06 10:54:10,992 [INFO] iter:0, id:2, r:1.000 and violateion:0.000
2026-02-06 10:54:14,998 [INFO] iter:0, id:3, r:1.000 and violateion:0.000
2026-02-06 10:54:16,112 [INFO] merge map
2026-02-06 10:54:16,114 [INFO] merge map
2026-02-06 10:54:16,115 [INFO] merge map
2026-02-06 10:54:16,117 [INFO] merge map
2026-02-06 10:54:18,907 [WARNING] connect time:2, accumulated time:40, and the robot pair:[]
2026-02-06 10:54:22,364 [INFO] iter:0, id:0, r:1.000 and violateion:0.000
2026-02-06 10:54:24,611 [INFO] iter:0, id:1, r:1.000 and violateion:0.000
2026-02-06 10:54:26,922 [INFO] iter:0, id:2, r:1.000 and violateion:0.000
2026-02-06 10:54:29,264 [INFO] iter:0, id:3, r:1.000 and violateion:0.000
2026-02-06 10:54:29,266 [INFO] have warm up
2026-02-06 10:54:33,619 [INFO] iter:0, id:0, r:1.000 and violateion:0.000
2026-02-06 10:54:37,271 [INFO] iter:0, id:1, r:1.000 and violateion:0.000
2026-02-06 10:54:41,770 [INFO] iter:0, id:2, r:1.000 and violateion:0.000
2026-02-06 10:54:45,741 [INFO] iter:0, id:3, r:1.000 and violateion:0.000
2026-02-06 10:54:49,177 [WARNING] connect time:2, accumulated time:42, and the robot pair:[(0, 1), (2, 3)]
2026-02-06 10:54:53,162 [INFO] iter:0, id:0, r:1.000 and violateion:0.003
2026-02-06 10:54:55,461 [INFO] iter:0, id:1, r:1.000 and violateion:0.003
2026-02-06 10:54:57,794 [INFO] iter:0, id:2, r:1.000 and violateion:0.000
2026-02-06 10:55:00,396 [INFO] iter:1, id:3, r:1.000 and violateion:0.000
2026-02-06 10:55:00,398 [INFO] have warm up
2026-02-06 10:55:04,762 [INFO] iter:0, id:0, r:1.000 and violateion:0.003
2026-02-06 10:55:08,433 [INFO] iter:0, id:1, r:1.000 and violateion:0.003
2026-02-06 10:55:12,256 [INFO] iter:0, id:2, r:1.000 and violateion:0.000
2026-02-06 10:55:16,134 [INFO] iter:0, id:3, r:1.000 and violateion:0.000
2026-02-06 10:55:22,896 [WARNING] connect time:4, accumulated time:46, and the robot pair:[(0, 1), (2, 3)]
2026-02-06 10:55:26,337 [INFO] iter:0, id:0, r:1.000 and violateion:0.003
2026-02-06 10:55:28,582 [INFO] iter:0, id:1, r:1.000 and violateion:0.003
2026-02-06 10:55:30,876 [INFO] iter:0, id:2, r:1.000 and violateion:0.000
2026-02-06 10:55:33,330 [INFO] iter:1, id:3, r:1.000 and violateion:0.000
2026-02-06 10:55:33,332 [INFO] have warm up
2026-02-06 10:55:37,454 [INFO] iter:0, id:0, r:1.000 and violateion:0.003
2026-02-06 10:55:40,927 [INFO] iter:0, id:1, r:1.000 and violateion:0.003
2026-02-06 10:55:44,622 [INFO] iter:0, id:2, r:1.000 and violateion:0.000
2026-02-06 10:55:48,324 [INFO] iter:0, id:3, r:1.000 and violateion:0.000
2026-02-06 10:55:49,238 [INFO] merge map
2026-02-06 10:55:49,240 [INFO] merge map
2026-02-06 10:55:49,242 [INFO] merge map
2026-02-06 10:55:49,244 [INFO] merge map
2026-02-06 10:55:55,307 [WARNING] connect time:4, accumulated time:50, and the robot pair:[]
2026-02-06 10:55:58,723 [INFO] iter:0, id:0, r:1.000 and violateion:0.000
2026-02-06 10:56:00,969 [INFO] iter:0, id:1, r:1.000 and violateion:0.000
2026-02-06 10:56:03,263 [INFO] iter:0, id:2, r:1.000 and violateion:0.000
2026-02-06 10:56:05,581 [INFO] iter:0, id:3, r:1.000 and violateion:0.000
2026-02-06 10:56:05,583 [INFO] have warm up
2026-02-06 10:56:10,059 [INFO] iter:0, id:0, r:1.000 and violateion:0.000
2026-02-06 10:56:13,766 [INFO] iter:0, id:1, r:1.000 and violateion:0.000
2026-02-06 10:56:17,703 [INFO] iter:0, id:2, r:1.000 and violateion:0.000
2026-02-06 10:56:21,750 [INFO] iter:0, id:3, r:1.000 and violateion:0.000
2026-02-06 10:56:23,002 [WARNING] connect time:0, accumulated time:50, and the robot pair:[(0, 1), (2, 3)]
2026-02-06 10:56:25,129 [INFO] iter:0, id:0, r:1.000 and violateion:0.003
2026-02-06 10:56:27,254 [INFO] iter:0, id:1, r:1.000 and violateion:0.003
2026-02-06 10:56:29,430 [INFO] iter:0, id:2, r:1.000 and violateion:0.000
2026-02-06 10:56:31,702 [INFO] iter:0, id:3, r:1.000 and violateion:0.000
2026-02-06 10:56:31,705 [INFO] have warm up
2026-02-06 10:56:35,443 [INFO] iter:0, id:0, r:1.000 and violateion:0.003
2026-02-06 10:56:39,231 [INFO] iter:0, id:1, r:1.000 and violateion:0.003
2026-02-06 10:56:43,114 [INFO] iter:0, id:2, r:1.000 and violateion:0.000
2026-02-06 10:56:47,239 [INFO] iter:0, id:3, r:1.000 and violateion:0.000
2026-02-06 10:56:54,027 [WARNING] connect time:4, accumulated time:54, and the robot pair:[(0, 1), (2, 3)]
2026-02-06 10:56:57,420 [INFO] iter:0, id:0, r:1.000 and violateion:0.003
2026-02-06 10:56:59,652 [INFO] iter:0, id:1, r:1.000 and violateion:0.003
2026-02-06 10:57:02,074 [INFO] iter:0, id:2, r:1.000 and violateion:0.000
2026-02-06 10:57:04,763 [INFO] iter:1, id:3, r:1.000 and violateion:0.000
2026-02-06 10:57:04,766 [INFO] have warm up
2026-02-06 10:57:09,406 [INFO] iter:0, id:0, r:1.000 and violateion:0.003
2026-02-06 10:57:13,079 [INFO] iter:0, id:1, r:1.000 and violateion:0.003
2026-02-06 10:57:16,906 [INFO] iter:0, id:2, r:1.000 and violateion:0.000
2026-02-06 10:57:20,827 [INFO] iter:0, id:3, r:1.000 and violateion:0.000
2026-02-06 10:57:28,987 [WARNING] connect time:4, accumulated time:58, and the robot pair:[(0, 1), (2, 3)]
2026-02-06 10:57:32,356 [INFO] iter:0, id:0, r:1.000 and violateion:0.003
2026-02-06 10:57:34,544 [INFO] iter:0, id:1, r:1.000 and violateion:0.003
2026-02-06 10:57:36,830 [INFO] iter:0, id:2, r:1.000 and violateion:0.000
2026-02-06 10:57:39,342 [INFO] iter:1, id:3, r:1.000 and violateion:0.000
2026-02-06 10:57:39,345 [INFO] have warm up
2026-02-06 10:57:43,673 [INFO] iter:0, id:0, r:1.000 and violateion:0.003
2026-02-06 10:57:48,340 [INFO] iter:0, id:1, r:1.000 and violateion:0.003
2026-02-06 10:57:52,245 [INFO] iter:0, id:2, r:1.000 and violateion:0.000
2026-02-06 10:57:56,188 [INFO] iter:0, id:3, r:1.000 and violateion:0.000
2026-02-06 10:57:57,101 [INFO] merge map
2026-02-06 10:57:57,103 [INFO] merge map
2026-02-06 10:57:57,105 [INFO] merge map
2026-02-06 10:57:57,107 [INFO] merge map
2026-02-06 10:58:27,315 [INFO] update map
2026-02-06 10:58:31,157 [WARNING] connect time:2, accumulated time:60, and the robot pair:[]
2026-02-06 10:58:34,501 [INFO] iter:0, id:0, r:1.000 and violateion:0.000
2026-02-06 10:58:36,691 [INFO] iter:0, id:1, r:1.000 and violateion:0.000
2026-02-06 10:58:38,995 [INFO] iter:0, id:2, r:1.000 and violateion:0.000
2026-02-06 10:58:41,326 [INFO] iter:0, id:3, r:1.000 and violateion:0.000
2026-02-06 10:58:41,328 [INFO] have warm up
2026-02-06 10:58:45,719 [INFO] iter:0, id:0, r:1.000 and violateion:0.000
2026-02-06 10:58:49,377 [INFO] iter:0, id:1, r:1.000 and violateion:0.000
2026-02-06 10:58:53,271 [INFO] iter:0, id:2, r:1.000 and violateion:0.000
2026-02-06 10:58:57,200 [INFO] iter:0, id:3, r:1.000 and violateion:0.000
2026-02-06 10:59:02,247 [WARNING] connect time:2, accumulated time:62, and the robot pair:[(0, 1), (2, 3)]
2026-02-06 10:59:05,647 [INFO] iter:0, id:0, r:1.000 and violateion:0.003
2026-02-06 10:59:08,174 [INFO] iter:2, id:1, r:1.000 and violateion:0.003
2026-02-06 10:59:10,432 [INFO] iter:0, id:2, r:1.000 and violateion:0.000
2026-02-06 10:59:12,855 [INFO] iter:1, id:3, r:1.000 and violateion:0.000
2026-02-06 10:59:12,858 [INFO] have warm up
2026-02-06 10:59:17,303 [INFO] iter:0, id:0, r:1.000 and violateion:0.003
2026-02-06 10:59:21,114 [INFO] iter:0, id:1, r:1.000 and violateion:0.003
2026-02-06 10:59:25,064 [INFO] iter:0, id:2, r:1.000 and violateion:0.000
2026-02-06 10:59:29,247 [INFO] iter:0, id:3, r:1.000 and violateion:0.000
2026-02-06 10:59:34,254 [WARNING] connect time:2, accumulated time:64, and the robot pair:[(0, 3)]
2026-02-06 10:59:48,074 [INFO] iter:97, id:0, r:108.186 and violateion:0.000
2026-02-06 10:59:50,667 [INFO] iter:3, id:3, r:1.050 and violateion:0.000
2026-02-06 10:59:50,669 [INFO] have warm up
2026-02-06 11:01:41,744 [INFO] failed to satisfy constraint, id: 0 and r_penalty: 10000.000 and violations:0.245:
2026-02-06 11:01:59,078 [INFO] iter:124, id:3, r:260.363 and violateion:0.012
2026-02-06 11:02:04,481 [WARNING] connect time:2, accumulated time:66, and the robot pair:[(0, 1)]
2026-02-06 11:02:08,240 [INFO] iter:3, id:0, r:1.000 and violateion:0.000
2026-02-06 11:02:20,701 [INFO] iter:97, id:1, r:108.186 and violateion:0.000
2026-02-06 11:02:20,704 [INFO] have warm up
2026-02-06 11:02:45,315 [INFO] iter:182, id:0, r:4631.789 and violateion:0.010
2026-02-06 11:03:05,436 [INFO] iter:154, id:1, r:1302.648 and violateion:0.000
2026-02-06 11:03:09,656 [WARNING] connect time:2, accumulated time:68, and the robot pair:[(0, 3)]
2026-02-06 11:03:13,257 [INFO] iter:2, id:0, r:1.000 and violateion:0.008
2026-02-06 11:03:31,170 [INFO] iter:150, id:3, r:1367.780 and violateion:0.000
2026-02-06 11:03:31,174 [INFO] have warm up
2026-02-06 11:03:37,044 [INFO] iter:2, id:0, r:1.000 and violateion:0.000
2026-02-06 11:05:26,693 [INFO] failed to satisfy constraint, id: 3 and r_penalty: 10000.000 and violations:0.215:
2026-02-06 11:05:27,539 [INFO] merge map
2026-02-06 11:05:27,541 [INFO] merge map
2026-02-06 11:05:27,543 [INFO] merge map
2026-02-06 11:05:27,545 [INFO] merge map
2026-02-06 11:05:30,989 [WARNING] connect time:2, accumulated time:70, and the robot pair:[]
2026-02-06 11:05:34,536 [INFO] iter:0, id:0, r:1.000 and violateion:0.000
2026-02-06 11:05:36,795 [INFO] iter:0, id:1, r:1.000 and violateion:0.000
2026-02-06 11:05:39,378 [INFO] iter:1, id:2, r:1.000 and violateion:0.000
2026-02-06 11:07:25,896 [INFO] failed to satisfy constraint, id: 3 and r_penalty: 10000.000 and violations:0.192:
2026-02-06 11:07:25,906 [INFO] have warm up
2026-02-06 11:07:31,366 [INFO] iter:0, id:0, r:1.000 and violateion:0.000
2026-02-06 11:07:34,998 [INFO] iter:0, id:1, r:1.000 and violateion:0.000
2026-02-06 11:07:38,990 [INFO] iter:0, id:2, r:1.000 and violateion:0.000
2026-02-06 11:09:27,886 [INFO] failed to satisfy constraint, id: 3 and r_penalty: 10000.000 and violations:0.192:
2026-02-06 11:09:28,713 [WARNING] connect time:0, accumulated time:70, and the robot pair:[(0, 1)]
2026-02-06 11:11:15,060 [INFO] failed to satisfy constraint, id: 0 and r_penalty: 10000.000 and violations:0.896:
2026-02-06 11:13:03,114 [INFO] failed to satisfy constraint, id: 1 and r_penalty: 10000.000 and violations:0.086:
2026-02-06 11:13:03,122 [INFO] have warm up
2026-02-06 11:14:52,181 [INFO] failed to satisfy constraint, id: 0 and r_penalty: 10000.000 and violations:0.896:
2026-02-06 11:16:40,898 [INFO] failed to satisfy constraint, id: 1 and r_penalty: 10000.000 and violations:0.086:
2026-02-06 11:16:44,701 [WARNING] connect time:2, accumulated time:72, and the robot pair:[(0, 3)]
2026-02-06 11:16:48,510 [INFO] iter:2, id:0, r:1.000 and violateion:0.000
2026-02-06 11:18:35,698 [INFO] failed to satisfy constraint, id: 3 and r_penalty: 10000.000 and violations:0.171:
2026-02-06 11:18:35,707 [INFO] have warm up
2026-02-06 11:18:40,152 [INFO] iter:0, id:0, r:1.000 and violateion:0.000
2026-02-06 11:20:28,116 [INFO] failed to satisfy constraint, id: 3 and r_penalty: 10000.000 and violations:0.171:
2026-02-06 11:20:36,767 [WARNING] connect time:4, accumulated time:76, and the robot pair:[(0, 3)]
2026-02-06 11:20:40,382 [INFO] iter:1, id:0, r:1.000 and violateion:0.000
2026-02-06 11:22:24,193 [INFO] failed to satisfy constraint, id: 3 and r_penalty: 10000.000 and violations:0.132:
2026-02-06 11:22:24,201 [INFO] have warm up
2026-02-06 11:22:28,908 [INFO] iter:0, id:0, r:1.000 and violateion:0.000
2026-02-06 11:24:15,790 [INFO] failed to satisfy constraint, id: 3 and r_penalty: 10000.000 and violations:0.132:
2026-02-06 11:24:16,430 [INFO] merge map
2026-02-06 11:24:16,432 [INFO] merge map
2026-02-06 11:24:16,434 [INFO] merge map
2026-02-06 11:24:16,436 [INFO] merge map
2026-02-06 11:24:25,589 [WARNING] connect time:4, accumulated time:80, and the robot pair:[]
2026-02-06 11:24:29,072 [INFO] iter:0, id:0, r:1.000 and violateion:0.000
2026-02-06 11:26:12,100 [INFO] failed to satisfy constraint, id: 1 and r_penalty: 10000.000 and violations:0.032:
2026-02-06 11:26:14,454 [INFO] iter:0, id:2, r:1.000 and violateion:0.000
2026-02-06 11:27:57,453 [INFO] failed to satisfy constraint, id: 3 and r_penalty: 10000.000 and violations:0.098:
2026-02-06 11:27:57,461 [INFO] have warm up
2026-02-06 11:28:02,377 [INFO] iter:0, id:0, r:1.000 and violateion:0.000
2026-02-06 11:29:47,089 [INFO] failed to satisfy constraint, id: 1 and r_penalty: 10000.000 and violations:0.032:
2026-02-06 11:29:51,271 [INFO] iter:0, id:2, r:1.000 and violateion:0.000
2026-02-06 11:31:36,015 [INFO] failed to satisfy constraint, id: 3 and r_penalty: 10000.000 and violations:0.098:
2026-02-06 11:31:37,087 [WARNING] connect time:0, accumulated time:80, and the robot pair:[(0, 3)]
2026-02-06 11:31:39,219 [INFO] iter:0, id:0, r:1.000 and violateion:0.000
2026-02-06 11:33:21,512 [INFO] failed to satisfy constraint, id: 3 and r_penalty: 10000.000 and violations:0.098:
2026-02-06 11:33:21,527 [INFO] have warm up
2026-02-06 11:33:25,401 [INFO] iter:0, id:0, r:1.000 and violateion:0.000
2026-02-06 11:35:10,497 [INFO] failed to satisfy constraint, id: 3 and r_penalty: 10000.000 and violations:0.098:
2026-02-06 11:35:16,118 [WARNING] connect time:2, accumulated time:82, and the robot pair:[(1, 3)]
2026-02-06 11:35:19,811 [INFO] iter:1, id:1, r:1.000 and violateion:0.000
2026-02-06 11:37:01,291 [INFO] failed to satisfy constraint, id: 3 and r_penalty: 10000.000 and violations:0.082:
2026-02-06 11:37:01,302 [INFO] have warm up
2026-02-06 11:37:06,149 [INFO] iter:0, id:1, r:1.000 and violateion:0.000
2026-02-06 11:38:51,820 [INFO] failed to satisfy constraint, id: 3 and r_penalty: 10000.000 and violations:0.082:
2026-02-06 11:38:57,803 [WARNING] connect time:2, accumulated time:84, and the robot pair:[(0, 3)]
2026-02-06 11:39:01,496 [INFO] iter:1, id:0, r:1.000 and violateion:0.000
2026-02-06 11:40:42,198 [INFO] failed to satisfy constraint, id: 3 and r_penalty: 10000.000 and violations:0.068:
2026-02-06 11:40:42,208 [INFO] have warm up
2026-02-06 11:40:47,012 [INFO] iter:0, id:0, r:1.000 and violateion:0.000
2026-02-06 11:42:29,989 [INFO] failed to satisfy constraint, id: 3 and r_penalty: 10000.000 and violations:0.068:
2026-02-06 11:42:36,254 [WARNING] connect time:2, accumulated time:86, and the robot pair:[(1, 3)]
2026-02-06 11:42:39,906 [INFO] iter:2, id:1, r:1.000 and violateion:0.005
2026-02-06 11:44:19,639 [INFO] failed to satisfy constraint, id: 3 and r_penalty: 10000.000 and violations:0.054:
2026-02-06 11:44:19,647 [INFO] have warm up
2026-02-06 11:44:24,468 [INFO] iter:0, id:1, r:1.000 and violateion:0.005
2026-02-06 11:46:06,973 [INFO] failed to satisfy constraint, id: 3 and r_penalty: 10000.000 and violations:0.054:
2026-02-06 11:46:13,286 [WARNING] connect time:2, accumulated time:88, and the robot pair:[(0, 3)]
2026-02-06 11:46:16,885 [INFO] iter:1, id:0, r:1.000 and violateion:0.000
2026-02-06 11:47:55,732 [INFO] failed to satisfy constraint, id: 3 and r_penalty: 10000.000 and violations:0.042:
2026-02-06 11:47:55,747 [INFO] have warm up
2026-02-06 11:48:00,463 [INFO] iter:0, id:0, r:1.000 and violateion:0.000
2026-02-06 11:49:41,768 [INFO] failed to satisfy constraint, id: 3 and r_penalty: 10000.000 and violations:0.042:
2026-02-06 11:49:42,597 [INFO] merge map
2026-02-06 11:49:42,599 [INFO] merge map
2026-02-06 11:49:42,601 [INFO] merge map
2026-02-06 11:49:42,603 [INFO] merge map
2026-02-06 11:49:48,299 [WARNING] connect time:2, accumulated time:90, and the robot pair:[]
2026-02-06 11:49:51,845 [INFO] iter:0, id:0, r:1.000 and violateion:0.000
2026-02-06 11:49:54,257 [INFO] iter:2, id:1, r:1.000 and violateion:0.005
2026-02-06 11:49:56,652 [INFO] iter:0, id:2, r:1.000 and violateion:0.000
2026-02-06 11:51:34,753 [INFO] failed to satisfy constraint, id: 3 and r_penalty: 10000.000 and violations:0.031:
2026-02-06 11:51:34,761 [INFO] have warm up
2026-02-06 11:51:39,557 [INFO] iter:0, id:0, r:1.000 and violateion:0.000
2026-02-06 11:51:43,300 [INFO] iter:0, id:1, r:1.000 and violateion:0.005
2026-02-06 11:51:47,569 [INFO] iter:0, id:2, r:1.000 and violateion:0.000
2026-02-06 11:53:28,243 [INFO] failed to satisfy constraint, id: 3 and r_penalty: 10000.000 and violations:0.031:
2026-02-06 11:53:29,287 [WARNING] connect time:0, accumulated time:90, and the robot pair:[(1, 3)]
2026-02-06 11:53:38,180 [INFO] iter:69, id:1, r:13.939 and violateion:0.000
2026-02-06 11:55:16,472 [INFO] failed to satisfy constraint, id: 3 and r_penalty: 10000.000 and violations:0.031:
2026-02-06 11:55:16,481 [INFO] have warm up
2026-02-06 11:55:41,606 [INFO] iter:221, id:1, r:2456.336 and violateion:0.000
2026-02-06 11:57:22,363 [INFO] failed to satisfy constraint, id: 3 and r_penalty: 10000.000 and violations:0.031:
2026-02-06 11:57:28,739 [WARNING] connect time:2, accumulated time:92, and the robot pair:[(0, 3)]
2026-02-06 11:57:32,346 [INFO] iter:1, id:0, r:1.000 and violateion:0.000
2026-02-06 11:59:10,067 [INFO] failed to satisfy constraint, id: 3 and r_penalty: 10000.000 and violations:0.021:
2026-02-06 11:59:10,075 [INFO] have warm up
2026-02-06 11:59:14,954 [INFO] iter:0, id:0, r:1.000 and violateion:0.000
2026-02-06 12:00:55,066 [INFO] failed to satisfy constraint, id: 3 and r_penalty: 10000.000 and violations:0.021:
2026-02-06 12:01:01,594 [WARNING] connect time:2, accumulated time:94, and the robot pair:[(1, 3)]
2026-02-06 12:01:05,557 [INFO] iter:4, id:1, r:1.050 and violateion:0.003
2026-02-06 12:02:42,314 [INFO] failed to satisfy constraint, id: 3 and r_penalty: 10000.000 and violations:0.397:
2026-02-06 12:02:42,334 [INFO] have warm up
2026-02-06 12:02:57,063 [INFO] iter:101, id:1, r:76.886 and violateion:0.005
2026-02-06 12:04:36,127 [INFO] failed to satisfy constraint, id: 3 and r_penalty: 10000.000 and violations:0.397:
2026-02-06 12:04:48,633 [WARNING] connect time:4, accumulated time:98, and the robot pair:[(1, 3)]
2026-02-06 12:04:52,276 [INFO] iter:3, id:1, r:1.000 and violateion:0.003
2026-02-06 12:04:54,722 [INFO] iter:1, id:3, r:1.000 and violateion:0.001
2026-02-06 12:04:54,725 [INFO] have warm up
2026-02-06 12:04:59,408 [INFO] iter:0, id:1, r:1.000 and violateion:0.003
2026-02-06 12:06:36,473 [INFO] failed to satisfy constraint, id: 3 and r_penalty: 10000.000 and violations:0.130:
2026-02-06 12:06:36,919 [INFO] merge map
2026-02-06 12:06:36,921 [INFO] merge map
2026-02-06 12:06:36,923 [INFO] merge map
2026-02-06 12:06:36,925 [INFO] merge map
2026-02-06 12:06:43,032 [WARNING] connect time:2, accumulated time:100, and the robot pair:[]
2026-02-06 12:06:46,363 [INFO] iter:0, id:0, r:1.000 and violateion:0.000
2026-02-06 12:06:48,473 [INFO] iter:0, id:1, r:1.000 and violateion:0.003
2026-02-06 12:06:50,864 [INFO] iter:0, id:2, r:1.000 and violateion:0.000
2026-02-06 12:08:24,933 [INFO] failed to satisfy constraint, id: 3 and r_penalty: 10000.000 and violations:0.274:
2026-02-06 12:08:24,942 [INFO] have warm up
2026-02-06 12:08:29,425 [INFO] iter:0, id:0, r:1.000 and violateion:0.000
2026-02-06 12:08:33,271 [INFO] iter:0, id:1, r:1.000 and violateion:0.003
2026-02-06 12:08:37,542 [INFO] iter:0, id:2, r:1.000 and violateion:0.000
2026-02-06 12:10:13,766 [INFO] failed to satisfy constraint, id: 3 and r_penalty: 10000.000 and violations:0.274:
2026-02-06 12:10:21,064 [WARNING] connect time:2, accumulated time:102, and the robot pair:[(1, 3)]
2026-02-06 12:10:24,824 [INFO] iter:1, id:1, r:1.000 and violateion:0.003
2026-02-06 12:11:58,272 [INFO] failed to satisfy constraint, id: 3 and r_penalty: 10000.000 and violations:0.283:
2026-02-06 12:11:58,281 [INFO] have warm up
2026-02-06 12:12:03,387 [INFO] iter:0, id:1, r:1.000 and violateion:0.011
2026-02-06 12:13:37,903 [INFO] failed to satisfy constraint, id: 3 and r_penalty: 10000.000 and violations:0.135:
2026-02-06 12:13:49,338 [WARNING] connect time:4, accumulated time:106, and the robot pair:[(1, 3)]
2026-02-06 12:14:04,663 [INFO] iter:135, id:1, r:626.596 and violateion:0.003
2026-02-06 12:15:35,355 [INFO] failed to satisfy constraint, id: 3 and r_penalty: 10000.000 and violations:0.124:
2026-02-06 12:15:35,366 [INFO] have warm up
2026-02-06 12:15:55,368 [INFO] iter:169, id:1, r:3134.977 and violateion:0.013
2026-02-06 12:17:29,324 [INFO] failed to satisfy constraint, id: 3 and r_penalty: 10000.000 and violations:0.124:
2026-02-06 12:17:30,067 [INFO] merge map
2026-02-06 12:17:30,070 [INFO] merge map
2026-02-06 12:17:30,072 [INFO] merge map
2026-02-06 12:17:30,074 [INFO] merge map
2026-02-06 12:17:42,487 [WARNING] connect time:4, accumulated time:110, and the robot pair:[]
2026-02-06 12:17:45,837 [INFO] iter:0, id:0, r:1.000 and violateion:0.000
2026-02-06 12:17:48,302 [INFO] iter:4, id:1, r:1.000 and violateion:0.003
2026-02-06 12:17:50,760 [INFO] iter:0, id:2, r:1.000 and violateion:0.000
2026-02-06 12:19:20,572 [INFO] failed to satisfy constraint, id: 3 and r_penalty: 10000.000 and violations:0.115:
2026-02-06 12:19:20,580 [INFO] have warm up
2026-02-06 12:19:25,259 [INFO] iter:0, id:0, r:1.000 and violateion:0.000
2026-02-06 12:19:44,729 [INFO] iter:179, id:1, r:5106.547 and violateion:0.003
2026-02-06 12:19:48,971 [INFO] iter:0, id:2, r:1.000 and violateion:0.000
2026-02-06 12:21:09,424 [INFO] signal_shutdown [atexit]
