2026-01-18 15:40:36,640 [INFO] Unable to initialize backend 'rocm': module 'jaxlib.xla_extension' has no attribute 'GpuAllocatorConfig'
2026-01-18 15:40:36,645 [INFO] Unable to initialize backend 'tpu': INTERNAL: Failed to open libtpu.so: libtpu.so: cannot open shared object file: No such file or directory
2026-01-18 15:40:39,747 [INFO] topicmanager initialized
2026-01-18 15:40:39,814 [INFO] Log opened: Sun Jan 18 07:40:39 2026 UTC
2026-01-18 15:40:39,945 [INFO] signal_shutdown [atexit]
2026-01-18 15:40:44,572 [INFO] Unable to initialize backend 'rocm': module 'jaxlib.xla_extension' has no attribute 'GpuAllocatorConfig'
2026-01-18 15:40:44,573 [INFO] Unable to initialize backend 'tpu': INTERNAL: Failed to open libtpu.so: libtpu.so: cannot open shared object file: No such file or directory
2026-01-18 15:40:47,064 [INFO] topicmanager initialized
2026-01-18 15:40:47,111 [INFO] Log opened: Sun Jan 18 07:40:47 2026 UTC
2026-01-18 15:40:51,638 [INFO] my_strategy
2026-01-18 15:41:03,322 [INFO] iter:55, id:0, r:1.000 and violateion:0.000
2026-01-18 15:41:09,150 [INFO] iter:55, id:1, r:1.000 and violateion:0.000
2026-01-18 15:41:15,139 [INFO] iter:55, id:2, r:1.000 and violateion:0.000
2026-01-18 15:41:21,116 [INFO] iter:55, id:3, r:1.000 and violateion:0.000
2026-01-18 15:41:21,118 [INFO] have warm up
2026-01-18 15:41:37,019 [INFO] iter:159, id:0, r:403.909 and violateion:0.006
2026-01-18 15:41:52,080 [INFO] iter:159, id:1, r:403.909 and violateion:0.006
2026-01-18 15:42:07,486 [INFO] iter:159, id:2, r:403.909 and violateion:0.006
2026-01-18 15:42:22,534 [INFO] iter:159, id:3, r:403.909 and violateion:0.006
2026-01-18 15:42:24,882 [INFO] merge map
2026-01-18 15:42:24,885 [INFO] merge map
2026-01-18 15:42:24,887 [INFO] merge map
2026-01-18 15:42:24,888 [INFO] merge map
2026-01-18 15:42:25,869 [WARNING] connect time:5, accumulated time:5, and the robot pair:[]
2026-01-18 15:42:36,974 [INFO] iter:110, id:0, r:69.738 and violateion:0.000
2026-01-18 15:42:38,871 [INFO] iter:0, id:1, r:1.000 and violateion:0.000
2026-01-18 15:42:41,143 [INFO] iter:2, id:2, r:1.000 and violateion:0.011
2026-01-18 15:42:43,350 [INFO] iter:3, id:3, r:1.000 and violateion:0.002
2026-01-18 15:42:43,352 [INFO] have warm up
2026-01-18 15:42:54,171 [INFO] iter:90, id:0, r:30.426 and violateion:0.000
2026-01-18 15:42:57,530 [INFO] iter:0, id:1, r:1.000 and violateion:0.000
2026-01-18 15:43:00,842 [INFO] iter:0, id:2, r:1.000 and violateion:0.011
2026-01-18 15:43:04,258 [INFO] iter:0, id:3, r:1.000 and violateion:0.002
2026-01-18 15:43:06,270 [WARNING] connect time:2, accumulated time:7, and the robot pair:[(0, 1), (2, 3)]
2026-01-18 15:43:09,637 [INFO] iter:2, id:0, r:1.000 and violateion:0.002
2026-01-18 15:43:11,514 [INFO] iter:0, id:1, r:1.000 and violateion:0.000
2026-01-18 15:43:13,425 [INFO] iter:0, id:2, r:1.000 and violateion:0.006
2026-01-18 15:43:15,519 [INFO] iter:1, id:3, r:1.000 and violateion:0.008
2026-01-18 15:43:15,521 [INFO] have warm up
2026-01-18 15:43:26,241 [INFO] iter:94, id:0, r:30.426 and violateion:0.015
2026-01-18 15:43:38,992 [INFO] iter:132, id:1, r:42.813 and violateion:0.013
2026-01-18 15:43:42,472 [INFO] iter:0, id:2, r:1.000 and violateion:0.006
2026-01-18 15:43:45,919 [INFO] iter:0, id:3, r:1.000 and violateion:0.008
2026-01-18 15:43:46,823 [INFO] merge map
2026-01-18 15:43:46,825 [INFO] merge map
2026-01-18 15:43:46,827 [INFO] merge map
2026-01-18 15:43:46,829 [INFO] merge map
2026-01-18 15:43:48,042 [WARNING] connect time:3, accumulated time:10, and the robot pair:[]
2026-01-18 15:43:51,019 [INFO] iter:0, id:0, r:1.000 and violateion:0.000
2026-01-18 15:43:53,103 [INFO] iter:1, id:1, r:1.000 and violateion:0.000
2026-01-18 15:43:55,071 [INFO] iter:0, id:2, r:1.000 and violateion:0.000
2026-01-18 15:43:57,067 [INFO] iter:0, id:3, r:1.000 and violateion:0.002
2026-01-18 15:43:57,069 [INFO] have warm up
2026-01-18 15:44:01,144 [INFO] iter:0, id:0, r:1.000 and violateion:0.000
2026-01-18 15:44:04,462 [INFO] iter:0, id:1, r:1.000 and violateion:0.000
2026-01-18 15:44:07,804 [INFO] iter:0, id:2, r:1.000 and violateion:0.000
2026-01-18 15:44:11,251 [INFO] iter:0, id:3, r:1.000 and violateion:0.002
2026-01-18 15:44:13,204 [WARNING] connect time:1, accumulated time:11, and the robot pair:[(0, 1), (2, 3)]
2026-01-18 15:44:24,565 [INFO] iter:121, id:0, r:194.287 and violateion:0.019
2026-01-18 15:44:34,275 [INFO] iter:113, id:1, r:176.224 and violateion:0.001
2026-01-18 15:44:36,281 [INFO] iter:0, id:2, r:1.000 and violateion:0.006
2026-01-18 15:44:38,396 [INFO] iter:1, id:3, r:1.000 and violateion:0.009
2026-01-18 15:44:38,398 [INFO] have warm up
2026-01-18 15:44:48,095 [INFO] iter:79, id:0, r:35.222 and violateion:0.010
2026-01-18 15:44:59,911 [INFO] iter:121, id:1, r:57.374 and violateion:0.001
2026-01-18 15:45:03,443 [INFO] iter:0, id:2, r:1.000 and violateion:0.006
2026-01-18 15:45:06,937 [INFO] iter:0, id:3, r:1.000 and violateion:0.009
2026-01-18 15:45:07,335 [INFO] merge map
2026-01-18 15:45:07,337 [INFO] merge map
2026-01-18 15:45:07,338 [INFO] merge map
2026-01-18 15:45:07,340 [INFO] merge map
2026-01-18 15:45:08,661 [WARNING] connect time:4, accumulated time:15, and the robot pair:[]
2026-01-18 15:45:12,012 [INFO] iter:0, id:0, r:1.000 and violateion:0.010
2026-01-18 15:45:14,556 [INFO] iter:5, id:1, r:1.000 and violateion:0.000
2026-01-18 15:45:16,521 [INFO] iter:0, id:2, r:1.000 and violateion:0.000
2026-01-18 15:45:18,573 [INFO] iter:0, id:3, r:1.000 and violateion:0.002
2026-01-18 15:45:18,575 [INFO] have warm up
2026-01-18 15:45:22,650 [INFO] iter:0, id:0, r:1.000 and violateion:0.010
2026-01-18 15:45:25,922 [INFO] iter:0, id:1, r:1.000 and violateion:0.000
2026-01-18 15:45:29,283 [INFO] iter:0, id:2, r:1.000 and violateion:0.000
2026-01-18 15:45:32,798 [INFO] iter:0, id:3, r:1.000 and violateion:0.002
2026-01-18 15:45:33,516 [WARNING] connect time:0, accumulated time:15, and the robot pair:[(0, 1), (2, 3)]
2026-01-18 15:45:43,239 [INFO] iter:114, id:0, r:224.912 and violateion:0.001
2026-01-18 15:45:53,485 [INFO] iter:122, id:1, r:366.358 and violateion:0.000
2026-01-18 15:45:55,411 [INFO] iter:0, id:2, r:1.000 and violateion:0.007
2026-01-18 15:45:57,481 [INFO] iter:1, id:3, r:1.000 and violateion:0.010
2026-01-18 15:45:57,483 [INFO] have warm up
2026-01-18 15:46:04,306 [INFO] iter:52, id:0, r:6.081 and violateion:0.000
2026-01-18 15:46:13,294 [INFO] iter:83, id:1, r:42.813 and violateion:0.000
2026-01-18 15:46:16,716 [INFO] iter:0, id:2, r:1.000 and violateion:0.007
2026-01-18 15:46:20,170 [INFO] iter:0, id:3, r:1.000 and violateion:0.010
2026-01-18 15:46:22,914 [WARNING] connect time:4, accumulated time:19, and the robot pair:[(0, 1), (2, 3)]
2026-01-18 15:46:26,574 [INFO] iter:1, id:0, r:1.000 and violateion:0.000
2026-01-18 15:46:33,580 [INFO] iter:77, id:1, r:10.401 and violateion:0.016
2026-01-18 15:46:35,636 [INFO] iter:0, id:2, r:1.000 and violateion:0.007
2026-01-18 15:46:37,820 [INFO] iter:1, id:3, r:1.000 and violateion:0.010
2026-01-18 15:46:37,822 [INFO] have warm up
2026-01-18 15:46:41,957 [INFO] iter:1, id:0, r:1.000 and violateion:0.001
2026-01-18 15:46:50,931 [INFO] iter:84, id:1, r:38.833 and violateion:0.014
2026-01-18 15:46:54,441 [INFO] iter:0, id:2, r:1.000 and violateion:0.007
2026-01-18 15:46:57,934 [INFO] iter:0, id:3, r:1.000 and violateion:0.010
2026-01-18 15:46:59,000 [INFO] merge map
2026-01-18 15:46:59,002 [INFO] merge map
2026-01-18 15:46:59,004 [INFO] merge map
2026-01-18 15:46:59,006 [INFO] merge map
2026-01-18 15:47:12,930 [INFO] update map
2026-01-18 15:47:13,726 [WARNING] connect time:1, accumulated time:20, and the robot pair:[]
2026-01-18 15:47:16,999 [INFO] iter:1, id:0, r:1.000 and violateion:0.001
2026-01-18 15:47:19,253 [INFO] iter:1, id:1, r:1.000 and violateion:0.002
2026-01-18 15:47:21,326 [INFO] iter:0, id:2, r:1.000 and violateion:0.001
2026-01-18 15:47:23,410 [INFO] iter:0, id:3, r:1.000 and violateion:0.004
2026-01-18 15:47:23,412 [INFO] have warm up
2026-01-18 15:47:27,386 [INFO] iter:0, id:0, r:1.000 and violateion:0.001
2026-01-18 15:47:36,154 [INFO] iter:80, id:1, r:31.948 and violateion:0.000
2026-01-18 15:47:39,615 [INFO] iter:0, id:2, r:1.000 and violateion:0.001
2026-01-18 15:47:43,083 [INFO] iter:0, id:3, r:1.000 and violateion:0.004
2026-01-18 15:47:45,159 [WARNING] connect time:3, accumulated time:23, and the robot pair:[(0, 1), (2, 3)]
2026-01-18 15:47:52,693 [INFO] iter:68, id:0, r:21.623 and violateion:0.000
2026-01-18 15:47:59,097 [INFO] iter:68, id:1, r:18.679 and violateion:0.000
2026-01-18 15:48:01,147 [INFO] iter:0, id:2, r:1.000 and violateion:0.000
2026-01-18 15:48:03,377 [INFO] iter:1, id:3, r:1.000 and violateion:0.003
2026-01-18 15:48:03,379 [INFO] have warm up
2026-01-18 15:48:07,804 [INFO] iter:0, id:0, r:1.000 and violateion:0.000
2026-01-18 15:48:16,801 [INFO] iter:88, id:1, r:16.136 and violateion:0.014
2026-01-18 15:48:20,296 [INFO] iter:0, id:2, r:1.000 and violateion:0.000
2026-01-18 15:48:23,887 [INFO] iter:0, id:3, r:1.000 and violateion:0.003
2026-01-18 15:48:24,819 [INFO] merge map
2026-01-18 15:48:24,820 [INFO] merge map
2026-01-18 15:48:24,823 [INFO] merge map
2026-01-18 15:48:24,826 [INFO] merge map
2026-01-18 15:48:26,009 [WARNING] connect time:2, accumulated time:25, and the robot pair:[]
2026-01-18 15:48:29,033 [INFO] iter:0, id:0, r:1.000 and violateion:0.000
2026-01-18 15:48:31,312 [INFO] iter:3, id:1, r:1.000 and violateion:0.000
2026-01-18 15:48:33,425 [INFO] iter:0, id:2, r:1.000 and violateion:0.000
2026-01-18 15:48:35,556 [INFO] iter:0, id:3, r:1.000 and violateion:0.003
2026-01-18 15:48:35,559 [INFO] have warm up
2026-01-18 15:48:39,581 [INFO] iter:0, id:0, r:1.000 and violateion:0.000
2026-01-18 15:48:42,927 [INFO] iter:0, id:1, r:1.000 and violateion:0.000
2026-01-18 15:48:46,422 [INFO] iter:0, id:2, r:1.000 and violateion:0.000
2026-01-18 15:48:50,021 [INFO] iter:0, id:3, r:1.000 and violateion:0.003
2026-01-18 15:48:52,208 [WARNING] connect time:2, accumulated time:27, and the robot pair:[(0, 1), (2, 3)]
2026-01-18 15:48:56,272 [INFO] iter:12, id:0, r:1.000 and violateion:0.000
2026-01-18 15:49:50,014 [INFO] iter:856, id:1, r:35.222 and violateion:0.002
2026-01-18 15:49:52,634 [INFO] iter:0, id:2, r:1.000 and violateion:0.000
2026-01-18 15:49:55,631 [INFO] iter:1, id:3, r:1.000 and violateion:0.003
2026-01-18 15:49:55,638 [INFO] have warm up
2026-01-18 15:50:00,228 [INFO] iter:0, id:0, r:1.000 and violateion:0.000
2026-01-18 15:50:23,831 [INFO] iter:323, id:1, r:22.705 and violateion:0.002
2026-01-18 15:50:27,726 [INFO] iter:0, id:2, r:1.000 and violateion:0.000
2026-01-18 15:50:31,463 [INFO] iter:0, id:3, r:1.000 and violateion:0.003
2026-01-18 15:50:32,092 [INFO] merge map
2026-01-18 15:50:32,095 [INFO] merge map
2026-01-18 15:50:32,097 [INFO] merge map
2026-01-18 15:50:32,100 [INFO] merge map
2026-01-18 15:50:33,711 [WARNING] connect time:3, accumulated time:30, and the robot pair:[]
2026-01-18 15:50:37,693 [INFO] iter:9, id:0, r:1.000 and violateion:0.000
2026-01-18 15:51:38,533 [INFO] satisfy constraint, but not converge, id: 1 and r_penalty: 10.921 and violations:0.001:
2026-01-18 15:51:40,781 [INFO] iter:0, id:2, r:1.000 and violateion:0.000
2026-01-18 15:51:42,997 [INFO] iter:0, id:3, r:1.000 and violateion:0.003
2026-01-18 15:51:42,999 [INFO] have warm up
2026-01-18 15:51:47,223 [INFO] iter:0, id:0, r:1.000 and violateion:0.000
2026-01-18 15:51:55,717 [INFO] iter:77, id:1, r:8.985 and violateion:0.014
2026-01-18 15:51:59,402 [INFO] iter:0, id:2, r:1.000 and violateion:0.000
2026-01-18 15:52:03,095 [INFO] iter:0, id:3, r:1.000 and violateion:0.003
2026-01-18 15:52:04,940 [WARNING] connect time:1, accumulated time:31, and the robot pair:[(0, 1), (2, 3)]
2026-01-18 15:52:08,867 [INFO] iter:9, id:0, r:1.000 and violateion:0.013
2026-01-18 15:52:11,664 [INFO] iter:10, id:1, r:1.000 and violateion:0.003
2026-01-18 15:52:13,890 [INFO] iter:0, id:2, r:1.000 and violateion:0.000
2026-01-18 15:52:16,347 [INFO] iter:1, id:3, r:1.000 and violateion:0.003
2026-01-18 15:52:16,350 [INFO] have warm up
2026-01-18 15:52:21,298 [INFO] iter:0, id:0, r:1.000 and violateion:0.013
2026-01-18 15:52:29,811 [INFO] iter:84, id:1, r:12.643 and violateion:0.002
2026-01-18 15:52:33,457 [INFO] iter:0, id:2, r:1.000 and violateion:0.000
2026-01-18 15:52:36,950 [INFO] iter:0, id:3, r:1.000 and violateion:0.003
2026-01-18 15:52:37,546 [INFO] merge map
2026-01-18 15:52:37,549 [INFO] merge map
2026-01-18 15:52:37,551 [INFO] merge map
2026-01-18 15:52:37,553 [INFO] merge map
2026-01-18 15:52:39,614 [WARNING] connect time:4, accumulated time:35, and the robot pair:[]
2026-01-18 15:52:56,007 [INFO] iter:231, id:0, r:5.253 and violateion:0.009
2026-01-18 15:53:00,032 [INFO] iter:30, id:1, r:1.000 and violateion:0.008
2026-01-18 15:53:02,165 [INFO] iter:0, id:2, r:1.000 and violateion:0.000
2026-01-18 15:53:04,326 [INFO] iter:0, id:3, r:1.000 and violateion:0.003
2026-01-18 15:53:04,328 [INFO] have warm up
2026-01-18 15:53:08,199 [INFO] iter:0, id:0, r:1.000 and violateion:0.009
2026-01-18 15:53:11,462 [INFO] iter:0, id:1, r:1.000 and violateion:0.008
2026-01-18 15:53:14,865 [INFO] iter:0, id:2, r:1.000 and violateion:0.000
2026-01-18 15:53:18,268 [INFO] iter:0, id:3, r:1.000 and violateion:0.003
2026-01-18 15:53:19,228 [WARNING] connect time:0, accumulated time:35, and the robot pair:[(0, 1), (2, 3)]
2026-01-18 15:53:21,163 [INFO] iter:0, id:0, r:1.000 and violateion:0.014
2026-01-18 15:53:23,130 [INFO] iter:0, id:1, r:1.000 and violateion:0.014
2026-01-18 15:53:25,211 [INFO] iter:0, id:2, r:1.000 and violateion:0.000
2026-01-18 15:53:27,413 [INFO] iter:1, id:3, r:1.000 and violateion:0.003
2026-01-18 15:53:27,415 [INFO] have warm up
2026-01-18 15:53:30,502 [INFO] iter:0, id:0, r:1.000 and violateion:0.014
2026-01-18 15:53:33,817 [INFO] iter:0, id:1, r:1.000 and violateion:0.014
2026-01-18 15:53:37,102 [INFO] iter:0, id:2, r:1.000 and violateion:0.000
2026-01-18 15:53:40,570 [INFO] iter:0, id:3, r:1.000 and violateion:0.003
2026-01-18 15:53:43,260 [WARNING] connect time:4, accumulated time:39, and the robot pair:[(0, 1), (2, 3)]
2026-01-18 15:53:49,892 [INFO] iter:65, id:0, r:13.275 and violateion:0.008
2026-01-18 15:54:00,955 [INFO] iter:162, id:1, r:84.767 and violateion:0.000
2026-01-18 15:54:03,070 [INFO] iter:0, id:2, r:1.000 and violateion:0.000
2026-01-18 15:54:05,383 [INFO] iter:1, id:3, r:1.000 and violateion:0.003
2026-01-18 15:54:05,385 [INFO] have warm up
2026-01-18 15:54:13,693 [INFO] iter:76, id:0, r:12.643 and violateion:0.008
2026-01-18 15:54:17,816 [INFO] iter:0, id:1, r:1.000 and violateion:0.000
2026-01-18 15:54:21,147 [INFO] iter:0, id:2, r:1.000 and violateion:0.000
2026-01-18 15:54:24,641 [INFO] iter:0, id:3, r:1.000 and violateion:0.003
2026-01-18 15:54:25,885 [INFO] merge map
2026-01-18 15:54:25,887 [INFO] merge map
2026-01-18 15:54:25,890 [INFO] merge map
2026-01-18 15:54:25,892 [INFO] merge map
2026-01-18 15:55:38,893 [INFO] update map
2026-01-18 15:55:39,840 [WARNING] connect time:1, accumulated time:40, and the robot pair:[]
2026-01-18 15:55:50,167 [INFO] iter:131, id:0, r:13.939 and violateion:0.002
2026-01-18 15:56:46,707 [INFO] satisfy constraint, but not converge, id: 1 and r_penalty: 7.762 and violations:0.002:
2026-01-18 15:56:48,850 [INFO] iter:0, id:2, r:1.000 and violateion:0.000
2026-01-18 15:56:50,985 [INFO] iter:0, id:3, r:1.000 and violateion:0.003
2026-01-18 15:56:50,988 [INFO] have warm up
2026-01-18 15:57:49,521 [INFO] satisfy constraint, but not converge, id: 0 and r_penalty: 12.041 and violations:0.001:
2026-01-18 15:58:07,151 [INFO] iter:259, id:1, r:10.921 and violateion:0.000
2026-01-18 15:58:10,524 [INFO] iter:0, id:2, r:1.000 and violateion:0.000
2026-01-18 15:58:13,952 [INFO] iter:0, id:3, r:1.000 and violateion:0.003
2026-01-18 15:58:16,400 [WARNING] connect time:3, accumulated time:43, and the robot pair:[(0, 1), (2, 3)]
2026-01-18 15:58:31,328 [INFO] iter:223, id:0, r:27.598 and violateion:0.002
2026-01-18 15:59:01,203 [INFO] iter:519, id:1, r:19.613 and violateion:0.001
2026-01-18 15:59:03,464 [INFO] iter:1, id:2, r:1.000 and violateion:0.000
2026-01-18 15:59:05,811 [INFO] iter:1, id:3, r:1.000 and violateion:0.003
2026-01-18 15:59:05,813 [INFO] have warm up
2026-01-18 15:59:28,225 [INFO] iter:344, id:0, r:33.545 and violateion:0.001
2026-01-18 15:59:41,549 [INFO] iter:184, id:1, r:16.943 and violateion:0.003
2026-01-18 15:59:44,999 [INFO] iter:0, id:2, r:1.000 and violateion:0.000
2026-01-18 15:59:48,508 [INFO] iter:0, id:3, r:1.000 and violateion:0.003
2026-01-18 15:59:49,375 [INFO] merge map
2026-01-18 15:59:49,377 [INFO] merge map
2026-01-18 15:59:49,379 [INFO] merge map
2026-01-18 15:59:49,381 [INFO] merge map
2026-01-18 15:59:50,837 [WARNING] connect time:2, accumulated time:45, and the robot pair:[]
2026-01-18 16:00:18,607 [INFO] iter:465, id:0, r:10.401 and violateion:0.004
2026-01-18 16:00:34,899 [INFO] iter:269, id:1, r:13.275 and violateion:0.002
2026-01-18 16:00:37,012 [INFO] iter:0, id:2, r:1.000 and violateion:0.000
2026-01-18 16:00:39,192 [INFO] iter:0, id:3, r:1.000 and violateion:0.003
2026-01-18 16:00:39,194 [INFO] have warm up
2026-01-18 16:00:48,361 [INFO] iter:97, id:0, r:21.623 and violateion:0.008
2026-01-18 16:00:57,552 [INFO] iter:111, id:1, r:20.594 and violateion:0.008
2026-01-18 16:01:00,962 [INFO] iter:0, id:2, r:1.000 and violateion:0.000
2026-01-18 16:01:04,335 [INFO] iter:0, id:3, r:1.000 and violateion:0.003
2026-01-18 16:01:06,609 [WARNING] connect time:2, accumulated time:47, and the robot pair:[(0, 1)]
2026-01-18 16:02:01,474 [INFO] satisfy constraint, but not converge, id: 0 and r_penalty: 49.561 and violations:0.001:
2026-01-18 16:02:55,508 [INFO] satisfy constraint, but not converge, id: 1 and r_penalty: 31.948 and violations:0.001:
2026-01-18 16:02:55,516 [INFO] have warm up
2026-01-18 16:03:05,095 [INFO] iter:108, id:0, r:21.623 and violateion:0.009
2026-01-18 16:04:00,704 [INFO] satisfy constraint, but not converge, id: 1 and r_penalty: 17.790 and violations:0.003:
2026-01-18 16:04:01,545 [INFO] merge map
2026-01-18 16:04:01,547 [INFO] merge map
2026-01-18 16:04:01,550 [INFO] merge map
2026-01-18 16:04:01,552 [INFO] merge map
2026-01-18 16:04:03,520 [WARNING] connect time:3, accumulated time:50, and the robot pair:[]
2026-01-18 16:04:56,890 [INFO] iter:972, id:0, r:25.032 and violateion:0.002
2026-01-18 16:05:09,902 [INFO] iter:213, id:1, r:20.594 and violateion:0.004
2026-01-18 16:05:12,024 [INFO] iter:0, id:2, r:1.000 and violateion:0.000
2026-01-18 16:05:14,326 [INFO] iter:1, id:3, r:1.000 and violateion:0.003
2026-01-18 16:05:14,328 [INFO] have warm up
2026-01-18 16:05:35,848 [INFO] iter:348, id:0, r:28.978 and violateion:0.002
2026-01-18 16:06:24,814 [INFO] iter:899, id:1, r:23.840 and violateion:0.001
2026-01-18 16:06:28,099 [INFO] iter:0, id:2, r:1.000 and violateion:0.000
2026-01-18 16:06:31,489 [INFO] iter:0, id:3, r:1.000 and violateion:0.003
2026-01-18 16:06:33,089 [WARNING] connect time:1, accumulated time:51, and the robot pair:[(0, 1)]
2026-01-18 16:06:47,458 [INFO] iter:219, id:0, r:23.840 and violateion:0.004
2026-01-18 16:06:59,617 [INFO] iter:198, id:1, r:36.984 and violateion:0.012
2026-01-18 16:06:59,620 [INFO] have warm up
2026-01-18 16:07:14,996 [INFO] iter:228, id:0, r:23.840 and violateion:0.004
2026-01-18 16:07:26,606 [INFO] iter:165, id:1, r:31.948 and violateion:0.003
2026-01-18 16:07:27,240 [INFO] merge map
2026-01-18 16:07:27,242 [INFO] merge map
2026-01-18 16:07:27,244 [INFO] merge map
2026-01-18 16:07:27,245 [INFO] merge map
2026-01-18 16:07:29,840 [WARNING] connect time:4, accumulated time:55, and the robot pair:[]
2026-01-18 16:08:16,654 [INFO] iter:901, id:0, r:25.032 and violateion:0.002
2026-01-18 16:08:27,344 [INFO] iter:173, id:1, r:19.613 and violateion:0.003
2026-01-18 16:08:29,507 [INFO] iter:0, id:2, r:1.000 and violateion:0.000
2026-01-18 16:08:31,657 [INFO] iter:0, id:3, r:1.000 and violateion:0.000
2026-01-18 16:08:31,659 [INFO] have warm up
2026-01-18 16:09:08,104 [INFO] iter:667, id:0, r:25.032 and violateion:0.001
2026-01-18 16:09:16,506 [INFO] iter:103, id:1, r:22.705 and violateion:0.009
2026-01-18 16:09:19,929 [INFO] iter:0, id:2, r:1.000 and violateion:0.000
2026-01-18 16:09:23,412 [INFO] iter:0, id:3, r:1.000 and violateion:0.000
2026-01-18 16:09:24,254 [WARNING] connect time:0, accumulated time:55, and the robot pair:[(0, 1)]
2026-01-18 16:09:31,308 [INFO] iter:104, id:0, r:35.222 and violateion:0.014
2026-01-18 16:09:33,262 [INFO] iter:0, id:1, r:1.000 and violateion:0.005
2026-01-18 16:09:33,264 [INFO] have warm up
2026-01-18 16:09:40,137 [INFO] iter:77, id:0, r:33.545 and violateion:0.019
2026-01-18 16:09:43,300 [INFO] iter:0, id:1, r:1.000 and violateion:0.005
2026-01-18 16:09:46,478 [WARNING] connect time:4, accumulated time:59, and the robot pair:[(0, 1)]
2026-01-18 16:10:08,948 [INFO] iter:411, id:0, r:28.978 and violateion:0.004
2026-01-18 16:10:57,739 [INFO] satisfy constraint, but not converge, id: 1 and r_penalty: 38.833 and violations:0.003:
2026-01-18 16:10:57,746 [INFO] have warm up
2026-01-18 16:11:12,377 [INFO] iter:200, id:0, r:25.032 and violateion:0.005
2026-01-18 16:11:40,943 [INFO] iter:536, id:1, r:25.032 and violateion:0.003
2026-01-18 16:11:41,383 [INFO] merge map
2026-01-18 16:11:41,386 [INFO] merge map
2026-01-18 16:11:41,388 [INFO] merge map
2026-01-18 16:11:41,390 [INFO] merge map
2026-01-18 16:14:01,526 [INFO] update map
2026-01-18 16:14:02,649 [WARNING] connect time:1, accumulated time:60, and the robot pair:[]
2026-01-18 16:14:10,893 [INFO] iter:107, id:0, r:23.840 and violateion:0.011
2026-01-18 16:14:58,793 [INFO] satisfy constraint, but not converge, id: 1 and r_penalty: 27.598 and violations:0.002:
2026-01-18 16:15:00,955 [INFO] iter:0, id:2, r:1.000 and violateion:0.000
2026-01-18 16:15:03,138 [INFO] iter:0, id:3, r:1.000 and violateion:0.000
2026-01-18 16:15:03,140 [INFO] have warm up
2026-01-18 16:15:22,807 [INFO] iter:338, id:0, r:25.032 and violateion:0.005
2026-01-18 16:16:12,575 [INFO] satisfy constraint, but not converge, id: 1 and r_penalty: 20.594 and violations:0.004:
2026-01-18 16:16:16,078 [INFO] iter:0, id:2, r:1.000 and violateion:0.000
2026-01-18 16:16:19,603 [INFO] iter:0, id:3, r:1.000 and violateion:0.000
2026-01-18 16:16:22,700 [WARNING] connect time:3, accumulated time:63, and the robot pair:[(0, 1)]
2026-01-18 16:16:35,125 [INFO] iter:201, id:0, r:23.840 and violateion:0.008
2026-01-18 16:17:21,982 [INFO] satisfy constraint, but not converge, id: 1 and r_penalty: 26.283 and violations:0.005:
2026-01-18 16:17:21,990 [INFO] have warm up
2026-01-18 16:17:42,550 [INFO] iter:367, id:0, r:22.705 and violateion:0.002
2026-01-18 16:18:04,467 [INFO] iter:380, id:1, r:25.032 and violateion:0.002
2026-01-18 16:18:04,877 [INFO] merge map
2026-01-18 16:18:04,879 [INFO] merge map
2026-01-18 16:18:04,881 [INFO] merge map
2026-01-18 16:18:04,883 [INFO] merge map
2026-01-18 16:18:06,534 [WARNING] connect time:2, accumulated time:65, and the robot pair:[]
2026-01-18 16:18:53,804 [INFO] satisfy constraint, but not converge, id: 0 and r_penalty: 28.978 and violations:0.004:
2026-01-18 16:19:04,187 [INFO] iter:183, id:1, r:15.367 and violateion:0.003
2026-01-18 16:19:06,361 [INFO] iter:0, id:2, r:1.000 and violateion:0.000
2026-01-18 16:19:08,623 [INFO] iter:0, id:3, r:1.000 and violateion:0.000
2026-01-18 16:19:08,626 [INFO] have warm up
2026-01-18 16:19:56,945 [INFO] satisfy constraint, but not converge, id: 0 and r_penalty: 19.613 and violations:0.007:
2026-01-18 16:20:08,263 [INFO] iter:171, id:1, r:13.939 and violateion:0.003
2026-01-18 16:20:11,779 [INFO] iter:0, id:2, r:1.000 and violateion:0.000
2026-01-18 16:20:15,360 [INFO] iter:0, id:3, r:1.000 and violateion:0.000
2026-01-18 16:20:17,734 [WARNING] connect time:2, accumulated time:67, and the robot pair:[(0, 1)]
2026-01-18 16:21:04,290 [INFO] satisfy constraint, but not converge, id: 0 and r_penalty: 38.833 and violations:0.003:
2026-01-18 16:21:49,675 [INFO] satisfy constraint, but not converge, id: 1 and r_penalty: 42.813 and violations:0.009:
2026-01-18 16:21:49,682 [INFO] have warm up
2026-01-18 16:22:37,155 [INFO] satisfy constraint, but not converge, id: 0 and r_penalty: 27.598 and violations:0.005:
2026-01-18 16:23:23,665 [INFO] iter:992, id:1, r:54.641 and violateion:0.005
2026-01-18 16:23:24,242 [INFO] merge map
2026-01-18 16:23:24,244 [INFO] merge map
2026-01-18 16:23:24,246 [INFO] merge map
2026-01-18 16:23:24,248 [INFO] merge map
2026-01-18 16:23:26,704 [WARNING] connect time:3, accumulated time:70, and the robot pair:[]
2026-01-18 16:24:11,833 [INFO] satisfy constraint, but not converge, id: 0 and r_penalty: 44.954 and violations:0.011:
2026-01-18 16:24:55,873 [INFO] satisfy constraint, but not converge, id: 1 and r_penalty: 69.738 and violations:0.009:
2026-01-18 16:24:58,112 [INFO] iter:0, id:2, r:1.000 and violateion:0.000
2026-01-18 16:25:00,381 [INFO] iter:0, id:3, r:1.000 and violateion:0.000
2026-01-18 16:25:00,384 [INFO] have warm up
2026-01-18 16:25:46,282 [INFO] satisfy constraint, but not converge, id: 0 and r_penalty: 49.561 and violations:0.008:
2026-01-18 16:26:29,400 [INFO] iter:943, id:1, r:54.641 and violateion:0.004
2026-01-18 16:26:32,873 [INFO] iter:0, id:2, r:1.000 and violateion:0.000
2026-01-18 16:26:36,454 [INFO] iter:0, id:3, r:1.000 and violateion:0.000
2026-01-18 16:26:36,976 [INFO] merge map
2026-01-18 16:26:36,978 [INFO] merge map
2026-01-18 16:26:36,980 [INFO] merge map
2026-01-18 16:26:36,982 [INFO] merge map
2026-01-18 16:26:40,853 [WARNING] connect time:5, accumulated time:75, and the robot pair:[]
2026-01-18 16:27:10,167 [INFO] iter:654, id:0, r:38.833 and violateion:0.009
2026-01-18 16:27:40,693 [INFO] iter:710, id:1, r:84.767 and violateion:0.010
2026-01-18 16:27:42,871 [INFO] iter:0, id:2, r:1.000 and violateion:0.000
2026-01-18 16:27:45,104 [INFO] iter:0, id:3, r:1.000 and violateion:0.000
2026-01-18 16:27:45,107 [INFO] have warm up
2026-01-18 16:28:28,724 [INFO] satisfy constraint, but not converge, id: 0 and r_penalty: 38.833 and violations:0.010:
2026-01-18 16:28:59,074 [INFO] iter:680, id:1, r:73.225 and violateion:0.003
2026-01-18 16:29:02,389 [INFO] iter:0, id:2, r:1.000 and violateion:0.000
2026-01-18 16:29:05,716 [INFO] iter:0, id:3, r:1.000 and violateion:0.000
2026-01-18 16:29:08,982 [WARNING] connect time:3, accumulated time:78, and the robot pair:[(0, 3)]
2026-01-18 16:29:19,788 [INFO] iter:157, id:0, r:40.774 and violateion:0.011
2026-01-18 16:29:22,043 [INFO] iter:1, id:3, r:1.000 and violateion:0.006
2026-01-18 16:29:22,045 [INFO] have warm up
2026-01-18 16:30:05,946 [INFO] failed to satisfy constraint, id: 0 and r_penalty: 100000.000 and violations:0.028:
2026-01-18 16:30:49,523 [INFO] failed to satisfy constraint, id: 3 and r_penalty: 100000.000 and violations:0.028:
2026-01-18 16:30:50,116 [INFO] merge map
2026-01-18 16:30:50,118 [INFO] merge map
2026-01-18 16:30:50,120 [INFO] merge map
2026-01-18 16:30:50,122 [INFO] merge map
2026-01-18 16:34:24,031 [INFO] update map
2026-01-18 16:34:25,935 [WARNING] connect time:2, accumulated time:80, and the robot pair:[]
2026-01-18 16:34:42,885 [INFO] iter:364, id:0, r:20.594 and violateion:0.007
2026-01-18 16:34:48,004 [INFO] iter:77, id:1, r:18.679 and violateion:0.015
2026-01-18 16:34:50,146 [INFO] iter:0, id:2, r:1.000 and violateion:0.000
2026-01-18 16:34:52,607 [INFO] iter:2, id:3, r:1.000 and violateion:0.010
2026-01-18 16:34:52,610 [INFO] have warm up
2026-01-18 16:35:16,666 [INFO] iter:537, id:0, r:16.136 and violateion:0.006
2026-01-18 16:35:32,629 [INFO] iter:337, id:1, r:33.545 and violateion:0.005
2026-01-18 16:35:35,949 [INFO] iter:0, id:2, r:1.000 and violateion:0.000
2026-01-18 16:35:42,768 [INFO] iter:89, id:3, r:10.921 and violateion:0.009
2026-01-18 16:35:45,164 [WARNING] connect time:2, accumulated time:82, and the robot pair:[(0, 3)]
2026-01-18 16:36:13,699 [INFO] iter:689, id:0, r:16.136 and violateion:0.003
2026-01-18 16:36:17,041 [INFO] iter:27, id:3, r:1.886 and violateion:0.003
2026-01-18 16:36:17,043 [INFO] have warm up
2026-01-18 16:36:33,258 [INFO] iter:340, id:0, r:12.643 and violateion:0.003
2026-01-18 16:36:56,014 [INFO] iter:522, id:3, r:18.679 and violateion:0.000
2026-01-18 16:36:56,589 [INFO] merge map
2026-01-18 16:36:56,591 [INFO] merge map
2026-01-18 16:36:56,593 [INFO] merge map
2026-01-18 16:36:56,595 [INFO] merge map
2026-01-18 16:36:59,146 [WARNING] connect time:3, accumulated time:85, and the robot pair:[]
2026-01-18 16:37:07,164 [INFO] iter:135, id:0, r:10.401 and violateion:0.005
2026-01-18 16:37:26,129 [INFO] iter:471, id:1, r:17.790 and violateion:0.002
2026-01-18 16:37:28,271 [INFO] iter:0, id:2, r:1.000 and violateion:0.000
2026-01-18 16:37:33,943 [INFO] iter:95, id:3, r:3.556 and violateion:0.005
2026-01-18 16:37:33,946 [INFO] have warm up
2026-01-18 16:37:48,396 [INFO] iter:298, id:0, r:6.081 and violateion:0.005
2026-01-18 16:38:00,500 [INFO] iter:245, id:1, r:21.623 and violateion:0.001
2026-01-18 16:38:03,823 [INFO] iter:0, id:2, r:1.000 and violateion:0.000
2026-01-18 16:38:18,531 [INFO] iter:312, id:3, r:5.003 and violateion:0.001
2026-01-18 16:38:20,268 [WARNING] connect time:1, accumulated time:86, and the robot pair:[(0, 3)]
2026-01-18 16:38:29,814 [INFO] iter:179, id:0, r:8.150 and violateion:0.006
2026-01-18 16:38:34,089 [INFO] iter:56, id:3, r:4.765 and violateion:0.004
2026-01-18 16:38:34,092 [INFO] have warm up
2026-01-18 16:38:46,845 [INFO] iter:254, id:0, r:8.150 and violateion:0.007
2026-01-18 16:39:15,029 [INFO] iter:700, id:3, r:7.040 and violateion:0.000
2026-01-18 16:39:15,406 [INFO] merge map
2026-01-18 16:39:15,408 [INFO] merge map
2026-01-18 16:39:15,411 [INFO] merge map
2026-01-18 16:39:15,413 [INFO] merge map
2026-01-18 16:39:20,444 [WARNING] connect time:4, accumulated time:90, and the robot pair:[]
2026-01-18 16:39:26,441 [INFO] iter:81, id:0, r:5.516 and violateion:0.011
2026-01-18 16:39:39,208 [INFO] iter:319, id:1, r:9.434 and violateion:0.003
2026-01-18 16:39:41,516 [INFO] iter:2, id:2, r:1.000 and violateion:0.000
2026-01-18 16:39:47,601 [INFO] iter:111, id:3, r:4.538 and violateion:0.003
2026-01-18 16:39:47,604 [INFO] have warm up
2026-01-18 16:39:54,250 [INFO] iter:86, id:0, r:4.765 and violateion:0.006
2026-01-18 16:40:02,635 [INFO] iter:152, id:1, r:9.434 and violateion:0.004
2026-01-18 16:40:05,975 [INFO] iter:0, id:2, r:1.000 and violateion:0.000
2026-01-18 16:40:15,466 [INFO] iter:178, id:3, r:4.538 and violateion:0.001
2026-01-18 16:40:16,271 [WARNING] connect time:0, accumulated time:90, and the robot pair:[(0, 3)]
2026-01-18 16:40:22,134 [INFO] iter:115, id:0, r:4.538 and violateion:0.003
2026-01-18 16:40:26,787 [INFO] iter:74, id:3, r:3.733 and violateion:0.001
2026-01-18 16:40:26,790 [INFO] have warm up
2026-01-18 16:40:32,935 [INFO] iter:91, id:0, r:4.538 and violateion:0.003
2026-01-18 16:40:40,522 [INFO] iter:125, id:3, r:5.003 and violateion:0.002
2026-01-18 16:40:40,561 [INFO] merge map
2026-01-18 16:40:40,563 [INFO] merge map
2026-01-18 16:40:40,565 [INFO] merge map
2026-01-18 16:40:40,567 [INFO] merge map
2026-01-18 16:40:44,742 [WARNING] connect time:5, accumulated time:95, and the robot pair:[]
2026-01-18 16:40:50,947 [INFO] iter:92, id:0, r:2.183 and violateion:0.001
2026-01-18 16:40:56,913 [INFO] iter:118, id:1, r:1.796 and violateion:0.003
2026-01-18 16:41:02,182 [INFO] iter:92, id:2, r:1.340 and violateion:0.002
2026-01-18 16:41:05,639 [INFO] iter:36, id:3, r:1.000 and violateion:0.014
2026-01-18 16:41:05,642 [INFO] have warm up
2026-01-18 16:41:10,794 [INFO] iter:48, id:0, r:2.292 and violateion:0.002
2026-01-18 16:41:14,797 [INFO] iter:29, id:1, r:1.796 and violateion:0.010
2026-01-18 16:41:18,983 [INFO] iter:28, id:2, r:1.000 and violateion:0.009
2026-01-18 16:41:23,093 [INFO] iter:25, id:3, r:1.000 and violateion:0.013
2026-01-18 16:46:21,411 [INFO] signal_shutdown [atexit]
