2026-01-16 20:44:17,750 [INFO] Unable to initialize backend 'rocm': module 'jaxlib.xla_extension' has no attribute 'GpuAllocatorConfig'
2026-01-16 20:44:17,751 [INFO] Unable to initialize backend 'tpu': INTERNAL: Failed to open libtpu.so: libtpu.so: cannot open shared object file: No such file or directory
2026-01-16 20:44:20,024 [INFO] topicmanager initialized
2026-01-16 20:44:20,068 [INFO] Log opened: Fri Jan 16 12:44:20 2026 UTC
2026-01-16 20:44:23,625 [INFO] ex1-baseline2
2026-01-16 20:44:26,980 [INFO] iter:3, id:0, r:1.000 and violateion:0.000
2026-01-16 20:44:29,478 [INFO] iter:14, id:1, r:1.276 and violateion:0.000
2026-01-16 20:44:32,355 [INFO] iter:20, id:2, r:1.103 and violateion:0.003
2026-01-16 20:44:34,158 [INFO] iter:2, id:3, r:1.000 and violateion:0.000
2026-01-16 20:44:34,501 [WARNING] connect time:5, accumulated time:5
2026-01-16 20:44:36,879 [INFO] iter:0, id:0, r:1.000 and violateion:0.000
2026-01-16 20:45:48,891 [INFO] satisfy constraint, but not converge, id: 1 and r_penalty: 1.000 and violations:0.000:
2026-01-16 20:47:00,770 [INFO] satisfy constraint, but not converge, id: 2 and r_penalty: 1.000 and violations:0.000:
2026-01-16 20:47:02,888 [INFO] iter:0, id:3, r:1.000 and violateion:0.000
2026-01-16 20:47:02,996 [WARNING] connect time:5, accumulated time:10
2026-01-16 20:47:05,688 [INFO] iter:0, id:0, r:1.000 and violateion:0.000
2026-01-16 20:47:30,722 [INFO] iter:363, id:1, r:1.000 and violateion:0.000
2026-01-16 20:47:43,876 [INFO] iter:168, id:2, r:1.000 and violateion:0.000
2026-01-16 20:47:45,915 [INFO] iter:0, id:3, r:1.000 and violateion:0.000
2026-01-16 20:47:46,023 [WARNING] connect time:5, accumulated time:15
2026-01-16 20:47:48,720 [INFO] iter:0, id:0, r:1.000 and violateion:0.000
2026-01-16 20:47:51,815 [INFO] iter:11, id:1, r:1.000 and violateion:0.000
2026-01-16 20:47:54,467 [INFO] iter:1, id:2, r:1.000 and violateion:0.000
2026-01-16 20:47:57,034 [INFO] iter:0, id:3, r:1.000 and violateion:0.000
2026-01-16 20:47:58,226 [INFO] update map
2026-01-16 20:47:58,348 [WARNING] connect time:5, accumulated time:20
2026-01-16 20:48:01,030 [INFO] iter:0, id:0, r:1.000 and violateion:0.000
2026-01-16 20:48:03,693 [INFO] iter:9, id:1, r:1.000 and violateion:0.000
2026-01-16 20:48:06,360 [INFO] iter:3, id:2, r:1.000 and violateion:0.000
2026-01-16 20:48:08,660 [INFO] iter:0, id:3, r:1.000 and violateion:0.000
2026-01-16 20:48:08,779 [WARNING] connect time:5, accumulated time:25
2026-01-16 20:48:11,672 [INFO] iter:0, id:0, r:1.000 and violateion:0.000
2026-01-16 20:48:14,649 [INFO] iter:13, id:1, r:1.000 and violateion:0.000
2026-01-16 20:48:17,087 [INFO] iter:1, id:2, r:1.000 and violateion:0.000
2026-01-16 20:48:19,293 [INFO] iter:0, id:3, r:1.000 and violateion:0.000
2026-01-16 20:48:19,414 [WARNING] connect time:5, accumulated time:30
2026-01-16 20:48:22,114 [INFO] iter:0, id:0, r:1.000 and violateion:0.000
2026-01-16 20:48:24,668 [INFO] iter:7, id:1, r:1.000 and violateion:0.000
2026-01-16 20:48:26,892 [INFO] iter:1, id:2, r:1.000 and violateion:0.000
2026-01-16 20:48:29,350 [INFO] iter:0, id:3, r:1.000 and violateion:0.000
2026-01-16 20:48:29,466 [WARNING] connect time:5, accumulated time:35
2026-01-16 20:48:32,117 [INFO] iter:0, id:0, r:1.000 and violateion:0.000
2026-01-16 20:48:34,608 [INFO] iter:7, id:1, r:1.000 and violateion:0.000
2026-01-16 20:48:36,823 [INFO] iter:1, id:2, r:1.000 and violateion:0.000
2026-01-16 20:48:38,926 [INFO] iter:0, id:3, r:1.000 and violateion:0.000
2026-01-16 20:48:39,007 [INFO] update map
2026-01-16 20:48:39,151 [WARNING] connect time:5, accumulated time:40
2026-01-16 20:48:41,713 [INFO] iter:0, id:0, r:1.000 and violateion:0.000
2026-01-16 20:48:44,184 [INFO] iter:1, id:1, r:1.000 and violateion:0.000
2026-01-16 20:48:46,622 [INFO] iter:1, id:2, r:1.000 and violateion:0.000
2026-01-16 20:48:48,840 [INFO] iter:0, id:3, r:1.000 and violateion:0.000
2026-01-16 20:48:48,957 [WARNING] connect time:5, accumulated time:45
2026-01-16 20:48:52,785 [INFO] iter:1, id:0, r:1.000 and violateion:0.000
2026-01-16 20:48:56,346 [INFO] iter:3, id:1, r:1.000 and violateion:0.000
2026-01-16 20:49:00,080 [INFO] iter:1, id:2, r:1.000 and violateion:0.000
2026-01-16 20:49:02,824 [INFO] iter:0, id:3, r:1.000 and violateion:0.000
2026-01-16 20:49:02,942 [WARNING] connect time:5, accumulated time:50
2026-01-16 20:49:06,231 [INFO] iter:0, id:0, r:1.000 and violateion:0.000
2026-01-16 20:49:09,702 [INFO] iter:1, id:1, r:1.000 and violateion:0.000
2026-01-16 20:49:12,451 [INFO] iter:1, id:2, r:1.000 and violateion:0.000
2026-01-16 20:49:15,730 [INFO] iter:13, id:3, r:1.000 and violateion:0.000
2026-01-16 20:49:15,800 [WARNING] connect time:5, accumulated time:55
2026-01-16 20:49:19,097 [INFO] iter:6, id:0, r:1.000 and violateion:0.000
2026-01-16 20:49:22,988 [INFO] iter:25, id:1, r:1.000 and violateion:0.000
2026-01-16 20:49:28,980 [INFO] iter:68, id:2, r:1.000 and violateion:0.000
2026-01-16 20:49:31,850 [INFO] iter:2, id:3, r:1.000 and violateion:0.000
2026-01-16 20:49:31,896 [INFO] update map
2026-01-16 20:49:31,999 [WARNING] connect time:5, accumulated time:60
2026-01-16 20:49:35,065 [INFO] iter:2, id:0, r:1.000 and violateion:0.000
2026-01-16 20:49:37,698 [INFO] iter:1, id:1, r:1.000 and violateion:0.000
2026-01-16 20:49:40,918 [INFO] iter:5, id:2, r:1.000 and violateion:0.000
2026-01-16 20:49:44,612 [INFO] iter:0, id:3, r:1.000 and violateion:0.000
2026-01-16 20:49:44,698 [WARNING] connect time:5, accumulated time:65
2026-01-16 20:49:47,814 [INFO] iter:0, id:0, r:1.000 and violateion:0.000
2026-01-16 20:49:51,202 [INFO] iter:17, id:1, r:1.000 and violateion:0.000
2026-01-16 20:49:53,616 [INFO] iter:3, id:2, r:1.000 and violateion:0.000
2026-01-16 20:49:55,753 [INFO] iter:0, id:3, r:1.000 and violateion:0.000
2026-01-16 20:49:55,803 [WARNING] connect time:5, accumulated time:70
2026-01-16 20:49:58,249 [INFO] iter:0, id:0, r:1.000 and violateion:0.000
2026-01-16 20:50:00,986 [INFO] iter:11, id:1, r:1.000 and violateion:0.000
2026-01-16 20:50:03,305 [INFO] iter:3, id:2, r:1.000 and violateion:0.000
2026-01-16 20:50:05,506 [INFO] iter:0, id:3, r:1.000 and violateion:0.000
2026-01-16 20:50:05,565 [WARNING] connect time:5, accumulated time:75
2026-01-16 20:50:08,044 [INFO] iter:0, id:0, r:1.000 and violateion:0.000
2026-01-16 20:50:10,438 [INFO] iter:1, id:1, r:1.000 and violateion:0.000
2026-01-16 20:50:12,848 [INFO] iter:1, id:2, r:1.000 and violateion:0.000
2026-01-16 20:50:15,632 [INFO] iter:0, id:3, r:1.000 and violateion:0.000
2026-01-16 20:50:15,726 [INFO] update map
2026-01-16 20:50:15,808 [WARNING] connect time:5, accumulated time:80
2026-01-16 20:50:18,143 [INFO] iter:0, id:0, r:1.000 and violateion:0.000
2026-01-16 20:50:20,430 [INFO] iter:1, id:1, r:1.000 and violateion:0.000
2026-01-16 20:50:22,482 [INFO] iter:1, id:2, r:1.000 and violateion:0.000
2026-01-16 20:50:24,722 [INFO] iter:1, id:3, r:1.000 and violateion:0.000
2026-01-16 20:50:24,771 [WARNING] connect time:5, accumulated time:85
2026-01-16 20:50:27,016 [INFO] iter:0, id:0, r:1.000 and violateion:0.000
2026-01-16 20:50:29,209 [INFO] iter:1, id:1, r:1.000 and violateion:0.000
2026-01-16 20:50:31,366 [INFO] iter:1, id:2, r:1.000 and violateion:0.000
2026-01-16 20:50:33,750 [INFO] iter:1, id:3, r:1.000 and violateion:0.000
2026-01-16 20:50:33,821 [WARNING] connect time:5, accumulated time:90
2026-01-16 20:50:36,651 [INFO] iter:1, id:0, r:1.000 and violateion:0.000
2026-01-16 20:50:39,054 [INFO] iter:1, id:1, r:1.000 and violateion:0.000
2026-01-16 20:50:41,647 [INFO] iter:6, id:2, r:1.000 and violateion:0.000
2026-01-16 20:50:44,037 [INFO] iter:3, id:3, r:1.000 and violateion:0.000
2026-01-16 20:50:44,087 [WARNING] connect time:5, accumulated time:95
2026-01-16 20:50:47,069 [INFO] iter:0, id:0, r:1.000 and violateion:0.000
2026-01-16 20:50:49,581 [INFO] iter:10, id:1, r:1.000 and violateion:0.000
2026-01-16 20:50:51,884 [INFO] iter:6, id:2, r:1.000 and violateion:0.000
2026-01-16 20:50:53,822 [INFO] iter:0, id:3, r:1.000 and violateion:0.000
2026-01-16 20:50:55,925 [INFO] signal_shutdown [atexit]
