running egg_info
writing ../../build/multi_ergodic_search/multi_ergodic_search.egg-info/PKG-INFO
writing dependency_links to ../../build/multi_ergodic_search/multi_ergodic_search.egg-info/dependency_links.txt
writing entry points to ../../build/multi_ergodic_search/multi_ergodic_search.egg-info/entry_points.txt
writing requirements to ../../build/multi_ergodic_search/multi_ergodic_search.egg-info/requires.txt
writing top-level names to ../../build/multi_ergodic_search/multi_ergodic_search.egg-info/top_level.txt
reading manifest file '../../build/multi_ergodic_search/multi_ergodic_search.egg-info/SOURCES.txt'
writing manifest file '../../build/multi_ergodic_search/multi_ergodic_search.egg-info/SOURCES.txt'
running build
running build_py
copying multi_ergodic_search/scripts/idmed.py -> /home/ubuntu24/idmec/build/multi_ergodic_search/build/lib/multi_ergodic_search/scripts
copying multi_ergodic_search/experiment/io.py -> /home/ubuntu24/idmec/build/multi_ergodic_search/build/lib/multi_ergodic_search/experiment
copying multi_ergodic_search/utils/data2bag.py -> /home/ubuntu24/idmec/build/multi_ergodic_search/build/lib/multi_ergodic_search/utils
copying multi_ergodic_search/utils/ros_messages.py -> /home/ubuntu24/idmec/build/multi_ergodic_search/build/lib/multi_ergodic_search/utils
copying multi_ergodic_search/datas/config/config.yaml -> /home/ubuntu24/idmec/build/multi_ergodic_search/build/lib/multi_ergodic_search/datas/config
running install
running install_lib
copying /home/ubuntu24/idmec/build/multi_ergodic_search/build/lib/multi_ergodic_search/scripts/idmed.py -> /home/ubuntu24/idmec/install/multi_ergodic_search/lib/python3.12/site-packages/multi_ergodic_search/scripts
copying /home/ubuntu24/idmec/build/multi_ergodic_search/build/lib/multi_ergodic_search/experiment/io.py -> /home/ubuntu24/idmec/install/multi_ergodic_search/lib/python3.12/site-packages/multi_ergodic_search/experiment
copying /home/ubuntu24/idmec/build/multi_ergodic_search/build/lib/multi_ergodic_search/utils/data2bag.py -> /home/ubuntu24/idmec/install/multi_ergodic_search/lib/python3.12/site-packages/multi_ergodic_search/utils
copying /home/ubuntu24/idmec/build/multi_ergodic_search/build/lib/multi_ergodic_search/utils/ros_messages.py -> /home/ubuntu24/idmec/install/multi_ergodic_search/lib/python3.12/site-packages/multi_ergodic_search/utils
copying /home/ubuntu24/idmec/build/multi_ergodic_search/build/lib/multi_ergodic_search/datas/config/config.yaml -> /home/ubuntu24/idmec/install/multi_ergodic_search/lib/python3.12/site-packages/multi_ergodic_search/datas/config
byte-compiling /home/ubuntu24/idmec/install/multi_ergodic_search/lib/python3.12/site-packages/multi_ergodic_search/scripts/idmed.py to idmed.cpython-312.pyc
byte-compiling /home/ubuntu24/idmec/install/multi_ergodic_search/lib/python3.12/site-packages/multi_ergodic_search/experiment/io.py to io.cpython-312.pyc
byte-compiling /home/ubuntu24/idmec/install/multi_ergodic_search/lib/python3.12/site-packages/multi_ergodic_search/utils/data2bag.py to data2bag.cpython-312.pyc
byte-compiling /home/ubuntu24/idmec/install/multi_ergodic_search/lib/python3.12/site-packages/multi_ergodic_search/utils/ros_messages.py to ros_messages.cpython-312.pyc
running install_data
running install_egg_info
removing '/home/ubuntu24/idmec/install/multi_ergodic_search/lib/python3.12/site-packages/multi_ergodic_search-0.0.0-py3.12.egg-info' (and everything under it)
Copying ../../build/multi_ergodic_search/multi_ergodic_search.egg-info to /home/ubuntu24/idmec/install/multi_ergodic_search/lib/python3.12/site-packages/multi_ergodic_search-0.0.0-py3.12.egg-info
running install_scripts
Installing idmed script to /home/ubuntu24/idmec/install/multi_ergodic_search/lib/multi_ergodic_search
writing list of installed files to '/home/ubuntu24/idmec/build/multi_ergodic_search/install.log'
